[31-Mar-2021 09:00:28 UTC] PHP Fatal error:  Uncaught Error: Call to undefined function mysql_connect() in /var/www/wordpress/wp-includes/wp-db.php:1685
Stack trace:
#0 /var/www/wordpress/wp-includes/wp-db.php(632): wpdb->db_connect()
#1 /repo/wp-content/db.php(8): wpdb->__construct('wordpress', '99bf667bb645', 'dev-kirjapino', '10.98.0.3')
#2 /var/www/wordpress/wp-includes/load.php(533): require_once('/repo/wp-conten...')
#3 /var/www/wordpress/wp-settings.php(124): require_wp_db()
#4 phar:///bin/wp-cli.phar/vendor/wp-cli/wp-cli/php/WP_CLI/Runner.php(1237): require('/var/www/wordpr...')
#5 phar:///bin/wp-cli.phar/vendor/wp-cli/wp-cli/php/WP_CLI/Runner.php(1158): WP_CLI\Runner->load_wordpress()
#6 phar:///bin/wp-cli.phar/vendor/wp-cli/wp-cli/php/WP_CLI/Bootstrap/LaunchRunner.php(23): WP_CLI\Runner->start()
#7 phar:///bin/wp-cli.phar/vendor/wp-cli/wp-cli/php/bootstrap.php(74): WP_CLI\Bootstrap\LaunchRunner->process(Object(WP_CLI\Bootstrap\BootstrapState))
#8 phar:///bin/wp-cli.phar/vendor/wp-cli/wp-cli/php/wp-cli.php(27): WP_CLI\bootstrap()
#9 phar:///bin in /var/www/wordpress/wp-includes/wp-db.php on line 1685
[31-Mar-2021 09:05:55 UTC] PHP Fatal error:  Uncaught Error: Call to undefined function mysql_connect() in /var/www/wordpress/wp-includes/wp-db.php:1685
Stack trace:
#0 /var/www/wordpress/wp-includes/wp-db.php(632): wpdb->db_connect()
#1 /repo/wp-content/db.php(8): wpdb->__construct('wordpress', '99bf667bb645', 'dev-kirjapino', '10.98.0.3')
#2 /var/www/wordpress/wp-includes/load.php(533): require_once('/repo/wp-conten...')
#3 /var/www/wordpress/wp-settings.php(124): require_wp_db()
#4 phar:///bin/wp-cli.phar/vendor/wp-cli/wp-cli/php/WP_CLI/Runner.php(1237): require('/var/www/wordpr...')
#5 phar:///bin/wp-cli.phar/vendor/wp-cli/wp-cli/php/WP_CLI/Runner.php(1158): WP_CLI\Runner->load_wordpress()
#6 phar:///bin/wp-cli.phar/vendor/wp-cli/wp-cli/php/WP_CLI/Bootstrap/LaunchRunner.php(23): WP_CLI\Runner->start()
#7 phar:///bin/wp-cli.phar/vendor/wp-cli/wp-cli/php/bootstrap.php(74): WP_CLI\Bootstrap\LaunchRunner->process(Object(WP_CLI\Bootstrap\BootstrapState))
#8 phar:///bin/wp-cli.phar/vendor/wp-cli/wp-cli/php/wp-cli.php(27): WP_CLI\bootstrap()
#9 phar:///bin in /var/www/wordpress/wp-includes/wp-db.php on line 1685
[31-Mar-2021 09:13:34 UTC] PHP Fatal error:  Uncaught Error: Call to undefined function mysql_connect() in /var/www/wordpress/wp-includes/wp-db.php:1685
Stack trace:
#0 /var/www/wordpress/wp-includes/wp-db.php(632): wpdb->db_connect()
#1 /repo/wp-content/db.php(8): wpdb->__construct('wordpress', '99bf667bb645', 'dev-kirjapino', '10.98.0.3')
#2 /var/www/wordpress/wp-includes/load.php(533): require_once('/repo/wp-conten...')
#3 /var/www/wordpress/wp-settings.php(124): require_wp_db()
#4 phar:///bin/wp-cli.phar/vendor/wp-cli/wp-cli/php/WP_CLI/Runner.php(1237): require('/var/www/wordpr...')
#5 phar:///bin/wp-cli.phar/vendor/wp-cli/wp-cli/php/WP_CLI/Runner.php(1158): WP_CLI\Runner->load_wordpress()
#6 phar:///bin/wp-cli.phar/vendor/wp-cli/wp-cli/php/WP_CLI/Bootstrap/LaunchRunner.php(23): WP_CLI\Runner->start()
#7 phar:///bin/wp-cli.phar/vendor/wp-cli/wp-cli/php/bootstrap.php(74): WP_CLI\Bootstrap\LaunchRunner->process(Object(WP_CLI\Bootstrap\BootstrapState))
#8 phar:///bin/wp-cli.phar/vendor/wp-cli/wp-cli/php/wp-cli.php(27): WP_CLI\bootstrap()
#9 phar:///bin in /var/www/wordpress/wp-includes/wp-db.php on line 1685
[31-Mar-2021 09:13:38 UTC] PHP Fatal error:  Uncaught Error: Call to undefined function mysql_connect() in /var/www/wordpress/wp-includes/wp-db.php:1685
Stack trace:
#0 /var/www/wordpress/wp-includes/wp-db.php(632): wpdb->db_connect()
#1 /repo/wp-content/db.php(8): wpdb->__construct('wordpress', '99bf667bb645', 'dev-kirjapino', '10.98.0.3')
#2 /var/www/wordpress/wp-includes/load.php(533): require_once('/repo/wp-conten...')
#3 /var/www/wordpress/wp-settings.php(124): require_wp_db()
#4 phar:///bin/wp-cli.phar/vendor/wp-cli/wp-cli/php/WP_CLI/Runner.php(1237): require('/var/www/wordpr...')
#5 phar:///bin/wp-cli.phar/vendor/wp-cli/wp-cli/php/WP_CLI/Runner.php(1158): WP_CLI\Runner->load_wordpress()
#6 phar:///bin/wp-cli.phar/vendor/wp-cli/wp-cli/php/WP_CLI/Bootstrap/LaunchRunner.php(23): WP_CLI\Runner->start()
#7 phar:///bin/wp-cli.phar/vendor/wp-cli/wp-cli/php/bootstrap.php(74): WP_CLI\Bootstrap\LaunchRunner->process(Object(WP_CLI\Bootstrap\BootstrapState))
#8 phar:///bin/wp-cli.phar/vendor/wp-cli/wp-cli/php/wp-cli.php(27): WP_CLI\bootstrap()
#9 phar:///bin in /var/www/wordpress/wp-includes/wp-db.php on line 1685
[31-Mar-2021 09:23:28 UTC] PHP Fatal error:  Uncaught Error: Call to undefined function mysql_connect() in /var/www/wordpress/wp-includes/wp-db.php:1685
Stack trace:
#0 /var/www/wordpress/wp-includes/wp-db.php(632): wpdb->db_connect()
#1 /repo/wp-content/db.php(8): wpdb->__construct('wordpress', '99bf667bb645', 'dev-kirjapino', '10.98.0.3')
#2 /var/www/wordpress/wp-includes/load.php(533): require_once('/repo/wp-conten...')
#3 /var/www/wordpress/wp-settings.php(124): require_wp_db()
#4 phar:///bin/wp-cli.phar/vendor/wp-cli/wp-cli/php/WP_CLI/Runner.php(1237): require('/var/www/wordpr...')
#5 phar:///bin/wp-cli.phar/vendor/wp-cli/wp-cli/php/WP_CLI/Runner.php(1158): WP_CLI\Runner->load_wordpress()
#6 phar:///bin/wp-cli.phar/vendor/wp-cli/wp-cli/php/WP_CLI/Bootstrap/LaunchRunner.php(23): WP_CLI\Runner->start()
#7 phar:///bin/wp-cli.phar/vendor/wp-cli/wp-cli/php/bootstrap.php(74): WP_CLI\Bootstrap\LaunchRunner->process(Object(WP_CLI\Bootstrap\BootstrapState))
#8 phar:///bin/wp-cli.phar/vendor/wp-cli/wp-cli/php/wp-cli.php(27): WP_CLI\bootstrap()
#9 phar:///bin in /var/www/wordpress/wp-includes/wp-db.php on line 1685
[31-Mar-2021 12:35:09 UTC] PHP Warning:  Creating default object from empty value in /repo/wp-content/plugins/woocommerce-csvimport-attributes/woocommerce-csvimport-attributes.php on line 54
[31-Mar-2021 12:35:10 UTC] PHP Notice:  register_rest_route kutsuttiin <strong>väärin</strong>. REST API -reitin määritelmästä <code>omegacommerce/search/config/save</code> puuttuu vaadittu argumentti <code>permission_callback</code>. Julkisia REST API -reittejä varten käytä <code>__return_true</code> käyttöoikeuden takaisinkutsuun. Lisätietoja: <a href="https://wordpress.org/support/article/debugging-in-wordpress/">Debugging in WordPress</a>.(Tämä viesti lisättiin versioon 5.5.0.) in /var/www/wordpress/wp-includes/functions.php on line 5313
[31-Mar-2021 12:35:10 UTC] PHP Notice:  register_rest_route kutsuttiin <strong>väärin</strong>. REST API -reitin määritelmästä <code>omegacommerce/search/changes</code> puuttuu vaadittu argumentti <code>permission_callback</code>. Julkisia REST API -reittejä varten käytä <code>__return_true</code> käyttöoikeuden takaisinkutsuun. Lisätietoja: <a href="https://wordpress.org/support/article/debugging-in-wordpress/">Debugging in WordPress</a>.(Tämä viesti lisättiin versioon 5.5.0.) in /var/www/wordpress/wp-includes/functions.php on line 5313
[31-Mar-2021 13:18:58 UTC] PHP Warning:  Creating default object from empty value in /repo/wp-content/plugins/woocommerce-csvimport-attributes/woocommerce-csvimport-attributes.php on line 54
[31-Mar-2021 13:18:59 UTC] PHP Notice:  register_rest_route kutsuttiin <strong>väärin</strong>. REST API -reitin määritelmästä <code>omegacommerce/search/config/save</code> puuttuu vaadittu argumentti <code>permission_callback</code>. Julkisia REST API -reittejä varten käytä <code>__return_true</code> käyttöoikeuden takaisinkutsuun. Lisätietoja: <a href="https://wordpress.org/support/article/debugging-in-wordpress/">Debugging in WordPress</a>.(Tämä viesti lisättiin versioon 5.5.0.) in /var/www/wordpress/wp-includes/functions.php on line 5313
[31-Mar-2021 13:18:59 UTC] PHP Notice:  register_rest_route kutsuttiin <strong>väärin</strong>. REST API -reitin määritelmästä <code>omegacommerce/search/changes</code> puuttuu vaadittu argumentti <code>permission_callback</code>. Julkisia REST API -reittejä varten käytä <code>__return_true</code> käyttöoikeuden takaisinkutsuun. Lisätietoja: <a href="https://wordpress.org/support/article/debugging-in-wordpress/">Debugging in WordPress</a>.(Tämä viesti lisättiin versioon 5.5.0.) in /var/www/wordpress/wp-includes/functions.php on line 5313
