12-07-2020 @ 12:15:23 - Retrieving page access token
12-07-2020 @ 12:15:23 - Array
(
    [data] => Array
        (
        )

)

12-07-2020 @ 22:05:56 - There was an error trying sync products using the Catalog Batch API for job aad7b94349c812da4b5397c8790ea8ec: OAuthException: (#613) Calls to this api have exceeded the rate limit.
12-07-2020 @ 22:05:58 - There was an error trying sync products using the Catalog Batch API for job a0d98d66442b7661aadf09db6a2baf70: OAuthException: (#613) Calls to this api have exceeded the rate limit.
12-07-2020 @ 22:07:32 - There was an error trying sync products using the Catalog Batch API for job b4996d92e1c1cbad0e6ecdd3da6ddd23: OAuthException: (#613) Calls to this api have exceeded the rate limit.
12-07-2020 @ 22:07:34 - There was an error trying sync products using the Catalog Batch API for job 982c9a103bb6389832f346a524dc0956: OAuthException: (#613) Calls to this api have exceeded the rate limit.
12-07-2020 @ 22:07:36 - There was an error trying sync products using the Catalog Batch API for job 995d0ac3920c37126e6287d3ba1534a6: OAuthException: (#613) Calls to this api have exceeded the rate limit.
12-07-2020 @ 22:07:37 - There was an error trying sync products using the Catalog Batch API for job 32d76b24a573696da0fcb0dfa9c434f5: OAuthException: (#613) Calls to this api have exceeded the rate limit.
12-07-2020 @ 22:07:41 - There was an error trying sync products using the Catalog Batch API for job 454d909c7bffc0f9e0268938196a36df: OAuthException: (#613) Calls to this api have exceeded the rate limit.
12-07-2020 @ 22:07:42 - There was an error trying sync products using the Catalog Batch API for job 43ce4cf922171a65f07d18630003e3b3: OAuthException: (#613) Calls to this api have exceeded the rate limit.
12-07-2020 @ 22:07:44 - There was an error trying sync products using the Catalog Batch API for job 3aba7a0348a7cf3c3270718f553bbfee: OAuthException: (#613) Calls to this api have exceeded the rate limit.
12-07-2020 @ 22:08:39 - There was an error trying sync products using the Catalog Batch API for job aa53de377b026691aea64e15171361dc: OAuthException: (#613) Calls to this api have exceeded the rate limit.
12-07-2020 @ 22:08:41 - There was an error trying sync products using the Catalog Batch API for job 327ba12507c1e1712348262ba30b7e55: OAuthException: (#613) Calls to this api have exceeded the rate limit.
12-07-2020 @ 22:08:42 - There was an error trying sync products using the Catalog Batch API for job 34e459456c1af509fa6d23cb93a6c5e3: OAuthException: (#613) Calls to this api have exceeded the rate limit.
12-07-2020 @ 22:08:44 - There was an error trying sync products using the Catalog Batch API for job 6353788db30ea3f0f3913a10bf0d9fec: OAuthException: (#613) Calls to this api have exceeded the rate limit.
12-07-2020 @ 22:08:46 - There was an error trying sync products using the Catalog Batch API for job 0cf1596b87b65e03e8c1ba623d5bdab6: OAuthException: (#613) Calls to this api have exceeded the rate limit.
12-07-2020 @ 22:10:34 - There was an error trying sync products using the Catalog Batch API for job 014efcdcae7c705e725826d4c406a7ff: OAuthException: (#613) Calls to this api have exceeded the rate limit.
12-07-2020 @ 22:10:35 - There was an error trying sync products using the Catalog Batch API for job 754feb2e87e7f90f11ee43f2797c7868: OAuthException: (#613) Calls to this api have exceeded the rate limit.
12-07-2020 @ 22:10:37 - There was an error trying sync products using the Catalog Batch API for job e39262bae34e3f06de0232ba637b0ad5: OAuthException: (#613) Calls to this api have exceeded the rate limit.
12-07-2020 @ 22:10:41 - There was an error trying sync products using the Catalog Batch API for job 6a92058fb5e22cda2e5010a7d8b1ef62: OAuthException: (#613) Calls to this api have exceeded the rate limit.
12-07-2020 @ 22:10:43 - There was an error trying sync products using the Catalog Batch API for job b77f14807a048f2440b84673aef8c17d: OAuthException: (#613) Calls to this api have exceeded the rate limit.
12-07-2020 @ 22:10:45 - There was an error trying sync products using the Catalog Batch API for job ac2bf29660088d649401d8fc24621b8c: OAuthException: (#613) Calls to this api have exceeded the rate limit.
12-07-2020 @ 22:10:46 - There was an error trying sync products using the Catalog Batch API for job 84e057f0c2a8517fde4e07aa1d790912: OAuthException: (#613) Calls to this api have exceeded the rate limit.
12-07-2020 @ 22:10:53 - There was an error trying sync products using the Catalog Batch API for job 84f707d85b9484650a7e8ef4258b81bd: OAuthException: (#613) Calls to this api have exceeded the rate limit.
12-07-2020 @ 22:11:42 - There was an error trying sync products using the Catalog Batch API for job 022869a5c1fc55847c7d62ec54a1b3d9: OAuthException: (#613) Calls to this api have exceeded the rate limit.
12-07-2020 @ 22:11:44 - There was an error trying sync products using the Catalog Batch API for job 2d8276fa2380ef7c97f847e5d53d324f: OAuthException: (#613) Calls to this api have exceeded the rate limit.
12-07-2020 @ 22:11:46 - There was an error trying sync products using the Catalog Batch API for job eb154ff02a831888fe00f3fcf9fe4b1f: OAuthException: (#613) Calls to this api have exceeded the rate limit.
12-07-2020 @ 22:11:49 - There was an error trying sync products using the Catalog Batch API for job 087d7c5dbe1a35fe76332dd0f4c98a03: OAuthException: (#613) Calls to this api have exceeded the rate limit.
12-07-2020 @ 22:13:40 - There was an error trying sync products using the Catalog Batch API for job c46bdcbdfae253d17165f849b5636ef7: OAuthException: (#613) Calls to this api have exceeded the rate limit.
12-07-2020 @ 22:13:42 - There was an error trying sync products using the Catalog Batch API for job 26bb692e378d62937e4c0124c8fe9f1f: OAuthException: (#613) Calls to this api have exceeded the rate limit.
12-07-2020 @ 22:13:45 - There was an error trying sync products using the Catalog Batch API for job 1f2c422733a5b70818b246cbbf17fcb2: OAuthException: (#613) Calls to this api have exceeded the rate limit.
12-07-2020 @ 22:13:47 - There was an error trying sync products using the Catalog Batch API for job ea012fb1a74e877ece8fc34ba97a4b38: OAuthException: (#613) Calls to this api have exceeded the rate limit.
12-07-2020 @ 22:13:48 - There was an error trying sync products using the Catalog Batch API for job f183e8438daf0364ee8c726777a6e31a: OAuthException: (#613) Calls to this api have exceeded the rate limit.
12-07-2020 @ 22:13:50 - There was an error trying sync products using the Catalog Batch API for job eef4beed2eb32fda2b3bf5e414de2df2: OAuthException: (#613) Calls to this api have exceeded the rate limit.
12-07-2020 @ 22:13:56 - There was an error trying sync products using the Catalog Batch API for job 91c8ebe8092ecf47d73781d2ff4962e5: OAuthException: (#613) Calls to this api have exceeded the rate limit.
12-07-2020 @ 22:13:59 - There was an error trying sync products using the Catalog Batch API for job a9e003b00a079a2b5cb3f3d77141ef33: OAuthException: (#613) Calls to this api have exceeded the rate limit.
12-07-2020 @ 22:14:01 - There was an error trying sync products using the Catalog Batch API for job c023e79c70572e305a3954f9a43f7680: OAuthException: (#613) Calls to this api have exceeded the rate limit.
12-07-2020 @ 22:14:47 - There was an error trying sync products using the Catalog Batch API for job bafda20019b6ba3d323eda4079893e07: OAuthException: (#613) Calls to this api have exceeded the rate limit.
12-07-2020 @ 22:14:48 - There was an error trying sync products using the Catalog Batch API for job dcd5caa05fb9958be01c2a384e8d57fb: OAuthException: (#613) Calls to this api have exceeded the rate limit.
12-07-2020 @ 22:14:49 - There was an error trying sync products using the Catalog Batch API for job 2ac4859070f1a69e59f6d2c38c854e15: OAuthException: (#613) Calls to this api have exceeded the rate limit.
12-07-2020 @ 22:16:45 - There was an error trying sync products using the Catalog Batch API for job 08282ba385013ac27bb672c4b5f2e81b: OAuthException: (#613) Calls to this api have exceeded the rate limit.
12-07-2020 @ 22:16:47 - There was an error trying sync products using the Catalog Batch API for job d94cdd69d13c532162a7f2b21c496945: OAuthException: (#613) Calls to this api have exceeded the rate limit.
12-07-2020 @ 22:16:49 - There was an error trying sync products using the Catalog Batch API for job d66c59be8eb10d0f3021b18fd43038e2: OAuthException: (#613) Calls to this api have exceeded the rate limit.
12-07-2020 @ 22:16:52 - There was an error trying sync products using the Catalog Batch API for job 37114fd4c31a3ace03f7a9794743b649: OAuthException: (#613) Calls to this api have exceeded the rate limit.
12-07-2020 @ 22:16:54 - There was an error trying sync products using the Catalog Batch API for job 6ea309ce5a58cf4d0854f0cd24d05a92: OAuthException: (#613) Calls to this api have exceeded the rate limit.
12-07-2020 @ 22:16:57 - There was an error trying sync products using the Catalog Batch API for job 41d83debf7e60dd6b4af65ac064ed3a8: OAuthException: (#613) Calls to this api have exceeded the rate limit.
12-07-2020 @ 22:16:58 - There was an error trying sync products using the Catalog Batch API for job 4cd025e94601b5468b9c62f58a695d5e: OAuthException: (#613) Calls to this api have exceeded the rate limit.
12-07-2020 @ 22:17:01 - There was an error trying sync products using the Catalog Batch API for job e125f53c2b4c1e5ef67786581e9bda06: OAuthException: (#613) Calls to this api have exceeded the rate limit.
12-07-2020 @ 22:18:00 - There was an error trying sync products using the Catalog Batch API for job b6418a311784a070c43faf33c4ee59c7: OAuthException: (#613) Calls to this api have exceeded the rate limit.
12-07-2020 @ 22:18:02 - There was an error trying sync products using the Catalog Batch API for job bbc6bdc0ffaf7fd6a13e9f6fedaad590: OAuthException: (#613) Calls to this api have exceeded the rate limit.
12-07-2020 @ 22:18:03 - There was an error trying sync products using the Catalog Batch API for job 1def3cb3e079ef40745c0c2ce37105e9: OAuthException: (#613) Calls to this api have exceeded the rate limit.
12-07-2020 @ 22:18:04 - There was an error trying sync products using the Catalog Batch API for job 80f5e2f961a50705ea06b7e5e76d8d90: OAuthException: (#613) Calls to this api have exceeded the rate limit.
12-07-2020 @ 22:19:31 - There was an error trying sync products using the Catalog Batch API for job c4489f4b9fba0b1a7e200803a10ebdbf: OAuthException: (#613) Calls to this api have exceeded the rate limit.
12-07-2020 @ 22:19:34 - There was an error trying sync products using the Catalog Batch API for job 929751b1dc363ea45f3dfd49678e95cb: OAuthException: (#613) Calls to this api have exceeded the rate limit.
12-07-2020 @ 22:19:36 - There was an error trying sync products using the Catalog Batch API for job f6e77abbe9a30772a4853e3a725801a3: OAuthException: (#613) Calls to this api have exceeded the rate limit.
12-07-2020 @ 22:19:40 - There was an error trying sync products using the Catalog Batch API for job ca2beec77bd4d5474d508eb58be34830: OAuthException: (#613) Calls to this api have exceeded the rate limit.
12-07-2020 @ 22:19:41 - There was an error trying sync products using the Catalog Batch API for job c3fdf132ba4a7ea271e7e4e22424ddf2: OAuthException: (#613) Calls to this api have exceeded the rate limit.
12-07-2020 @ 22:19:43 - There was an error trying sync products using the Catalog Batch API for job 298d1167e1b862a396657cf8be29bfb9: OAuthException: (#613) Calls to this api have exceeded the rate limit.
12-07-2020 @ 22:20:40 - There was an error trying sync products using the Catalog Batch API for job 5b9ed842fb82820b6133c8e6da9fa99c: OAuthException: (#613) Calls to this api have exceeded the rate limit.
12-07-2020 @ 22:20:42 - There was an error trying sync products using the Catalog Batch API for job 76517889ff0c33e9bcc81ba4446fa4c5: OAuthException: (#613) Calls to this api have exceeded the rate limit.
12-07-2020 @ 22:20:43 - There was an error trying sync products using the Catalog Batch API for job 45e1055a584804b52b9340174e91d739: OAuthException: (#613) Calls to this api have exceeded the rate limit.
12-07-2020 @ 22:20:45 - There was an error trying sync products using the Catalog Batch API for job 2687422c5e2708fb550788906ee16461: OAuthException: (#613) Calls to this api have exceeded the rate limit.
12-07-2020 @ 22:20:48 - There was an error trying sync products using the Catalog Batch API for job 2d30139244b0991ff5f02550dfd8c41e: OAuthException: (#613) Calls to this api have exceeded the rate limit.
12-07-2020 @ 22:22:35 - There was an error trying sync products using the Catalog Batch API for job 841b03cec93333120599e9cac3a318d7: OAuthException: (#613) Calls to this api have exceeded the rate limit.
12-07-2020 @ 22:22:36 - There was an error trying sync products using the Catalog Batch API for job 8eaaac8c1115c024018213a1cfcbdf71: OAuthException: (#613) Calls to this api have exceeded the rate limit.
12-07-2020 @ 22:22:38 - There was an error trying sync products using the Catalog Batch API for job dfcc838fdd5396a3f473096f9618b57f: OAuthException: (#613) Calls to this api have exceeded the rate limit.
12-07-2020 @ 22:22:42 - There was an error trying sync products using the Catalog Batch API for job e025f22f0fb26cff846eb3c1e32ba677: OAuthException: (#613) Calls to this api have exceeded the rate limit.
12-07-2020 @ 22:22:43 - There was an error trying sync products using the Catalog Batch API for job 664357fc35b005171bd5e0d0913e90cf: OAuthException: (#613) Calls to this api have exceeded the rate limit.
12-07-2020 @ 22:22:45 - There was an error trying sync products using the Catalog Batch API for job 27f92da6076e587869ddb62865969d5e: OAuthException: (#613) Calls to this api have exceeded the rate limit.
12-07-2020 @ 22:22:47 - There was an error trying sync products using the Catalog Batch API for job 9dd02be6e971a221f316df1d73349ac1: OAuthException: (#613) Calls to this api have exceeded the rate limit.
12-07-2020 @ 22:23:42 - There was an error trying sync products using the Catalog Batch API for job 69d4934a06531faeacbec2e028ddf406: OAuthException: (#613) Calls to this api have exceeded the rate limit.
12-07-2020 @ 22:23:46 - There was an error trying sync products using the Catalog Batch API for job ef7ea1b1ad9d445b8e0bf1eadfcaa58d: OAuthException: (#613) Calls to this api have exceeded the rate limit.
12-07-2020 @ 22:23:48 - There was an error trying sync products using the Catalog Batch API for job 4a1495ca88e3ec70157147425bf1999b: OAuthException: (#613) Calls to this api have exceeded the rate limit.
12-07-2020 @ 22:23:49 - There was an error trying sync products using the Catalog Batch API for job bf10c2c55adacfaafbc465dbfedbb97c: OAuthException: (#613) Calls to this api have exceeded the rate limit.
12-07-2020 @ 22:25:33 - There was an error trying sync products using the Catalog Batch API for job 9fcd0d61495c00c9eb9e8bfae7b3a204: OAuthException: (#613) Calls to this api have exceeded the rate limit.
12-07-2020 @ 22:25:34 - There was an error trying sync products using the Catalog Batch API for job 0b01dcf3fa0b4806543280777bad3426: OAuthException: (#613) Calls to this api have exceeded the rate limit.
12-07-2020 @ 22:25:36 - There was an error trying sync products using the Catalog Batch API for job 391050207fadda6b2abf1e2cce60a8c4: OAuthException: (#613) Calls to this api have exceeded the rate limit.
12-07-2020 @ 22:25:40 - There was an error trying sync products using the Catalog Batch API for job 6aaa8090f00bf142be64b138f5fc94ed: OAuthException: (#613) Calls to this api have exceeded the rate limit.
12-07-2020 @ 22:25:41 - There was an error trying sync products using the Catalog Batch API for job 73210e4c6becb12cb913d1812f064d88: OAuthException: (#613) Calls to this api have exceeded the rate limit.
12-07-2020 @ 22:25:43 - There was an error trying sync products using the Catalog Batch API for job e3722e0c5bcb2e7ab5a0455c86af529c: OAuthException: (#613) Calls to this api have exceeded the rate limit.
12-07-2020 @ 22:25:45 - There was an error trying sync products using the Catalog Batch API for job f93e74be6d3a30f55f43e06f2665a0fb: OAuthException: (#613) Calls to this api have exceeded the rate limit.
12-07-2020 @ 22:25:47 - There was an error trying sync products using the Catalog Batch API for job eb900fda1a7d7226a47faaf70b8a1495: OAuthException: (#613) Calls to this api have exceeded the rate limit.
12-07-2020 @ 22:26:41 - There was an error trying sync products using the Catalog Batch API for job 18523f09ddbd7d508fd3ad907baee0cc: OAuthException: (#613) Calls to this api have exceeded the rate limit.
12-07-2020 @ 22:26:43 - There was an error trying sync products using the Catalog Batch API for job 8a29c5f2cf51be48f850bdd5990830c2: OAuthException: (#613) Calls to this api have exceeded the rate limit.
12-07-2020 @ 22:26:44 - There was an error trying sync products using the Catalog Batch API for job 490181f6a72364a488e64267a799c53a: OAuthException: (#613) Calls to this api have exceeded the rate limit.
12-07-2020 @ 22:26:47 - There was an error trying sync products using the Catalog Batch API for job ddadc2abe1bece20cf6216c8cb454ce9: OAuthException: (#613) Calls to this api have exceeded the rate limit.
12-07-2020 @ 22:28:40 - There was an error trying sync products using the Catalog Batch API for job d6d605fafcf80ebc2af486490259fc4b: OAuthException: (#613) Calls to this api have exceeded the rate limit.
12-07-2020 @ 22:28:43 - There was an error trying sync products using the Catalog Batch API for job 8df42b79686770978ff5c765039e831a: OAuthException: (#613) Calls to this api have exceeded the rate limit.
12-07-2020 @ 22:28:45 - There was an error trying sync products using the Catalog Batch API for job 5c035ce8b4b2929003ec34e1749f6cfc: OAuthException: (#613) Calls to this api have exceeded the rate limit.
12-07-2020 @ 22:28:48 - There was an error trying sync products using the Catalog Batch API for job 52b32747cef4389c751697d7ea6e84f5: OAuthException: (#613) Calls to this api have exceeded the rate limit.
12-07-2020 @ 22:28:49 - There was an error trying sync products using the Catalog Batch API for job ef3f9128c76eb5170ca6ae7055098666: OAuthException: (#613) Calls to this api have exceeded the rate limit.
12-07-2020 @ 22:28:52 - There was an error trying sync products using the Catalog Batch API for job 2086bba13a623c32095d7c5dc31bdbc0: OAuthException: (#613) Calls to this api have exceeded the rate limit.
12-07-2020 @ 22:28:55 - There was an error trying sync products using the Catalog Batch API for job 6b76a0401ecfe6a3e0548680dd5b48b1: OAuthException: (#613) Calls to this api have exceeded the rate limit.
12-07-2020 @ 22:28:58 - There was an error trying sync products using the Catalog Batch API for job bf65017a63e9734d2842d7c9b9458c47: OAuthException: (#613) Calls to this api have exceeded the rate limit.
12-07-2020 @ 22:29:02 - There was an error trying sync products using the Catalog Batch API for job 2762a5fd9c32fbea5b9e17e682195e37: OAuthException: (#613) Calls to this api have exceeded the rate limit.
12-07-2020 @ 22:29:45 - There was an error trying sync products using the Catalog Batch API for job f07d6bb26b14217813f147e1d67f2546: OAuthException: (#613) Calls to this api have exceeded the rate limit.
12-07-2020 @ 22:29:48 - There was an error trying sync products using the Catalog Batch API for job c2a4982fcf05ad4776c6b125a9138e3e: OAuthException: (#613) Calls to this api have exceeded the rate limit.
12-07-2020 @ 22:29:49 - There was an error trying sync products using the Catalog Batch API for job f24a43d274cacd8de8ac88e1c729f9e9: OAuthException: (#613) Calls to this api have exceeded the rate limit.
12-07-2020 @ 22:31:36 - There was an error trying sync products using the Catalog Batch API for job 14ebfc7a8d70cdfdecd59e4854808aec: OAuthException: (#613) Calls to this api have exceeded the rate limit.
12-07-2020 @ 22:31:40 - There was an error trying sync products using the Catalog Batch API for job 803e4e3e986c5fa52159ec345f04f02f: OAuthException: (#613) Calls to this api have exceeded the rate limit.
12-07-2020 @ 22:31:41 - There was an error trying sync products using the Catalog Batch API for job 0f6b7ba80d892873e27dcf6fc5cb0f14: OAuthException: (#613) Calls to this api have exceeded the rate limit.
12-07-2020 @ 22:31:44 - There was an error trying sync products using the Catalog Batch API for job 04701163228920a4193eeeb06ff83468: OAuthException: (#613) Calls to this api have exceeded the rate limit.
12-07-2020 @ 22:31:47 - There was an error trying sync products using the Catalog Batch API for job 8ab15a34b4306b462ab07276ee560033: OAuthException: (#613) Calls to this api have exceeded the rate limit.
12-07-2020 @ 22:31:49 - There was an error trying sync products using the Catalog Batch API for job a2a25b6c44bb653f98ca05fce4e65239: OAuthException: (#613) Calls to this api have exceeded the rate limit.
12-07-2020 @ 22:31:50 - There was an error trying sync products using the Catalog Batch API for job 3a2ce7aab12faeb4bf93861580870306: OAuthException: (#613) Calls to this api have exceeded the rate limit.
12-07-2020 @ 22:31:57 - There was an error trying sync products using the Catalog Batch API for job 931cf6d340460bb917de483eb34c8d87: OAuthException: (#613) Calls to this api have exceeded the rate limit.
12-07-2020 @ 22:32:58 - There was an error trying sync products using the Catalog Batch API for job 173278a23cf8c7cf0d30f2cc7cf001a3: OAuthException: (#613) Calls to this api have exceeded the rate limit.
12-07-2020 @ 22:33:00 - There was an error trying sync products using the Catalog Batch API for job 92802645926cd55e846848f3766c9a5e: OAuthException: (#613) Calls to this api have exceeded the rate limit.
12-07-2020 @ 22:33:03 - There was an error trying sync products using the Catalog Batch API for job 8a62c8d6444b8832ba19389dd9cad798: OAuthException: (#613) Calls to this api have exceeded the rate limit.
12-07-2020 @ 22:33:04 - There was an error trying sync products using the Catalog Batch API for job f7c8e98a3cb0588feae83623204e7f91: OAuthException: (#613) Calls to this api have exceeded the rate limit.
12-07-2020 @ 22:33:06 - There was an error trying sync products using the Catalog Batch API for job b4d0a9c2f698b7e46277a3000be70cfc: OAuthException: (#613) Calls to this api have exceeded the rate limit.
12-07-2020 @ 22:34:35 - There was an error trying sync products using the Catalog Batch API for job 2028ad839a2087fb0d80883aa4aef2bb: OAuthException: (#613) Calls to this api have exceeded the rate limit.
12-07-2020 @ 22:34:36 - There was an error trying sync products using the Catalog Batch API for job 9bd58af9afce27473595c4404476cb0c: OAuthException: (#613) Calls to this api have exceeded the rate limit.
12-07-2020 @ 22:34:37 - There was an error trying sync products using the Catalog Batch API for job 9bbe77f856c4e0906acf2ac26b21871c: OAuthException: (#613) Calls to this api have exceeded the rate limit.
12-07-2020 @ 22:34:43 - There was an error trying sync products using the Catalog Batch API for job 467cb9b9693c74123a1f0e92d44be736: OAuthException: (#613) Calls to this api have exceeded the rate limit.
12-07-2020 @ 22:34:45 - There was an error trying sync products using the Catalog Batch API for job c0cdfa43d47ce764bfec5b6fc678e0af: OAuthException: (#613) Calls to this api have exceeded the rate limit.
12-07-2020 @ 22:34:48 - There was an error trying sync products using the Catalog Batch API for job e76ca5de75c4e6e13cd03787b7d29122: OAuthException: (#613) Calls to this api have exceeded the rate limit.
12-07-2020 @ 22:35:47 - There was an error trying sync products using the Catalog Batch API for job 66095eb741018a04308fe92cde451398: OAuthException: (#613) Calls to this api have exceeded the rate limit.
12-07-2020 @ 22:35:52 - There was an error trying sync products using the Catalog Batch API for job bbed0567fd4bdbc3b52e9c843a1072b2: OAuthException: (#613) Calls to this api have exceeded the rate limit.
12-07-2020 @ 22:35:54 - There was an error trying sync products using the Catalog Batch API for job efad9cb69868935d74e6647f3a300c52: OAuthException: (#613) Calls to this api have exceeded the rate limit.
12-07-2020 @ 22:35:56 - There was an error trying sync products using the Catalog Batch API for job 0083dfd7a7f002fb275fea4c1b161c36: OAuthException: (#613) Calls to this api have exceeded the rate limit.
12-07-2020 @ 22:37:33 - There was an error trying sync products using the Catalog Batch API for job da62f332c866caa594e01b1b77a26d6c: OAuthException: (#613) Calls to this api have exceeded the rate limit.
12-07-2020 @ 22:37:34 - There was an error trying sync products using the Catalog Batch API for job 33c35526744b0fe00b4007985560fbc6: OAuthException: (#613) Calls to this api have exceeded the rate limit.
12-07-2020 @ 22:37:35 - There was an error trying sync products using the Catalog Batch API for job 7cc3df0746695d734873e853e6dc73f8: OAuthException: (#613) Calls to this api have exceeded the rate limit.
12-07-2020 @ 22:37:41 - There was an error trying sync products using the Catalog Batch API for job 2cf53db813bc9bc6a6a515cab5bc794c: OAuthException: (#613) Calls to this api have exceeded the rate limit.
12-07-2020 @ 22:37:42 - There was an error trying sync products using the Catalog Batch API for job 083a7b620baa5a5afacc03d67d19fe07: OAuthException: (#613) Calls to this api have exceeded the rate limit.
12-07-2020 @ 22:37:44 - There was an error trying sync products using the Catalog Batch API for job f4d72f550ff8aa6701ff63021d6b1be5: OAuthException: (#613) Calls to this api have exceeded the rate limit.
12-07-2020 @ 22:38:31 - There was an error trying sync products using the Catalog Batch API for job 16ae6454b43b3c7597e983d4437c78da: OAuthException: (#613) Calls to this api have exceeded the rate limit.
12-07-2020 @ 22:38:32 - There was an error trying sync products using the Catalog Batch API for job a46b908c0f598276080a0d7e2b44d98f: OAuthException: (#613) Calls to this api have exceeded the rate limit.
12-07-2020 @ 22:38:35 - There was an error trying sync products using the Catalog Batch API for job e181fb5e5c22be243b6828b6868b68e6: OAuthException: (#613) Calls to this api have exceeded the rate limit.
12-07-2020 @ 22:39:31 - There was an error trying sync products using the Catalog Batch API for job 1e1589f21c7810b8a92367f54e9b4452: OAuthException: (#613) Calls to this api have exceeded the rate limit.
12-07-2020 @ 22:39:33 - There was an error trying sync products using the Catalog Batch API for job 4b6540724c6f08bebf02ab9552142609: OAuthException: (#613) Calls to this api have exceeded the rate limit.
12-07-2020 @ 22:39:34 - There was an error trying sync products using the Catalog Batch API for job faef421da7ac548d75ed515c0f308970: OAuthException: (#613) Calls to this api have exceeded the rate limit.
12-07-2020 @ 22:39:36 - There was an error trying sync products using the Catalog Batch API for job 4758f404a3a79313085c4f62561b8237: OAuthException: (#613) Calls to this api have exceeded the rate limit.
12-07-2020 @ 22:40:30 - There was an error trying sync products using the Catalog Batch API for job 9fbe5b666fa9e44fb32025dbaa8ee992: OAuthException: (#613) Calls to this api have exceeded the rate limit.
12-07-2020 @ 22:40:31 - There was an error trying sync products using the Catalog Batch API for job 12986c75eb9a9e41fc2e7918b3dde572: OAuthException: (#613) Calls to this api have exceeded the rate limit.
12-07-2020 @ 22:40:32 - There was an error trying sync products using the Catalog Batch API for job 9772bf259d657b2473f9e77dd9f121cd: OAuthException: (#613) Calls to this api have exceeded the rate limit.
12-07-2020 @ 22:40:34 - There was an error trying sync products using the Catalog Batch API for job aaa3e170efdd4cc0c5e2171be938cefe: OAuthException: (#613) Calls to this api have exceeded the rate limit.
12-07-2020 @ 22:41:34 - There was an error trying sync products using the Catalog Batch API for job 019adfb6eee94733a409259e09132cb7: OAuthException: (#613) Calls to this api have exceeded the rate limit.
12-07-2020 @ 22:41:35 - There was an error trying sync products using the Catalog Batch API for job 145ec1b1bdc1e0160248619962311f4f: OAuthException: (#613) Calls to this api have exceeded the rate limit.
12-07-2020 @ 22:41:36 - There was an error trying sync products using the Catalog Batch API for job 861d20eb005d9407d4b990daf6d66571: OAuthException: (#613) Calls to this api have exceeded the rate limit.
12-07-2020 @ 22:43:32 - There was an error trying sync products using the Catalog Batch API for job ff5f8994c6ffb23b57081f28b23d2776: OAuthException: (#613) Calls to this api have exceeded the rate limit.
12-07-2020 @ 22:43:34 - There was an error trying sync products using the Catalog Batch API for job 8759e4db705336adf424b410b3a277d6: OAuthException: (#613) Calls to this api have exceeded the rate limit.
12-07-2020 @ 22:43:37 - There was an error trying sync products using the Catalog Batch API for job 001899bf52082202843866c404942191: OAuthException: (#613) Calls to this api have exceeded the rate limit.
12-07-2020 @ 22:43:41 - There was an error trying sync products using the Catalog Batch API for job 01ad752da2f5641b6de0501cabd5c5bc: OAuthException: (#613) Calls to this api have exceeded the rate limit.
12-07-2020 @ 22:43:42 - There was an error trying sync products using the Catalog Batch API for job 76af38d913fdadceff0a019c91c9a3f7: OAuthException: (#613) Calls to this api have exceeded the rate limit.
12-07-2020 @ 22:43:43 - There was an error trying sync products using the Catalog Batch API for job 54cf19116658fce9c0a8a50485ab8faa: OAuthException: (#613) Calls to this api have exceeded the rate limit.
12-07-2020 @ 22:43:45 - There was an error trying sync products using the Catalog Batch API for job 8994614369ea9fed75e7f98e912f2c2d: OAuthException: (#613) Calls to this api have exceeded the rate limit.
12-07-2020 @ 22:43:53 - There was an error trying sync products using the Catalog Batch API for job b16693bfaa45f9c50b1db4ce15947fe9: OAuthException: (#613) Calls to this api have exceeded the rate limit.
12-07-2020 @ 22:44:42 - There was an error trying sync products using the Catalog Batch API for job 2b6f56016e94cc2ac884a0d34788520c: OAuthException: (#613) Calls to this api have exceeded the rate limit.
12-07-2020 @ 22:44:43 - There was an error trying sync products using the Catalog Batch API for job 44ad57631f7f840c26187384abe88516: OAuthException: (#613) Calls to this api have exceeded the rate limit.
12-07-2020 @ 22:49:40 - There was an error trying sync products using the Catalog Batch API for job 0b711d44162413a5a7c6e3cb41352636: OAuthException: (#613) Calls to this api have exceeded the rate limit.
12-07-2020 @ 22:49:42 - There was an error trying sync products using the Catalog Batch API for job 18c25b3028a9cf83a912dc649d07c5f6: OAuthException: (#613) Calls to this api have exceeded the rate limit.
12-07-2020 @ 22:49:44 - There was an error trying sync products using the Catalog Batch API for job c663261ca0cbe8b04b4cd843c8eecd45: OAuthException: (#613) Calls to this api have exceeded the rate limit.
12-07-2020 @ 22:50:34 - There was an error trying sync products using the Catalog Batch API for job 3c8570fa1f27beea5346ef433328d76f: OAuthException: (#613) Calls to this api have exceeded the rate limit.
12-07-2020 @ 22:50:36 - There was an error trying sync products using the Catalog Batch API for job 201213ea6153ffa979d87c2a8994880b: OAuthException: (#613) Calls to this api have exceeded the rate limit.
12-07-2020 @ 22:50:38 - There was an error trying sync products using the Catalog Batch API for job 2c6bc7627150189ee29f5dc5aaee3f91: OAuthException: (#613) Calls to this api have exceeded the rate limit.
12-07-2020 @ 22:50:41 - There was an error trying sync products using the Catalog Batch API for job f89f0ff6e3f910bad381720c16eec2cd: OAuthException: (#613) Calls to this api have exceeded the rate limit.
12-07-2020 @ 22:50:42 - There was an error trying sync products using the Catalog Batch API for job 5eb773647ef47e33f8a00be578fcf154: OAuthException: (#613) Calls to this api have exceeded the rate limit.
12-07-2020 @ 22:52:43 - There was an error trying sync products using the Catalog Batch API for job 3cd83e2b714a06847dbbad5b8105c8be: OAuthException: (#613) Calls to this api have exceeded the rate limit.
12-07-2020 @ 22:52:45 - There was an error trying sync products using the Catalog Batch API for job 80ee42371f6343588ceddb82656a0d87: OAuthException: (#613) Calls to this api have exceeded the rate limit.
12-07-2020 @ 22:52:47 - There was an error trying sync products using the Catalog Batch API for job 421f3c2c9ade1af9ec45c0d0480f2b3a: OAuthException: (#613) Calls to this api have exceeded the rate limit.
12-07-2020 @ 22:52:48 - There was an error trying sync products using the Catalog Batch API for job 45e3758d1ffe636c501ae217d60f103b: OAuthException: (#613) Calls to this api have exceeded the rate limit.
12-07-2020 @ 22:52:50 - There was an error trying sync products using the Catalog Batch API for job be76779a9ec93fe520d920a006c7c7e2: OAuthException: (#613) Calls to this api have exceeded the rate limit.
12-07-2020 @ 22:52:51 - There was an error trying sync products using the Catalog Batch API for job 5deb3a001b12c2879530818a6efe484b: OAuthException: (#613) Calls to this api have exceeded the rate limit.
12-07-2020 @ 22:52:57 - There was an error trying sync products using the Catalog Batch API for job 3bc77659360c2fb8c504d7dc39923fb5: OAuthException: (#613) Calls to this api have exceeded the rate limit.
12-07-2020 @ 22:52:58 - There was an error trying sync products using the Catalog Batch API for job dc0a1414eaaa380f388ed3ca25bbaf2c: OAuthException: (#613) Calls to this api have exceeded the rate limit.
12-07-2020 @ 22:53:42 - There was an error trying sync products using the Catalog Batch API for job 896276165fa1b6bf5a96f065f89938c7: OAuthException: (#613) Calls to this api have exceeded the rate limit.
12-07-2020 @ 22:53:44 - There was an error trying sync products using the Catalog Batch API for job 059f9d15c210b309ca81249d631dec84: OAuthException: (#613) Calls to this api have exceeded the rate limit.
12-07-2020 @ 22:53:46 - There was an error trying sync products using the Catalog Batch API for job 9c2e4051c1c146015c0d9d8ceee7f4b8: OAuthException: (#613) Calls to this api have exceeded the rate limit.
12-07-2020 @ 22:55:34 - There was an error trying sync products using the Catalog Batch API for job 09cc738e1eb84872d082cc72d6bbd2fb: OAuthException: (#613) Calls to this api have exceeded the rate limit.
12-07-2020 @ 22:55:36 - There was an error trying sync products using the Catalog Batch API for job 4c9ef2f94b91cd48988c2dde307c13a6: OAuthException: (#613) Calls to this api have exceeded the rate limit.
12-07-2020 @ 22:55:40 - There was an error trying sync products using the Catalog Batch API for job ec0b7b13a15d0d55727f391f4303cb12: OAuthException: (#613) Calls to this api have exceeded the rate limit.
12-07-2020 @ 22:55:42 - There was an error trying sync products using the Catalog Batch API for job f7f3bb95f71c045d9007fb65ad1245d0: OAuthException: (#613) Calls to this api have exceeded the rate limit.
12-07-2020 @ 22:55:43 - There was an error trying sync products using the Catalog Batch API for job ddf5658c9a224f3c7262814d6e2b4dfc: OAuthException: (#613) Calls to this api have exceeded the rate limit.
12-07-2020 @ 22:55:45 - There was an error trying sync products using the Catalog Batch API for job f5230b2bb48d6e9b8c867e73b6e9603c: OAuthException: (#613) Calls to this api have exceeded the rate limit.
12-07-2020 @ 22:55:46 - There was an error trying sync products using the Catalog Batch API for job 25f7242ec970ec136b4c60f6848b63ac: OAuthException: (#613) Calls to this api have exceeded the rate limit.
12-07-2020 @ 22:55:49 - There was an error trying sync products using the Catalog Batch API for job 9b9dedc8150a2dc47fb24f0e6b90ae64: OAuthException: (#613) Calls to this api have exceeded the rate limit.
12-07-2020 @ 22:56:42 - There was an error trying sync products using the Catalog Batch API for job 3038f339058091f85fb1b6d4ee63b982: OAuthException: (#613) Calls to this api have exceeded the rate limit.
12-07-2020 @ 22:56:44 - There was an error trying sync products using the Catalog Batch API for job 8d909917767714c4981c9ad9e8473871: OAuthException: (#613) Calls to this api have exceeded the rate limit.
12-07-2020 @ 22:56:46 - There was an error trying sync products using the Catalog Batch API for job 4337bf4e690af03cb8d3ae63564b6a88: OAuthException: (#613) Calls to this api have exceeded the rate limit.
12-07-2020 @ 22:56:48 - There was an error trying sync products using the Catalog Batch API for job aa5e89f9bd5201f2f4f22d0823cb2347: OAuthException: (#613) Calls to this api have exceeded the rate limit.
12-07-2020 @ 22:56:49 - There was an error trying sync products using the Catalog Batch API for job 451ca44671a8a516d78551d6647e5b82: OAuthException: (#613) Calls to this api have exceeded the rate limit.
12-07-2020 @ 22:58:36 - There was an error trying sync products using the Catalog Batch API for job 2e7afc484fd982fbf1dfd726d732f9f6: OAuthException: (#613) Calls to this api have exceeded the rate limit.
12-07-2020 @ 22:58:41 - There was an error trying sync products using the Catalog Batch API for job a019552f083e43db32a99e05cacf94bc: OAuthException: (#613) Calls to this api have exceeded the rate limit.
12-07-2020 @ 22:58:43 - There was an error trying sync products using the Catalog Batch API for job 6ab2c17dc14da2ced83e39cee9253ead: OAuthException: (#613) Calls to this api have exceeded the rate limit.
12-07-2020 @ 22:58:44 - There was an error trying sync products using the Catalog Batch API for job aaff8450e8712718355415e4822b0b09: OAuthException: (#613) Calls to this api have exceeded the rate limit.
12-07-2020 @ 22:58:47 - There was an error trying sync products using the Catalog Batch API for job e8b02ad48f216b75e098661db438ab52: OAuthException: (#613) Calls to this api have exceeded the rate limit.
12-07-2020 @ 22:58:49 - There was an error trying sync products using the Catalog Batch API for job de1f8797ba7b5c2da1198e402bc42da7: OAuthException: (#613) Calls to this api have exceeded the rate limit.
12-07-2020 @ 22:58:54 - There was an error trying sync products using the Catalog Batch API for job 897207b4cf00dd04673429021b871ddd: OAuthException: (#613) Calls to this api have exceeded the rate limit.
12-07-2020 @ 22:59:46 - There was an error trying sync products using the Catalog Batch API for job 8c6c08e86d12c8b057925d7231b11259: OAuthException: (#613) Calls to this api have exceeded the rate limit.
12-07-2020 @ 22:59:48 - There was an error trying sync products using the Catalog Batch API for job c74cf1a389752f5d1ca990c26b81ed68: OAuthException: (#613) Calls to this api have exceeded the rate limit.
12-07-2020 @ 22:59:49 - There was an error trying sync products using the Catalog Batch API for job 9e4f316938b3cb05238c485dbea61036: OAuthException: (#613) Calls to this api have exceeded the rate limit.
12-07-2020 @ 23:01:36 - There was an error trying sync products using the Catalog Batch API for job 601784f43022fb99c7d34ac41c2449ed: OAuthException: (#613) Calls to this api have exceeded the rate limit.
12-07-2020 @ 23:01:37 - There was an error trying sync products using the Catalog Batch API for job b9cb652b03ddd28ce523c6c095ba7578: OAuthException: (#613) Calls to this api have exceeded the rate limit.
12-07-2020 @ 23:01:41 - There was an error trying sync products using the Catalog Batch API for job 7295cdf484e977ea636ce8c181968b95: OAuthException: (#613) Calls to this api have exceeded the rate limit.
12-07-2020 @ 23:02:34 - There was an error trying sync products using the Catalog Batch API for job 23b9c900c436d1dd8c8bede971bbb2cd: OAuthException: (#613) Calls to this api have exceeded the rate limit.
12-07-2020 @ 23:02:35 - There was an error trying sync products using the Catalog Batch API for job f33158f6809a7606352568a775ffbd6b: OAuthException: (#613) Calls to this api have exceeded the rate limit.
12-07-2020 @ 23:02:37 - There was an error trying sync products using the Catalog Batch API for job bbeb15a7c0249f39eae390d546b2db75: OAuthException: (#613) Calls to this api have exceeded the rate limit.
12-07-2020 @ 23:03:29 - There was an error trying sync products using the Catalog Batch API for job 6a7ab7d0b7956b903821f98e978fc35b: OAuthException: (#613) Calls to this api have exceeded the rate limit.
12-07-2020 @ 23:03:32 - There was an error trying sync products using the Catalog Batch API for job ec246f743e719830ac74a653395cfda2: OAuthException: (#613) Calls to this api have exceeded the rate limit.
12-07-2020 @ 23:03:33 - There was an error trying sync products using the Catalog Batch API for job 17e32c057caf0e32e76a7a036dfc5993: OAuthException: (#613) Calls to this api have exceeded the rate limit.
12-07-2020 @ 23:03:35 - There was an error trying sync products using the Catalog Batch API for job 957d6a27b2433598eea1adc3c272a4f3: OAuthException: (#613) Calls to this api have exceeded the rate limit.
12-07-2020 @ 23:04:29 - There was an error trying sync products using the Catalog Batch API for job 8bee2070dce32d40b2f85e64cac2a8a7: OAuthException: (#613) Calls to this api have exceeded the rate limit.
12-07-2020 @ 23:04:31 - There was an error trying sync products using the Catalog Batch API for job 68eebafe873ab414717aef5e95d45303: OAuthException: (#613) Calls to this api have exceeded the rate limit.
12-07-2020 @ 23:04:43 - There was an error trying sync products using the Catalog Batch API for job 3634d80bfaf2927441cafc28aa101581: OAuthException: (#613) Calls to this api have exceeded the rate limit.
12-07-2020 @ 23:04:47 - There was an error trying sync products using the Catalog Batch API for job cb03a2a44d67da4eea2034167e651ae8: OAuthException: (#613) Calls to this api have exceeded the rate limit.
12-07-2020 @ 23:04:51 - There was an error trying sync products using the Catalog Batch API for job 270cf3d38abaffb0dc9c87dd642768de: OAuthException: (#613) Calls to this api have exceeded the rate limit.
12-07-2020 @ 23:05:47 - There was an error trying sync products using the Catalog Batch API for job 32b9e41fa5eeb89bf2a882f5da69ac2f: OAuthException: (#613) Calls to this api have exceeded the rate limit.
12-07-2020 @ 23:05:49 - There was an error trying sync products using the Catalog Batch API for job a48a92b72030647153ad9b4ffd304ce1: OAuthException: (#613) Calls to this api have exceeded the rate limit.
12-07-2020 @ 23:05:52 - There was an error trying sync products using the Catalog Batch API for job c2a6252d18ee91f93a4ecb50b88a0802: OAuthException: (#613) Calls to this api have exceeded the rate limit.
12-07-2020 @ 23:05:54 - There was an error trying sync products using the Catalog Batch API for job 3c1caed62f5d05c2e234261e714e35f8: OAuthException: (#613) Calls to this api have exceeded the rate limit.
12-07-2020 @ 23:07:30 - There was an error trying sync products using the Catalog Batch API for job fc1dceac571415fb044778398b28b9d9: OAuthException: (#613) Calls to this api have exceeded the rate limit.
12-07-2020 @ 23:07:32 - There was an error trying sync products using the Catalog Batch API for job b7d90068587e958a4654c0d6f79318ca: OAuthException: (#613) Calls to this api have exceeded the rate limit.
12-07-2020 @ 23:07:34 - There was an error trying sync products using the Catalog Batch API for job 8aa383eb4471cade6b9073b895627ed0: OAuthException: (#613) Calls to this api have exceeded the rate limit.
12-07-2020 @ 23:07:36 - There was an error trying sync products using the Catalog Batch API for job f75a4700a834761a76e67de11757194c: OAuthException: (#613) Calls to this api have exceeded the rate limit.
12-07-2020 @ 23:07:37 - There was an error trying sync products using the Catalog Batch API for job e74472a86a69d5800ce93d83acf7a1fb: OAuthException: (#613) Calls to this api have exceeded the rate limit.
12-07-2020 @ 23:07:40 - There was an error trying sync products using the Catalog Batch API for job ac3419430365602af8228897466535c7: OAuthException: (#613) Calls to this api have exceeded the rate limit.
12-07-2020 @ 23:07:42 - There was an error trying sync products using the Catalog Batch API for job 4cfdbb8a9077d0dcb659c1440d13656e: OAuthException: (#613) Calls to this api have exceeded the rate limit.
12-07-2020 @ 23:08:38 - There was an error trying sync products using the Catalog Batch API for job b814e1d3a15406013d5c83199dc199bc: OAuthException: (#613) Calls to this api have exceeded the rate limit.
12-07-2020 @ 23:08:40 - There was an error trying sync products using the Catalog Batch API for job c5d2e74f21db8f617333df5e53154c35: OAuthException: (#613) Calls to this api have exceeded the rate limit.
12-07-2020 @ 23:08:41 - There was an error trying sync products using the Catalog Batch API for job 6809d380da42f6f9829413b81d78898f: OAuthException: (#613) Calls to this api have exceeded the rate limit.
12-07-2020 @ 23:08:43 - There was an error trying sync products using the Catalog Batch API for job d4d6e60e2ba00ef5f5aaa35dd42672c4: OAuthException: (#613) Calls to this api have exceeded the rate limit.
12-07-2020 @ 23:09:32 - There was an error trying sync products using the Catalog Batch API for job e9ec439e205a4a2ba0c754d9a50e10cc: OAuthException: (#613) Calls to this api have exceeded the rate limit.
12-07-2020 @ 23:09:34 - There was an error trying sync products using the Catalog Batch API for job 45dca0aaa847c2e732fa7616a373550b: OAuthException: (#613) Calls to this api have exceeded the rate limit.
12-07-2020 @ 23:09:35 - There was an error trying sync products using the Catalog Batch API for job 3df886ad76dd73c0fee34d9596709cd2: OAuthException: (#613) Calls to this api have exceeded the rate limit.
12-07-2020 @ 23:10:32 - There was an error trying sync products using the Catalog Batch API for job d68e8fe208fbd8067cf7d460cf031518: OAuthException: (#613) Calls to this api have exceeded the rate limit.
12-07-2020 @ 23:10:34 - There was an error trying sync products using the Catalog Batch API for job 970f68d89c7377b1132107f889c08971: OAuthException: (#613) Calls to this api have exceeded the rate limit.
12-07-2020 @ 23:10:36 - There was an error trying sync products using the Catalog Batch API for job 558c4dc450364b445f052176c3543523: OAuthException: (#613) Calls to this api have exceeded the rate limit.
12-07-2020 @ 23:10:37 - There was an error trying sync products using the Catalog Batch API for job c78788369f8cf121e1fbf3bb0993abbf: OAuthException: (#613) Calls to this api have exceeded the rate limit.
12-07-2020 @ 23:11:32 - There was an error trying sync products using the Catalog Batch API for job 52cc3b00c577aad0bb055d0398338a45: OAuthException: (#613) Calls to this api have exceeded the rate limit.
12-07-2020 @ 23:11:34 - There was an error trying sync products using the Catalog Batch API for job d59a3c508d0a48138016c704f00f7149: OAuthException: (#613) Calls to this api have exceeded the rate limit.
12-07-2020 @ 23:11:36 - There was an error trying sync products using the Catalog Batch API for job 26661f2349d7788c16d0a00485b2547a: OAuthException: (#613) Calls to this api have exceeded the rate limit.
12-07-2020 @ 23:11:37 - There was an error trying sync products using the Catalog Batch API for job c97a45455e639bea2e83360a91116cae: OAuthException: (#613) Calls to this api have exceeded the rate limit.
12-07-2020 @ 23:11:39 - There was an error trying sync products using the Catalog Batch API for job 5be84810030db85881540b04e0ead6b7: OAuthException: (#613) Calls to this api have exceeded the rate limit.
12-07-2020 @ 23:12:25 - There was an error trying sync products using the Catalog Batch API for job de3269d0f47cb4b71c8d9896a7c52982: OAuthException: (#613) Calls to this api have exceeded the rate limit.
12-07-2020 @ 23:12:29 - There was an error trying sync products using the Catalog Batch API for job d3a1515cfac5e1028b7a11f335b038e7: OAuthException: (#613) Calls to this api have exceeded the rate limit.
12-07-2020 @ 23:12:31 - There was an error trying sync products using the Catalog Batch API for job eb7dc3bd4f56fd7bf6fc78338b15bc0f: OAuthException: (#613) Calls to this api have exceeded the rate limit.
12-07-2020 @ 23:12:32 - There was an error trying sync products using the Catalog Batch API for job 6379d9deb563ffc8faa89b5cbde5d2af: OAuthException: (#613) Calls to this api have exceeded the rate limit.
12-07-2020 @ 23:13:31 - There was an error trying sync products using the Catalog Batch API for job 5c718f5012a4524f2da316617f1825be: OAuthException: (#613) Calls to this api have exceeded the rate limit.
12-07-2020 @ 23:13:33 - There was an error trying sync products using the Catalog Batch API for job ea7f7c12af1465b8a65ab134dd7ccfba: OAuthException: (#613) Calls to this api have exceeded the rate limit.
12-07-2020 @ 23:13:34 - There was an error trying sync products using the Catalog Batch API for job 3130fb1a3b191186f46c38e83b855ae3: OAuthException: (#613) Calls to this api have exceeded the rate limit.
12-07-2020 @ 23:13:36 - There was an error trying sync products using the Catalog Batch API for job a3870105a8690f7acfce4a5d67d28027: OAuthException: (#613) Calls to this api have exceeded the rate limit.
12-07-2020 @ 23:13:40 - There was an error trying sync products using the Catalog Batch API for job d7134f26b2f33518fb76cee9d78fc317: OAuthException: (#613) Calls to this api have exceeded the rate limit.
12-07-2020 @ 23:14:24 - There was an error trying sync products using the Catalog Batch API for job c0a7807ff14ffe58d429ff3ed685d190: OAuthException: (#613) Calls to this api have exceeded the rate limit.
12-07-2020 @ 23:14:27 - There was an error trying sync products using the Catalog Batch API for job c48e64dc3b5ddf3536000be1e3f16d4e: OAuthException: (#613) Calls to this api have exceeded the rate limit.
12-07-2020 @ 23:14:29 - There was an error trying sync products using the Catalog Batch API for job f6b86d49edabfce74244efb77df10db1: OAuthException: (#613) Calls to this api have exceeded the rate limit.
12-07-2020 @ 23:14:31 - There was an error trying sync products using the Catalog Batch API for job 62a108dd3e5aef50fb0d13e8b181096e: OAuthException: (#613) Calls to this api have exceeded the rate limit.
12-07-2020 @ 23:15:15 - There was an error trying sync products using the Catalog Batch API for job 680a4383f115a835bc362de1b70a22f0: OAuthException: (#613) Calls to this api have exceeded the rate limit.
12-07-2020 @ 23:15:16 - There was an error trying sync products using the Catalog Batch API for job f7b1eadc9308ebaea7908e9ac5d13a6a: OAuthException: (#613) Calls to this api have exceeded the rate limit.
12-07-2020 @ 23:15:18 - There was an error trying sync products using the Catalog Batch API for job 661fe78bfe54b3f85da8cce6c4d40be4: OAuthException: (#613) Calls to this api have exceeded the rate limit.
12-07-2020 @ 23:15:20 - There was an error trying sync products using the Catalog Batch API for job fbe92e84e9983f2ae8f7de311cbcd632: OAuthException: (#613) Calls to this api have exceeded the rate limit.
12-07-2020 @ 23:20:37 - There was an error trying sync products using the Catalog Batch API for job 1888f7a2c787141506c2c01b2f42258c: OAuthException: (#613) Calls to this api have exceeded the rate limit.
12-07-2020 @ 23:20:38 - There was an error trying sync products using the Catalog Batch API for job a5fc82ec35b4dd5cbc25098427473ddd: OAuthException: (#613) Calls to this api have exceeded the rate limit.
12-07-2020 @ 23:20:39 - There was an error trying sync products using the Catalog Batch API for job 887ba4205f5bcf0084b3c078c75c9e20: OAuthException: (#613) Calls to this api have exceeded the rate limit.
12-07-2020 @ 23:20:42 - There was an error trying sync products using the Catalog Batch API for job 9a3f1a96ef8d8f94210c03cde2b36c49: OAuthException: (#613) Calls to this api have exceeded the rate limit.
12-07-2020 @ 23:20:44 - There was an error trying sync products using the Catalog Batch API for job e48e8dd63a660e85002e9ecc3224e96d: OAuthException: (#613) Calls to this api have exceeded the rate limit.
12-07-2020 @ 23:20:46 - There was an error trying sync products using the Catalog Batch API for job 23d6d16e9773674d9ca1ffeac22c6826: OAuthException: (#613) Calls to this api have exceeded the rate limit.
12-07-2020 @ 23:20:48 - There was an error trying sync products using the Catalog Batch API for job 4d2e105f330bc7491483ddd8f6064508: OAuthException: (#613) Calls to this api have exceeded the rate limit.
12-07-2020 @ 23:20:49 - There was an error trying sync products using the Catalog Batch API for job b8dc2901ce667cf0a45c812f4902c822: OAuthException: (#613) Calls to this api have exceeded the rate limit.
12-07-2020 @ 23:20:53 - There was an error trying sync products using the Catalog Batch API for job 3a662ae67000b6e226bdf6220767fcae: OAuthException: (#613) Calls to this api have exceeded the rate limit.
12-07-2020 @ 23:20:57 - There was an error trying sync products using the Catalog Batch API for job 978ee3d9a3f0ec65e4ef4c544244cf32: OAuthException: (#613) Calls to this api have exceeded the rate limit.
12-07-2020 @ 23:21:04 - There was an error trying sync products using the Catalog Batch API for job 87172fbdbd2ae6bfc1673472aeadf2fc: OAuthException: (#613) Calls to this api have exceeded the rate limit.
12-07-2020 @ 23:21:05 - There was an error trying sync products using the Catalog Batch API for job d6347e1569f0d0b8a7a6d38ae586c77b: OAuthException: (#613) Calls to this api have exceeded the rate limit.
12-07-2020 @ 23:21:07 - There was an error trying sync products using the Catalog Batch API for job d2210c75185965155b848d6920765406: OAuthException: (#613) Calls to this api have exceeded the rate limit.
12-07-2020 @ 23:21:10 - There was an error trying sync products using the Catalog Batch API for job 8942d06d1f9b6657d3fdc21938e1684b: OAuthException: (#613) Calls to this api have exceeded the rate limit.
12-07-2020 @ 23:21:12 - There was an error trying sync products using the Catalog Batch API for job fb383f59479fde979d32991e751fb73e: OAuthException: (#613) Calls to this api have exceeded the rate limit.
12-07-2020 @ 23:21:13 - There was an error trying sync products using the Catalog Batch API for job 6f3c9c5e07f05e1fc059c6e6cfcce62e: OAuthException: (#613) Calls to this api have exceeded the rate limit.
12-07-2020 @ 23:21:14 - There was an error trying sync products using the Catalog Batch API for job 51bcebec48fde1a7df0cac62678a5a56: OAuthException: (#613) Calls to this api have exceeded the rate limit.
12-07-2020 @ 23:21:15 - There was an error trying sync products using the Catalog Batch API for job fe66ddc965923cf3b9ac9e34a79727f0: OAuthException: (#613) Calls to this api have exceeded the rate limit.
12-07-2020 @ 23:21:17 - There was an error trying sync products using the Catalog Batch API for job 587f1fd3ae08a045140551e6092f7859: OAuthException: (#613) Calls to this api have exceeded the rate limit.
12-07-2020 @ 23:21:18 - There was an error trying sync products using the Catalog Batch API for job bff485a15f02f68c0c0c417f99549e8a: OAuthException: (#613) Calls to this api have exceeded the rate limit.
12-07-2020 @ 23:21:20 - There was an error trying sync products using the Catalog Batch API for job 1fcc04417cd60933fa31438fc9d8cfd9: OAuthException: (#613) Calls to this api have exceeded the rate limit.
12-07-2020 @ 23:21:22 - There was an error trying sync products using the Catalog Batch API for job 58d335ef6c500456c25f386a27566e25: OAuthException: (#613) Calls to this api have exceeded the rate limit.
12-07-2020 @ 23:22:35 - There was an error trying sync products using the Catalog Batch API for job d988f104145ee9eaadcd7a1ffb7566f8: OAuthException: (#613) Calls to this api have exceeded the rate limit.
12-07-2020 @ 23:22:37 - There was an error trying sync products using the Catalog Batch API for job d13d91487048426e7350f622210c26ba: OAuthException: (#613) Calls to this api have exceeded the rate limit.
12-07-2020 @ 23:23:36 - There was an error trying sync products using the Catalog Batch API for job 4a61d9a7f4f929b72027f3cae4cc9968: OAuthException: (#613) Calls to this api have exceeded the rate limit.
12-07-2020 @ 23:23:37 - There was an error trying sync products using the Catalog Batch API for job c160b5ce7984c77594261cbea704054b: OAuthException: (#613) Calls to this api have exceeded the rate limit.
12-07-2020 @ 23:23:39 - There was an error trying sync products using the Catalog Batch API for job f0ffcc3cdc487141bbb86a3d415d2f80: OAuthException: (#613) Calls to this api have exceeded the rate limit.
12-07-2020 @ 23:23:40 - There was an error trying sync products using the Catalog Batch API for job 5f760be42798a27237a4651cb74d2631: OAuthException: (#613) Calls to this api have exceeded the rate limit.
12-07-2020 @ 23:25:35 - There was an error trying sync products using the Catalog Batch API for job dec13a8128c3bb1685ef6985bfdfc3dc: OAuthException: (#613) Calls to this api have exceeded the rate limit.
12-07-2020 @ 23:25:37 - There was an error trying sync products using the Catalog Batch API for job ea7edc36abb70ba484ed55d76dff0db8: OAuthException: (#613) Calls to this api have exceeded the rate limit.
12-07-2020 @ 23:25:40 - There was an error trying sync products using the Catalog Batch API for job 8a2832db71892ef4c2ba0bbe7cf965ac: OAuthException: (#613) Calls to this api have exceeded the rate limit.
12-07-2020 @ 23:25:43 - There was an error trying sync products using the Catalog Batch API for job 939349167b46189967c654e86290aea2: OAuthException: (#613) Calls to this api have exceeded the rate limit.
12-07-2020 @ 23:25:45 - There was an error trying sync products using the Catalog Batch API for job 451ab00e0943b2dc46f1e1a6c1a69f06: OAuthException: (#613) Calls to this api have exceeded the rate limit.
12-07-2020 @ 23:25:47 - There was an error trying sync products using the Catalog Batch API for job 7d17d84a8a3232f5ec7432d3290c0445: OAuthException: (#613) Calls to this api have exceeded the rate limit.
12-07-2020 @ 23:25:52 - There was an error trying sync products using the Catalog Batch API for job 3c9b19716260b3934a6b9ecef2deffd9: OAuthException: (#613) Calls to this api have exceeded the rate limit.
12-07-2020 @ 23:26:52 - There was an error trying sync products using the Catalog Batch API for job f3f7ad2ef5bfc30bd2092974e9dd64fe: OAuthException: (#613) Calls to this api have exceeded the rate limit.
12-07-2020 @ 23:26:53 - There was an error trying sync products using the Catalog Batch API for job 8f55f48409ec4934ee21de5460c4d71a: OAuthException: (#613) Calls to this api have exceeded the rate limit.
12-07-2020 @ 23:26:54 - There was an error trying sync products using the Catalog Batch API for job 7a661ce4c4d829c1da030f65eda5f186: OAuthException: (#613) Calls to this api have exceeded the rate limit.
12-07-2020 @ 23:28:30 - There was an error trying sync products using the Catalog Batch API for job 7719d842e1e8937c90c8b424c88cbf76: OAuthException: (#613) Calls to this api have exceeded the rate limit.
12-07-2020 @ 23:28:31 - There was an error trying sync products using the Catalog Batch API for job d2162ee26c5cbccc9e849d5d25afe431: OAuthException: (#613) Calls to this api have exceeded the rate limit.
12-07-2020 @ 23:28:33 - There was an error trying sync products using the Catalog Batch API for job d22e7e90d9013de9372773413bad44c7: OAuthException: (#613) Calls to this api have exceeded the rate limit.
12-07-2020 @ 23:28:36 - There was an error trying sync products using the Catalog Batch API for job e85b3e751592d971784bede4b3b4ab46: OAuthException: (#613) Calls to this api have exceeded the rate limit.
12-07-2020 @ 23:28:37 - There was an error trying sync products using the Catalog Batch API for job c43465a225bce7cf6482d080d1ff9e2f: OAuthException: (#613) Calls to this api have exceeded the rate limit.
12-07-2020 @ 23:28:40 - There was an error trying sync products using the Catalog Batch API for job 03f64d9c7092654256f08465cd4114f6: OAuthException: (#613) Calls to this api have exceeded the rate limit.
12-07-2020 @ 23:28:42 - There was an error trying sync products using the Catalog Batch API for job 9318deb3fd46bb9f70d92df39cc59a02: OAuthException: (#613) Calls to this api have exceeded the rate limit.
12-07-2020 @ 23:28:44 - There was an error trying sync products using the Catalog Batch API for job 94e138d5232f488975ecd0c17e45d599: OAuthException: (#613) Calls to this api have exceeded the rate limit.
12-07-2020 @ 23:28:50 - There was an error trying sync products using the Catalog Batch API for job bdc0edba1931642fe758320b9d824c55: OAuthException: (#613) Calls to this api have exceeded the rate limit.
12-07-2020 @ 23:29:45 - There was an error trying sync products using the Catalog Batch API for job ea0b4d9b90a70f3fdfcfb72640d31afb: OAuthException: (#613) Calls to this api have exceeded the rate limit.
12-07-2020 @ 23:29:48 - There was an error trying sync products using the Catalog Batch API for job 666a730af6b489c79fff953b67526cc0: OAuthException: (#613) Calls to this api have exceeded the rate limit.
12-07-2020 @ 23:29:49 - There was an error trying sync products using the Catalog Batch API for job 8664e499e8f40c325438c74e7c2ae673: OAuthException: (#613) Calls to this api have exceeded the rate limit.
12-07-2020 @ 23:31:45 - There was an error trying sync products using the Catalog Batch API for job f203da051024fd85da9ba709ff59eb04: OAuthException: (#613) Calls to this api have exceeded the rate limit.
12-07-2020 @ 23:31:46 - There was an error trying sync products using the Catalog Batch API for job 8e66c273aa5a136c5e357b40be93e581: OAuthException: (#613) Calls to this api have exceeded the rate limit.
12-07-2020 @ 23:31:49 - There was an error trying sync products using the Catalog Batch API for job ad768e18b6191507a303b69bfb00c07c: OAuthException: (#613) Calls to this api have exceeded the rate limit.
12-07-2020 @ 23:31:51 - There was an error trying sync products using the Catalog Batch API for job 5ccdb569195dc6bec15b77499364097b: OAuthException: (#613) Calls to this api have exceeded the rate limit.
12-07-2020 @ 23:31:53 - There was an error trying sync products using the Catalog Batch API for job c08917b6ae10c7e8166f88ce1d4eead7: OAuthException: (#613) Calls to this api have exceeded the rate limit.
12-07-2020 @ 23:31:55 - There was an error trying sync products using the Catalog Batch API for job 842b682a71903b1196c9e944276d5c9f: OAuthException: (#613) Calls to this api have exceeded the rate limit.
12-07-2020 @ 23:32:00 - There was an error trying sync products using the Catalog Batch API for job e5d683ef1677a10c46297106ac1e995f: OAuthException: (#613) Calls to this api have exceeded the rate limit.
12-07-2020 @ 23:32:03 - There was an error trying sync products using the Catalog Batch API for job ef6587ff6bf608b8dc5e57ac7985d4d4: OAuthException: (#613) Calls to this api have exceeded the rate limit.
12-07-2020 @ 23:32:04 - There was an error trying sync products using the Catalog Batch API for job bf74d026272433643292b8f5eb0d9234: OAuthException: (#613) Calls to this api have exceeded the rate limit.
12-07-2020 @ 23:32:06 - There was an error trying sync products using the Catalog Batch API for job 893f9076d98accbab27032ba6a991fc9: OAuthException: (#613) Calls to this api have exceeded the rate limit.
12-07-2020 @ 23:32:56 - There was an error trying sync products using the Catalog Batch API for job 092d489f03f9b29fe60831dc93949261: OAuthException: (#613) Calls to this api have exceeded the rate limit.
12-07-2020 @ 23:32:58 - There was an error trying sync products using the Catalog Batch API for job d3c9a8d7ce7dcf367a03af8c772d3989: OAuthException: (#613) Calls to this api have exceeded the rate limit.
12-07-2020 @ 23:32:59 - There was an error trying sync products using the Catalog Batch API for job 2960e1872c761c60e41862b97859a689: OAuthException: (#613) Calls to this api have exceeded the rate limit.
12-07-2020 @ 23:34:31 - There was an error trying sync products using the Catalog Batch API for job 5c45d62a78ee4d19767d58f156e6bc43: OAuthException: (#613) Calls to this api have exceeded the rate limit.
12-07-2020 @ 23:34:33 - There was an error trying sync products using the Catalog Batch API for job 1beb6efe2a9a208cfac5b362cc404673: OAuthException: (#613) Calls to this api have exceeded the rate limit.
12-07-2020 @ 23:34:35 - There was an error trying sync products using the Catalog Batch API for job 12afdfab23d8826fa45f36e9e1c8daa2: OAuthException: (#613) Calls to this api have exceeded the rate limit.
12-07-2020 @ 23:34:40 - There was an error trying sync products using the Catalog Batch API for job 1b783e4499d540827364f39dc68da33e: OAuthException: (#613) Calls to this api have exceeded the rate limit.
12-07-2020 @ 23:34:41 - There was an error trying sync products using the Catalog Batch API for job e8ab5cee72bf807e4e78ef3c31bbb3ae: OAuthException: (#613) Calls to this api have exceeded the rate limit.
12-07-2020 @ 23:34:42 - There was an error trying sync products using the Catalog Batch API for job 6a4039422b660d87d44d3c848859b059: OAuthException: (#613) Calls to this api have exceeded the rate limit.
12-07-2020 @ 23:35:29 - There was an error trying sync products using the Catalog Batch API for job 1a643c6d74208265a7e74f9aa0f750ec: OAuthException: (#613) Calls to this api have exceeded the rate limit.
12-07-2020 @ 23:35:31 - There was an error trying sync products using the Catalog Batch API for job b801705e004add6a408d8cb840eff422: OAuthException: (#613) Calls to this api have exceeded the rate limit.
12-07-2020 @ 23:35:35 - There was an error trying sync products using the Catalog Batch API for job 7d4330e99c85bb247bae68b5fc965c90: OAuthException: (#613) Calls to this api have exceeded the rate limit.
12-07-2020 @ 23:35:41 - There was an error trying sync products using the Catalog Batch API for job 649ff86a2430ed5bf0c7d2d6af711d41: OAuthException: (#613) Calls to this api have exceeded the rate limit.
12-07-2020 @ 23:37:42 - There was an error trying sync products using the Catalog Batch API for job 0f1f69d484d19f12a633a6344d4f4636: OAuthException: (#613) Calls to this api have exceeded the rate limit.
12-07-2020 @ 23:37:43 - There was an error trying sync products using the Catalog Batch API for job e3c77a94b96c810fe542acfa4e9558dc: OAuthException: (#613) Calls to this api have exceeded the rate limit.
12-07-2020 @ 23:37:46 - There was an error trying sync products using the Catalog Batch API for job 096d47f5b41d7f52307a86daf94f4909: OAuthException: (#613) Calls to this api have exceeded the rate limit.
12-07-2020 @ 23:37:49 - There was an error trying sync products using the Catalog Batch API for job 3f465a032a1a4efdb5142a056692f8d8: OAuthException: (#613) Calls to this api have exceeded the rate limit.
12-07-2020 @ 23:37:50 - There was an error trying sync products using the Catalog Batch API for job a037b31ca1fd8df332caef55a4590951: OAuthException: (#613) Calls to this api have exceeded the rate limit.
12-07-2020 @ 23:37:52 - There was an error trying sync products using the Catalog Batch API for job a9f503f4b3fa6edd4e70f1c7cb4ae680: OAuthException: (#613) Calls to this api have exceeded the rate limit.
12-07-2020 @ 23:37:56 - There was an error trying sync products using the Catalog Batch API for job add03ecdf01bc83bb1954546cf9a100a: OAuthException: (#613) Calls to this api have exceeded the rate limit.
12-07-2020 @ 23:37:58 - There was an error trying sync products using the Catalog Batch API for job 1f8874fb75ed5e158f97027fe77de7fb: OAuthException: (#613) Calls to this api have exceeded the rate limit.
12-07-2020 @ 23:38:52 - There was an error trying sync products using the Catalog Batch API for job 37210809fd4705b4485436b028b9add3: OAuthException: (#613) Calls to this api have exceeded the rate limit.
12-07-2020 @ 23:38:54 - There was an error trying sync products using the Catalog Batch API for job cb6d1cf42cfbf951aae91dbc17ab74bf: OAuthException: (#613) Calls to this api have exceeded the rate limit.
12-07-2020 @ 23:38:56 - There was an error trying sync products using the Catalog Batch API for job d25e26ed00c66ddd8da65cfea1f02c78: OAuthException: (#613) Calls to this api have exceeded the rate limit.
12-07-2020 @ 23:40:31 - There was an error trying sync products using the Catalog Batch API for job a5a5d9c051f1c3bd499f6eb96f186682: OAuthException: (#613) Calls to this api have exceeded the rate limit.
12-07-2020 @ 23:40:32 - There was an error trying sync products using the Catalog Batch API for job 83530966ba238700e3605b3c30cea6e9: OAuthException: (#613) Calls to this api have exceeded the rate limit.
12-07-2020 @ 23:40:33 - There was an error trying sync products using the Catalog Batch API for job 96997115ff3554aa10df9a2d8a13243d: OAuthException: (#613) Calls to this api have exceeded the rate limit.
12-07-2020 @ 23:40:35 - There was an error trying sync products using the Catalog Batch API for job 9d9ad99c8caad5807cf9d526ed5acf14: OAuthException: (#613) Calls to this api have exceeded the rate limit.
12-07-2020 @ 23:40:37 - There was an error trying sync products using the Catalog Batch API for job 2bd1f0cac8f3e7ae4dee5e110487fd79: OAuthException: (#613) Calls to this api have exceeded the rate limit.
12-07-2020 @ 23:40:42 - There was an error trying sync products using the Catalog Batch API for job e7b36457b224186bd6f08354f256c0fb: OAuthException: (#613) Calls to this api have exceeded the rate limit.
12-07-2020 @ 23:41:36 - There was an error trying sync products using the Catalog Batch API for job 38da371a9d15d35e34a1061b46eaf8ce: OAuthException: (#613) Calls to this api have exceeded the rate limit.
12-07-2020 @ 23:41:37 - There was an error trying sync products using the Catalog Batch API for job 319374383b23ad4a31de72c73cfac54a: OAuthException: (#613) Calls to this api have exceeded the rate limit.
12-07-2020 @ 23:41:39 - There was an error trying sync products using the Catalog Batch API for job 5e3fda9fb52990a7cba638d8b16bf5bc: OAuthException: (#613) Calls to this api have exceeded the rate limit.
12-07-2020 @ 23:42:32 - There was an error trying sync products using the Catalog Batch API for job 106eb10cda2b6767398d3b2dc2336165: OAuthException: (#613) Calls to this api have exceeded the rate limit.
12-07-2020 @ 23:42:34 - There was an error trying sync products using the Catalog Batch API for job 21533ad4b39b45edbde1d79efe6a3133: OAuthException: (#613) Calls to this api have exceeded the rate limit.
12-07-2020 @ 23:42:35 - There was an error trying sync products using the Catalog Batch API for job 1d712a02258750e51a8b731c7ca63d9e: OAuthException: (#613) Calls to this api have exceeded the rate limit.
12-07-2020 @ 23:42:37 - There was an error trying sync products using the Catalog Batch API for job 0d67d7ee1a440bb6d0d2daa17b8c051e: OAuthException: (#613) Calls to this api have exceeded the rate limit.
12-07-2020 @ 23:47:45 - There was an error trying sync products using the Catalog Batch API for job 4fa6c0fa86cd4c902479c5ee6042778b: OAuthException: (#613) Calls to this api have exceeded the rate limit.
12-07-2020 @ 23:47:48 - There was an error trying sync products using the Catalog Batch API for job 48617612a8d6b88a5dfe0419750f6067: OAuthException: (#613) Calls to this api have exceeded the rate limit.
12-07-2020 @ 23:47:57 - There was an error trying sync products using the Catalog Batch API for job d457cfda0be03568f7ff95ccbf6538da: OAuthException: (#613) Calls to this api have exceeded the rate limit.
12-07-2020 @ 23:47:58 - There was an error trying sync products using the Catalog Batch API for job 9c866298ce164b1f242eacbc79b64f49: OAuthException: (#613) Calls to this api have exceeded the rate limit.
12-07-2020 @ 23:48:00 - There was an error trying sync products using the Catalog Batch API for job ccc9cb2bc9c9e980daa7409eb2a62ed7: OAuthException: (#613) Calls to this api have exceeded the rate limit.
12-07-2020 @ 23:48:02 - There was an error trying sync products using the Catalog Batch API for job 77a2c645f640f678234a23739a11a4f4: OAuthException: (#613) Calls to this api have exceeded the rate limit.
12-07-2020 @ 23:48:04 - There was an error trying sync products using the Catalog Batch API for job a65dfa7d02be913c5ed44efba259b30b: OAuthException: (#613) Calls to this api have exceeded the rate limit.
12-07-2020 @ 23:48:05 - There was an error trying sync products using the Catalog Batch API for job 949d1c1c8b11f119f5c7f5b0ef167e15: OAuthException: (#613) Calls to this api have exceeded the rate limit.
12-07-2020 @ 23:48:08 - There was an error trying sync products using the Catalog Batch API for job 888905b88504c9564fa59ee9459cb2d5: OAuthException: (#613) Calls to this api have exceeded the rate limit.
12-07-2020 @ 23:48:09 - There was an error trying sync products using the Catalog Batch API for job e7434bc36193d272c3db0984fba75f2e: OAuthException: (#613) Calls to this api have exceeded the rate limit.
12-07-2020 @ 23:48:11 - There was an error trying sync products using the Catalog Batch API for job 3acedc424901ad60cec5c0e5cbea2c2a: OAuthException: (#613) Calls to this api have exceeded the rate limit.
12-07-2020 @ 23:48:12 - There was an error trying sync products using the Catalog Batch API for job 1e364038490f08520910d89a6347f8b7: OAuthException: (#613) Calls to this api have exceeded the rate limit.
12-07-2020 @ 23:48:16 - There was an error trying sync products using the Catalog Batch API for job c48492b30986b657dcee50398ce00356: OAuthException: (#613) Calls to this api have exceeded the rate limit.
12-07-2020 @ 23:48:19 - There was an error trying sync products using the Catalog Batch API for job e9262fee3990b0d2fca3b5c05dc6421b: OAuthException: (#613) Calls to this api have exceeded the rate limit.
12-07-2020 @ 23:48:21 - There was an error trying sync products using the Catalog Batch API for job 3315f9ceccb8037f0c317ee8103a1bbd: OAuthException: (#613) Calls to this api have exceeded the rate limit.
12-07-2020 @ 23:48:22 - There was an error trying sync products using the Catalog Batch API for job 5dfe0576ce8084c6fe235a0e39c25a7b: OAuthException: (#613) Calls to this api have exceeded the rate limit.
12-07-2020 @ 23:48:24 - There was an error trying sync products using the Catalog Batch API for job a539098ef5f52db5c78f3436447b3d0a: OAuthException: (#613) Calls to this api have exceeded the rate limit.
12-07-2020 @ 23:48:25 - There was an error trying sync products using the Catalog Batch API for job a61b74dbdd6588bdf0bf29c79f6ccfaf: OAuthException: (#613) Calls to this api have exceeded the rate limit.
12-07-2020 @ 23:48:30 - There was an error trying sync products using the Catalog Batch API for job 51133e7a7bf7b868d6a9e5f3534ed383: OAuthException: (#613) Calls to this api have exceeded the rate limit.
12-07-2020 @ 23:48:31 - There was an error trying sync products using the Catalog Batch API for job ff48113208719e066dae9e6c1a81e276: OAuthException: (#613) Calls to this api have exceeded the rate limit.
12-07-2020 @ 23:48:33 - There was an error trying sync products using the Catalog Batch API for job 4b5b0ab234e646ad8dd403af11420c16: OAuthException: (#613) Calls to this api have exceeded the rate limit.
12-07-2020 @ 23:48:34 - There was an error trying sync products using the Catalog Batch API for job 54a2932f7e61bd6c28c1ab43fc822828: OAuthException: (#613) Calls to this api have exceeded the rate limit.
12-07-2020 @ 23:48:36 - There was an error trying sync products using the Catalog Batch API for job 026b9c4934d50ceefb9070bafee0c63b: OAuthException: (#613) Calls to this api have exceeded the rate limit.
12-07-2020 @ 23:48:40 - There was an error trying sync products using the Catalog Batch API for job bb36c140f751ef71fb77528a51fb1694: OAuthException: (#613) Calls to this api have exceeded the rate limit.
12-07-2020 @ 23:48:42 - There was an error trying sync products using the Catalog Batch API for job a802a8372e7ecc0562b5dfe91478e2ea: OAuthException: (#613) Calls to this api have exceeded the rate limit.
12-07-2020 @ 23:48:43 - There was an error trying sync products using the Catalog Batch API for job 20eaa1005a1fb868b0df837e4d652fe1: OAuthException: (#613) Calls to this api have exceeded the rate limit.
12-07-2020 @ 23:48:45 - There was an error trying sync products using the Catalog Batch API for job 0c7b4d1e9e96593ce9dd1c4231f04a89: OAuthException: (#613) Calls to this api have exceeded the rate limit.
12-07-2020 @ 23:48:47 - There was an error trying sync products using the Catalog Batch API for job 629fd94ee610d8fc3db43e7179b71e35: OAuthException: (#613) Calls to this api have exceeded the rate limit.
12-07-2020 @ 23:50:35 - There was an error trying sync products using the Catalog Batch API for job e760dc0172be2aa6b6d5de2e1e74a2e6: OAuthException: (#613) Calls to this api have exceeded the rate limit.
12-07-2020 @ 23:50:36 - There was an error trying sync products using the Catalog Batch API for job e1ddcc9765b29f1b2e63fb38a1bb4e1e: OAuthException: (#613) Calls to this api have exceeded the rate limit.
12-07-2020 @ 23:50:38 - There was an error trying sync products using the Catalog Batch API for job 3f4be100598acb511c09f947f2217283: OAuthException: (#613) Calls to this api have exceeded the rate limit.
12-07-2020 @ 23:50:40 - There was an error trying sync products using the Catalog Batch API for job 0f94ef212ff78bc7ee2d327bb1f9c6d5: OAuthException: (#613) Calls to this api have exceeded the rate limit.
12-07-2020 @ 23:50:41 - There was an error trying sync products using the Catalog Batch API for job b5f2439d76f26031ecaea5171d3a7a37: OAuthException: (#613) Calls to this api have exceeded the rate limit.
12-07-2020 @ 23:50:43 - There was an error trying sync products using the Catalog Batch API for job 4965f4b7dbbd5bbf9fc65fd238399c44: OAuthException: (#613) Calls to this api have exceeded the rate limit.
12-07-2020 @ 23:50:46 - There was an error trying sync products using the Catalog Batch API for job c7000e536b24c0e9aae1028822cc41c2: OAuthException: (#613) Calls to this api have exceeded the rate limit.
12-07-2020 @ 23:50:47 - There was an error trying sync products using the Catalog Batch API for job da0f93d325905fc09b11aaef773a0140: OAuthException: (#613) Calls to this api have exceeded the rate limit.
12-07-2020 @ 23:50:49 - There was an error trying sync products using the Catalog Batch API for job edc9eaf80318f3fab8928e70cdcc2647: OAuthException: (#613) Calls to this api have exceeded the rate limit.
12-07-2020 @ 23:51:48 - There was an error trying sync products using the Catalog Batch API for job 064f7ca848ffda29a0304df7f3de2533: OAuthException: (#613) Calls to this api have exceeded the rate limit.
12-07-2020 @ 23:51:49 - There was an error trying sync products using the Catalog Batch API for job e26a5e1cae15c25b6bbed4e0fb7383a8: OAuthException: (#613) Calls to this api have exceeded the rate limit.
12-07-2020 @ 23:51:51 - There was an error trying sync products using the Catalog Batch API for job bbe37231bfff9b141ad9e1d5c0e7c48c: OAuthException: (#613) Calls to this api have exceeded the rate limit.
12-07-2020 @ 23:51:53 - There was an error trying sync products using the Catalog Batch API for job a753af69b02bf23d383d40d6b9d3dd9f: OAuthException: (#613) Calls to this api have exceeded the rate limit.
12-07-2020 @ 23:51:54 - There was an error trying sync products using the Catalog Batch API for job 411830fb6e5c06dc8f928ec6b1472997: OAuthException: (#613) Calls to this api have exceeded the rate limit.
12-07-2020 @ 23:53:39 - There was an error trying sync products using the Catalog Batch API for job eae177e0bf68af4d4ad996c7ad201c5b: OAuthException: (#613) Calls to this api have exceeded the rate limit.
12-07-2020 @ 23:53:42 - There was an error trying sync products using the Catalog Batch API for job fc9c8f11fafdc13c9e1e98214148497d: OAuthException: (#613) Calls to this api have exceeded the rate limit.
12-07-2020 @ 23:53:43 - There was an error trying sync products using the Catalog Batch API for job ad6cbb929d9ad323acf0dcaaf70eef58: OAuthException: (#613) Calls to this api have exceeded the rate limit.
12-07-2020 @ 23:53:45 - There was an error trying sync products using the Catalog Batch API for job 2141ced5097dd510000f43a3c9157471: OAuthException: (#613) Calls to this api have exceeded the rate limit.
12-07-2020 @ 23:53:47 - There was an error trying sync products using the Catalog Batch API for job a7afd2e19a3018ea87c27670f524e108: OAuthException: (#613) Calls to this api have exceeded the rate limit.
12-07-2020 @ 23:53:49 - There was an error trying sync products using the Catalog Batch API for job a89117492df1fa1a05cd6407270ca46a: OAuthException: (#613) Calls to this api have exceeded the rate limit.
12-07-2020 @ 23:54:42 - There was an error trying sync products using the Catalog Batch API for job a6bcd8e4fb6b24fd7e85e36fd04d2323: OAuthException: (#613) Calls to this api have exceeded the rate limit.
12-07-2020 @ 23:54:44 - There was an error trying sync products using the Catalog Batch API for job 52521338fd393016e04fd1f6c1fcce7a: OAuthException: (#613) Calls to this api have exceeded the rate limit.
12-07-2020 @ 23:54:46 - There was an error trying sync products using the Catalog Batch API for job baca04db10df09e2a79d2f2174b5ef90: OAuthException: (#613) Calls to this api have exceeded the rate limit.
12-07-2020 @ 23:54:49 - There was an error trying sync products using the Catalog Batch API for job fe5f2e36c70b13862cbf592e6e2c3ff5: OAuthException: (#613) Calls to this api have exceeded the rate limit.
12-07-2020 @ 23:56:36 - There was an error trying sync products using the Catalog Batch API for job 7b4d9cc79b6ded09497b6d8c8fef2b96: OAuthException: (#613) Calls to this api have exceeded the rate limit.
12-07-2020 @ 23:56:38 - There was an error trying sync products using the Catalog Batch API for job 8acaecb903fe26b23ddca7c73bc36e48: OAuthException: (#613) Calls to this api have exceeded the rate limit.
12-07-2020 @ 23:56:39 - There was an error trying sync products using the Catalog Batch API for job 84560ebff51079cf0ddc8be207c19805: OAuthException: (#613) Calls to this api have exceeded the rate limit.
12-07-2020 @ 23:56:41 - There was an error trying sync products using the Catalog Batch API for job 2b17f4fc63b734656e4dd6c4f815ff62: OAuthException: (#613) Calls to this api have exceeded the rate limit.
12-07-2020 @ 23:56:43 - There was an error trying sync products using the Catalog Batch API for job 1c8c25d62551ecf617baa1bb7e81186e: OAuthException: (#613) Calls to this api have exceeded the rate limit.
12-07-2020 @ 23:56:45 - There was an error trying sync products using the Catalog Batch API for job a74141e0b9b887d0dacff2ea852da630: OAuthException: (#613) Calls to this api have exceeded the rate limit.
12-07-2020 @ 23:56:47 - There was an error trying sync products using the Catalog Batch API for job 27e8477330e3ba64d4cffaf688197d75: OAuthException: (#613) Calls to this api have exceeded the rate limit.
12-07-2020 @ 23:56:49 - There was an error trying sync products using the Catalog Batch API for job ab4343454746da74cbcb847fa981805a: OAuthException: (#613) Calls to this api have exceeded the rate limit.
12-07-2020 @ 23:57:45 - There was an error trying sync products using the Catalog Batch API for job e4329c761ebe793cf91bb5ff004abe0f: OAuthException: (#613) Calls to this api have exceeded the rate limit.
12-07-2020 @ 23:57:48 - There was an error trying sync products using the Catalog Batch API for job da390c5eec76e6ab50d2aa3391fd94d0: OAuthException: (#613) Calls to this api have exceeded the rate limit.
12-07-2020 @ 23:57:50 - There was an error trying sync products using the Catalog Batch API for job a85aa10dcba255745a692dc1ff2be33f: OAuthException: (#613) Calls to this api have exceeded the rate limit.
12-07-2020 @ 23:59:36 - There was an error trying sync products using the Catalog Batch API for job 938b91477ceae01b0edc67579fe4fbd2: OAuthException: (#613) Calls to this api have exceeded the rate limit.
12-07-2020 @ 23:59:37 - There was an error trying sync products using the Catalog Batch API for job 76a5c0da86df621b7f12fa4fd9cfd7a9: OAuthException: (#613) Calls to this api have exceeded the rate limit.
12-07-2020 @ 23:59:39 - There was an error trying sync products using the Catalog Batch API for job 132a0843555366b4bb607fbd47217c69: OAuthException: (#613) Calls to this api have exceeded the rate limit.
12-07-2020 @ 23:59:40 - There was an error trying sync products using the Catalog Batch API for job 63cadc5b221c1e495f17ba7fc73e89cf: OAuthException: (#613) Calls to this api have exceeded the rate limit.
12-07-2020 @ 23:59:42 - There was an error trying sync products using the Catalog Batch API for job 98658a1f980383d5c777363d01c62f32: OAuthException: (#613) Calls to this api have exceeded the rate limit.
12-07-2020 @ 23:59:44 - There was an error trying sync products using the Catalog Batch API for job 5e772e270d97abab65dd420bca8644a9: OAuthException: (#613) Calls to this api have exceeded the rate limit.
12-07-2020 @ 23:59:47 - There was an error trying sync products using the Catalog Batch API for job 765ee72d0849a320481cd56f2ad49e76: OAuthException: (#613) Calls to this api have exceeded the rate limit.
