12-09-2020 @ 05:21:52 - There was an error trying sync products using the Catalog Batch API for job 44053ccd0bcdb04af0c12319d6467db8: OAuthException: (#613) Calls to this api have exceeded the rate limit.
12-09-2020 @ 05:22:45 - There was an error trying sync products using the Catalog Batch API for job cd1364cd93608502c7bc4628286c9d95: OAuthException: (#613) Calls to this api have exceeded the rate limit.
12-09-2020 @ 05:24:34 - There was an error trying sync products using the Catalog Batch API for job a2a299e30e753cf7bd37023280e1ddf2: OAuthException: (#613) Calls to this api have exceeded the rate limit.
12-09-2020 @ 05:24:36 - There was an error trying sync products using the Catalog Batch API for job 5ac4d3ce50712bdad29729d9d8ad4fe4: OAuthException: (#613) Calls to this api have exceeded the rate limit.
12-09-2020 @ 05:24:37 - There was an error trying sync products using the Catalog Batch API for job 347e2090767c9f2ea74000455967a9e0: OAuthException: (#613) Calls to this api have exceeded the rate limit.
12-09-2020 @ 05:25:27 - There was an error trying sync products using the Catalog Batch API for job 9534da13bde01c1c642683a6eff5f277: OAuthException: (#613) Calls to this api have exceeded the rate limit.
12-09-2020 @ 05:26:47 - There was an error trying sync products using the Catalog Batch API for job 85b2f3f5191e84cf5dd58e3a33939d40: OAuthException: (#613) Calls to this api have exceeded the rate limit.
12-09-2020 @ 05:26:51 - There was an error trying sync products using the Catalog Batch API for job 6d8affab534c0601a9f4cf1c268711dd: OAuthException: (#613) Calls to this api have exceeded the rate limit.
12-09-2020 @ 05:27:48 - There was an error trying sync products using the Catalog Batch API for job 090a604df244825a4eaf3ffb6a133f59: OAuthException: (#613) Calls to this api have exceeded the rate limit.
12-09-2020 @ 05:27:49 - There was an error trying sync products using the Catalog Batch API for job c4e7d3d684b69ecd6fa691ba389abacd: OAuthException: (#613) Calls to this api have exceeded the rate limit.
12-09-2020 @ 05:29:35 - There was an error trying sync products using the Catalog Batch API for job 4eb439f6de694035ed75bd8e27d6fceb: OAuthException: (#613) Calls to this api have exceeded the rate limit.
12-09-2020 @ 05:29:37 - There was an error trying sync products using the Catalog Batch API for job 0ffca86b3d9b66bb9b66c030236630a1: OAuthException: (#613) Calls to this api have exceeded the rate limit.
12-09-2020 @ 05:29:38 - There was an error trying sync products using the Catalog Batch API for job d7554bb8efc1ba6965b423cc3caff8a6: OAuthException: (#613) Calls to this api have exceeded the rate limit.
12-09-2020 @ 05:30:29 - There was an error trying sync products using the Catalog Batch API for job aac2802357717b751ac73454a8851822: OAuthException: (#613) Calls to this api have exceeded the rate limit.
12-09-2020 @ 05:31:22 - There was an error trying sync products using the Catalog Batch API for job 1703eec4e20ab2dff5edcc678e142939: OAuthException: (#613) Calls to this api have exceeded the rate limit.
12-09-2020 @ 05:31:24 - There was an error trying sync products using the Catalog Batch API for job d968c1211245a4dacce84d67b13d366f: OAuthException: (#613) Calls to this api have exceeded the rate limit.
12-09-2020 @ 05:32:30 - There was an error trying sync products using the Catalog Batch API for job 887f6995dc551f7bc314539401572767: OAuthException: (#613) Calls to this api have exceeded the rate limit.
12-09-2020 @ 05:32:31 - There was an error trying sync products using the Catalog Batch API for job 3486325acb6a63e1194c0b2962240a7e: OAuthException: (#613) Calls to this api have exceeded the rate limit.
12-09-2020 @ 05:33:48 - There was an error trying sync products using the Catalog Batch API for job 9f0d31d50f9b0d135de1055ef744fdec: OAuthException: (#613) Calls to this api have exceeded the rate limit.
12-09-2020 @ 05:33:49 - There was an error trying sync products using the Catalog Batch API for job e95a6c727ede85ca52a6ceafe12cdd8b: OAuthException: (#613) Calls to this api have exceeded the rate limit.
12-09-2020 @ 05:35:36 - There was an error trying sync products using the Catalog Batch API for job 5ef1f3415dbbc8666fd2f06fe6252ec6: OAuthException: (#613) Calls to this api have exceeded the rate limit.
12-09-2020 @ 05:35:38 - There was an error trying sync products using the Catalog Batch API for job c0f07d75c710ae9c5e513ea1a03046c6: OAuthException: (#613) Calls to this api have exceeded the rate limit.
12-09-2020 @ 05:35:39 - There was an error trying sync products using the Catalog Batch API for job 324f75253ac84e9a749da91ee6ce7a44: OAuthException: (#613) Calls to this api have exceeded the rate limit.
12-09-2020 @ 05:35:41 - There was an error trying sync products using the Catalog Batch API for job 59a8596f78c7b9bfe639904fe9f10f3c: OAuthException: (#613) Calls to this api have exceeded the rate limit.
12-09-2020 @ 05:35:42 - There was an error trying sync products using the Catalog Batch API for job 7e6288d8cc7fe36e758104447a0d7ce9: OAuthException: (#613) Calls to this api have exceeded the rate limit.
12-09-2020 @ 05:35:43 - There was an error trying sync products using the Catalog Batch API for job 33dfc823b4502f92322c7589ec07feb0: OAuthException: (#613) Calls to this api have exceeded the rate limit.
12-09-2020 @ 05:36:45 - There was an error trying sync products using the Catalog Batch API for job b0a6fe60da678568f0bb3cf6c36683a8: OAuthException: (#613) Calls to this api have exceeded the rate limit.
12-09-2020 @ 05:36:48 - There was an error trying sync products using the Catalog Batch API for job 0f2e00f76502021438d69dfac9483d79: OAuthException: (#613) Calls to this api have exceeded the rate limit.
12-09-2020 @ 05:38:35 - There was an error trying sync products using the Catalog Batch API for job 85ca519310677b969ba363e0ff8c661b: OAuthException: (#613) Calls to this api have exceeded the rate limit.
12-09-2020 @ 05:38:36 - There was an error trying sync products using the Catalog Batch API for job 30205dff793f19624c96e5af9f9bfa49: OAuthException: (#613) Calls to this api have exceeded the rate limit.
12-09-2020 @ 05:38:39 - There was an error trying sync products using the Catalog Batch API for job 4e77bbab343f86a38345f0f783d08c1f: OAuthException: (#613) Calls to this api have exceeded the rate limit.
12-09-2020 @ 05:38:41 - There was an error trying sync products using the Catalog Batch API for job c91a83dcac0a59b53e388541e8d0c19e: OAuthException: (#613) Calls to this api have exceeded the rate limit.
12-09-2020 @ 05:38:43 - There was an error trying sync products using the Catalog Batch API for job 89a11212f36dc44a281b25de861dc9c2: OAuthException: (#613) Calls to this api have exceeded the rate limit.
12-09-2020 @ 05:41:16 - There was an error trying sync products using the Catalog Batch API for job 10b43f86be29d18c1c66a9dc089a4462: OAuthException: (#613) Calls to this api have exceeded the rate limit.
12-09-2020 @ 05:41:17 - There was an error trying sync products using the Catalog Batch API for job 50fc3ee98fa66b5dec10b421088b40b0: OAuthException: (#613) Calls to this api have exceeded the rate limit.
12-09-2020 @ 05:41:19 - There was an error trying sync products using the Catalog Batch API for job f5ffacb7681c3f8e50f73cfd3eb90996: OAuthException: (#613) Calls to this api have exceeded the rate limit.
12-09-2020 @ 05:41:21 - There was an error trying sync products using the Catalog Batch API for job 90b8076c057812c68988cccae952bf18: OAuthException: (#613) Calls to this api have exceeded the rate limit.
12-09-2020 @ 05:41:22 - There was an error trying sync products using the Catalog Batch API for job e6516ecdba1d11a9240a5010d701b790: OAuthException: (#613) Calls to this api have exceeded the rate limit.
12-09-2020 @ 05:41:25 - There was an error trying sync products using the Catalog Batch API for job afe305ea88bb6c81feb455482339685b: OAuthException: (#613) Calls to this api have exceeded the rate limit.
12-09-2020 @ 05:41:32 - There was an error trying sync products using the Catalog Batch API for job 17e1709d8a85d1b742554814614405de: OAuthException: (#613) Calls to this api have exceeded the rate limit.
12-09-2020 @ 05:41:33 - There was an error trying sync products using the Catalog Batch API for job b794b683f924cc174a85f580296c2d2a: OAuthException: (#613) Calls to this api have exceeded the rate limit.
12-09-2020 @ 05:42:21 - There was an error trying sync products using the Catalog Batch API for job 10e89366d7e6914f0834aad542ef10b6: OAuthException: (#613) Calls to this api have exceeded the rate limit.
12-09-2020 @ 05:42:22 - There was an error trying sync products using the Catalog Batch API for job 81c0da03f51fc2c07ce44099ed443fdb: OAuthException: (#613) Calls to this api have exceeded the rate limit.
12-09-2020 @ 05:43:36 - There was an error trying sync products using the Catalog Batch API for job 47860daa20a6aee018482b24eca70097: OAuthException: (#613) Calls to this api have exceeded the rate limit.
12-09-2020 @ 05:43:40 - There was an error trying sync products using the Catalog Batch API for job 0bc3fb711e0e98f6edb96d7d1cc0cf8e: OAuthException: (#613) Calls to this api have exceeded the rate limit.
12-09-2020 @ 05:44:34 - There was an error trying sync products using the Catalog Batch API for job 6a5a347522789e77a2b405ed5abc1e12: OAuthException: (#613) Calls to this api have exceeded the rate limit.
12-09-2020 @ 05:44:36 - There was an error trying sync products using the Catalog Batch API for job aedde021cb0a43a29de7a67090a11938: OAuthException: (#613) Calls to this api have exceeded the rate limit.
12-09-2020 @ 05:44:37 - There was an error trying sync products using the Catalog Batch API for job 3f3767a9af63e4b0b36cb47348bf8352: OAuthException: (#613) Calls to this api have exceeded the rate limit.
12-09-2020 @ 05:44:39 - There was an error trying sync products using the Catalog Batch API for job a5fc62ebe911b3d7631f6efc7c124c5b: OAuthException: (#613) Calls to this api have exceeded the rate limit.
12-09-2020 @ 05:46:36 - There was an error trying sync products using the Catalog Batch API for job a58270fb4407a5c412c86004f0203682: OAuthException: (#613) Calls to this api have exceeded the rate limit.
12-09-2020 @ 05:46:40 - There was an error trying sync products using the Catalog Batch API for job c922469c52ba50f0424db42df5d679a9: OAuthException: (#613) Calls to this api have exceeded the rate limit.
12-09-2020 @ 05:46:42 - There was an error trying sync products using the Catalog Batch API for job d8cfe8a0a537a4bba56cbf297cf6067c: OAuthException: (#613) Calls to this api have exceeded the rate limit.
12-09-2020 @ 05:46:43 - There was an error trying sync products using the Catalog Batch API for job 264ca27491f11991c9977fec1ec472a1: OAuthException: (#613) Calls to this api have exceeded the rate limit.
12-09-2020 @ 05:47:37 - There was an error trying sync products using the Catalog Batch API for job 27df2c0142e42c5f92968e9f9c31f18e: OAuthException: (#613) Calls to this api have exceeded the rate limit.
12-09-2020 @ 05:47:38 - There was an error trying sync products using the Catalog Batch API for job 8f4b8412102c1a7b5432374aad79b0cc: OAuthException: (#613) Calls to this api have exceeded the rate limit.
12-09-2020 @ 05:47:39 - There was an error trying sync products using the Catalog Batch API for job 17553dfecfca047378bff233237421a5: OAuthException: (#613) Calls to this api have exceeded the rate limit.
12-09-2020 @ 05:47:40 - There was an error trying sync products using the Catalog Batch API for job 86d8e034744841d39bf43b42c37a3d97: OAuthException: (#613) Calls to this api have exceeded the rate limit.
12-09-2020 @ 05:49:35 - There was an error trying sync products using the Catalog Batch API for job 35f31b61fdf9e8386eaa039267bb8eb0: OAuthException: (#613) Calls to this api have exceeded the rate limit.
12-09-2020 @ 05:49:37 - There was an error trying sync products using the Catalog Batch API for job cc58416dcdc75eb8046b6f8efc141a35: OAuthException: (#613) Calls to this api have exceeded the rate limit.
12-09-2020 @ 05:49:41 - There was an error trying sync products using the Catalog Batch API for job 5dd2762355ccf919fbe646ad6d69b112: OAuthException: (#613) Calls to this api have exceeded the rate limit.
12-09-2020 @ 05:50:29 - There was an error trying sync products using the Catalog Batch API for job 4720d6fed510a4979dba850558f77081: OAuthException: (#613) Calls to this api have exceeded the rate limit.
12-09-2020 @ 05:50:30 - There was an error trying sync products using the Catalog Batch API for job db447453935c191e14464c197db788e3: OAuthException: (#613) Calls to this api have exceeded the rate limit.
12-09-2020 @ 05:51:24 - There was an error trying sync products using the Catalog Batch API for job 37e887347c5e7d4ca948662a97fe8435: OAuthException: (#613) Calls to this api have exceeded the rate limit.
12-09-2020 @ 05:52:40 - There was an error trying sync products using the Catalog Batch API for job 77cc6519f6cbd301b5907854a1d7f322: OAuthException: (#613) Calls to this api have exceeded the rate limit.
12-09-2020 @ 05:52:42 - There was an error trying sync products using the Catalog Batch API for job 1754405735928ca7e15fe63b816a5b45: OAuthException: (#613) Calls to this api have exceeded the rate limit.
12-09-2020 @ 05:53:29 - There was an error trying sync products using the Catalog Batch API for job 6e9f0df27a9bf31216ac334d42d312fe: OAuthException: (#613) Calls to this api have exceeded the rate limit.
12-09-2020 @ 05:53:31 - There was an error trying sync products using the Catalog Batch API for job 9468a3e38359bd5a2e9953ce324a2a02: OAuthException: (#613) Calls to this api have exceeded the rate limit.
12-09-2020 @ 05:58:48 - There was an error trying sync products using the Catalog Batch API for job 77f5c54a78385f74e33eb999259c8a81: OAuthException: (#613) Calls to this api have exceeded the rate limit.
12-09-2020 @ 05:58:52 - There was an error trying sync products using the Catalog Batch API for job 641cac8ad966f38059577d2c1bfd2547: OAuthException: (#613) Calls to this api have exceeded the rate limit.
12-09-2020 @ 05:58:54 - There was an error trying sync products using the Catalog Batch API for job 4656d875a2dabdc3d8dc2b4c144f3149: OAuthException: (#613) Calls to this api have exceeded the rate limit.
12-09-2020 @ 05:58:55 - There was an error trying sync products using the Catalog Batch API for job dfd9fec7a6448b1ca0326dd346039ec3: OAuthException: (#613) Calls to this api have exceeded the rate limit.
12-09-2020 @ 05:58:57 - There was an error trying sync products using the Catalog Batch API for job d028344f162196bc7c5e52de61d8b52b: OAuthException: (#613) Calls to this api have exceeded the rate limit.
12-09-2020 @ 05:58:58 - There was an error trying sync products using the Catalog Batch API for job d7dd408c1e647dc548a8dd7a8d761acb: OAuthException: (#613) Calls to this api have exceeded the rate limit.
12-09-2020 @ 05:59:01 - There was an error trying sync products using the Catalog Batch API for job e01e5d7fc74faf9bf286415c5daed4ee: OAuthException: (#613) Calls to this api have exceeded the rate limit.
12-09-2020 @ 05:59:03 - There was an error trying sync products using the Catalog Batch API for job 7d9de7fbe8b50f7dacdedbe228e2c946: OAuthException: (#613) Calls to this api have exceeded the rate limit.
12-09-2020 @ 05:59:57 - There was an error trying sync products using the Catalog Batch API for job 8d9f2e509453c8f733fe715148ebe4c1: OAuthException: (#613) Calls to this api have exceeded the rate limit.
12-09-2020 @ 06:01:32 - There was an error trying sync products using the Catalog Batch API for job df2853f71ea5faa37bd0a8466202a991: OAuthException: (#613) Calls to this api have exceeded the rate limit.
12-09-2020 @ 06:01:35 - There was an error trying sync products using the Catalog Batch API for job 4192b0c022732044a7931fb8da408d1e: OAuthException: (#613) Calls to this api have exceeded the rate limit.
12-09-2020 @ 06:01:37 - There was an error trying sync products using the Catalog Batch API for job 4b725ed6720663524cfcdcbe9f18c48e: OAuthException: (#613) Calls to this api have exceeded the rate limit.
12-09-2020 @ 06:01:41 - There was an error trying sync products using the Catalog Batch API for job e1f50fc52ab11cd78ff7d71be833a0e7: OAuthException: (#613) Calls to this api have exceeded the rate limit.
12-09-2020 @ 06:02:45 - There was an error trying sync products using the Catalog Batch API for job 9bc5acd6e7b0715dae8b4e883bcad2e9: OAuthException: (#613) Calls to this api have exceeded the rate limit.
12-09-2020 @ 12:16:16 - Retrieving page access token
12-09-2020 @ 12:16:16 - Array
(
    [data] => Array
        (
        )

)

