2021-01-12T00:01:22+00:00 CRITICAL Maximum execution time of 30 seconds exceeded tässä /var/www/wordpress/wp-includes/class-wp-object-cache.php rivillä 293

2021-01-12T00:04:20+00:00 CRITICAL Maximum execution time of 30 seconds exceeded tässä /repo/wp-content/plugins/full-utf-8/FullUtf8_wpdb.php rivillä 134

2021-01-12T00:07:27+00:00 CRITICAL Maximum execution time of 30 seconds exceeded tässä /var/www/wordpress/wp-includes/post.php rivillä 1241

2021-01-12T00:10:21+00:00 CRITICAL Maximum execution time of 30 seconds exceeded tässä /var/www/wordpress/wp-includes/class-wp-term.php rivillä 198

2021-01-12T00:13:21+00:00 CRITICAL Maximum execution time of 30 seconds exceeded tässä /repo/wp-content/plugins/full-utf-8/FullUtf8_wpdb.php rivillä 134

2021-01-12T00:15:22+00:00 CRITICAL Maximum execution time of 30 seconds exceeded tässä /var/www/wordpress/wp-includes/functions.php rivillä 624

2021-01-12T00:17:33+00:00 CRITICAL Maximum execution time of 30 seconds exceeded tässä /repo/wp-content/plugins/full-utf-8/Ando/Utf8.php rivillä 112

2021-01-12T00:20:19+00:00 CRITICAL Maximum execution time of 30 seconds exceeded tässä /var/www/wordpress/wp-includes/functions.php rivillä 624

2021-01-12T00:22:20+00:00 CRITICAL Maximum execution time of 30 seconds exceeded tässä /var/www/wordpress/wp-includes/plugin.php rivillä 188

2021-01-12T00:24:32+00:00 CRITICAL Maximum execution time of 30 seconds exceeded tässä /repo/wp-content/plugins/full-utf-8/FullUtf8_wpdb.php rivillä 100

2021-01-12T00:27:25+00:00 CRITICAL Maximum execution time of 30 seconds exceeded tässä /var/www/wordpress/wp-includes/post.php rivillä 783

2021-01-12T00:29:25+00:00 CRITICAL Maximum execution time of 30 seconds exceeded tässä /var/www/wordpress/wp-includes/taxonomy.php rivillä 1538

2021-01-12T00:30:17+00:00 CRITICAL Uncaught Error: Call to undefined function session_write_close() in /repo/wp-content/plugins/woocommerce/includes/libraries/wp-async-request.php:143
Stack trace:
#0 /var/www/wordpress/wp-includes/class-wp-hook.php(287): WP_Async_Request->maybe_handle('')
#1 /var/www/wordpress/wp-includes/class-wp-hook.php(311): WP_Hook->apply_filters('', Array)
#2 /var/www/wordpress/wp-includes/plugin.php(484): WP_Hook->do_action(Array)
#3 /var/www/wordpress/wp-admin/admin-ajax.php(199): do_action('wp_ajax_nopriv_...')
#4 {main}
  thrown tässä /repo/wp-content/plugins/woocommerce/includes/libraries/wp-async-request.php rivillä 143

2021-01-12T00:32:22+00:00 CRITICAL Maximum execution time of 30 seconds exceeded tässä /var/www/wordpress/wp-includes/class-wp-list-util.php rivillä 159

2021-01-12T00:35:20+00:00 CRITICAL Maximum execution time of 30 seconds exceeded tässä /var/www/wordpress/wp-includes/functions.php rivillä 7090

2021-01-12T00:37:19+00:00 CRITICAL Maximum execution time of 30 seconds exceeded tässä /repo/wp-content/plugins/woocommerce/includes/wc-term-functions.php rivillä 64

2021-01-12T00:39:21+00:00 CRITICAL Maximum execution time of 30 seconds exceeded tässä /repo/wp-content/plugins/full-utf-8/FullUtf8_wpdb.php rivillä 134

2021-01-12T00:42:18+00:00 CRITICAL Maximum execution time of 30 seconds exceeded tässä /repo/wp-content/plugins/full-utf-8/FullUtf8_wpdb.php rivillä 134

2021-01-12T00:44:25+00:00 CRITICAL Maximum execution time of 30 seconds exceeded tässä /var/www/wordpress/wp-includes/taxonomy.php rivillä 3482

2021-01-12T00:47:30+00:00 CRITICAL Maximum execution time of 30 seconds exceeded tässä /var/www/wordpress/wp-includes/load.php rivillä 1504

2021-01-12T00:50:20+00:00 CRITICAL Maximum execution time of 30 seconds exceeded tässä /var/www/wordpress/wp-includes/wp-db.php rivillä 2134

2021-01-12T00:52:18+00:00 CRITICAL Maximum execution time of 30 seconds exceeded tässä /var/www/wordpress/wp-includes/formatting.php rivillä 4286

2021-01-12T00:54:20+00:00 CRITICAL Maximum execution time of 30 seconds exceeded tässä /var/www/wordpress/wp-includes/class-wp-hook.php rivillä 292

2021-01-12T00:56:19+00:00 CRITICAL Maximum execution time of 30 seconds exceeded tässä /repo/wp-content/plugins/full-utf-8/FullUtf8_wpdb.php rivillä 134

2021-01-12T00:58:23+00:00 CRITICAL Maximum execution time of 30 seconds exceeded tässä /repo/wp-content/plugins/full-utf-8/Ando/Utf8.php rivillä 114

2021-01-12T01:00:20+00:00 CRITICAL Maximum execution time of 30 seconds exceeded tässä /repo/wp-content/plugins/woocommerce/includes/abstracts/abstract-wc-product.php rivillä 1459

2021-01-12T01:02:24+00:00 CRITICAL Maximum execution time of 30 seconds exceeded tässä /var/www/wordpress/wp-includes/class-wp-meta-query.php rivillä 341

2021-01-12T01:05:29+00:00 CRITICAL Maximum execution time of 30 seconds exceeded tässä /var/www/wordpress/wp-includes/wp-db.php rivillä 2691

2021-01-12T01:08:23+00:00 CRITICAL Maximum execution time of 30 seconds exceeded tässä /repo/wp-content/plugins/full-utf-8/FullUtf8_wpdb.php rivillä 134

2021-01-12T01:11:24+00:00 CRITICAL Maximum execution time of 30 seconds exceeded tässä /var/www/wordpress/wp-includes/post.php rivillä 783

2021-01-12T01:14:31+00:00 CRITICAL Maximum execution time of 30 seconds exceeded tässä /var/www/wordpress/wp-includes/functions.php rivillä 623

2021-01-12T01:17:28+00:00 CRITICAL Maximum execution time of 30 seconds exceeded tässä /repo/wp-content/plugins/full-utf-8/FullUtf8_wpdb.php rivillä 100

2021-01-12T01:22:30+00:00 CRITICAL Maximum execution time of 30 seconds exceeded tässä /var/www/wordpress/wp-includes/functions.php rivillä 4459

2021-01-12T01:25:27+00:00 CRITICAL Maximum execution time of 30 seconds exceeded tässä /repo/wp-content/plugins/full-utf-8/Ando/Utf8.php rivillä 485

2021-01-12T01:28:27+00:00 CRITICAL Maximum execution time of 30 seconds exceeded tässä /var/www/wordpress/wp-includes/taxonomy.php rivillä 3610

2021-01-12T01:31:20+00:00 CRITICAL Maximum execution time of 30 seconds exceeded tässä /repo/wp-content/plugins/woocommerce/includes/class-wc-product-attribute.php rivillä 158

2021-01-12T01:33:20+00:00 CRITICAL Maximum execution time of 30 seconds exceeded tässä /repo/wp-content/plugins/full-utf-8/Ando/Utf8.php rivillä 114

2021-01-12T01:35:22+00:00 CRITICAL Maximum execution time of 30 seconds exceeded tässä /var/www/wordpress/wp-includes/class-wp-object-cache.php rivillä 282

2021-01-12T01:38:14+00:00 CRITICAL Maximum execution time of 30 seconds exceeded tässä /var/www/wordpress/wp-includes/option.php rivillä 120

2021-01-12T01:40:23+00:00 CRITICAL Maximum execution time of 30 seconds exceeded tässä /var/www/wordpress/wp-includes/formatting.php rivillä 2292

2021-01-12T01:42:20+00:00 CRITICAL Maximum execution time of 30 seconds exceeded tässä /var/www/wordpress/wp-includes/class-wp-hook.php rivillä 278

2021-01-12T01:44:24+00:00 CRITICAL Maximum execution time of 30 seconds exceeded tässä /repo/wp-content/plugins/full-utf-8/Ando/Utf8.php rivillä 112

2021-01-12T01:47:25+00:00 CRITICAL Maximum execution time of 30 seconds exceeded tässä /var/www/wordpress/wp-includes/plugin.php rivillä 188

2021-01-12T01:49:38+00:00 CRITICAL Maximum execution time of 30 seconds exceeded tässä /var/www/wordpress/wp-includes/meta.php rivillä 535

2021-01-12T01:52:30+00:00 CRITICAL Maximum execution time of 30 seconds exceeded tässä /var/www/wordpress/wp-includes/class-wp-list-util.php rivillä 51

2021-01-12T01:55:28+00:00 CRITICAL Maximum execution time of 30 seconds exceeded tässä /repo/wp-content/plugins/full-utf-8/FullUtf8_wpdb.php rivillä 134

2021-01-12T01:58:29+00:00 CRITICAL Maximum execution time of 30 seconds exceeded tässä /var/www/wordpress/wp-includes/load.php rivillä 1504

2021-01-12T02:01:34+00:00 CRITICAL Maximum execution time of 30 seconds exceeded tässä /var/www/wordpress/wp-includes/post.php rivillä 787

2021-01-12T02:04:27+00:00 CRITICAL Maximum execution time of 30 seconds exceeded tässä /var/www/wordpress/wp-includes/wp-db.php rivillä 1168

2021-01-12T02:07:41+00:00 CRITICAL Maximum execution time of 30 seconds exceeded tässä /var/www/wordpress/wp-includes/wp-db.php rivillä 1365

2021-01-12T02:10:28+00:00 CRITICAL Maximum execution time of 30 seconds exceeded tässä /var/www/wordpress/wp-includes/class-wp-meta-query.php rivillä 161

2021-01-12T02:12:42+00:00 CRITICAL Maximum execution time of 30 seconds exceeded tässä /var/www/wordpress/wp-includes/taxonomy.php rivillä 1538

2021-01-12T02:15:34+00:00 CRITICAL Maximum execution time of 30 seconds exceeded tässä /repo/wp-content/plugins/full-utf-8/Ando/Utf8.php rivillä 114

2021-01-12T02:18:33+00:00 CRITICAL Maximum execution time of 30 seconds exceeded tässä /repo/wp-content/plugins/full-utf-8/FullUtf8_wpdb.php rivillä 90

2021-01-12T02:21:32+00:00 CRITICAL Maximum execution time of 30 seconds exceeded tässä /repo/wp-content/plugins/full-utf-8/FullUtf8_wpdb.php rivillä 134

2021-01-12T02:24:40+00:00 CRITICAL Maximum execution time of 30 seconds exceeded tässä /repo/wp-content/plugins/full-utf-8/Ando/Utf8.php rivillä 112

2021-01-12T02:27:34+00:00 CRITICAL Maximum execution time of 30 seconds exceeded tässä /var/www/wordpress/wp-includes/class-wp-meta-query.php rivillä 585

2021-01-12T02:30:29+00:00 CRITICAL Maximum execution time of 30 seconds exceeded tässä /repo/wp-content/plugins/woocommerce/includes/abstracts/abstract-wc-product.php rivillä 1459

2021-01-12T02:33:24+00:00 CRITICAL Maximum execution time of 30 seconds exceeded tässä /var/www/wordpress/wp-includes/plugin.php rivillä 140

2021-01-12T02:36:31+00:00 CRITICAL Maximum execution time of 30 seconds exceeded tässä /var/www/wordpress/wp-includes/class-wp-meta-query.php rivillä 141

2021-01-12T02:39:33+00:00 CRITICAL Maximum execution time of 30 seconds exceeded tässä /repo/wp-content/plugins/full-utf-8/Ando/Utf8.php rivillä 98

2021-01-12T02:42:27+00:00 CRITICAL Maximum execution time of 30 seconds exceeded tässä /var/www/wordpress/wp-includes/class-wp-term-query.php rivillä 708

2021-01-12T02:45:32+00:00 CRITICAL Maximum execution time of 30 seconds exceeded tässä /var/www/wordpress/wp-includes/taxonomy.php rivillä 1581

2021-01-12T02:48:31+00:00 CRITICAL Maximum execution time of 30 seconds exceeded tässä /repo/wp-content/plugins/facebook-for-woocommerce/includes/Products.php rivillä 433

2021-01-12T02:51:35+00:00 CRITICAL Maximum execution time of 30 seconds exceeded tässä /repo/wp-content/plugins/full-utf-8/FullUtf8_wpdb.php rivillä 134

2021-01-12T02:54:26+00:00 CRITICAL Maximum execution time of 30 seconds exceeded tässä /var/www/wordpress/wp-includes/plugin.php rivillä 188

2021-01-12T02:57:44+00:00 CRITICAL Maximum execution time of 30 seconds exceeded tässä /var/www/wordpress/wp-includes/class-wp-term-query.php rivillä 928

2021-01-12T03:00:25+00:00 CRITICAL Maximum execution time of 30 seconds exceeded tässä /var/www/wordpress/wp-includes/taxonomy.php rivillä 1538

2021-01-12T03:03:26+00:00 CRITICAL Maximum execution time of 30 seconds exceeded tässä /repo/wp-content/plugins/full-utf-8/FullUtf8_wpdb.php rivillä 100

2021-01-12T03:06:24+00:00 CRITICAL Maximum execution time of 30 seconds exceeded tässä /repo/wp-content/plugins/full-utf-8/FullUtf8_wpdb.php rivillä 134

2021-01-12T03:09:32+00:00 CRITICAL Maximum execution time of 30 seconds exceeded tässä /repo/wp-content/plugins/full-utf-8/Ando/Utf8.php rivillä 97

2021-01-12T03:12:21+00:00 CRITICAL Maximum execution time of 30 seconds exceeded tässä /repo/wp-content/plugins/full-utf-8/FullUtf8_wpdb.php rivillä 134

2021-01-12T03:15:29+00:00 CRITICAL Maximum execution time of 30 seconds exceeded tässä /var/www/wordpress/wp-includes/wp-db.php rivillä 1329

2021-01-12T03:18:26+00:00 CRITICAL Maximum execution time of 30 seconds exceeded tässä /repo/wp-content/plugins/full-utf-8/Ando/Utf8.php rivillä 112

2021-01-12T03:21:15+00:00 CRITICAL Maximum execution time of 30 seconds exceeded tässä /var/www/wordpress/wp-includes/taxonomy.php rivillä 1184

2021-01-12T03:23:15+00:00 CRITICAL Maximum execution time of 30 seconds exceeded tässä /repo/wp-content/plugins/full-utf-8/FullUtf8_wpdb.php rivillä 88

2021-01-12T03:25:27+00:00 CRITICAL Maximum execution time of 30 seconds exceeded tässä /var/www/wordpress/wp-includes/class-wp-hook.php rivillä 286

2021-01-12T03:27:30+00:00 CRITICAL Maximum execution time of 30 seconds exceeded tässä /repo/wp-content/plugins/full-utf-8/FullUtf8_wpdb.php rivillä 134

2021-01-12T03:30:20+00:00 CRITICAL Maximum execution time of 30 seconds exceeded tässä /repo/wp-content/plugins/full-utf-8/FullUtf8_wpdb.php rivillä 134

2021-01-12T03:32:30+00:00 CRITICAL Maximum execution time of 30 seconds exceeded tässä /repo/wp-content/plugins/full-utf-8/FullUtf8_wpdb.php rivillä 134

2021-01-12T03:35:21+00:00 CRITICAL Maximum execution time of 30 seconds exceeded tässä /var/www/wordpress/wp-includes/class-wp-meta-query.php rivillä 250

2021-01-12T03:37:18+00:00 CRITICAL Maximum execution time of 30 seconds exceeded tässä /var/www/wordpress/wp-includes/load.php rivillä 1337

2021-01-12T03:39:14+00:00 CRITICAL Maximum execution time of 30 seconds exceeded tässä /var/www/wordpress/wp-includes/class-wp-object-cache.php rivillä 494

2021-01-12T03:41:28+00:00 CRITICAL Maximum execution time of 30 seconds exceeded tässä /repo/wp-content/plugins/full-utf-8/Ando/Utf8.php rivillä 114

2021-01-12T03:44:19+00:00 CRITICAL Maximum execution time of 30 seconds exceeded tässä /var/www/wordpress/wp-includes/class-wp-term-query.php rivillä 656

2021-01-12T03:46:26+00:00 CRITICAL Maximum execution time of 30 seconds exceeded tässä /repo/wp-content/plugins/full-utf-8/FullUtf8_wpdb.php rivillä 134

2021-01-12T03:49:18+00:00 CRITICAL Maximum execution time of 30 seconds exceeded tässä /repo/wp-content/plugins/full-utf-8/FullUtf8_wpdb.php rivillä 100

2021-01-12T03:51:14+00:00 CRITICAL Maximum execution time of 30 seconds exceeded tässä /var/www/wordpress/wp-includes/class-wp-term-query.php rivillä 540

2021-01-12T03:53:23+00:00 CRITICAL Maximum execution time of 30 seconds exceeded tässä /repo/wp-content/plugins/facebook-for-woocommerce/includes/fbproductfeed.php rivillä 585

2021-01-12T03:56:12+00:00 CRITICAL Maximum execution time of 30 seconds exceeded tässä /repo/wp-content/plugins/full-utf-8/FullUtf8_wpdb.php rivillä 100

2021-01-12T03:58:18+00:00 CRITICAL Maximum execution time of 30 seconds exceeded tässä /var/www/wordpress/wp-includes/class-wp-term-query.php rivillä 417

2021-01-12T04:00:18+00:00 CRITICAL Maximum execution time of 30 seconds exceeded tässä /var/www/wordpress/wp-includes/class-wp-object-cache.php rivillä 494

2021-01-12T04:02:21+00:00 CRITICAL Maximum execution time of 30 seconds exceeded tässä /repo/wp-content/plugins/woocommerce/includes/abstracts/abstract-wc-data.php rivillä 776

2021-01-12T04:04:22+00:00 CRITICAL Maximum execution time of 30 seconds exceeded tässä /var/www/wordpress/wp-includes/functions.php rivillä 4491

2021-01-12T04:07:20+00:00 CRITICAL Maximum execution time of 30 seconds exceeded tässä /var/www/wordpress/wp-includes/class-wp-term-query.php rivillä 493

2021-01-12T04:09:21+00:00 CRITICAL Maximum execution time of 30 seconds exceeded tässä /repo/wp-content/plugins/woocommerce/includes/data-stores/class-wc-product-data-store-cpt.php rivillä 456

2021-01-12T04:11:29+00:00 CRITICAL Maximum execution time of 30 seconds exceeded tässä /var/www/wordpress/wp-includes/functions.php rivillä 4806

2021-01-12T04:14:25+00:00 CRITICAL Maximum execution time of 30 seconds exceeded tässä /var/www/wordpress/wp-includes/functions.php rivillä 624

2021-01-12T04:17:18+00:00 CRITICAL Maximum execution time of 30 seconds exceeded tässä /var/www/wordpress/wp-includes/class-wp-meta-query.php rivillä 455

2021-01-12T04:19:20+00:00 CRITICAL Maximum execution time of 30 seconds exceeded tässä /var/www/wordpress/wp-includes/class-wp-meta-query.php rivillä 468

2021-01-12T04:21:27+00:00 CRITICAL Maximum execution time of 30 seconds exceeded tässä /var/www/wordpress/wp-includes/plugin.php rivillä 188

2021-01-12T04:24:32+00:00 CRITICAL Maximum execution time of 30 seconds exceeded tässä /var/www/wordpress/wp-includes/cache.php rivillä 30

2021-01-12T04:27:36+00:00 CRITICAL Maximum execution time of 30 seconds exceeded tässä /repo/wp-content/plugins/full-utf-8/FullUtf8_wpdb.php rivillä 134

2021-01-12T04:30:33+00:00 CRITICAL Maximum execution time of 30 seconds exceeded tässä /var/www/wordpress/wp-includes/formatting.php rivillä 2236

2021-01-12T04:33:38+00:00 CRITICAL Maximum execution time of 30 seconds exceeded tässä /repo/wp-content/plugins/facebook-for-woocommerce/includes/fbutils.php rivillä 98

2021-01-12T04:36:40+00:00 CRITICAL Maximum execution time of 30 seconds exceeded tässä /var/www/wordpress/wp-includes/wp-db.php rivillä 2134

2021-01-12T04:39:36+00:00 CRITICAL Maximum execution time of 30 seconds exceeded tässä /repo/wp-content/plugins/full-utf-8/FullUtf8_wpdb.php rivillä 134

2021-01-12T04:42:42+00:00 CRITICAL Maximum execution time of 30 seconds exceeded tässä /repo/wp-content/plugins/woocommerce/includes/wc-core-functions.php rivillä 1713

2021-01-12T04:45:35+00:00 CRITICAL Maximum execution time of 30 seconds exceeded tässä /var/www/wordpress/wp-includes/wp-db.php rivillä 2134

2021-01-12T04:48:39+00:00 CRITICAL Maximum execution time of 30 seconds exceeded tässä /var/www/wordpress/wp-includes/plugin.php rivillä 930

2021-01-12T04:51:39+00:00 CRITICAL Maximum execution time of 30 seconds exceeded tässä /var/www/wordpress/wp-includes/class-wp-term-query.php rivillä 708

2021-01-12T04:54:38+00:00 CRITICAL Maximum execution time of 30 seconds exceeded tässä /repo/wp-content/plugins/woocommerce/includes/class-wc-autoloader.php rivillä 53

2021-01-12T04:57:44+00:00 CRITICAL Maximum execution time of 30 seconds exceeded tässä /var/www/wordpress/wp-includes/taxonomy.php rivillä 1225

2021-01-12T05:00:40+00:00 CRITICAL Maximum execution time of 30 seconds exceeded tässä /var/www/wordpress/wp-includes/class-wp-meta-query.php rivillä 531

2021-01-12T05:03:38+00:00 CRITICAL Maximum execution time of 30 seconds exceeded tässä /var/www/wordpress/wp-includes/class-wp-object-cache.php rivillä 494

2021-01-12T05:06:41+00:00 CRITICAL Maximum execution time of 30 seconds exceeded tässä /var/www/wordpress/wp-includes/wp-db.php rivillä 2722

2021-01-12T05:09:34+00:00 CRITICAL Maximum execution time of 30 seconds exceeded tässä /var/www/wordpress/wp-includes/class-wp-hook.php rivillä 265

2021-01-12T05:12:39+00:00 CRITICAL Maximum execution time of 30 seconds exceeded tässä /repo/wp-content/plugins/full-utf-8/FullUtf8_wpdb.php rivillä 138

2021-01-12T05:15:41+00:00 CRITICAL Maximum execution time of 30 seconds exceeded tässä /var/www/wordpress/wp-includes/taxonomy.php rivillä 1345

2021-01-12T05:18:35+00:00 CRITICAL Maximum execution time of 30 seconds exceeded tässä /var/www/wordpress/wp-includes/plugin.php rivillä 214

2021-01-12T05:21:39+00:00 CRITICAL Maximum execution time of 30 seconds exceeded tässä /var/www/wordpress/wp-includes/class-wp-meta-query.php rivillä 792

2021-01-12T05:24:38+00:00 CRITICAL Maximum execution time of 30 seconds exceeded tässä /var/www/wordpress/wp-includes/formatting.php rivillä 1585

2021-01-12T05:27:32+00:00 CRITICAL Maximum execution time of 30 seconds exceeded tässä /var/www/wordpress/wp-includes/taxonomy.php rivillä 3610

2021-01-12T05:30:31+00:00 CRITICAL Maximum execution time of 30 seconds exceeded tässä /repo/wp-content/plugins/full-utf-8/Ando/Utf8.php rivillä 485

2021-01-12T05:30:33+00:00 CRITICAL Uncaught Error: Call to undefined function session_write_close() in /repo/wp-content/plugins/woocommerce/includes/libraries/wp-async-request.php:143
Stack trace:
#0 /var/www/wordpress/wp-includes/class-wp-hook.php(287): WP_Async_Request->maybe_handle('')
#1 /var/www/wordpress/wp-includes/class-wp-hook.php(311): WP_Hook->apply_filters('', Array)
#2 /var/www/wordpress/wp-includes/plugin.php(484): WP_Hook->do_action(Array)
#3 /var/www/wordpress/wp-admin/admin-ajax.php(184): do_action('wp_ajax_as_asyn...')
#4 {main}
  thrown tässä /repo/wp-content/plugins/woocommerce/includes/libraries/wp-async-request.php rivillä 143

2021-01-12T05:33:38+00:00 CRITICAL Maximum execution time of 30 seconds exceeded tässä /repo/wp-content/plugins/full-utf-8/Ando/Utf8.php rivillä 498

2021-01-12T05:36:34+00:00 CRITICAL Maximum execution time of 30 seconds exceeded tässä /repo/wp-content/plugins/full-utf-8/FullUtf8_wpdb.php rivillä 100

2021-01-12T05:36:37+00:00 CRITICAL Uncaught Error: Call to undefined function session_write_close() in /repo/wp-content/plugins/woocommerce/includes/libraries/wp-async-request.php:143
Stack trace:
#0 /var/www/wordpress/wp-includes/class-wp-hook.php(287): WP_Async_Request->maybe_handle('')
#1 /var/www/wordpress/wp-includes/class-wp-hook.php(311): WP_Hook->apply_filters('', Array)
#2 /var/www/wordpress/wp-includes/plugin.php(484): WP_Hook->do_action(Array)
#3 /var/www/wordpress/wp-admin/admin-ajax.php(184): do_action('wp_ajax_as_asyn...')
#4 {main}
  thrown tässä /repo/wp-content/plugins/woocommerce/includes/libraries/wp-async-request.php rivillä 143

2021-01-12T05:39:31+00:00 CRITICAL Maximum execution time of 30 seconds exceeded tässä /repo/wp-content/plugins/facebook-for-woocommerce/includes/fbproductfeed.php rivillä 867

2021-01-12T05:42:30+00:00 CRITICAL Maximum execution time of 30 seconds exceeded tässä /repo/wp-content/plugins/woocommerce/includes/data-stores/class-wc-product-data-store-cpt.php rivillä 451

2021-01-12T05:42:39+00:00 CRITICAL Uncaught Error: Call to undefined function session_write_close() in /repo/wp-content/plugins/woocommerce/includes/libraries/wp-async-request.php:143
Stack trace:
#0 /var/www/wordpress/wp-includes/class-wp-hook.php(287): WP_Async_Request->maybe_handle('')
#1 /var/www/wordpress/wp-includes/class-wp-hook.php(311): WP_Hook->apply_filters('', Array)
#2 /var/www/wordpress/wp-includes/plugin.php(484): WP_Hook->do_action(Array)
#3 /var/www/wordpress/wp-admin/admin-ajax.php(184): do_action('wp_ajax_as_asyn...')
#4 {main}
  thrown tässä /repo/wp-content/plugins/woocommerce/includes/libraries/wp-async-request.php rivillä 143

2021-01-12T05:45:22+00:00 CRITICAL Maximum execution time of 30 seconds exceeded tässä /var/www/wordpress/wp-includes/class-wp-meta-query.php rivillä 141

2021-01-12T05:48:42+00:00 CRITICAL Uncaught Error: Call to undefined function session_write_close() in /repo/wp-content/plugins/woocommerce/includes/libraries/wp-async-request.php:143
Stack trace:
#0 /var/www/wordpress/wp-includes/class-wp-hook.php(287): WP_Async_Request->maybe_handle('')
#1 /var/www/wordpress/wp-includes/class-wp-hook.php(311): WP_Hook->apply_filters('', Array)
#2 /var/www/wordpress/wp-includes/plugin.php(484): WP_Hook->do_action(Array)
#3 /var/www/wordpress/wp-admin/admin-ajax.php(184): do_action('wp_ajax_as_asyn...')
#4 {main}
  thrown tässä /repo/wp-content/plugins/woocommerce/includes/libraries/wp-async-request.php rivillä 143

2021-01-12T05:51:29+00:00 CRITICAL Maximum execution time of 30 seconds exceeded tässä /repo/wp-content/plugins/full-utf-8/Ando/Utf8.php rivillä 498

2021-01-12T05:54:29+00:00 CRITICAL Maximum execution time of 30 seconds exceeded tässä /repo/wp-content/plugins/full-utf-8/FullUtf8_wpdb.php rivillä 134

2021-01-12T05:54:44+00:00 CRITICAL Uncaught Error: Call to undefined function session_write_close() in /repo/wp-content/plugins/woocommerce/includes/libraries/wp-async-request.php:143
Stack trace:
#0 /var/www/wordpress/wp-includes/class-wp-hook.php(287): WP_Async_Request->maybe_handle('')
#1 /var/www/wordpress/wp-includes/class-wp-hook.php(311): WP_Hook->apply_filters('', Array)
#2 /var/www/wordpress/wp-includes/plugin.php(484): WP_Hook->do_action(Array)
#3 /var/www/wordpress/wp-admin/admin-ajax.php(184): do_action('wp_ajax_as_asyn...')
#4 {main}
  thrown tässä /repo/wp-content/plugins/woocommerce/includes/libraries/wp-async-request.php rivillä 143

2021-01-12T05:57:36+00:00 CRITICAL Maximum execution time of 30 seconds exceeded tässä /var/www/wordpress/wp-includes/class-wp-meta-query.php rivillä 502

2021-01-12T06:00:40+00:00 CRITICAL Maximum execution time of 30 seconds exceeded tässä /var/www/wordpress/wp-includes/class-wp-post.php rivillä 266

2021-01-12T06:03:47+00:00 CRITICAL Maximum execution time of 30 seconds exceeded tässä /var/www/wordpress/wp-includes/taxonomy.php rivillä 1538

2021-01-12T06:03:54+00:00 CRITICAL Uncaught Error: Call to undefined function session_write_close() in /repo/wp-content/plugins/woocommerce/includes/libraries/wp-async-request.php:143
Stack trace:
#0 /var/www/wordpress/wp-includes/class-wp-hook.php(287): WP_Async_Request->maybe_handle('')
#1 /var/www/wordpress/wp-includes/class-wp-hook.php(311): WP_Hook->apply_filters('', Array)
#2 /var/www/wordpress/wp-includes/plugin.php(484): WP_Hook->do_action(Array)
#3 /var/www/wordpress/wp-admin/admin-ajax.php(184): do_action('wp_ajax_as_asyn...')
#4 {main}
  thrown tässä /repo/wp-content/plugins/woocommerce/includes/libraries/wp-async-request.php rivillä 143

2021-01-12T06:06:40+00:00 CRITICAL Maximum execution time of 30 seconds exceeded tässä /var/www/wordpress/wp-includes/class-wp-term-query.php rivillä 667

2021-01-12T06:09:39+00:00 CRITICAL Maximum execution time of 30 seconds exceeded tässä /var/www/wordpress/wp-includes/taxonomy.php rivillä 1580

2021-01-12T06:09:57+00:00 CRITICAL Uncaught Error: Call to undefined function session_write_close() in /repo/wp-content/plugins/woocommerce/includes/libraries/wp-async-request.php:143
Stack trace:
#0 /var/www/wordpress/wp-includes/class-wp-hook.php(287): WP_Async_Request->maybe_handle('')
#1 /var/www/wordpress/wp-includes/class-wp-hook.php(311): WP_Hook->apply_filters('', Array)
#2 /var/www/wordpress/wp-includes/plugin.php(484): WP_Hook->do_action(Array)
#3 /var/www/wordpress/wp-admin/admin-ajax.php(184): do_action('wp_ajax_as_asyn...')
#4 {main}
  thrown tässä /repo/wp-content/plugins/woocommerce/includes/libraries/wp-async-request.php rivillä 143

2021-01-12T06:12:34+00:00 CRITICAL Maximum execution time of 30 seconds exceeded tässä /repo/wp-content/plugins/full-utf-8/FullUtf8_wpdb.php rivillä 134

2021-01-12T06:15:32+00:00 CRITICAL Maximum execution time of 30 seconds exceeded tässä /var/www/wordpress/wp-includes/class-wp-term-query.php rivillä 795

2021-01-12T06:18:30+00:00 CRITICAL Maximum execution time of 30 seconds exceeded tässä /repo/wp-content/plugins/full-utf-8/FullUtf8_wpdb.php rivillä 134

2021-01-12T06:21:29+00:00 CRITICAL Maximum execution time of 30 seconds exceeded tässä /var/www/wordpress/wp-includes/class-wp-post.php rivillä 265

2021-01-12T06:22:06+00:00 CRITICAL Uncaught Error: Call to undefined function session_write_close() in /repo/wp-content/plugins/woocommerce/includes/libraries/wp-async-request.php:143
Stack trace:
#0 /var/www/wordpress/wp-includes/class-wp-hook.php(287): WP_Async_Request->maybe_handle('')
#1 /var/www/wordpress/wp-includes/class-wp-hook.php(311): WP_Hook->apply_filters('', Array)
#2 /var/www/wordpress/wp-includes/plugin.php(484): WP_Hook->do_action(Array)
#3 /var/www/wordpress/wp-admin/admin-ajax.php(199): do_action('wp_ajax_nopriv_...')
#4 {main}
  thrown tässä /repo/wp-content/plugins/woocommerce/includes/libraries/wp-async-request.php rivillä 143

2021-01-12T06:24:20+00:00 CRITICAL Maximum execution time of 30 seconds exceeded tässä /repo/wp-content/plugins/full-utf-8/Ando/Utf8.php rivillä 499

2021-01-12T06:26:25+00:00 CRITICAL Maximum execution time of 30 seconds exceeded tässä /var/www/wordpress/wp-includes/class-wp-meta-query.php rivillä 136

2021-01-12T06:29:31+00:00 CRITICAL Maximum execution time of 30 seconds exceeded tässä /var/www/wordpress/wp-includes/functions.php rivillä 4671

2021-01-12T06:30:09+00:00 CRITICAL Uncaught Error: Call to undefined function session_write_close() in /repo/wp-content/plugins/woocommerce/includes/libraries/wp-async-request.php:143
Stack trace:
#0 /var/www/wordpress/wp-includes/class-wp-hook.php(287): WP_Async_Request->maybe_handle('')
#1 /var/www/wordpress/wp-includes/class-wp-hook.php(311): WP_Hook->apply_filters('', Array)
#2 /var/www/wordpress/wp-includes/plugin.php(484): WP_Hook->do_action(Array)
#3 /var/www/wordpress/wp-admin/admin-ajax.php(199): do_action('wp_ajax_nopriv_...')
#4 {main}
  thrown tässä /repo/wp-content/plugins/woocommerce/includes/libraries/wp-async-request.php rivillä 143

2021-01-12T06:32:24+00:00 CRITICAL Maximum execution time of 30 seconds exceeded tässä /repo/wp-content/plugins/full-utf-8/FullUtf8_wpdb.php rivillä 134

2021-01-12T06:35:32+00:00 CRITICAL Maximum execution time of 30 seconds exceeded tässä /var/www/wordpress/wp-includes/class-wp-error.php rivillä 190

2021-01-12T06:36:10+00:00 CRITICAL Uncaught Error: Call to undefined function session_write_close() in /repo/wp-content/plugins/woocommerce/includes/libraries/wp-async-request.php:143
Stack trace:
#0 /var/www/wordpress/wp-includes/class-wp-hook.php(287): WP_Async_Request->maybe_handle('')
#1 /var/www/wordpress/wp-includes/class-wp-hook.php(311): WP_Hook->apply_filters('', Array)
#2 /var/www/wordpress/wp-includes/plugin.php(484): WP_Hook->do_action(Array)
#3 /var/www/wordpress/wp-admin/admin-ajax.php(199): do_action('wp_ajax_nopriv_...')
#4 {main}
  thrown tässä /repo/wp-content/plugins/woocommerce/includes/libraries/wp-async-request.php rivillä 143

2021-01-12T06:38:30+00:00 CRITICAL Maximum execution time of 30 seconds exceeded tässä /var/www/wordpress/wp-includes/class-wp-object-cache.php rivillä 494

2021-01-12T06:41:35+00:00 CRITICAL Maximum execution time of 30 seconds exceeded tässä /repo/wp-content/plugins/full-utf-8/FullUtf8_wpdb.php rivillä 134

2021-01-12T06:44:33+00:00 CRITICAL Maximum execution time of 30 seconds exceeded tässä /repo/wp-content/plugins/full-utf-8/Ando/Utf8.php rivillä 467

2021-01-12T06:47:31+00:00 CRITICAL Maximum execution time of 30 seconds exceeded tässä /var/www/wordpress/wp-includes/class-wp-meta-query.php rivillä 792

2021-01-12T06:47:39+00:00 CRITICAL Uncaught Error: Call to undefined function session_write_close() in /repo/wp-content/plugins/woocommerce/includes/libraries/wp-async-request.php:143
Stack trace:
#0 /var/www/wordpress/wp-includes/class-wp-hook.php(287): WP_Async_Request->maybe_handle('')
#1 /var/www/wordpress/wp-includes/class-wp-hook.php(311): WP_Hook->apply_filters('', Array)
#2 /var/www/wordpress/wp-includes/plugin.php(484): WP_Hook->do_action(Array)
#3 /var/www/wordpress/wp-admin/admin-ajax.php(199): do_action('wp_ajax_nopriv_...')
#4 {main}
  thrown tässä /repo/wp-content/plugins/woocommerce/includes/libraries/wp-async-request.php rivillä 143

2021-01-12T06:50:25+00:00 CRITICAL Maximum execution time of 30 seconds exceeded tässä /var/www/wordpress/wp-includes/class-wp-term-query.php rivillä 237

2021-01-12T06:53:28+00:00 CRITICAL Maximum execution time of 30 seconds exceeded tässä /repo/wp-content/plugins/full-utf-8/Ando/Utf8.php rivillä 485

2021-01-12T06:56:29+00:00 CRITICAL Maximum execution time of 30 seconds exceeded tässä /repo/wp-content/plugins/woocommerce/includes/wc-term-functions.php rivillä 41

2021-01-12T06:59:29+00:00 CRITICAL Maximum execution time of 30 seconds exceeded tässä /var/www/wordpress/wp-includes/class-wp-object-cache.php rivillä 494

2021-01-12T07:02:23+00:00 CRITICAL Maximum execution time of 30 seconds exceeded tässä /repo/wp-content/plugins/full-utf-8/Ando/Utf8.php rivillä 112

2021-01-12T07:05:22+00:00 CRITICAL Maximum execution time of 30 seconds exceeded tässä /var/www/wordpress/wp-includes/formatting.php rivillä 2304

2021-01-12T07:08:21+00:00 CRITICAL Maximum execution time of 30 seconds exceeded tässä /repo/wp-content/plugins/woocommerce/includes/class-wc-autoloader.php rivillä 93

2021-01-12T07:10:28+00:00 CRITICAL Maximum execution time of 30 seconds exceeded tässä /repo/wp-content/plugins/cloudinary-image-management-and-manipulation-in-the-cloud-cdn/php/class-plugin.php rivillä 411

2021-01-12T07:11:10+00:00 CRITICAL Uncaught Error: Call to undefined function session_write_close() in /repo/wp-content/plugins/woocommerce/includes/libraries/wp-async-request.php:143
Stack trace:
#0 /var/www/wordpress/wp-includes/class-wp-hook.php(287): WP_Async_Request->maybe_handle('')
#1 /var/www/wordpress/wp-includes/class-wp-hook.php(311): WP_Hook->apply_filters('', Array)
#2 /var/www/wordpress/wp-includes/plugin.php(484): WP_Hook->do_action(Array)
#3 /var/www/wordpress/wp-admin/admin-ajax.php(184): do_action('wp_ajax_as_asyn...')
#4 {main}
  thrown tässä /repo/wp-content/plugins/woocommerce/includes/libraries/wp-async-request.php rivillä 143

2021-01-12T07:13:41+00:00 CRITICAL Maximum execution time of 30 seconds exceeded tässä /repo/wp-content/plugins/full-utf-8/Ando/Utf8.php rivillä 112

2021-01-12T07:16:59+00:00 CRITICAL Maximum execution time of 30 seconds exceeded tässä /var/www/wordpress/wp-includes/wp-db.php rivillä 2154

2021-01-12T07:19:28+00:00 CRITICAL Maximum execution time of 30 seconds exceeded tässä /repo/wp-content/plugins/full-utf-8/Ando/Utf8.php rivillä 485

2021-01-12T07:22:33+00:00 CRITICAL Maximum execution time of 30 seconds exceeded tässä /repo/wp-content/plugins/full-utf-8/FullUtf8_wpdb.php rivillä 134

2021-01-12T07:25:37+00:00 CRITICAL Maximum execution time of 30 seconds exceeded tässä /repo/wp-content/plugins/full-utf-8/FullUtf8_wpdb.php rivillä 134

2021-01-12T07:25:47+00:00 CRITICAL Uncaught Error: Call to undefined function session_write_close() in /repo/wp-content/plugins/woocommerce/includes/libraries/wp-async-request.php:143
Stack trace:
#0 /var/www/wordpress/wp-includes/class-wp-hook.php(287): WP_Async_Request->maybe_handle('')
#1 /var/www/wordpress/wp-includes/class-wp-hook.php(311): WP_Hook->apply_filters('', Array)
#2 /var/www/wordpress/wp-includes/plugin.php(484): WP_Hook->do_action(Array)
#3 /var/www/wordpress/wp-admin/admin-ajax.php(184): do_action('wp_ajax_as_asyn...')
#4 {main}
  thrown tässä /repo/wp-content/plugins/woocommerce/includes/libraries/wp-async-request.php rivillä 143

2021-01-12T07:28:51+00:00 CRITICAL Maximum execution time of 30 seconds exceeded tässä /repo/wp-content/plugins/full-utf-8/FullUtf8_wpdb.php rivillä 134

2021-01-12T07:29:04+00:00 CRITICAL Uncaught Error: Call to undefined function session_write_close() in /repo/wp-content/plugins/woocommerce/includes/libraries/wp-async-request.php:143
Stack trace:
#0 /var/www/wordpress/wp-includes/class-wp-hook.php(287): WP_Async_Request->maybe_handle('')
#1 /var/www/wordpress/wp-includes/class-wp-hook.php(311): WP_Hook->apply_filters('', Array)
#2 /var/www/wordpress/wp-includes/plugin.php(484): WP_Hook->do_action(Array)
#3 /var/www/wordpress/wp-admin/admin-ajax.php(184): do_action('wp_ajax_as_asyn...')
#4 {main}
  thrown tässä /repo/wp-content/plugins/woocommerce/includes/libraries/wp-async-request.php rivillä 143

2021-01-12T07:31:27+00:00 CRITICAL Maximum execution time of 30 seconds exceeded tässä /var/www/wordpress/wp-includes/class-wp-object-cache.php rivillä 494

2021-01-12T07:32:23+00:00 CRITICAL Uncaught Error: Call to undefined function session_write_close() in /repo/wp-content/plugins/woocommerce/includes/libraries/wp-async-request.php:143
Stack trace:
#0 /var/www/wordpress/wp-includes/class-wp-hook.php(287): WP_Async_Request->maybe_handle('')
#1 /var/www/wordpress/wp-includes/class-wp-hook.php(311): WP_Hook->apply_filters('', Array)
#2 /var/www/wordpress/wp-includes/plugin.php(484): WP_Hook->do_action(Array)
#3 /var/www/wordpress/wp-admin/admin-ajax.php(184): do_action('wp_ajax_as_asyn...')
#4 {main}
  thrown tässä /repo/wp-content/plugins/woocommerce/includes/libraries/wp-async-request.php rivillä 143

2021-01-12T07:34:26+00:00 CRITICAL Maximum execution time of 30 seconds exceeded tässä /repo/wp-content/plugins/full-utf-8/FullUtf8_wpdb.php rivillä 134

2021-01-12T07:37:25+00:00 CRITICAL Maximum execution time of 30 seconds exceeded tässä /var/www/wordpress/wp-includes/plugin.php rivillä 460

2021-01-12T07:40:30+00:00 CRITICAL Maximum execution time of 30 seconds exceeded tässä /repo/wp-content/plugins/woocommerce/includes/abstracts/abstract-wc-data.php rivillä 517

2021-01-12T07:43:31+00:00 CRITICAL Maximum execution time of 30 seconds exceeded tässä /var/www/wordpress/wp-includes/class-wp-term-query.php rivillä 656

2021-01-12T07:46:34+00:00 CRITICAL Maximum execution time of 30 seconds exceeded tässä /repo/wp-content/plugins/wordpress-seo/wp-seo-main.php rivillä 58

2021-01-12T07:49:31+00:00 CRITICAL Maximum execution time of 30 seconds exceeded tässä /repo/wp-content/plugins/full-utf-8/FullUtf8_wpdb.php rivillä 134

2021-01-12T07:52:32+00:00 CRITICAL Maximum execution time of 30 seconds exceeded tässä /var/www/wordpress/wp-includes/class-wp-object-cache.php rivillä 494

2021-01-12T07:55:29+00:00 CRITICAL Maximum execution time of 30 seconds exceeded tässä /repo/wp-content/plugins/woocommerce/includes/data-stores/class-wc-data-store-wp.php rivillä 194

2021-01-12T07:58:28+00:00 CRITICAL Maximum execution time of 30 seconds exceeded tässä /repo/wp-content/plugins/woocommerce/includes/wc-attribute-functions.php rivillä 94

2021-01-12T07:58:54+00:00 CRITICAL Uncaught Error: Call to undefined function session_write_close() in /repo/wp-content/plugins/woocommerce/includes/libraries/wp-async-request.php:143
Stack trace:
#0 /var/www/wordpress/wp-includes/class-wp-hook.php(287): WP_Async_Request->maybe_handle('')
#1 /var/www/wordpress/wp-includes/class-wp-hook.php(311): WP_Hook->apply_filters('', Array)
#2 /var/www/wordpress/wp-includes/plugin.php(484): WP_Hook->do_action(Array)
#3 /var/www/wordpress/wp-admin/admin-ajax.php(184): do_action('wp_ajax_as_asyn...')
#4 {main}
  thrown tässä /repo/wp-content/plugins/woocommerce/includes/libraries/wp-async-request.php rivillä 143

2021-01-12T08:01:43+00:00 CRITICAL Maximum execution time of 30 seconds exceeded tässä /var/www/wordpress/wp-includes/wp-db.php rivillä 1168

2021-01-12T08:04:39+00:00 CRITICAL Maximum execution time of 30 seconds exceeded tässä /var/www/wordpress/wp-includes/post.php rivillä 763

2021-01-12T08:07:31+00:00 CRITICAL Maximum execution time of 30 seconds exceeded tässä /var/www/wordpress/wp-includes/taxonomy.php rivillä 2072

2021-01-12T08:07:55+00:00 CRITICAL Uncaught Error: Call to undefined function session_write_close() in /repo/wp-content/plugins/woocommerce/includes/libraries/wp-async-request.php:143
Stack trace:
#0 /var/www/wordpress/wp-includes/class-wp-hook.php(287): WP_Async_Request->maybe_handle('')
#1 /var/www/wordpress/wp-includes/class-wp-hook.php(311): WP_Hook->apply_filters('', Array)
#2 /var/www/wordpress/wp-includes/plugin.php(484): WP_Hook->do_action(Array)
#3 /var/www/wordpress/wp-admin/admin-ajax.php(184): do_action('wp_ajax_as_asyn...')
#4 {main}
  thrown tässä /repo/wp-content/plugins/woocommerce/includes/libraries/wp-async-request.php rivillä 143

2021-01-12T08:10:29+00:00 CRITICAL Maximum execution time of 30 seconds exceeded tässä /repo/wp-content/plugins/woocommerce/includes/wc-formatting-functions.php rivillä 23

2021-01-12T08:13:30+00:00 CRITICAL Maximum execution time of 30 seconds exceeded tässä /repo/wp-content/plugins/full-utf-8/Ando/Utf8.php rivillä 97

2021-01-12T08:13:57+00:00 CRITICAL Uncaught Error: Call to undefined function session_write_close() in /repo/wp-content/plugins/woocommerce/includes/libraries/wp-async-request.php:143
Stack trace:
#0 /var/www/wordpress/wp-includes/class-wp-hook.php(287): WP_Async_Request->maybe_handle('')
#1 /var/www/wordpress/wp-includes/class-wp-hook.php(311): WP_Hook->apply_filters('', Array)
#2 /var/www/wordpress/wp-includes/plugin.php(484): WP_Hook->do_action(Array)
#3 /var/www/wordpress/wp-admin/admin-ajax.php(184): do_action('wp_ajax_as_asyn...')
#4 {main}
  thrown tässä /repo/wp-content/plugins/woocommerce/includes/libraries/wp-async-request.php rivillä 143

2021-01-12T08:16:28+00:00 CRITICAL Maximum execution time of 30 seconds exceeded tässä /var/www/wordpress/wp-includes/class-wp-hook.php rivillä 310

2021-01-12T08:19:38+00:00 CRITICAL Maximum execution time of 30 seconds exceeded tässä /repo/wp-content/plugins/full-utf-8/FullUtf8_wpdb.php rivillä 134

2021-01-12T08:20:06+00:00 CRITICAL Uncaught Error: Call to undefined function session_write_close() in /repo/wp-content/plugins/woocommerce/includes/libraries/wp-async-request.php:143
Stack trace:
#0 /var/www/wordpress/wp-includes/class-wp-hook.php(287): WP_Async_Request->maybe_handle('')
#1 /var/www/wordpress/wp-includes/class-wp-hook.php(311): WP_Hook->apply_filters('', Array)
#2 /var/www/wordpress/wp-includes/plugin.php(484): WP_Hook->do_action(Array)
#3 /var/www/wordpress/wp-admin/admin-ajax.php(184): do_action('wp_ajax_as_asyn...')
#4 {main}
  thrown tässä /repo/wp-content/plugins/woocommerce/includes/libraries/wp-async-request.php rivillä 143

2021-01-12T08:20:07+00:00 CRITICAL Uncaught Error: Call to undefined function session_write_close() in /repo/wp-content/plugins/woocommerce/includes/libraries/wp-async-request.php:143
Stack trace:
#0 /var/www/wordpress/wp-includes/class-wp-hook.php(287): WP_Async_Request->maybe_handle('')
#1 /var/www/wordpress/wp-includes/class-wp-hook.php(311): WP_Hook->apply_filters('', Array)
#2 /var/www/wordpress/wp-includes/plugin.php(484): WP_Hook->do_action(Array)
#3 /var/www/wordpress/wp-admin/admin-ajax.php(184): do_action('wp_ajax_as_asyn...')
#4 {main}
  thrown tässä /repo/wp-content/plugins/woocommerce/includes/libraries/wp-async-request.php rivillä 143

2021-01-12T08:22:33+00:00 CRITICAL Maximum execution time of 30 seconds exceeded tässä /repo/wp-content/plugins/full-utf-8/Ando/Utf8.php rivillä 98

2021-01-12T08:22:42+00:00 CRITICAL Uncaught Error: Call to undefined function session_write_close() in /repo/wp-content/plugins/woocommerce/includes/libraries/wp-async-request.php:143
Stack trace:
#0 /var/www/wordpress/wp-includes/class-wp-hook.php(287): WP_Async_Request->maybe_handle('')
#1 /var/www/wordpress/wp-includes/class-wp-hook.php(311): WP_Hook->apply_filters('', Array)
#2 /var/www/wordpress/wp-includes/plugin.php(484): WP_Hook->do_action(Array)
#3 /var/www/wordpress/wp-admin/admin-ajax.php(184): do_action('wp_ajax_as_asyn...')
#4 {main}
  thrown tässä /repo/wp-content/plugins/woocommerce/includes/libraries/wp-async-request.php rivillä 143

2021-01-12T08:25:33+00:00 CRITICAL Maximum execution time of 30 seconds exceeded tässä /repo/wp-content/plugins/full-utf-8/FullUtf8_wpdb.php rivillä 134

2021-01-12T08:28:31+00:00 CRITICAL Maximum execution time of 30 seconds exceeded tässä /repo/wp-content/plugins/woocommerce/includes/abstracts/abstract-wc-data.php rivillä 177

2021-01-12T08:29:11+00:00 CRITICAL Uncaught Error: Call to undefined function session_write_close() in /repo/wp-content/plugins/woocommerce/includes/libraries/wp-async-request.php:143
Stack trace:
#0 /var/www/wordpress/wp-includes/class-wp-hook.php(287): WP_Async_Request->maybe_handle('')
#1 /var/www/wordpress/wp-includes/class-wp-hook.php(311): WP_Hook->apply_filters('', Array)
#2 /var/www/wordpress/wp-includes/plugin.php(484): WP_Hook->do_action(Array)
#3 /var/www/wordpress/wp-admin/admin-ajax.php(184): do_action('wp_ajax_as_asyn...')
#4 {main}
  thrown tässä /repo/wp-content/plugins/woocommerce/includes/libraries/wp-async-request.php rivillä 143

2021-01-12T08:31:28+00:00 CRITICAL Maximum execution time of 30 seconds exceeded tässä /repo/wp-content/plugins/full-utf-8/FullUtf8_wpdb.php rivillä 134

2021-01-12T08:34:34+00:00 CRITICAL Maximum execution time of 30 seconds exceeded tässä /var/www/wordpress/wp-includes/class-wp-object-cache.php rivillä 282

2021-01-12T08:34:56+00:00 CRITICAL Uncaught Error: Call to undefined function session_write_close() in /repo/wp-content/plugins/woocommerce/includes/libraries/wp-async-request.php:143
Stack trace:
#0 /var/www/wordpress/wp-includes/class-wp-hook.php(287): WP_Async_Request->maybe_handle('')
#1 /var/www/wordpress/wp-includes/class-wp-hook.php(311): WP_Hook->apply_filters('', Array)
#2 /var/www/wordpress/wp-includes/plugin.php(484): WP_Hook->do_action(Array)
#3 /var/www/wordpress/wp-admin/admin-ajax.php(184): do_action('wp_ajax_as_asyn...')
#4 {main}
  thrown tässä /repo/wp-content/plugins/woocommerce/includes/libraries/wp-async-request.php rivillä 143

2021-01-12T08:37:28+00:00 CRITICAL Maximum execution time of 30 seconds exceeded tässä /repo/wp-content/plugins/woocommerce/includes/abstracts/abstract-wc-data.php rivillä 667

2021-01-12T08:38:11+00:00 CRITICAL Uncaught Error: Call to undefined function session_write_close() in /repo/wp-content/plugins/woocommerce/includes/libraries/wp-async-request.php:143
Stack trace:
#0 /var/www/wordpress/wp-includes/class-wp-hook.php(287): WP_Async_Request->maybe_handle('')
#1 /var/www/wordpress/wp-includes/class-wp-hook.php(311): WP_Hook->apply_filters('', Array)
#2 /var/www/wordpress/wp-includes/plugin.php(484): WP_Hook->do_action(Array)
#3 /var/www/wordpress/wp-admin/admin-ajax.php(184): do_action('wp_ajax_as_asyn...')
#4 {main}
  thrown tässä /repo/wp-content/plugins/woocommerce/includes/libraries/wp-async-request.php rivillä 143

2021-01-12T08:40:27+00:00 CRITICAL Maximum execution time of 30 seconds exceeded tässä /var/www/wordpress/wp-includes/class-wp-term-query.php rivillä 928

2021-01-12T08:43:28+00:00 CRITICAL Maximum execution time of 30 seconds exceeded tässä /repo/wp-content/plugins/full-utf-8/FullUtf8_wpdb.php rivillä 134

2021-01-12T08:43:57+00:00 CRITICAL Uncaught Error: Call to undefined function session_write_close() in /repo/wp-content/plugins/woocommerce/includes/libraries/wp-async-request.php:143
Stack trace:
#0 /var/www/wordpress/wp-includes/class-wp-hook.php(287): WP_Async_Request->maybe_handle('')
#1 /var/www/wordpress/wp-includes/class-wp-hook.php(311): WP_Hook->apply_filters('', Array)
#2 /var/www/wordpress/wp-includes/plugin.php(484): WP_Hook->do_action(Array)
#3 /var/www/wordpress/wp-admin/admin-ajax.php(184): do_action('wp_ajax_as_asyn...')
#4 {main}
  thrown tässä /repo/wp-content/plugins/woocommerce/includes/libraries/wp-async-request.php rivillä 143

2021-01-12T08:46:26+00:00 CRITICAL Maximum execution time of 30 seconds exceeded tässä /repo/wp-content/plugins/full-utf-8/FullUtf8_wpdb.php rivillä 134

2021-01-12T08:49:28+00:00 CRITICAL Maximum execution time of 30 seconds exceeded tässä /var/www/wordpress/wp-includes/plugin.php rivillä 917

2021-01-12T08:50:18+00:00 CRITICAL Uncaught Error: Call to undefined function session_write_close() in /repo/wp-content/plugins/woocommerce/includes/libraries/wp-async-request.php:143
Stack trace:
#0 /var/www/wordpress/wp-includes/class-wp-hook.php(287): WP_Async_Request->maybe_handle('')
#1 /var/www/wordpress/wp-includes/class-wp-hook.php(311): WP_Hook->apply_filters('', Array)
#2 /var/www/wordpress/wp-includes/plugin.php(484): WP_Hook->do_action(Array)
#3 /var/www/wordpress/wp-admin/admin-ajax.php(199): do_action('wp_ajax_nopriv_...')
#4 {main}
  thrown tässä /repo/wp-content/plugins/woocommerce/includes/libraries/wp-async-request.php rivillä 143

2021-01-12T08:52:29+00:00 CRITICAL Maximum execution time of 30 seconds exceeded tässä /repo/wp-content/plugins/full-utf-8/Ando/Utf8.php rivillä 485

2021-01-12T08:55:27+00:00 CRITICAL Maximum execution time of 30 seconds exceeded tässä /repo/wp-content/plugins/woocommerce/includes/class-wc-autoloader.php rivillä 53

2021-01-12T08:55:47+00:00 CRITICAL Uncaught Error: Call to undefined function session_write_close() in /repo/wp-content/plugins/woocommerce/includes/libraries/wp-async-request.php:143
Stack trace:
#0 /var/www/wordpress/wp-includes/class-wp-hook.php(287): WP_Async_Request->maybe_handle('')
#1 /var/www/wordpress/wp-includes/class-wp-hook.php(311): WP_Hook->apply_filters('', Array)
#2 /var/www/wordpress/wp-includes/plugin.php(484): WP_Hook->do_action(Array)
#3 /var/www/wordpress/wp-admin/admin-ajax.php(184): do_action('wp_ajax_as_asyn...')
#4 {main}
  thrown tässä /repo/wp-content/plugins/woocommerce/includes/libraries/wp-async-request.php rivillä 143

2021-01-12T08:58:26+00:00 CRITICAL Maximum execution time of 30 seconds exceeded tässä /repo/wp-content/plugins/full-utf-8/FullUtf8_wpdb.php rivillä 134

2021-01-12T08:59:14+00:00 CRITICAL Uncaught Error: Call to undefined function session_write_close() in /repo/wp-content/plugins/woocommerce/includes/libraries/wp-async-request.php:143
Stack trace:
#0 /var/www/wordpress/wp-includes/class-wp-hook.php(287): WP_Async_Request->maybe_handle('')
#1 /var/www/wordpress/wp-includes/class-wp-hook.php(311): WP_Hook->apply_filters('', Array)
#2 /var/www/wordpress/wp-includes/plugin.php(484): WP_Hook->do_action(Array)
#3 /var/www/wordpress/wp-admin/admin-ajax.php(184): do_action('wp_ajax_as_asyn...')
#4 {main}
  thrown tässä /repo/wp-content/plugins/woocommerce/includes/libraries/wp-async-request.php rivillä 143

2021-01-12T09:01:28+00:00 CRITICAL Maximum execution time of 30 seconds exceeded tässä /repo/wp-content/plugins/full-utf-8/FullUtf8_wpdb.php rivillä 64

2021-01-12T09:04:25+00:00 CRITICAL Maximum execution time of 30 seconds exceeded tässä /repo/wp-content/plugins/woocommerce/includes/class-wc-autoloader.php rivillä 83

2021-01-12T09:05:18+00:00 CRITICAL Uncaught Error: Call to undefined function session_write_close() in /repo/wp-content/plugins/woocommerce/includes/libraries/wp-async-request.php:143
Stack trace:
#0 /var/www/wordpress/wp-includes/class-wp-hook.php(287): WP_Async_Request->maybe_handle('')
#1 /var/www/wordpress/wp-includes/class-wp-hook.php(311): WP_Hook->apply_filters('', Array)
#2 /var/www/wordpress/wp-includes/plugin.php(484): WP_Hook->do_action(Array)
#3 /var/www/wordpress/wp-admin/admin-ajax.php(184): do_action('wp_ajax_as_asyn...')
#4 {main}
  thrown tässä /repo/wp-content/plugins/woocommerce/includes/libraries/wp-async-request.php rivillä 143

2021-01-12T09:07:28+00:00 CRITICAL Maximum execution time of 30 seconds exceeded tässä /var/www/wordpress/wp-includes/functions.php rivillä 624

2021-01-12T09:10:26+00:00 CRITICAL Maximum execution time of 30 seconds exceeded tässä /repo/wp-content/plugins/full-utf-8/FullUtf8_wpdb.php rivillä 88

2021-01-12T09:13:26+00:00 CRITICAL Maximum execution time of 30 seconds exceeded tässä /var/www/wordpress/wp-includes/functions.php rivillä 4671

2021-01-12T09:13:31+00:00 CRITICAL Uncaught Error: Call to undefined function session_write_close() in /repo/wp-content/plugins/woocommerce/includes/libraries/wp-async-request.php:143
Stack trace:
#0 /var/www/wordpress/wp-includes/class-wp-hook.php(287): WP_Async_Request->maybe_handle('')
#1 /var/www/wordpress/wp-includes/class-wp-hook.php(311): WP_Hook->apply_filters('', Array)
#2 /var/www/wordpress/wp-includes/plugin.php(484): WP_Hook->do_action(Array)
#3 /var/www/wordpress/wp-admin/admin-ajax.php(184): do_action('wp_ajax_as_asyn...')
#4 {main}
  thrown tässä /repo/wp-content/plugins/woocommerce/includes/libraries/wp-async-request.php rivillä 143

2021-01-12T09:16:29+00:00 CRITICAL Maximum execution time of 30 seconds exceeded tässä /repo/wp-content/plugins/full-utf-8/Ando/Utf8.php rivillä 112

2021-01-12T09:16:39+00:00 CRITICAL Uncaught Error: Call to undefined function session_write_close() in /repo/wp-content/plugins/woocommerce/includes/libraries/wp-async-request.php:143
Stack trace:
#0 /var/www/wordpress/wp-includes/class-wp-hook.php(287): WP_Async_Request->maybe_handle('')
#1 /var/www/wordpress/wp-includes/class-wp-hook.php(311): WP_Hook->apply_filters('', Array)
#2 /var/www/wordpress/wp-includes/plugin.php(484): WP_Hook->do_action(Array)
#3 /var/www/wordpress/wp-admin/admin-ajax.php(184): do_action('wp_ajax_as_asyn...')
#4 {main}
  thrown tässä /repo/wp-content/plugins/woocommerce/includes/libraries/wp-async-request.php rivillä 143

2021-01-12T09:19:24+00:00 CRITICAL Maximum execution time of 30 seconds exceeded tässä /repo/wp-content/plugins/full-utf-8/FullUtf8_wpdb.php rivillä 134

2021-01-12T09:20:06+00:00 CRITICAL Uncaught Error: Call to undefined function session_write_close() in /repo/wp-content/plugins/woocommerce/includes/libraries/wp-async-request.php:143
Stack trace:
#0 /var/www/wordpress/wp-includes/class-wp-hook.php(287): WP_Async_Request->maybe_handle('')
#1 /var/www/wordpress/wp-includes/class-wp-hook.php(311): WP_Hook->apply_filters('', Array)
#2 /var/www/wordpress/wp-includes/plugin.php(484): WP_Hook->do_action(Array)
#3 /var/www/wordpress/wp-admin/admin-ajax.php(184): do_action('wp_ajax_as_asyn...')
#4 {main}
  thrown tässä /repo/wp-content/plugins/woocommerce/includes/libraries/wp-async-request.php rivillä 143

2021-01-12T09:22:26+00:00 CRITICAL Maximum execution time of 30 seconds exceeded tässä /repo/wp-content/plugins/full-utf-8/FullUtf8_wpdb.php rivillä 129

2021-01-12T09:25:24+00:00 CRITICAL Maximum execution time of 30 seconds exceeded tässä /repo/wp-content/plugins/full-utf-8/FullUtf8_wpdb.php rivillä 134

2021-01-12T09:28:26+00:00 CRITICAL Maximum execution time of 30 seconds exceeded tässä /repo/wp-content/plugins/full-utf-8/FullUtf8_wpdb.php rivillä 134

2021-01-12T09:31:31+00:00 CRITICAL Maximum execution time of 30 seconds exceeded tässä /var/www/wordpress/wp-includes/formatting.php rivillä 2140

2021-01-12T09:34:26+00:00 CRITICAL Maximum execution time of 30 seconds exceeded tässä /repo/wp-content/plugins/full-utf-8/FullUtf8_wpdb.php rivillä 100

2021-01-12T09:37:23+00:00 CRITICAL Maximum execution time of 30 seconds exceeded tässä /repo/wp-content/plugins/full-utf-8/Ando/Utf8.php rivillä 316

2021-01-12T09:40:26+00:00 CRITICAL Maximum execution time of 30 seconds exceeded tässä /repo/wp-content/plugins/full-utf-8/FullUtf8_wpdb.php rivillä 134

2021-01-12T09:43:17+00:00 CRITICAL Maximum execution time of 30 seconds exceeded tässä /var/www/wordpress/wp-includes/meta.php rivillä 1144

2021-01-12T09:45:25+00:00 CRITICAL Maximum execution time of 30 seconds exceeded tässä /repo/wp-content/plugins/full-utf-8/FullUtf8.php rivillä 89

2021-01-12T09:48:18+00:00 CRITICAL Maximum execution time of 30 seconds exceeded tässä /var/www/wordpress/wp-includes/plugin.php rivillä 930

2021-01-12T09:52:22+00:00 CRITICAL Maximum execution time of 30 seconds exceeded tässä /var/www/wordpress/wp-includes/class-wp-object-cache.php rivillä 281

2021-01-12T09:55:25+00:00 CRITICAL Maximum execution time of 30 seconds exceeded tässä /var/www/wordpress/wp-includes/wp-db.php rivillä 1168

2021-01-12T09:58:22+00:00 CRITICAL Maximum execution time of 30 seconds exceeded tässä /repo/wp-content/plugins/full-utf-8/Ando/Utf8.php rivillä 467

2021-01-12T10:00:24+00:00 CRITICAL Maximum execution time of 30 seconds exceeded tässä /repo/wp-content/plugins/full-utf-8/FullUtf8_wpdb.php rivillä 134

2021-01-12T10:02:30+00:00 CRITICAL Maximum execution time of 30 seconds exceeded tässä /repo/wp-content/plugins/full-utf-8/Ando/Utf8.php rivillä 498

2021-01-12T10:05:20+00:00 CRITICAL Maximum execution time of 30 seconds exceeded tässä /repo/wp-content/plugins/loco-translate/loco.php rivillä 166

2021-01-12T10:07:25+00:00 CRITICAL Maximum execution time of 30 seconds exceeded tässä /var/www/wordpress/wp-includes/wp-db.php rivillä 1370

2021-01-12T10:07:54+00:00 CRITICAL Uncaught Error: Call to undefined function session_write_close() in /repo/wp-content/plugins/woocommerce/includes/libraries/wp-async-request.php:143
Stack trace:
#0 /var/www/wordpress/wp-includes/class-wp-hook.php(287): WP_Async_Request->maybe_handle('')
#1 /var/www/wordpress/wp-includes/class-wp-hook.php(311): WP_Hook->apply_filters('', Array)
#2 /var/www/wordpress/wp-includes/plugin.php(484): WP_Hook->do_action(Array)
#3 /var/www/wordpress/wp-admin/admin-ajax.php(184): do_action('wp_ajax_as_asyn...')
#4 {main}
  thrown tässä /repo/wp-content/plugins/woocommerce/includes/libraries/wp-async-request.php rivillä 143

2021-01-12T10:10:26+00:00 CRITICAL Maximum execution time of 30 seconds exceeded tässä /repo/wp-content/plugins/full-utf-8/Ando/Utf8.php rivillä 298

2021-01-12T10:12:29+00:00 CRITICAL Maximum execution time of 30 seconds exceeded tässä /var/www/wordpress/wp-includes/taxonomy.php rivillä 860

2021-01-12T10:15:20+00:00 CRITICAL Maximum execution time of 30 seconds exceeded tässä /repo/wp-content/plugins/full-utf-8/FullUtf8_wpdb.php rivillä 134

2021-01-12T10:16:17+00:00 CRITICAL Uncaught Error: Call to undefined function session_write_close() in /repo/wp-content/plugins/woocommerce/includes/libraries/wp-async-request.php:143
Stack trace:
#0 /var/www/wordpress/wp-includes/class-wp-hook.php(287): WP_Async_Request->maybe_handle('')
#1 /var/www/wordpress/wp-includes/class-wp-hook.php(311): WP_Hook->apply_filters('', Array)
#2 /var/www/wordpress/wp-includes/plugin.php(484): WP_Hook->do_action(Array)
#3 /var/www/wordpress/wp-admin/admin-ajax.php(184): do_action('wp_ajax_as_asyn...')
#4 {main}
  thrown tässä /repo/wp-content/plugins/woocommerce/includes/libraries/wp-async-request.php rivillä 143

2021-01-12T10:18:20+00:00 CRITICAL Maximum execution time of 30 seconds exceeded tässä /var/www/wordpress/wp-includes/plugin.php rivillä 193

2021-01-12T10:20:19+00:00 CRITICAL Maximum execution time of 30 seconds exceeded tässä /repo/wp-content/plugins/full-utf-8/FullUtf8_wpdb.php rivillä 134

2021-01-12T10:22:22+00:00 CRITICAL Maximum execution time of 30 seconds exceeded tässä /var/www/wordpress/wp-includes/plugin.php rivillä 198

2021-01-12T10:24:20+00:00 CRITICAL Maximum execution time of 30 seconds exceeded tässä /var/www/wordpress/wp-includes/class-wp-object-cache.php rivillä 282

2021-01-12T10:26:20+00:00 CRITICAL Maximum execution time of 30 seconds exceeded tässä /repo/wp-content/plugins/woocommerce/includes/class-wc-autoloader.php rivillä 81

2021-01-12T10:28:21+00:00 CRITICAL Maximum execution time of 30 seconds exceeded tässä /var/www/wordpress/wp-includes/taxonomy.php rivillä 4804

2021-01-12T10:28:47+00:00 CRITICAL Uncaught Error: Call to undefined function session_write_close() in /repo/wp-content/plugins/woocommerce/includes/libraries/wp-async-request.php:143
Stack trace:
#0 /var/www/wordpress/wp-includes/class-wp-hook.php(287): WP_Async_Request->maybe_handle('')
#1 /var/www/wordpress/wp-includes/class-wp-hook.php(311): WP_Hook->apply_filters('', Array)
#2 /var/www/wordpress/wp-includes/plugin.php(484): WP_Hook->do_action(Array)
#3 /var/www/wordpress/wp-admin/admin-ajax.php(184): do_action('wp_ajax_as_asyn...')
#4 {main}
  thrown tässä /repo/wp-content/plugins/woocommerce/includes/libraries/wp-async-request.php rivillä 143

2021-01-12T10:31:20+00:00 CRITICAL Maximum execution time of 30 seconds exceeded tässä /var/www/wordpress/wp-includes/class-wp-hook.php rivillä 265

2021-01-12T10:33:19+00:00 CRITICAL Maximum execution time of 30 seconds exceeded tässä /repo/wp-content/plugins/full-utf-8/FullUtf8_wpdb.php rivillä 134

2021-01-12T10:35:17+00:00 CRITICAL Maximum execution time of 30 seconds exceeded tässä /repo/wp-content/plugins/facebook-for-woocommerce/vendor/skyverge/wc-plugin-framework/woocommerce/utilities/class-sv-wp-background-job-handler.php rivillä 1094

2021-01-12T10:37:24+00:00 CRITICAL Maximum execution time of 30 seconds exceeded tässä /var/www/wordpress/wp-includes/plugin.php rivillä 210

2021-01-12T10:40:21+00:00 CRITICAL Maximum execution time of 30 seconds exceeded tässä /repo/wp-content/plugins/full-utf-8/Ando/Utf8.php rivillä 485

2021-01-12T10:40:36+00:00 CRITICAL Uncaught Error: Call to undefined function session_write_close() in /repo/wp-content/plugins/woocommerce/includes/libraries/wp-async-request.php:143
Stack trace:
#0 /var/www/wordpress/wp-includes/class-wp-hook.php(287): WP_Async_Request->maybe_handle('')
#1 /var/www/wordpress/wp-includes/class-wp-hook.php(311): WP_Hook->apply_filters('', Array)
#2 /var/www/wordpress/wp-includes/plugin.php(484): WP_Hook->do_action(Array)
#3 /var/www/wordpress/wp-admin/admin-ajax.php(184): do_action('wp_ajax_as_asyn...')
#4 {main}
  thrown tässä /repo/wp-content/plugins/woocommerce/includes/libraries/wp-async-request.php rivillä 143

2021-01-12T10:43:19+00:00 CRITICAL Maximum execution time of 30 seconds exceeded tässä /var/www/wordpress/wp-includes/class-wp-meta-query.php rivillä 583

2021-01-12T10:45:22+00:00 CRITICAL Maximum execution time of 30 seconds exceeded tässä /var/www/wordpress/wp-includes/class-wp-term-query.php rivillä 708

2021-01-12T10:47:20+00:00 CRITICAL Maximum execution time of 30 seconds exceeded tässä /repo/wp-content/plugins/full-utf-8/Ando/Utf8.php rivillä 114

2021-01-12T10:49:17+00:00 CRITICAL Maximum execution time of 30 seconds exceeded tässä /repo/wp-content/plugins/full-utf-8/FullUtf8_wpdb.php rivillä 134

2021-01-12T10:51:16+00:00 CRITICAL Maximum execution time of 30 seconds exceeded tässä /var/www/wordpress/wp-includes/class-wp-meta-query.php rivillä 250

2021-01-12T10:53:17+00:00 CRITICAL Maximum execution time of 30 seconds exceeded tässä /repo/wp-content/plugins/full-utf-8/FullUtf8_wpdb.php rivillä 134

2021-01-12T10:55:23+00:00 CRITICAL Maximum execution time of 30 seconds exceeded tässä /repo/wp-content/plugins/woocommerce/includes/class-wc-data-store.php rivillä 100

2021-01-12T10:57:22+00:00 CRITICAL Maximum execution time of 30 seconds exceeded tässä /repo/wp-content/plugins/full-utf-8/Ando/Utf8.php rivillä 114

2021-01-12T10:59:24+00:00 CRITICAL Maximum execution time of 30 seconds exceeded tässä /var/www/wordpress/wp-includes/class-wp-meta-query.php rivillä 442

2021-01-12T11:00:05+00:00 CRITICAL Uncaught Error: Call to undefined function session_write_close() in /repo/wp-content/plugins/woocommerce/includes/libraries/wp-async-request.php:143
Stack trace:
#0 /var/www/wordpress/wp-includes/class-wp-hook.php(287): WP_Async_Request->maybe_handle('')
#1 /var/www/wordpress/wp-includes/class-wp-hook.php(311): WP_Hook->apply_filters('', Array)
#2 /var/www/wordpress/wp-includes/plugin.php(484): WP_Hook->do_action(Array)
#3 /var/www/wordpress/wp-admin/admin-ajax.php(184): do_action('wp_ajax_as_asyn...')
#4 {main}
  thrown tässä /repo/wp-content/plugins/woocommerce/includes/libraries/wp-async-request.php rivillä 143

2021-01-12T11:02:17+00:00 CRITICAL Maximum execution time of 30 seconds exceeded tässä /var/www/wordpress/wp-includes/meta.php rivillä 1046

2021-01-12T11:04:20+00:00 CRITICAL Maximum execution time of 30 seconds exceeded tässä /repo/wp-content/plugins/full-utf-8/FullUtf8_wpdb.php rivillä 64

2021-01-12T11:06:29+00:00 CRITICAL Maximum execution time of 30 seconds exceeded tässä /repo/wp-content/plugins/loco-translate/loco.php rivillä 166

2021-01-12T11:06:57+00:00 CRITICAL Allowed memory size of 134217728 bytes exhausted (tried to allocate 20480 bytes) tässä /var/www/wordpress/wp-includes/taxonomy.php rivillä 3608

2021-01-12T11:07:12+00:00 CRITICAL Uncaught Error: Call to undefined function session_write_close() in /repo/wp-content/plugins/woocommerce/includes/libraries/wp-async-request.php:143
Stack trace:
#0 /var/www/wordpress/wp-includes/class-wp-hook.php(287): WP_Async_Request->maybe_handle('')
#1 /var/www/wordpress/wp-includes/class-wp-hook.php(311): WP_Hook->apply_filters('', Array)
#2 /var/www/wordpress/wp-includes/plugin.php(484): WP_Hook->do_action(Array)
#3 /var/www/wordpress/wp-admin/admin-ajax.php(184): do_action('wp_ajax_as_asyn...')
#4 {main}
  thrown tässä /repo/wp-content/plugins/woocommerce/includes/libraries/wp-async-request.php rivillä 143

2021-01-12T11:09:22+00:00 CRITICAL Maximum execution time of 30 seconds exceeded tässä /var/www/wordpress/wp-includes/class-wp-object-cache.php rivillä 282

2021-01-12T11:09:32+00:00 CRITICAL Uncaught Error: Call to undefined function session_write_close() in /repo/wp-content/plugins/woocommerce/includes/libraries/wp-async-request.php:143
Stack trace:
#0 /var/www/wordpress/wp-includes/class-wp-hook.php(287): WP_Async_Request->maybe_handle('')
#1 /var/www/wordpress/wp-includes/class-wp-hook.php(311): WP_Hook->apply_filters('', Array)
#2 /var/www/wordpress/wp-includes/plugin.php(484): WP_Hook->do_action(Array)
#3 /var/www/wordpress/wp-admin/admin-ajax.php(184): do_action('wp_ajax_as_asyn...')
#4 {main}
  thrown tässä /repo/wp-content/plugins/woocommerce/includes/libraries/wp-async-request.php rivillä 143

2021-01-12T11:12:22+00:00 CRITICAL Maximum execution time of 30 seconds exceeded tässä /repo/wp-content/plugins/woocommerce/includes/data-stores/class-wc-data-store-wp.php rivillä 485

2021-01-12T11:19:14+00:00 CRITICAL Uncaught Error: Call to undefined function session_write_close() in /repo/wp-content/plugins/woocommerce/includes/libraries/wp-async-request.php:143
Stack trace:
#0 /var/www/wordpress/wp-includes/class-wp-hook.php(287): WP_Async_Request->maybe_handle('')
#1 /var/www/wordpress/wp-includes/class-wp-hook.php(311): WP_Hook->apply_filters('', Array)
#2 /var/www/wordpress/wp-includes/plugin.php(484): WP_Hook->do_action(Array)
#3 /var/www/wordpress/wp-admin/admin-ajax.php(184): do_action('wp_ajax_as_asyn...')
#4 {main}
  thrown tässä /repo/wp-content/plugins/woocommerce/includes/libraries/wp-async-request.php rivillä 143

2021-01-12T11:21:19+00:00 CRITICAL Maximum execution time of 30 seconds exceeded tässä /repo/wp-content/plugins/woocommerce/includes/abstracts/abstract-wc-data.php rivillä 667

2021-01-12T11:23:13+00:00 CRITICAL Maximum execution time of 30 seconds exceeded tässä /repo/wp-content/plugins/full-utf-8/FullUtf8_wpdb.php rivillä 77

2021-01-12T11:25:24+00:00 CRITICAL Maximum execution time of 30 seconds exceeded tässä /var/www/wordpress/wp-includes/post.php rivillä 768

2021-01-12T11:25:55+00:00 CRITICAL Uncaught Error: Call to undefined function session_write_close() in /repo/wp-content/plugins/woocommerce/includes/libraries/wp-async-request.php:143
Stack trace:
#0 /var/www/wordpress/wp-includes/class-wp-hook.php(287): WP_Async_Request->maybe_handle('')
#1 /var/www/wordpress/wp-includes/class-wp-hook.php(311): WP_Hook->apply_filters('', Array)
#2 /var/www/wordpress/wp-includes/plugin.php(484): WP_Hook->do_action(Array)
#3 /var/www/wordpress/wp-admin/admin-ajax.php(184): do_action('wp_ajax_as_asyn...')
#4 {main}
  thrown tässä /repo/wp-content/plugins/woocommerce/includes/libraries/wp-async-request.php rivillä 143

2021-01-12T11:28:26+00:00 CRITICAL Maximum execution time of 30 seconds exceeded tässä /repo/wp-content/plugins/full-utf-8/Ando/Utf8.php rivillä 114

2021-01-12T11:31:20+00:00 CRITICAL Maximum execution time of 30 seconds exceeded tässä /repo/wp-content/plugins/woocommerce/includes/wc-term-functions.php rivillä 41

2021-01-12T11:33:22+00:00 CRITICAL Maximum execution time of 30 seconds exceeded tässä /repo/wp-content/plugins/full-utf-8/Ando/Utf8.php rivillä 98

2021-01-12T11:35:21+00:00 CRITICAL Maximum execution time of 30 seconds exceeded tässä /repo/wp-content/plugins/woocommerce/includes/abstracts/abstract-wc-product.php rivillä 1612

2021-01-12T11:37:19+00:00 CRITICAL Maximum execution time of 30 seconds exceeded tässä /var/www/wordpress/wp-includes/plugin.php rivillä 188

2021-01-12T11:39:22+00:00 CRITICAL Maximum execution time of 30 seconds exceeded tässä /var/www/wordpress/wp-includes/plugin.php rivillä 199

2021-01-12T11:42:21+00:00 CRITICAL Maximum execution time of 30 seconds exceeded tässä /var/www/wordpress/wp-includes/class-wp-object-cache.php rivillä 282

2021-01-12T11:44:27+00:00 CRITICAL Maximum execution time of 30 seconds exceeded tässä /repo/wp-content/plugins/woocommerce/includes/abstracts/abstract-wc-product.php rivillä 286

2021-01-12T11:44:37+00:00 CRITICAL Uncaught Error: Call to undefined function session_write_close() in /repo/wp-content/plugins/woocommerce/includes/libraries/wp-async-request.php:143
Stack trace:
#0 /var/www/wordpress/wp-includes/class-wp-hook.php(287): WP_Async_Request->maybe_handle('')
#1 /var/www/wordpress/wp-includes/class-wp-hook.php(311): WP_Hook->apply_filters('', Array)
#2 /var/www/wordpress/wp-includes/plugin.php(484): WP_Hook->do_action(Array)
#3 /var/www/wordpress/wp-admin/admin-ajax.php(184): do_action('wp_ajax_as_asyn...')
#4 {main}
  thrown tässä /repo/wp-content/plugins/woocommerce/includes/libraries/wp-async-request.php rivillä 143

2021-01-12T11:47:23+00:00 CRITICAL Maximum execution time of 30 seconds exceeded tässä /var/www/wordpress/wp-includes/class-wp-term-query.php rivillä 847

2021-01-12T11:47:44+00:00 CRITICAL Uncaught Error: Call to undefined function session_write_close() in /repo/wp-content/plugins/woocommerce/includes/libraries/wp-async-request.php:143
Stack trace:
#0 /var/www/wordpress/wp-includes/class-wp-hook.php(287): WP_Async_Request->maybe_handle('')
#1 /var/www/wordpress/wp-includes/class-wp-hook.php(311): WP_Hook->apply_filters('', Array)
#2 /var/www/wordpress/wp-includes/plugin.php(484): WP_Hook->do_action(Array)
#3 /var/www/wordpress/wp-admin/admin-ajax.php(184): do_action('wp_ajax_as_asyn...')
#4 {main}
  thrown tässä /repo/wp-content/plugins/woocommerce/includes/libraries/wp-async-request.php rivillä 143

2021-01-12T11:50:18+00:00 CRITICAL Maximum execution time of 30 seconds exceeded tässä /repo/wp-content/plugins/woocommerce/includes/wc-term-functions.php rivillä 111

2021-01-12T11:52:20+00:00 CRITICAL Maximum execution time of 30 seconds exceeded tässä /repo/wp-content/plugins/woocommerce/includes/class-wc-product-attribute.php rivillä 280

2021-01-12T11:54:21+00:00 CRITICAL Maximum execution time of 30 seconds exceeded tässä /var/www/wordpress/wp-includes/wp-db.php rivillä 1162

2021-01-12T11:57:16+00:00 CRITICAL Maximum execution time of 30 seconds exceeded tässä /repo/wp-content/plugins/full-utf-8/FullUtf8_wpdb.php rivillä 134

2021-01-12T11:59:25+00:00 CRITICAL Maximum execution time of 30 seconds exceeded tässä /var/www/wordpress/wp-includes/wp-db.php rivillä 1417

2021-01-12T12:02:37+00:00 CRITICAL Maximum execution time of 30 seconds exceeded tässä /repo/wp-content/plugins/woocommerce/includes/class-wc-autoloader.php rivillä 75

2021-01-12T12:05:18+00:00 CRITICAL Maximum execution time of 30 seconds exceeded tässä /var/www/wordpress/wp-includes/taxonomy.php rivillä 1225

2021-01-12T12:07:26+00:00 CRITICAL Maximum execution time of 30 seconds exceeded tässä /var/www/wordpress/wp-includes/functions.php rivillä 4806

2021-01-12T12:09:23+00:00 CRITICAL Maximum execution time of 30 seconds exceeded tässä /repo/wp-content/plugins/full-utf-8/Ando/Utf8.php rivillä 97

2021-01-12T12:12:17+00:00 CRITICAL Maximum execution time of 30 seconds exceeded tässä /var/www/wordpress/wp-includes/plugin.php rivillä 235

2021-01-12T12:14:16+00:00 CRITICAL Maximum execution time of 30 seconds exceeded tässä /repo/wp-content/plugins/full-utf-8/Ando/Utf8.php rivillä 98

2021-01-12T12:16:14+00:00 CRITICAL Maximum execution time of 30 seconds exceeded tässä /var/www/wordpress/wp-includes/class-wp-object-cache.php rivillä 494

2021-01-12T12:18:20+00:00 CRITICAL Maximum execution time of 30 seconds exceeded tässä /repo/wp-content/plugins/woocommerce/includes/abstracts/abstract-wc-data.php rivillä 291

2021-01-12T12:20:16+00:00 CRITICAL Maximum execution time of 30 seconds exceeded tässä /repo/wp-content/plugins/full-utf-8/FullUtf8_wpdb.php rivillä 134

2021-01-12T12:22:20+00:00 CRITICAL Maximum execution time of 30 seconds exceeded tässä /var/www/wordpress/wp-includes/class-wp-hook.php rivillä 265

2021-01-12T12:24:20+00:00 CRITICAL Maximum execution time of 30 seconds exceeded tässä /repo/wp-content/plugins/woocommerce/includes/class-wc-cache-helper.php rivillä 105

2021-01-12T12:26:25+00:00 CRITICAL Maximum execution time of 30 seconds exceeded tässä /var/www/wordpress/wp-includes/class-wp-post.php rivillä 265

2021-01-12T12:29:18+00:00 CRITICAL Maximum execution time of 30 seconds exceeded tässä /var/www/wordpress/wp-includes/wp-db.php rivillä 1370

2021-01-12T12:31:29+00:00 CRITICAL Maximum execution time of 30 seconds exceeded tässä /var/www/wordpress/wp-includes/class-wp-term-query.php rivillä 708

2021-01-12T12:34:28+00:00 CRITICAL Maximum execution time of 30 seconds exceeded tässä /var/www/wordpress/wp-includes/class-wp-term-query.php rivillä 552

2021-01-12T12:37:22+00:00 CRITICAL Maximum execution time of 30 seconds exceeded tässä /repo/wp-content/plugins/woocommerce/packages/action-scheduler/classes/abstracts/ActionScheduler.php rivillä 51

2021-01-12T12:37:39+00:00 CRITICAL Uncaught Error: Call to undefined function session_write_close() in /repo/wp-content/plugins/woocommerce/includes/libraries/wp-async-request.php:143
Stack trace:
#0 /var/www/wordpress/wp-includes/class-wp-hook.php(287): WP_Async_Request->maybe_handle('')
#1 /var/www/wordpress/wp-includes/class-wp-hook.php(311): WP_Hook->apply_filters('', Array)
#2 /var/www/wordpress/wp-includes/plugin.php(484): WP_Hook->do_action(Array)
#3 /var/www/wordpress/wp-admin/admin-ajax.php(184): do_action('wp_ajax_as_asyn...')
#4 {main}
  thrown tässä /repo/wp-content/plugins/woocommerce/includes/libraries/wp-async-request.php rivillä 143

2021-01-12T12:40:17+00:00 CRITICAL Maximum execution time of 30 seconds exceeded tässä /var/www/wordpress/wp-includes/functions.php rivillä 4671

2021-01-12T12:42:14+00:00 CRITICAL Maximum execution time of 30 seconds exceeded tässä /var/www/wordpress/wp-includes/plugin.php rivillä 453

2021-01-12T12:44:14+00:00 CRITICAL Maximum execution time of 30 seconds exceeded tässä /repo/wp-content/plugins/full-utf-8/FullUtf8_wpdb.php rivillä 134

2021-01-12T12:46:17+00:00 CRITICAL Maximum execution time of 30 seconds exceeded tässä /var/www/wordpress/wp-includes/class-wp-object-cache.php rivillä 494

2021-01-12T12:48:16+00:00 CRITICAL Maximum execution time of 30 seconds exceeded tässä /var/www/wordpress/wp-includes/plugin.php rivillä 525

2021-01-12T12:48:21+00:00 CRITICAL Uncaught Error: Call to undefined function session_write_close() in /repo/wp-content/plugins/woocommerce/includes/libraries/wp-async-request.php:143
Stack trace:
#0 /var/www/wordpress/wp-includes/class-wp-hook.php(287): WP_Async_Request->maybe_handle('')
#1 /var/www/wordpress/wp-includes/class-wp-hook.php(311): WP_Hook->apply_filters('', Array)
#2 /var/www/wordpress/wp-includes/plugin.php(484): WP_Hook->do_action(Array)
#3 /var/www/wordpress/wp-admin/admin-ajax.php(184): do_action('wp_ajax_as_asyn...')
#4 {main}
  thrown tässä /repo/wp-content/plugins/woocommerce/includes/libraries/wp-async-request.php rivillä 143

2021-01-12T12:49:41+00:00 CRITICAL Uncaught Error: Call to undefined function session_write_close() in /repo/wp-content/plugins/woocommerce/includes/libraries/wp-background-process.php:161
Stack trace:
#0 /var/www/wordpress/wp-includes/class-wp-hook.php(287): WP_Background_Process->maybe_handle('')
#1 /var/www/wordpress/wp-includes/class-wp-hook.php(311): WP_Hook->apply_filters('', Array)
#2 /var/www/wordpress/wp-includes/plugin.php(484): WP_Hook->do_action(Array)
#3 /var/www/wordpress/wp-admin/admin-ajax.php(199): do_action('wp_ajax_nopriv_...')
#4 {main}
  thrown tässä /repo/wp-content/plugins/woocommerce/includes/libraries/wp-background-process.php rivillä 161

2021-01-12T12:50:16+00:00 CRITICAL Maximum execution time of 30 seconds exceeded tässä /var/www/wordpress/wp-includes/class-wp-term-query.php rivillä 869

2021-01-12T12:52:39+00:00 CRITICAL Maximum execution time of 30 seconds exceeded tässä /repo/wp-content/plugins/woocommerce/includes/wc-attribute-functions.php rivillä 721

2021-01-12T12:55:15+00:00 CRITICAL Maximum execution time of 30 seconds exceeded tässä /repo/wp-content/plugins/woocommerce/includes/class-wc-cache-helper.php rivillä 105

2021-01-12T12:57:15+00:00 CRITICAL Maximum execution time of 30 seconds exceeded tässä /repo/wp-content/plugins/full-utf-8/FullUtf8_wpdb.php rivillä 134

2021-01-12T12:59:18+00:00 CRITICAL Maximum execution time of 30 seconds exceeded tässä /var/www/wordpress/wp-includes/taxonomy.php rivillä 288

2021-01-12T13:01:16+00:00 CRITICAL Maximum execution time of 30 seconds exceeded tässä /repo/wp-content/plugins/full-utf-8/FullUtf8_wpdb.php rivillä 134

2021-01-12T13:03:29+00:00 CRITICAL Maximum execution time of 30 seconds exceeded tässä /var/www/wordpress/wp-includes/class-wp-term-query.php rivillä 656

2021-01-12T13:04:02+00:00 CRITICAL Uncaught Error: Call to undefined function session_write_close() in /repo/wp-content/plugins/woocommerce/includes/libraries/wp-async-request.php:143
Stack trace:
#0 /var/www/wordpress/wp-includes/class-wp-hook.php(287): WP_Async_Request->maybe_handle('')
#1 /var/www/wordpress/wp-includes/class-wp-hook.php(311): WP_Hook->apply_filters('', Array)
#2 /var/www/wordpress/wp-includes/plugin.php(484): WP_Hook->do_action(Array)
#3 /var/www/wordpress/wp-admin/admin-ajax.php(184): do_action('wp_ajax_as_asyn...')
#4 {main}
  thrown tässä /repo/wp-content/plugins/woocommerce/includes/libraries/wp-async-request.php rivillä 143

2021-01-12T13:06:23+00:00 CRITICAL Maximum execution time of 30 seconds exceeded tässä /repo/wp-content/plugins/full-utf-8/FullUtf8_wpdb.php rivillä 134

2021-01-12T13:09:27+00:00 CRITICAL Maximum execution time of 30 seconds exceeded tässä /repo/wp-content/plugins/full-utf-8/FullUtf8_wpdb.php rivillä 134

2021-01-12T13:10:05+00:00 CRITICAL Uncaught Error: Call to undefined function session_write_close() in /repo/wp-content/plugins/woocommerce/includes/libraries/wp-async-request.php:143
Stack trace:
#0 /var/www/wordpress/wp-includes/class-wp-hook.php(287): WP_Async_Request->maybe_handle('')
#1 /var/www/wordpress/wp-includes/class-wp-hook.php(311): WP_Hook->apply_filters('', Array)
#2 /var/www/wordpress/wp-includes/plugin.php(484): WP_Hook->do_action(Array)
#3 /var/www/wordpress/wp-admin/admin-ajax.php(184): do_action('wp_ajax_as_asyn...')
#4 {main}
  thrown tässä /repo/wp-content/plugins/woocommerce/includes/libraries/wp-async-request.php rivillä 143

2021-01-12T13:12:30+00:00 CRITICAL Maximum execution time of 30 seconds exceeded tässä /var/www/wordpress/wp-includes/meta.php rivillä 1078

2021-01-12T13:15:30+00:00 CRITICAL Maximum execution time of 30 seconds exceeded tässä /var/www/wordpress/wp-includes/class-wp-term-query.php rivillä 708

2021-01-12T13:17:44+00:00 CRITICAL Maximum execution time of 30 seconds exceeded tässä /repo/wp-content/plugins/woocommerce/includes/data-stores/class-wc-data-store-wp.php rivillä 184

2021-01-12T13:20:33+00:00 CRITICAL Maximum execution time of 30 seconds exceeded tässä /repo/wp-content/plugins/full-utf-8/FullUtf8_wpdb.php rivillä 134

2021-01-12T13:20:38+00:00 CRITICAL Uncaught Error: Call to undefined function session_write_close() in /repo/wp-content/plugins/woocommerce/includes/libraries/wp-async-request.php:143
Stack trace:
#0 /var/www/wordpress/wp-includes/class-wp-hook.php(287): WP_Async_Request->maybe_handle('')
#1 /var/www/wordpress/wp-includes/class-wp-hook.php(311): WP_Hook->apply_filters('', Array)
#2 /var/www/wordpress/wp-includes/plugin.php(484): WP_Hook->do_action(Array)
#3 /var/www/wordpress/wp-admin/admin-ajax.php(184): do_action('wp_ajax_as_asyn...')
#4 {main}
  thrown tässä /repo/wp-content/plugins/woocommerce/includes/libraries/wp-async-request.php rivillä 143

2021-01-12T13:23:32+00:00 CRITICAL Maximum execution time of 30 seconds exceeded tässä /repo/wp-content/plugins/full-utf-8/FullUtf8_wpdb.php rivillä 134

2021-01-12T13:26:34+00:00 CRITICAL Maximum execution time of 30 seconds exceeded tässä /var/www/wordpress/wp-includes/class-wp-meta-query.php rivillä 321

2021-01-12T13:26:40+00:00 CRITICAL Uncaught Error: Call to undefined function session_write_close() in /repo/wp-content/plugins/woocommerce/includes/libraries/wp-async-request.php:143
Stack trace:
#0 /var/www/wordpress/wp-includes/class-wp-hook.php(287): WP_Async_Request->maybe_handle('')
#1 /var/www/wordpress/wp-includes/class-wp-hook.php(311): WP_Hook->apply_filters('', Array)
#2 /var/www/wordpress/wp-includes/plugin.php(484): WP_Hook->do_action(Array)
#3 /var/www/wordpress/wp-admin/admin-ajax.php(184): do_action('wp_ajax_as_asyn...')
#4 {main}
  thrown tässä /repo/wp-content/plugins/woocommerce/includes/libraries/wp-async-request.php rivillä 143

2021-01-12T13:29:34+00:00 CRITICAL Maximum execution time of 30 seconds exceeded tässä /var/www/wordpress/wp-includes/class-wp-term-query.php rivillä 708

2021-01-12T13:32:38+00:00 CRITICAL Maximum execution time of 30 seconds exceeded tässä /var/www/wordpress/wp-includes/class-wp-term.php rivillä 198

2021-01-12T13:32:43+00:00 CRITICAL Uncaught Error: Call to undefined function session_write_close() in /repo/wp-content/plugins/woocommerce/includes/libraries/wp-async-request.php:143
Stack trace:
#0 /var/www/wordpress/wp-includes/class-wp-hook.php(287): WP_Async_Request->maybe_handle('')
#1 /var/www/wordpress/wp-includes/class-wp-hook.php(311): WP_Hook->apply_filters('', Array)
#2 /var/www/wordpress/wp-includes/plugin.php(484): WP_Hook->do_action(Array)
#3 /var/www/wordpress/wp-admin/admin-ajax.php(184): do_action('wp_ajax_as_asyn...')
#4 {main}
  thrown tässä /repo/wp-content/plugins/woocommerce/includes/libraries/wp-async-request.php rivillä 143

2021-01-12T13:35:35+00:00 CRITICAL Maximum execution time of 30 seconds exceeded tässä /repo/wp-content/plugins/full-utf-8/Ando/Utf8.php rivillä 112

2021-01-12T13:38:29+00:00 CRITICAL Maximum execution time of 30 seconds exceeded tässä /var/www/wordpress/wp-includes/class-wp-hook.php rivillä 284

2021-01-12T13:39:13+00:00 CRITICAL Uncaught Error: Call to undefined function session_write_close() in /repo/wp-content/plugins/woocommerce/includes/libraries/wp-async-request.php:143
Stack trace:
#0 /var/www/wordpress/wp-includes/class-wp-hook.php(287): WP_Async_Request->maybe_handle('')
#1 /var/www/wordpress/wp-includes/class-wp-hook.php(311): WP_Hook->apply_filters('', Array)
#2 /var/www/wordpress/wp-includes/plugin.php(484): WP_Hook->do_action(Array)
#3 /var/www/wordpress/wp-admin/admin-ajax.php(199): do_action('wp_ajax_nopriv_...')
#4 {main}
  thrown tässä /repo/wp-content/plugins/woocommerce/includes/libraries/wp-async-request.php rivillä 143

2021-01-12T13:41:30+00:00 CRITICAL Maximum execution time of 30 seconds exceeded tässä /repo/wp-content/plugins/full-utf-8/FullUtf8_wpdb.php rivillä 67

2021-01-12T13:43:39+00:00 CRITICAL Maximum execution time of 30 seconds exceeded tässä /var/www/wordpress/wp-includes/class-wp-object-cache.php rivillä 282

2021-01-12T13:46:32+00:00 CRITICAL Maximum execution time of 30 seconds exceeded tässä /repo/wp-content/plugins/full-utf-8/FullUtf8_wpdb.php rivillä 134

2021-01-12T13:47:12+00:00 CRITICAL Uncaught Error: Call to undefined function session_write_close() in /repo/wp-content/plugins/woocommerce/includes/libraries/wp-async-request.php:143
Stack trace:
#0 /var/www/wordpress/wp-includes/class-wp-hook.php(287): WP_Async_Request->maybe_handle('')
#1 /var/www/wordpress/wp-includes/class-wp-hook.php(311): WP_Hook->apply_filters('', Array)
#2 /var/www/wordpress/wp-includes/plugin.php(484): WP_Hook->do_action(Array)
#3 /var/www/wordpress/wp-admin/admin-ajax.php(184): do_action('wp_ajax_as_asyn...')
#4 {main}
  thrown tässä /repo/wp-content/plugins/woocommerce/includes/libraries/wp-async-request.php rivillä 143

2021-01-12T13:47:12+00:00 CRITICAL Uncaught Error: Call to undefined function session_write_close() in /repo/wp-content/plugins/woocommerce/includes/libraries/wp-async-request.php:143
Stack trace:
#0 /var/www/wordpress/wp-includes/class-wp-hook.php(287): WP_Async_Request->maybe_handle('')
#1 /var/www/wordpress/wp-includes/class-wp-hook.php(311): WP_Hook->apply_filters('', Array)
#2 /var/www/wordpress/wp-includes/plugin.php(484): WP_Hook->do_action(Array)
#3 /var/www/wordpress/wp-admin/admin-ajax.php(199): do_action('wp_ajax_nopriv_...')
#4 {main}
  thrown tässä /repo/wp-content/plugins/woocommerce/includes/libraries/wp-async-request.php rivillä 143

2021-01-12T13:49:22+00:00 CRITICAL Maximum execution time of 30 seconds exceeded tässä /var/www/wordpress/wp-includes/functions.php rivillä 624

2021-01-12T13:49:35+00:00 CRITICAL Uncaught Error: Call to undefined function session_write_close() in /repo/wp-content/plugins/woocommerce/includes/libraries/wp-async-request.php:143
Stack trace:
#0 /var/www/wordpress/wp-includes/class-wp-hook.php(287): WP_Async_Request->maybe_handle('')
#1 /var/www/wordpress/wp-includes/class-wp-hook.php(311): WP_Hook->apply_filters('', Array)
#2 /var/www/wordpress/wp-includes/plugin.php(484): WP_Hook->do_action(Array)
#3 /var/www/wordpress/wp-admin/admin-ajax.php(184): do_action('wp_ajax_as_asyn...')
#4 {main}
  thrown tässä /repo/wp-content/plugins/woocommerce/includes/libraries/wp-async-request.php rivillä 143

2021-01-12T13:52:21+00:00 CRITICAL Maximum execution time of 30 seconds exceeded tässä /repo/wp-content/plugins/full-utf-8/FullUtf8_wpdb.php rivillä 90

2021-01-12T13:54:26+00:00 CRITICAL Maximum execution time of 30 seconds exceeded tässä /var/www/wordpress/wp-includes/plugin.php rivillä 198

2021-01-12T13:55:14+00:00 CRITICAL Uncaught Error: Call to undefined function session_write_close() in /repo/wp-content/plugins/woocommerce/includes/libraries/wp-async-request.php:143
Stack trace:
#0 /var/www/wordpress/wp-includes/class-wp-hook.php(287): WP_Async_Request->maybe_handle('')
#1 /var/www/wordpress/wp-includes/class-wp-hook.php(311): WP_Hook->apply_filters('', Array)
#2 /var/www/wordpress/wp-includes/plugin.php(484): WP_Hook->do_action(Array)
#3 /var/www/wordpress/wp-admin/admin-ajax.php(184): do_action('wp_ajax_as_asyn...')
#4 {main}
  thrown tässä /repo/wp-content/plugins/woocommerce/includes/libraries/wp-async-request.php rivillä 143

2021-01-12T13:57:27+00:00 CRITICAL Maximum execution time of 30 seconds exceeded tässä /var/www/wordpress/wp-includes/plugin.php rivillä 198

2021-01-12T14:00:33+00:00 CRITICAL Maximum execution time of 30 seconds exceeded tässä /repo/wp-content/plugins/full-utf-8/FullUtf8_wpdb.php rivillä 88

2021-01-12T14:00:56+00:00 CRITICAL Uncaught Error: Call to undefined function session_write_close() in /repo/wp-content/plugins/woocommerce/includes/libraries/wp-async-request.php:143
Stack trace:
#0 /var/www/wordpress/wp-includes/class-wp-hook.php(287): WP_Async_Request->maybe_handle('')
#1 /var/www/wordpress/wp-includes/class-wp-hook.php(311): WP_Hook->apply_filters('', Array)
#2 /var/www/wordpress/wp-includes/plugin.php(484): WP_Hook->do_action(Array)
#3 /var/www/wordpress/wp-admin/admin-ajax.php(199): do_action('wp_ajax_nopriv_...')
#4 {main}
  thrown tässä /repo/wp-content/plugins/woocommerce/includes/libraries/wp-async-request.php rivillä 143

2021-01-12T14:03:35+00:00 CRITICAL Maximum execution time of 30 seconds exceeded tässä /var/www/wordpress/wp-includes/class-wp-hook.php rivillä 284

2021-01-12T14:04:11+00:00 CRITICAL Uncaught Error: Call to undefined function session_write_close() in /repo/wp-content/plugins/woocommerce/includes/libraries/wp-async-request.php:143
Stack trace:
#0 /var/www/wordpress/wp-includes/class-wp-hook.php(287): WP_Async_Request->maybe_handle('')
#1 /var/www/wordpress/wp-includes/class-wp-hook.php(311): WP_Hook->apply_filters('', Array)
#2 /var/www/wordpress/wp-includes/plugin.php(484): WP_Hook->do_action(Array)
#3 /var/www/wordpress/wp-admin/admin-ajax.php(184): do_action('wp_ajax_as_asyn...')
#4 {main}
  thrown tässä /repo/wp-content/plugins/woocommerce/includes/libraries/wp-async-request.php rivillä 143

2021-01-12T14:06:26+00:00 CRITICAL Maximum execution time of 30 seconds exceeded tässä /repo/wp-content/plugins/full-utf-8/Ando/Utf8.php rivillä 112

2021-01-12T14:06:28+00:00 CRITICAL Uncaught Error: Call to undefined function session_write_close() in /repo/wp-content/plugins/woocommerce/includes/libraries/wp-async-request.php:143
Stack trace:
#0 /var/www/wordpress/wp-includes/class-wp-hook.php(287): WP_Async_Request->maybe_handle('')
#1 /var/www/wordpress/wp-includes/class-wp-hook.php(311): WP_Hook->apply_filters('', Array)
#2 /var/www/wordpress/wp-includes/plugin.php(484): WP_Hook->do_action(Array)
#3 /var/www/wordpress/wp-admin/admin-ajax.php(184): do_action('wp_ajax_as_asyn...')
#4 {main}
  thrown tässä /repo/wp-content/plugins/woocommerce/includes/libraries/wp-async-request.php rivillä 143

2021-01-12T14:09:23+00:00 CRITICAL Maximum execution time of 30 seconds exceeded tässä /repo/wp-content/plugins/full-utf-8/FullUtf8_wpdb.php rivillä 134

2021-01-12T14:12:38+00:00 CRITICAL Maximum execution time of 30 seconds exceeded tässä /var/www/wordpress/wp-includes/taxonomy.php rivillä 264

2021-01-12T14:12:52+00:00 CRITICAL Uncaught Error: Call to undefined function session_write_close() in /repo/wp-content/plugins/woocommerce/includes/libraries/wp-async-request.php:143
Stack trace:
#0 /var/www/wordpress/wp-includes/class-wp-hook.php(287): WP_Async_Request->maybe_handle('')
#1 /var/www/wordpress/wp-includes/class-wp-hook.php(311): WP_Hook->apply_filters('', Array)
#2 /var/www/wordpress/wp-includes/plugin.php(484): WP_Hook->do_action(Array)
#3 /var/www/wordpress/wp-admin/admin-ajax.php(184): do_action('wp_ajax_as_asyn...')
#4 {main}
  thrown tässä /repo/wp-content/plugins/woocommerce/includes/libraries/wp-async-request.php rivillä 143

2021-01-12T14:15:25+00:00 CRITICAL Maximum execution time of 30 seconds exceeded tässä /repo/wp-content/plugins/full-utf-8/FullUtf8_wpdb.php rivillä 134

2021-01-12T14:17:32+00:00 CRITICAL Maximum execution time of 30 seconds exceeded tässä /var/www/wordpress/wp-includes/plugin.php rivillä 193

2021-01-12T14:18:13+00:00 CRITICAL Uncaught Error: Call to undefined function session_write_close() in /repo/wp-content/plugins/woocommerce/includes/libraries/wp-async-request.php:143
Stack trace:
#0 /var/www/wordpress/wp-includes/class-wp-hook.php(287): WP_Async_Request->maybe_handle('')
#1 /var/www/wordpress/wp-includes/class-wp-hook.php(311): WP_Hook->apply_filters('', Array)
#2 /var/www/wordpress/wp-includes/plugin.php(484): WP_Hook->do_action(Array)
#3 /var/www/wordpress/wp-admin/admin-ajax.php(184): do_action('wp_ajax_as_asyn...')
#4 {main}
  thrown tässä /repo/wp-content/plugins/woocommerce/includes/libraries/wp-async-request.php rivillä 143

2021-01-12T14:20:28+00:00 CRITICAL Maximum execution time of 30 seconds exceeded tässä /var/www/wordpress/wp-includes/post.php rivillä 763

2021-01-12T14:23:26+00:00 CRITICAL Maximum execution time of 30 seconds exceeded tässä /repo/wp-content/plugins/woocommerce/includes/class-wc-product-factory.php rivillä 109

2021-01-12T14:24:18+00:00 CRITICAL Uncaught Error: Call to undefined function session_write_close() in /repo/wp-content/plugins/woocommerce/includes/libraries/wp-async-request.php:143
Stack trace:
#0 /var/www/wordpress/wp-includes/class-wp-hook.php(287): WP_Async_Request->maybe_handle('')
#1 /var/www/wordpress/wp-includes/class-wp-hook.php(311): WP_Hook->apply_filters('', Array)
#2 /var/www/wordpress/wp-includes/plugin.php(484): WP_Hook->do_action(Array)
#3 /var/www/wordpress/wp-admin/admin-ajax.php(184): do_action('wp_ajax_as_asyn...')
#4 {main}
  thrown tässä /repo/wp-content/plugins/woocommerce/includes/libraries/wp-async-request.php rivillä 143

2021-01-12T14:26:24+00:00 CRITICAL Maximum execution time of 30 seconds exceeded tässä /var/www/wordpress/wp-includes/class-wp-object-cache.php rivillä 494

2021-01-12T14:29:26+00:00 CRITICAL Maximum execution time of 30 seconds exceeded tässä /repo/wp-content/plugins/full-utf-8/FullUtf8_wpdb.php rivillä 134

2021-01-12T14:35:25+00:00 CRITICAL Maximum execution time of 30 seconds exceeded tässä /var/www/wordpress/wp-includes/class-wp-object-cache.php rivillä 282

2021-01-12T14:36:04+00:00 CRITICAL Uncaught Error: Call to undefined function session_write_close() in /repo/wp-content/plugins/woocommerce/includes/libraries/wp-async-request.php:143
Stack trace:
#0 /var/www/wordpress/wp-includes/class-wp-hook.php(287): WP_Async_Request->maybe_handle('')
#1 /var/www/wordpress/wp-includes/class-wp-hook.php(311): WP_Hook->apply_filters('', Array)
#2 /var/www/wordpress/wp-includes/plugin.php(484): WP_Hook->do_action(Array)
#3 /var/www/wordpress/wp-admin/admin-ajax.php(184): do_action('wp_ajax_as_asyn...')
#4 {main}
  thrown tässä /repo/wp-content/plugins/woocommerce/includes/libraries/wp-async-request.php rivillä 143

2021-01-12T14:38:31+00:00 CRITICAL Maximum execution time of 30 seconds exceeded tässä /repo/wp-content/plugins/full-utf-8/Ando/Utf8.php rivillä 98

2021-01-12T14:38:57+00:00 CRITICAL Uncaught Error: Call to undefined function session_write_close() in /repo/wp-content/plugins/woocommerce/includes/libraries/wp-async-request.php:143
Stack trace:
#0 /var/www/wordpress/wp-includes/class-wp-hook.php(287): WP_Async_Request->maybe_handle('')
#1 /var/www/wordpress/wp-includes/class-wp-hook.php(311): WP_Hook->apply_filters('', Array)
#2 /var/www/wordpress/wp-includes/plugin.php(484): WP_Hook->do_action(Array)
#3 /var/www/wordpress/wp-admin/admin-ajax.php(184): do_action('wp_ajax_as_asyn...')
#4 {main}
  thrown tässä /repo/wp-content/plugins/woocommerce/includes/libraries/wp-async-request.php rivillä 143

2021-01-12T14:41:24+00:00 CRITICAL Maximum execution time of 30 seconds exceeded tässä /var/www/wordpress/wp-includes/plugin.php rivillä 214

2021-01-12T14:44:28+00:00 CRITICAL Maximum execution time of 30 seconds exceeded tässä /repo/wp-content/plugins/full-utf-8/FullUtf8_wpdb.php rivillä 134

2021-01-12T14:45:00+00:00 CRITICAL Uncaught Error: Call to undefined function session_write_close() in /repo/wp-content/plugins/woocommerce/includes/libraries/wp-async-request.php:143
Stack trace:
#0 /var/www/wordpress/wp-includes/class-wp-hook.php(287): WP_Async_Request->maybe_handle('')
#1 /var/www/wordpress/wp-includes/class-wp-hook.php(311): WP_Hook->apply_filters('', Array)
#2 /var/www/wordpress/wp-includes/plugin.php(484): WP_Hook->do_action(Array)
#3 /var/www/wordpress/wp-admin/admin-ajax.php(184): do_action('wp_ajax_as_asyn...')
#4 {main}
  thrown tässä /repo/wp-content/plugins/woocommerce/includes/libraries/wp-async-request.php rivillä 143

2021-01-12T14:47:25+00:00 CRITICAL Maximum execution time of 30 seconds exceeded tässä /repo/wp-content/plugins/woocommerce/includes/wc-term-functions.php rivillä 56

2021-01-12T14:50:27+00:00 CRITICAL Maximum execution time of 30 seconds exceeded tässä /repo/wp-content/plugins/facebook-for-woocommerce/includes/Products.php rivillä 433

2021-01-12T14:51:03+00:00 CRITICAL Uncaught Error: Call to undefined function session_write_close() in /repo/wp-content/plugins/woocommerce/includes/libraries/wp-async-request.php:143
Stack trace:
#0 /var/www/wordpress/wp-includes/class-wp-hook.php(287): WP_Async_Request->maybe_handle('')
#1 /var/www/wordpress/wp-includes/class-wp-hook.php(311): WP_Hook->apply_filters('', Array)
#2 /var/www/wordpress/wp-includes/plugin.php(484): WP_Hook->do_action(Array)
#3 /var/www/wordpress/wp-admin/admin-ajax.php(184): do_action('wp_ajax_as_asyn...')
#4 {main}
  thrown tässä /repo/wp-content/plugins/woocommerce/includes/libraries/wp-async-request.php rivillä 143

2021-01-12T14:53:25+00:00 CRITICAL Maximum execution time of 30 seconds exceeded tässä /var/www/wordpress/wp-includes/plugin.php rivillä 930

2021-01-12T14:54:14+00:00 CRITICAL Uncaught Error: Call to undefined function session_write_close() in /repo/wp-content/plugins/woocommerce/includes/libraries/wp-async-request.php:143
Stack trace:
#0 /var/www/wordpress/wp-includes/class-wp-hook.php(287): WP_Async_Request->maybe_handle('')
#1 /var/www/wordpress/wp-includes/class-wp-hook.php(311): WP_Hook->apply_filters('', Array)
#2 /var/www/wordpress/wp-includes/plugin.php(484): WP_Hook->do_action(Array)
#3 /var/www/wordpress/wp-admin/admin-ajax.php(184): do_action('wp_ajax_as_asyn...')
#4 {main}
  thrown tässä /repo/wp-content/plugins/woocommerce/includes/libraries/wp-async-request.php rivillä 143

2021-01-12T14:56:32+00:00 CRITICAL Maximum execution time of 30 seconds exceeded tässä /repo/wp-content/plugins/woocommerce/includes/abstracts/abstract-wc-product.php rivillä 1594

2021-01-12T14:59:27+00:00 CRITICAL Maximum execution time of 30 seconds exceeded tässä /repo/wp-content/plugins/full-utf-8/FullUtf8_wpdb.php rivillä 88

2021-01-12T15:00:21+00:00 CRITICAL Uncaught Error: Call to undefined function session_write_close() in /repo/wp-content/plugins/woocommerce/includes/libraries/wp-async-request.php:143
Stack trace:
#0 /var/www/wordpress/wp-includes/class-wp-hook.php(287): WP_Async_Request->maybe_handle('')
#1 /var/www/wordpress/wp-includes/class-wp-hook.php(311): WP_Hook->apply_filters('', Array)
#2 /var/www/wordpress/wp-includes/plugin.php(484): WP_Hook->do_action(Array)
#3 /var/www/wordpress/wp-admin/admin-ajax.php(184): do_action('wp_ajax_as_asyn...')
#4 {main}
  thrown tässä /repo/wp-content/plugins/woocommerce/includes/libraries/wp-async-request.php rivillä 143

2021-01-12T15:02:38+00:00 CRITICAL Maximum execution time of 30 seconds exceeded tässä /repo/wp-content/plugins/facebook-for-woocommerce/vendor/skyverge/wc-plugin-framework/woocommerce/utilities/class-sv-wp-background-job-handler.php rivillä 1094

2021-01-12T15:05:30+00:00 CRITICAL Maximum execution time of 30 seconds exceeded tässä /var/www/wordpress/wp-includes/class-wp-term-query.php rivillä 878

