2021-02-06T00:02:01+00:00 CRITICAL Maximum execution time of 30 seconds exceeded tässä /var/www/wordpress/wp-includes/taxonomy.php rivillä 1548

2021-02-06T00:05:05+00:00 CRITICAL Maximum execution time of 30 seconds exceeded tässä /repo/wp-content/plugins/cloudinary-image-management-and-manipulation-in-the-cloud-cdn/php/class-plugin.php rivillä 499

2021-02-06T00:08:06+00:00 CRITICAL Maximum execution time of 30 seconds exceeded tässä /repo/wp-content/plugins/full-utf-8/Ando/Utf8.php rivillä 114

2021-02-06T00:11:05+00:00 CRITICAL Maximum execution time of 30 seconds exceeded tässä /var/www/wordpress/wp-includes/functions.php rivillä 4522

2021-02-06T00:14:07+00:00 CRITICAL Maximum execution time of 30 seconds exceeded tässä /var/www/wordpress/wp-includes/functions.php rivillä 4671

2021-02-06T00:17:07+00:00 CRITICAL Maximum execution time of 30 seconds exceeded tässä /repo/wp-content/plugins/woocommerce/includes/wc-term-functions.php rivillä 31

2021-02-06T00:20:02+00:00 CRITICAL Maximum execution time of 30 seconds exceeded tässä /repo/wp-content/plugins/full-utf-8/Ando/Utf8.php rivillä 98

2021-02-06T00:23:02+00:00 CRITICAL Maximum execution time of 30 seconds exceeded tässä /var/www/wordpress/wp-includes/cache.php rivillä 122

2021-02-06T00:25:54+00:00 CRITICAL Maximum execution time of 30 seconds exceeded tässä /var/www/wordpress/wp-includes/class-wp-hook.php rivillä 284

2021-02-06T00:28:57+00:00 CRITICAL Maximum execution time of 30 seconds exceeded tässä /repo/wp-content/plugins/woocommerce/includes/abstracts/abstract-wc-deprecated-hooks.php rivillä 69

2021-02-06T00:31:53+00:00 CRITICAL Maximum execution time of 30 seconds exceeded tässä /repo/wp-content/plugins/full-utf-8/FullUtf8_wpdb.php rivillä 100

2021-02-06T00:34:57+00:00 CRITICAL Maximum execution time of 30 seconds exceeded tässä /repo/wp-content/plugins/full-utf-8/FullUtf8_wpdb.php rivillä 134

2021-02-06T00:37:58+00:00 CRITICAL Maximum execution time of 30 seconds exceeded tässä /repo/wp-content/plugins/full-utf-8/Ando/Utf8.php rivillä 498

2021-02-06T00:40:55+00:00 CRITICAL Maximum execution time of 30 seconds exceeded tässä /var/www/wordpress/wp-includes/load.php rivillä 1504

2021-02-06T00:43:51+00:00 CRITICAL Maximum execution time of 30 seconds exceeded tässä /var/www/wordpress/wp-includes/plugin.php rivillä 199

2021-02-06T00:45:56+00:00 CRITICAL Maximum execution time of 30 seconds exceeded tässä /var/www/wordpress/wp-includes/wp-db.php rivillä 2119

2021-02-06T00:48:55+00:00 CRITICAL Maximum execution time of 30 seconds exceeded tässä /repo/wp-content/plugins/woo-gutenberg-products-block/vendor/jetpack-autoloader/class-version-loader.php rivillä 126

2021-02-06T00:52:00+00:00 CRITICAL Maximum execution time of 30 seconds exceeded tässä /var/www/wordpress/wp-includes/class-wp-term-query.php rivillä 656

2021-02-06T00:55:01+00:00 CRITICAL Maximum execution time of 30 seconds exceeded tässä /var/www/wordpress/wp-includes/option.php rivillä 158

2021-02-06T00:58:00+00:00 CRITICAL Maximum execution time of 30 seconds exceeded tässä /repo/wp-content/plugins/full-utf-8/FullUtf8_wpdb.php rivillä 134

2021-02-06T01:01:02+00:00 CRITICAL Maximum execution time of 30 seconds exceeded tässä /var/www/wordpress/wp-includes/taxonomy.php rivillä 1580

2021-02-06T01:04:02+00:00 CRITICAL Maximum execution time of 30 seconds exceeded tässä /var/www/wordpress/wp-includes/class-wp-object-cache.php rivillä 494

2021-02-06T01:07:03+00:00 CRITICAL Maximum execution time of 30 seconds exceeded tässä /var/www/wordpress/wp-includes/wp-db.php rivillä 1596

2021-02-06T01:10:01+00:00 CRITICAL Maximum execution time of 30 seconds exceeded tässä /var/www/wordpress/wp-includes/plugin.php rivillä 453

2021-02-06T01:13:01+00:00 CRITICAL Maximum execution time of 30 seconds exceeded tässä /var/www/wordpress/wp-includes/meta.php rivillä 1070

2021-02-06T01:16:04+00:00 CRITICAL Maximum execution time of 30 seconds exceeded tässä /repo/wp-content/plugins/full-utf-8/Ando/Utf8.php rivillä 98

2021-02-06T01:19:04+00:00 CRITICAL Maximum execution time of 30 seconds exceeded tässä /repo/wp-content/plugins/full-utf-8/Ando/Utf8.php rivillä 98

2021-02-06T01:22:09+00:00 CRITICAL Maximum execution time of 30 seconds exceeded tässä /var/www/wordpress/wp-includes/class-wp-meta-query.php rivillä 454

2021-02-06T01:25:06+00:00 CRITICAL Maximum execution time of 30 seconds exceeded tässä /repo/wp-content/plugins/full-utf-8/FullUtf8_wpdb.php rivillä 134

2021-02-06T01:28:05+00:00 CRITICAL Maximum execution time of 30 seconds exceeded tässä /repo/wp-content/plugins/full-utf-8/FullUtf8_wpdb.php rivillä 134

2021-02-06T01:31:06+00:00 CRITICAL Maximum execution time of 30 seconds exceeded tässä /var/www/wordpress/wp-includes/taxonomy.php rivillä 2136

2021-02-06T01:34:01+00:00 CRITICAL Maximum execution time of 30 seconds exceeded tässä /var/www/wordpress/wp-includes/taxonomy.php rivillä 288

2021-02-06T01:36:58+00:00 CRITICAL Maximum execution time of 30 seconds exceeded tässä /var/www/wordpress/wp-includes/class-wp-term-query.php rivillä 708

2021-02-06T01:40:02+00:00 CRITICAL Maximum execution time of 30 seconds exceeded tässä /repo/wp-content/plugins/full-utf-8/Ando/Utf8.php rivillä 114

2021-02-06T01:42:58+00:00 CRITICAL Maximum execution time of 30 seconds exceeded tässä /var/www/wordpress/wp-includes/class-wp-term-query.php rivillä 189

2021-02-06T01:45:55+00:00 CRITICAL Maximum execution time of 30 seconds exceeded tässä /repo/wp-content/plugins/full-utf-8/Ando/Utf8.php rivillä 498

2021-02-06T01:48:53+00:00 CRITICAL Maximum execution time of 30 seconds exceeded tässä /var/www/wordpress/wp-includes/functions.php rivillä 624

2021-02-06T01:51:56+00:00 CRITICAL Maximum execution time of 30 seconds exceeded tässä /var/www/wordpress/wp-includes/taxonomy.php rivillä 2054

2021-02-06T01:54:58+00:00 CRITICAL Maximum execution time of 30 seconds exceeded tässä /repo/wp-content/plugins/full-utf-8/Ando/Utf8.php rivillä 485

2021-02-06T01:57:57+00:00 CRITICAL Maximum execution time of 30 seconds exceeded tässä /repo/wp-content/plugins/full-utf-8/FullUtf8_wpdb.php rivillä 100

2021-02-06T02:01:00+00:00 CRITICAL Maximum execution time of 30 seconds exceeded tässä /repo/wp-content/plugins/full-utf-8/FullUtf8.php rivillä 76

2021-02-06T02:03:58+00:00 CRITICAL Maximum execution time of 30 seconds exceeded tässä /repo/wp-content/plugins/woocommerce/includes/wc-attribute-functions.php rivillä 176

2021-02-06T02:07:05+00:00 CRITICAL Maximum execution time of 30 seconds exceeded tässä /var/www/wordpress/wp-includes/class-wp-object-cache.php rivillä 157

2021-02-06T02:09:59+00:00 CRITICAL Maximum execution time of 30 seconds exceeded tässä /var/www/wordpress/wp-includes/cache.php rivillä 122

2021-02-06T02:12:58+00:00 CRITICAL Maximum execution time of 30 seconds exceeded tässä /repo/wp-content/plugins/woocommerce/includes/abstracts/abstract-wc-data.php rivillä 177

2021-02-06T02:15:58+00:00 CRITICAL Maximum execution time of 30 seconds exceeded tässä /repo/wp-content/plugins/full-utf-8/FullUtf8_wpdb.php rivillä 100

2021-02-06T02:19:01+00:00 CRITICAL Maximum execution time of 30 seconds exceeded tässä /var/www/wordpress/wp-includes/functions.php rivillä 4806

2021-02-06T02:22:00+00:00 CRITICAL Maximum execution time of 30 seconds exceeded tässä /repo/wp-content/plugins/full-utf-8/Ando/Utf8.php rivillä 498

2021-02-06T02:24:58+00:00 CRITICAL Maximum execution time of 30 seconds exceeded tässä /repo/wp-content/plugins/full-utf-8/Ando/Utf8.php rivillä 112

2021-02-06T02:28:07+00:00 CRITICAL Maximum execution time of 30 seconds exceeded tässä /repo/wp-content/plugins/full-utf-8/FullUtf8_wpdb.php rivillä 134

2021-02-06T02:31:07+00:00 CRITICAL Maximum execution time of 30 seconds exceeded tässä /var/www/wordpress/wp-includes/wp-db.php rivillä 1370

2021-02-06T02:34:03+00:00 CRITICAL Maximum execution time of 30 seconds exceeded tässä /var/www/wordpress/wp-includes/post.php rivillä 6182

2021-02-06T02:37:05+00:00 CRITICAL Maximum execution time of 30 seconds exceeded tässä /repo/wp-content/plugins/full-utf-8/FullUtf8_wpdb.php rivillä 134

2021-02-06T02:40:03+00:00 CRITICAL Maximum execution time of 30 seconds exceeded tässä /var/www/wordpress/wp-includes/class-wp-term-query.php rivillä 708

2021-02-06T02:43:01+00:00 CRITICAL Maximum execution time of 30 seconds exceeded tässä /repo/wp-content/plugins/full-utf-8/FullUtf8_wpdb.php rivillä 134

2021-02-06T02:46:05+00:00 CRITICAL Maximum execution time of 30 seconds exceeded tässä /repo/wp-content/plugins/full-utf-8/FullUtf8.php rivillä 89

2021-02-06T02:49:04+00:00 CRITICAL Maximum execution time of 30 seconds exceeded tässä /repo/wp-content/plugins/full-utf-8/Ando/Utf8.php rivillä 98

2021-02-06T02:52:01+00:00 CRITICAL Maximum execution time of 30 seconds exceeded tässä /var/www/wordpress/wp-includes/class-wp-term-query.php rivillä 461

2021-02-06T02:55:06+00:00 CRITICAL Maximum execution time of 30 seconds exceeded tässä /var/www/wordpress/wp-includes/class-wp-hook.php rivillä 284

2021-02-06T02:58:10+00:00 CRITICAL Maximum execution time of 30 seconds exceeded tässä /var/www/wordpress/wp-includes/class-wp-object-cache.php rivillä 494

2021-02-06T03:01:04+00:00 CRITICAL Maximum execution time of 30 seconds exceeded tässä /repo/wp-content/plugins/full-utf-8/Ando/Utf8.php rivillä 485

2021-02-06T03:04:06+00:00 CRITICAL Maximum execution time of 30 seconds exceeded tässä /repo/wp-content/plugins/wordpress-seo/wp-seo-main.php rivillä 67

2021-02-06T03:07:04+00:00 CRITICAL Maximum execution time of 30 seconds exceeded tässä /repo/wp-content/plugins/woocommerce/includes/data-stores/class-wc-data-store-wp.php rivillä 64

2021-02-06T03:10:03+00:00 CRITICAL Maximum execution time of 30 seconds exceeded tässä /repo/wp-content/plugins/woocommerce/includes/abstracts/abstract-wc-data.php rivillä 793

2021-02-06T03:13:00+00:00 CRITICAL Maximum execution time of 30 seconds exceeded tässä /repo/wp-content/plugins/full-utf-8/Ando/Utf8.php rivillä 97

2021-02-06T03:13:36+00:00 CRITICAL Uncaught Error: Call to undefined function session_write_close() in /repo/wp-content/plugins/woocommerce/includes/libraries/wp-async-request.php:143
Stack trace:
#0 /var/www/wordpress/wp-includes/class-wp-hook.php(287): WP_Async_Request->maybe_handle('')
#1 /var/www/wordpress/wp-includes/class-wp-hook.php(311): WP_Hook->apply_filters('', Array)
#2 /var/www/wordpress/wp-includes/plugin.php(484): WP_Hook->do_action(Array)
#3 /var/www/wordpress/wp-admin/admin-ajax.php(184): do_action('wp_ajax_as_asyn...')
#4 {main}
  thrown tässä /repo/wp-content/plugins/woocommerce/includes/libraries/wp-async-request.php rivillä 143

2021-02-06T03:16:03+00:00 CRITICAL Maximum execution time of 30 seconds exceeded tässä /repo/wp-content/plugins/woocommerce/includes/class-wc-product-attribute.php rivillä 236

2021-02-06T03:18:56+00:00 CRITICAL Maximum execution time of 30 seconds exceeded tässä /repo/wp-content/plugins/full-utf-8/FullUtf8_wpdb.php rivillä 134

2021-02-06T03:22:04+00:00 CRITICAL Maximum execution time of 30 seconds exceeded tässä /var/www/wordpress/wp-includes/taxonomy.php rivillä 1215

2021-02-06T03:24:57+00:00 CRITICAL Maximum execution time of 30 seconds exceeded tässä /var/www/wordpress/wp-includes/category-template.php rivillä 1297

2021-02-06T03:28:00+00:00 CRITICAL Maximum execution time of 30 seconds exceeded tässä /repo/wp-content/plugins/woocommerce/includes/data-stores/class-wc-data-store-wp.php rivillä 111

2021-02-06T03:30:57+00:00 CRITICAL Maximum execution time of 30 seconds exceeded tässä /repo/wp-content/plugins/full-utf-8/FullUtf8_wpdb.php rivillä 134

2021-02-06T03:33:53+00:00 CRITICAL Maximum execution time of 30 seconds exceeded tässä /repo/wp-content/plugins/full-utf-8/Ando/Utf8.php rivillä 98

2021-02-06T03:36:54+00:00 CRITICAL Maximum execution time of 30 seconds exceeded tässä /var/www/wordpress/wp-includes/meta.php rivillä 1140

2021-02-06T03:40:00+00:00 CRITICAL Maximum execution time of 30 seconds exceeded tässä /var/www/wordpress/wp-includes/wp-db.php rivillä 1168

2021-02-06T03:42:56+00:00 CRITICAL Maximum execution time of 30 seconds exceeded tässä /repo/wp-content/plugins/full-utf-8/Ando/Utf8.php rivillä 98

2021-02-06T03:45:56+00:00 CRITICAL Maximum execution time of 30 seconds exceeded tässä /var/www/wordpress/wp-includes/class-wp-term-query.php rivillä 656

2021-02-06T03:49:01+00:00 CRITICAL Maximum execution time of 30 seconds exceeded tässä /var/www/wordpress/wp-includes/load.php rivillä 1504

2021-02-06T03:51:56+00:00 CRITICAL Maximum execution time of 30 seconds exceeded tässä /repo/wp-content/plugins/full-utf-8/FullUtf8_wpdb.php rivillä 64

2021-02-06T03:54:55+00:00 CRITICAL Maximum execution time of 30 seconds exceeded tässä /var/www/wordpress/wp-includes/link-template.php rivillä 3664

2021-02-06T03:57:56+00:00 CRITICAL Maximum execution time of 30 seconds exceeded tässä /repo/wp-content/plugins/full-utf-8/FullUtf8_wpdb.php rivillä 134

2021-02-06T04:01:04+00:00 CRITICAL Maximum execution time of 30 seconds exceeded tässä /var/www/wordpress/wp-includes/formatting.php rivillä 2140

2021-02-06T04:04:00+00:00 CRITICAL Maximum execution time of 30 seconds exceeded tässä /repo/wp-content/plugins/full-utf-8/FullUtf8.php rivillä 89

2021-02-06T04:07:02+00:00 CRITICAL Maximum execution time of 30 seconds exceeded tässä /var/www/wordpress/wp-includes/functions.php rivillä 4806

2021-02-06T04:09:55+00:00 CRITICAL Maximum execution time of 30 seconds exceeded tässä /repo/wp-content/plugins/full-utf-8/Ando/Utf8.php rivillä 85

2021-02-06T04:12:59+00:00 CRITICAL Maximum execution time of 30 seconds exceeded tässä /repo/wp-content/plugins/facebook-for-woocommerce/vendor/skyverge/wc-plugin-framework/woocommerce/utilities/class-sv-wp-background-job-handler.php rivillä 1094

2021-02-06T04:16:00+00:00 CRITICAL Maximum execution time of 30 seconds exceeded tässä /repo/wp-content/plugins/full-utf-8/FullUtf8_wpdb.php rivillä 134

2021-02-06T04:19:05+00:00 CRITICAL Maximum execution time of 30 seconds exceeded tässä /var/www/wordpress/wp-includes/formatting.php rivillä 2236

2021-02-06T04:22:01+00:00 CRITICAL Maximum execution time of 30 seconds exceeded tässä /var/www/wordpress/wp-includes/class-wp-object-cache.php rivillä 494

2021-02-06T04:28:05+00:00 CRITICAL Maximum execution time of 30 seconds exceeded tässä /repo/wp-content/plugins/facebook-for-woocommerce/includes/fbproductfeed.php rivillä 585

2021-02-06T04:31:04+00:00 CRITICAL Maximum execution time of 30 seconds exceeded tässä /var/www/wordpress/wp-includes/plugin.php rivillä 450

2021-02-06T04:34:00+00:00 CRITICAL Maximum execution time of 30 seconds exceeded tässä /var/www/wordpress/wp-includes/plugin.php rivillä 188

2021-02-06T04:37:00+00:00 CRITICAL Maximum execution time of 30 seconds exceeded tässä /repo/wp-content/plugins/facebook-for-woocommerce/includes/fbutils.php rivillä 117

2021-02-06T04:40:03+00:00 CRITICAL Maximum execution time of 30 seconds exceeded tässä /var/www/wordpress/wp-includes/class-wp-term-query.php rivillä 552

2021-02-06T04:43:03+00:00 CRITICAL Maximum execution time of 30 seconds exceeded tässä /var/www/wordpress/wp-includes/taxonomy.php rivillä 1582

2021-02-06T04:46:03+00:00 CRITICAL Maximum execution time of 30 seconds exceeded tässä /var/www/wordpress/wp-includes/taxonomy.php rivillä 288

2021-02-06T04:46:09+00:00 CRITICAL Uncaught Error: Call to undefined function session_write_close() in /repo/wp-content/plugins/woocommerce/includes/libraries/wp-async-request.php:143
Stack trace:
#0 /var/www/wordpress/wp-includes/class-wp-hook.php(287): WP_Async_Request->maybe_handle('')
#1 /var/www/wordpress/wp-includes/class-wp-hook.php(311): WP_Hook->apply_filters('', Array)
#2 /var/www/wordpress/wp-includes/plugin.php(484): WP_Hook->do_action(Array)
#3 /var/www/wordpress/wp-admin/admin-ajax.php(184): do_action('wp_ajax_as_asyn...')
#4 {main}
  thrown tässä /repo/wp-content/plugins/woocommerce/includes/libraries/wp-async-request.php rivillä 143

2021-02-06T04:49:08+00:00 CRITICAL Maximum execution time of 30 seconds exceeded tässä /var/www/wordpress/wp-includes/class-wp-term-query.php rivillä 708

2021-02-06T04:52:10+00:00 CRITICAL Maximum execution time of 30 seconds exceeded tässä /repo/wp-content/plugins/full-utf-8/Ando/Utf8.php rivillä 98

2021-02-06T04:52:39+00:00 CRITICAL Uncaught Error: Call to undefined function session_write_close() in /repo/wp-content/plugins/woocommerce/includes/libraries/wp-async-request.php:143
Stack trace:
#0 /var/www/wordpress/wp-includes/class-wp-hook.php(287): WP_Async_Request->maybe_handle('')
#1 /var/www/wordpress/wp-includes/class-wp-hook.php(311): WP_Hook->apply_filters('', Array)
#2 /var/www/wordpress/wp-includes/plugin.php(484): WP_Hook->do_action(Array)
#3 /var/www/wordpress/wp-admin/admin-ajax.php(184): do_action('wp_ajax_as_asyn...')
#4 {main}
  thrown tässä /repo/wp-content/plugins/woocommerce/includes/libraries/wp-async-request.php rivillä 143

2021-02-06T04:55:06+00:00 CRITICAL Maximum execution time of 30 seconds exceeded tässä /var/www/wordpress/wp-includes/wp-db.php rivillä 1363

2021-02-06T04:55:29+00:00 CRITICAL Uncaught Error: Call to undefined function session_write_close() in /repo/wp-content/plugins/woocommerce/includes/libraries/wp-async-request.php:143
Stack trace:
#0 /var/www/wordpress/wp-includes/class-wp-hook.php(287): WP_Async_Request->maybe_handle('')
#1 /var/www/wordpress/wp-includes/class-wp-hook.php(311): WP_Hook->apply_filters('', Array)
#2 /var/www/wordpress/wp-includes/plugin.php(484): WP_Hook->do_action(Array)
#3 /var/www/wordpress/wp-admin/admin-ajax.php(184): do_action('wp_ajax_as_asyn...')
#4 {main}
  thrown tässä /repo/wp-content/plugins/woocommerce/includes/libraries/wp-async-request.php rivillä 143

2021-02-06T04:58:06+00:00 CRITICAL Maximum execution time of 30 seconds exceeded tässä /var/www/wordpress/wp-includes/wp-db.php rivillä 2166

2021-02-06T04:58:10+00:00 CRITICAL Uncaught Error: Call to undefined function session_write_close() in /repo/wp-content/plugins/woocommerce/includes/libraries/wp-async-request.php:143
Stack trace:
#0 /var/www/wordpress/wp-includes/class-wp-hook.php(287): WP_Async_Request->maybe_handle('')
#1 /var/www/wordpress/wp-includes/class-wp-hook.php(311): WP_Hook->apply_filters('', Array)
#2 /var/www/wordpress/wp-includes/plugin.php(484): WP_Hook->do_action(Array)
#3 /var/www/wordpress/wp-admin/admin-ajax.php(184): do_action('wp_ajax_as_asyn...')
#4 {main}
  thrown tässä /repo/wp-content/plugins/woocommerce/includes/libraries/wp-async-request.php rivillä 143

2021-02-06T05:01:05+00:00 CRITICAL Maximum execution time of 30 seconds exceeded tässä /var/www/wordpress/wp-includes/class-wp-meta-query.php rivillä 594

2021-02-06T05:04:04+00:00 CRITICAL Maximum execution time of 30 seconds exceeded tässä /repo/wp-content/plugins/woocommerce/includes/abstracts/abstract-wc-data.php rivillä 708

2021-02-06T05:07:06+00:00 CRITICAL Maximum execution time of 30 seconds exceeded tässä /var/www/wordpress/wp-includes/plugin.php rivillä 210

2021-02-06T05:10:12+00:00 CRITICAL Maximum execution time of 30 seconds exceeded tässä /var/www/wordpress/wp-includes/plugin.php rivillä 188

2021-02-06T05:13:03+00:00 CRITICAL Maximum execution time of 30 seconds exceeded tässä /repo/wp-content/plugins/full-utf-8/FullUtf8_wpdb.php rivillä 134

2021-02-06T05:16:14+00:00 CRITICAL Maximum execution time of 30 seconds exceeded tässä /var/www/wordpress/wp-includes/post-formats.php rivillä 262

2021-02-06T05:19:16+00:00 CRITICAL Maximum execution time of 30 seconds exceeded tässä /var/www/wordpress/wp-includes/category-template.php rivillä 1272

2021-02-06T05:22:14+00:00 CRITICAL Maximum execution time of 30 seconds exceeded tässä /var/www/wordpress/wp-includes/plugin.php rivillä 450

2021-02-06T05:25:12+00:00 CRITICAL Maximum execution time of 30 seconds exceeded tässä /var/www/wordpress/wp-includes/post.php rivillä 2390

2021-02-06T05:28:14+00:00 CRITICAL Maximum execution time of 30 seconds exceeded tässä /var/www/wordpress/wp-includes/load.php rivillä 1504

2021-02-06T05:31:05+00:00 CRITICAL Maximum execution time of 30 seconds exceeded tässä /repo/wp-content/plugins/full-utf-8/FullUtf8_wpdb.php rivillä 134

2021-02-06T05:34:04+00:00 CRITICAL Maximum execution time of 30 seconds exceeded tässä /var/www/wordpress/wp-includes/wp-db.php rivillä 2134

2021-02-06T05:37:11+00:00 CRITICAL Maximum execution time of 30 seconds exceeded tässä /var/www/wordpress/wp-includes/meta.php rivillä 530

2021-02-06T05:40:03+00:00 CRITICAL Maximum execution time of 30 seconds exceeded tässä /var/www/wordpress/wp-includes/cache.php rivillä 122

2021-02-06T05:40:22+00:00 CRITICAL Uncaught Error: Call to undefined function session_write_close() in /repo/wp-content/plugins/woocommerce/includes/libraries/wp-async-request.php:143
Stack trace:
#0 /var/www/wordpress/wp-includes/class-wp-hook.php(287): WP_Async_Request->maybe_handle('')
#1 /var/www/wordpress/wp-includes/class-wp-hook.php(311): WP_Hook->apply_filters('', Array)
#2 /var/www/wordpress/wp-includes/plugin.php(484): WP_Hook->do_action(Array)
#3 /var/www/wordpress/wp-admin/admin-ajax.php(199): do_action('wp_ajax_nopriv_...')
#4 {main}
  thrown tässä /repo/wp-content/plugins/woocommerce/includes/libraries/wp-async-request.php rivillä 143

2021-02-06T05:43:03+00:00 CRITICAL Maximum execution time of 30 seconds exceeded tässä /repo/wp-content/plugins/woo-gutenberg-products-block/vendor/jetpack-autoloader/class-version-loader.php rivillä 126

2021-02-06T05:52:59+00:00 CRITICAL Maximum execution time of 30 seconds exceeded tässä /var/www/wordpress/wp-includes/functions.php rivillä 4671

2021-02-06T05:56:00+00:00 CRITICAL Maximum execution time of 30 seconds exceeded tässä /repo/wp-content/plugins/full-utf-8/Ando/Utf8.php rivillä 114

2021-02-06T05:59:07+00:00 CRITICAL Maximum execution time of 30 seconds exceeded tässä /repo/wp-content/plugins/full-utf-8/Ando/Utf8.php rivillä 485

2021-02-06T06:02:05+00:00 CRITICAL Maximum execution time of 30 seconds exceeded tässä /repo/wp-content/plugins/facebook-for-woocommerce/vendor/skyverge/wc-plugin-framework/woocommerce/utilities/class-sv-wp-background-job-handler.php rivillä 1094

2021-02-06T06:05:06+00:00 CRITICAL Maximum execution time of 30 seconds exceeded tässä /repo/wp-content/plugins/facebook-for-woocommerce/includes/fbproductfeed.php rivillä 585

2021-02-06T06:08:08+00:00 CRITICAL Maximum execution time of 30 seconds exceeded tässä /var/www/wordpress/wp-includes/class-wp-meta-query.php rivillä 270

2021-02-06T06:11:35+00:00 CRITICAL Uncaught Error: Call to undefined function session_write_close() in /repo/wp-content/plugins/woocommerce/includes/libraries/wp-async-request.php:143
Stack trace:
#0 /var/www/wordpress/wp-includes/class-wp-hook.php(287): WP_Async_Request->maybe_handle('')
#1 /var/www/wordpress/wp-includes/class-wp-hook.php(311): WP_Hook->apply_filters('', Array)
#2 /var/www/wordpress/wp-includes/plugin.php(484): WP_Hook->do_action(Array)
#3 /var/www/wordpress/wp-admin/admin-ajax.php(184): do_action('wp_ajax_as_asyn...')
#4 {main}
  thrown tässä /repo/wp-content/plugins/woocommerce/includes/libraries/wp-async-request.php rivillä 143

2021-02-06T06:14:04+00:00 CRITICAL Maximum execution time of 30 seconds exceeded tässä /repo/wp-content/plugins/full-utf-8/FullUtf8_wpdb.php rivillä 134

2021-02-06T06:14:12+00:00 CRITICAL Uncaught Error: Call to undefined function session_write_close() in /repo/wp-content/plugins/woocommerce/includes/libraries/wp-background-process.php:161
Stack trace:
#0 /var/www/wordpress/wp-includes/class-wp-hook.php(287): WP_Background_Process->maybe_handle('')
#1 /var/www/wordpress/wp-includes/class-wp-hook.php(311): WP_Hook->apply_filters('', Array)
#2 /var/www/wordpress/wp-includes/plugin.php(484): WP_Hook->do_action(Array)
#3 /var/www/wordpress/wp-admin/admin-ajax.php(199): do_action('wp_ajax_nopriv_...')
#4 {main}
  thrown tässä /repo/wp-content/plugins/woocommerce/includes/libraries/wp-background-process.php rivillä 161

2021-02-06T06:17:30+00:00 CRITICAL Maximum execution time of 30 seconds exceeded tässä /repo/wp-content/plugins/full-utf-8/FullUtf8_wpdb.php rivillä 100

2021-02-06T06:20:03+00:00 CRITICAL Maximum execution time of 30 seconds exceeded tässä /repo/wp-content/plugins/woocommerce/includes/abstracts/abstract-wc-product.php rivillä 593

2021-02-06T06:20:09+00:00 CRITICAL Uncaught Error: Call to undefined function session_write_close() in /repo/wp-content/plugins/woocommerce/includes/libraries/wp-async-request.php:143
Stack trace:
#0 /var/www/wordpress/wp-includes/class-wp-hook.php(287): WP_Async_Request->maybe_handle('')
#1 /var/www/wordpress/wp-includes/class-wp-hook.php(311): WP_Hook->apply_filters('', Array)
#2 /var/www/wordpress/wp-includes/plugin.php(484): WP_Hook->do_action(Array)
#3 /var/www/wordpress/wp-admin/admin-ajax.php(184): do_action('wp_ajax_as_asyn...')
#4 {main}
  thrown tässä /repo/wp-content/plugins/woocommerce/includes/libraries/wp-async-request.php rivillä 143

2021-02-06T06:23:04+00:00 CRITICAL Maximum execution time of 30 seconds exceeded tässä /repo/wp-content/plugins/full-utf-8/Ando/Utf8.php rivillä 498

2021-02-06T06:26:07+00:00 CRITICAL Maximum execution time of 30 seconds exceeded tässä /var/www/wordpress/wp-includes/plugin.php rivillä 193

2021-02-06T06:26:14+00:00 CRITICAL Uncaught Error: Call to undefined function session_write_close() in /repo/wp-content/plugins/woocommerce/includes/libraries/wp-async-request.php:143
Stack trace:
#0 /var/www/wordpress/wp-includes/class-wp-hook.php(287): WP_Async_Request->maybe_handle('')
#1 /var/www/wordpress/wp-includes/class-wp-hook.php(311): WP_Hook->apply_filters('', Array)
#2 /var/www/wordpress/wp-includes/plugin.php(484): WP_Hook->do_action(Array)
#3 /var/www/wordpress/wp-admin/admin-ajax.php(184): do_action('wp_ajax_as_asyn...')
#4 {main}
  thrown tässä /repo/wp-content/plugins/woocommerce/includes/libraries/wp-async-request.php rivillä 143

2021-02-06T06:29:02+00:00 CRITICAL Maximum execution time of 30 seconds exceeded tässä /repo/wp-content/plugins/full-utf-8/FullUtf8_wpdb.php rivillä 100

2021-02-06T06:29:16+00:00 CRITICAL Uncaught Error: Call to undefined function session_write_close() in /repo/wp-content/plugins/woocommerce/includes/libraries/wp-async-request.php:143
Stack trace:
#0 /var/www/wordpress/wp-includes/class-wp-hook.php(287): WP_Async_Request->maybe_handle('')
#1 /var/www/wordpress/wp-includes/class-wp-hook.php(311): WP_Hook->apply_filters('', Array)
#2 /var/www/wordpress/wp-includes/plugin.php(484): WP_Hook->do_action(Array)
#3 /var/www/wordpress/wp-admin/admin-ajax.php(184): do_action('wp_ajax_as_asyn...')
#4 {main}
  thrown tässä /repo/wp-content/plugins/woocommerce/includes/libraries/wp-async-request.php rivillä 143

2021-02-06T06:32:03+00:00 CRITICAL Maximum execution time of 30 seconds exceeded tässä /var/www/wordpress/wp-includes/functions.php rivillä 624

2021-02-06T06:32:16+00:00 CRITICAL Uncaught Error: Call to undefined function session_write_close() in /repo/wp-content/plugins/woocommerce/includes/libraries/wp-async-request.php:143
Stack trace:
#0 /var/www/wordpress/wp-includes/class-wp-hook.php(287): WP_Async_Request->maybe_handle('')
#1 /var/www/wordpress/wp-includes/class-wp-hook.php(311): WP_Hook->apply_filters('', Array)
#2 /var/www/wordpress/wp-includes/plugin.php(484): WP_Hook->do_action(Array)
#3 /var/www/wordpress/wp-admin/admin-ajax.php(184): do_action('wp_ajax_as_asyn...')
#4 {main}
  thrown tässä /repo/wp-content/plugins/woocommerce/includes/libraries/wp-async-request.php rivillä 143

2021-02-06T06:35:03+00:00 CRITICAL Maximum execution time of 30 seconds exceeded tässä /repo/wp-content/plugins/full-utf-8/Ando/Utf8.php rivillä 98

2021-02-06T06:38:06+00:00 CRITICAL Maximum execution time of 30 seconds exceeded tässä /var/www/wordpress/wp-includes/class-wp-post.php rivillä 265

2021-02-06T06:41:01+00:00 CRITICAL Maximum execution time of 30 seconds exceeded tässä /repo/wp-content/plugins/woocommerce/includes/wc-conditional-functions.php rivillä 307

2021-02-06T06:41:12+00:00 CRITICAL Uncaught Error: Call to undefined function session_write_close() in /repo/wp-content/plugins/woocommerce/includes/libraries/wp-async-request.php:143
Stack trace:
#0 /var/www/wordpress/wp-includes/class-wp-hook.php(287): WP_Async_Request->maybe_handle('')
#1 /var/www/wordpress/wp-includes/class-wp-hook.php(311): WP_Hook->apply_filters('', Array)
#2 /var/www/wordpress/wp-includes/plugin.php(484): WP_Hook->do_action(Array)
#3 /var/www/wordpress/wp-admin/admin-ajax.php(184): do_action('wp_ajax_as_asyn...')
#4 {main}
  thrown tässä /repo/wp-content/plugins/woocommerce/includes/libraries/wp-async-request.php rivillä 143

2021-02-06T06:44:01+00:00 CRITICAL Maximum execution time of 30 seconds exceeded tässä /repo/wp-content/plugins/full-utf-8/FullUtf8_wpdb.php rivillä 134

2021-02-06T06:47:10+00:00 CRITICAL Maximum execution time of 30 seconds exceeded tässä /var/www/wordpress/wp-includes/plugin.php rivillä 188

2021-02-06T06:47:45+00:00 CRITICAL Uncaught Error: Call to undefined function session_write_close() in /repo/wp-content/plugins/woocommerce/includes/libraries/wp-async-request.php:143
Stack trace:
#0 /var/www/wordpress/wp-includes/class-wp-hook.php(287): WP_Async_Request->maybe_handle('')
#1 /var/www/wordpress/wp-includes/class-wp-hook.php(311): WP_Hook->apply_filters('', Array)
#2 /var/www/wordpress/wp-includes/plugin.php(484): WP_Hook->do_action(Array)
#3 /var/www/wordpress/wp-admin/admin-ajax.php(184): do_action('wp_ajax_as_asyn...')
#4 {main}
  thrown tässä /repo/wp-content/plugins/woocommerce/includes/libraries/wp-async-request.php rivillä 143

2021-02-06T06:50:04+00:00 CRITICAL Maximum execution time of 30 seconds exceeded tässä /var/www/wordpress/wp-includes/plugin.php rivillä 467

2021-02-06T06:53:21+00:00 CRITICAL Maximum execution time of 30 seconds exceeded tässä /repo/wp-content/plugins/facebook-for-woocommerce/includes/fbproductfeed.php rivillä 570

2021-02-06T06:56:02+00:00 CRITICAL Maximum execution time of 30 seconds exceeded tässä /var/www/wordpress/wp-includes/category-template.php rivillä 1272

2021-02-06T06:56:29+00:00 CRITICAL Uncaught Error: Call to undefined function session_write_close() in /repo/wp-content/plugins/woocommerce/includes/libraries/wp-async-request.php:143
Stack trace:
#0 /var/www/wordpress/wp-includes/class-wp-hook.php(287): WP_Async_Request->maybe_handle('')
#1 /var/www/wordpress/wp-includes/class-wp-hook.php(311): WP_Hook->apply_filters('', Array)
#2 /var/www/wordpress/wp-includes/plugin.php(484): WP_Hook->do_action(Array)
#3 /var/www/wordpress/wp-admin/admin-ajax.php(184): do_action('wp_ajax_as_asyn...')
#4 {main}
  thrown tässä /repo/wp-content/plugins/woocommerce/includes/libraries/wp-async-request.php rivillä 143

2021-02-06T06:59:05+00:00 CRITICAL Maximum execution time of 30 seconds exceeded tässä /repo/wp-content/plugins/full-utf-8/Ando/Utf8.php rivillä 98

2021-02-06T07:02:05+00:00 CRITICAL Maximum execution time of 30 seconds exceeded tässä /var/www/wordpress/wp-includes/class-wp-hook.php rivillä 275

2021-02-06T07:05:02+00:00 CRITICAL Maximum execution time of 30 seconds exceeded tässä /var/www/wordpress/wp-includes/class-wp-object-cache.php rivillä 494

2021-02-06T07:05:20+00:00 CRITICAL Uncaught Error: Call to undefined function session_write_close() in /repo/wp-content/plugins/woocommerce/includes/libraries/wp-async-request.php:143
Stack trace:
#0 /var/www/wordpress/wp-includes/class-wp-hook.php(287): WP_Async_Request->maybe_handle('')
#1 /var/www/wordpress/wp-includes/class-wp-hook.php(311): WP_Hook->apply_filters('', Array)
#2 /var/www/wordpress/wp-includes/plugin.php(484): WP_Hook->do_action(Array)
#3 /var/www/wordpress/wp-admin/admin-ajax.php(184): do_action('wp_ajax_as_asyn...')
#4 {main}
  thrown tässä /repo/wp-content/plugins/woocommerce/includes/libraries/wp-async-request.php rivillä 143

2021-02-06T07:08:01+00:00 CRITICAL Maximum execution time of 30 seconds exceeded tässä /var/www/wordpress/wp-includes/functions.php rivillä 624

2021-02-06T07:08:45+00:00 CRITICAL Uncaught Error: Call to undefined function session_write_close() in /repo/wp-content/plugins/woocommerce/includes/libraries/wp-async-request.php:143
Stack trace:
#0 /var/www/wordpress/wp-includes/class-wp-hook.php(287): WP_Async_Request->maybe_handle('')
#1 /var/www/wordpress/wp-includes/class-wp-hook.php(311): WP_Hook->apply_filters('', Array)
#2 /var/www/wordpress/wp-includes/plugin.php(484): WP_Hook->do_action(Array)
#3 /var/www/wordpress/wp-admin/admin-ajax.php(184): do_action('wp_ajax_as_asyn...')
#4 {main}
  thrown tässä /repo/wp-content/plugins/woocommerce/includes/libraries/wp-async-request.php rivillä 143

2021-02-06T07:11:46+00:00 CRITICAL Maximum execution time of 30 seconds exceeded tässä /var/www/wordpress/wp-includes/formatting.php rivillä 4286

2021-02-06T07:14:07+00:00 CRITICAL Maximum execution time of 30 seconds exceeded tässä /var/www/wordpress/wp-includes/plugin.php rivillä 188

2021-02-06T07:17:03+00:00 CRITICAL Maximum execution time of 30 seconds exceeded tässä /repo/wp-content/plugins/woocommerce/includes/data-stores/class-wc-product-data-store-cpt.php rivillä 360

2021-02-06T07:17:26+00:00 CRITICAL Uncaught Error: Call to undefined function session_write_close() in /repo/wp-content/plugins/woocommerce/includes/libraries/wp-async-request.php:143
Stack trace:
#0 /var/www/wordpress/wp-includes/class-wp-hook.php(287): WP_Async_Request->maybe_handle('')
#1 /var/www/wordpress/wp-includes/class-wp-hook.php(311): WP_Hook->apply_filters('', Array)
#2 /var/www/wordpress/wp-includes/plugin.php(484): WP_Hook->do_action(Array)
#3 /var/www/wordpress/wp-admin/admin-ajax.php(184): do_action('wp_ajax_as_asyn...')
#4 {main}
  thrown tässä /repo/wp-content/plugins/woocommerce/includes/libraries/wp-async-request.php rivillä 143

2021-02-06T07:20:06+00:00 CRITICAL Maximum execution time of 30 seconds exceeded tässä /var/www/wordpress/wp-includes/class-wp-object-cache.php rivillä 494

2021-02-06T07:22:58+00:00 CRITICAL Maximum execution time of 30 seconds exceeded tässä /var/www/wordpress/wp-includes/wp-db.php rivillä 2134

2021-02-06T07:23:28+00:00 CRITICAL Uncaught Error: Call to undefined function session_write_close() in /repo/wp-content/plugins/woocommerce/includes/libraries/wp-async-request.php:143
Stack trace:
#0 /var/www/wordpress/wp-includes/class-wp-hook.php(287): WP_Async_Request->maybe_handle('')
#1 /var/www/wordpress/wp-includes/class-wp-hook.php(311): WP_Hook->apply_filters('', Array)
#2 /var/www/wordpress/wp-includes/plugin.php(484): WP_Hook->do_action(Array)
#3 /var/www/wordpress/wp-admin/admin-ajax.php(184): do_action('wp_ajax_as_asyn...')
#4 {main}
  thrown tässä /repo/wp-content/plugins/woocommerce/includes/libraries/wp-async-request.php rivillä 143

2021-02-06T07:26:00+00:00 CRITICAL Maximum execution time of 30 seconds exceeded tässä /repo/wp-content/plugins/full-utf-8/Ando/Utf8.php rivillä 298

2021-02-06T07:29:00+00:00 CRITICAL Maximum execution time of 30 seconds exceeded tässä /repo/wp-content/plugins/woocommerce/includes/class-wc-autoloader.php rivillä 53

2021-02-06T07:29:32+00:00 CRITICAL Uncaught Error: Call to undefined function session_write_close() in /repo/wp-content/plugins/woocommerce/includes/libraries/wp-async-request.php:143
Stack trace:
#0 /var/www/wordpress/wp-includes/class-wp-hook.php(287): WP_Async_Request->maybe_handle('')
#1 /var/www/wordpress/wp-includes/class-wp-hook.php(311): WP_Hook->apply_filters('', Array)
#2 /var/www/wordpress/wp-includes/plugin.php(484): WP_Hook->do_action(Array)
#3 /var/www/wordpress/wp-admin/admin-ajax.php(184): do_action('wp_ajax_as_asyn...')
#4 {main}
  thrown tässä /repo/wp-content/plugins/woocommerce/includes/libraries/wp-async-request.php rivillä 143

2021-02-06T07:32:01+00:00 CRITICAL Maximum execution time of 30 seconds exceeded tässä /repo/wp-content/plugins/full-utf-8/Ando/Utf8.php rivillä 98

2021-02-06T07:35:01+00:00 CRITICAL Maximum execution time of 30 seconds exceeded tässä /var/www/wordpress/wp-includes/class-wp-term-query.php rivillä 708

2021-02-06T07:35:33+00:00 CRITICAL Uncaught Error: Call to undefined function session_write_close() in /repo/wp-content/plugins/woocommerce/includes/libraries/wp-async-request.php:143
Stack trace:
#0 /var/www/wordpress/wp-includes/class-wp-hook.php(287): WP_Async_Request->maybe_handle('')
#1 /var/www/wordpress/wp-includes/class-wp-hook.php(311): WP_Hook->apply_filters('', Array)
#2 /var/www/wordpress/wp-includes/plugin.php(484): WP_Hook->do_action(Array)
#3 /var/www/wordpress/wp-admin/admin-ajax.php(184): do_action('wp_ajax_as_asyn...')
#4 {main}
  thrown tässä /repo/wp-content/plugins/woocommerce/includes/libraries/wp-async-request.php rivillä 143

2021-02-06T07:38:01+00:00 CRITICAL Maximum execution time of 30 seconds exceeded tässä /repo/wp-content/plugins/full-utf-8/Ando/Utf8.php rivillä 485

2021-02-06T07:41:13+00:00 CRITICAL Maximum execution time of 30 seconds exceeded tässä /repo/wp-content/plugins/full-utf-8/Ando/Utf8.php rivillä 112

2021-02-06T07:44:03+00:00 CRITICAL Maximum execution time of 30 seconds exceeded tässä /var/www/wordpress/wp-includes/class-wp-term-query.php rivillä 426

2021-02-06T07:47:07+00:00 CRITICAL Maximum execution time of 30 seconds exceeded tässä /var/www/wordpress/wp-includes/class-wp-meta-query.php rivillä 424

2021-02-06T07:50:16+00:00 CRITICAL Maximum execution time of 30 seconds exceeded tässä /var/www/wordpress/wp-includes/wp-db.php rivillä 1168

2021-02-06T07:50:32+00:00 CRITICAL Uncaught Error: Call to undefined function session_write_close() in /repo/wp-content/plugins/woocommerce/includes/libraries/wp-async-request.php:143
Stack trace:
#0 /var/www/wordpress/wp-includes/class-wp-hook.php(287): WP_Async_Request->maybe_handle('')
#1 /var/www/wordpress/wp-includes/class-wp-hook.php(311): WP_Hook->apply_filters('', Array)
#2 /var/www/wordpress/wp-includes/plugin.php(484): WP_Hook->do_action(Array)
#3 /var/www/wordpress/wp-admin/admin-ajax.php(184): do_action('wp_ajax_as_asyn...')
#4 {main}
  thrown tässä /repo/wp-content/plugins/woocommerce/includes/libraries/wp-async-request.php rivillä 143

2021-02-06T07:53:11+00:00 CRITICAL Maximum execution time of 30 seconds exceeded tässä /var/www/wordpress/wp-includes/class-wp-meta-query.php rivillä 380

2021-02-06T07:56:09+00:00 CRITICAL Maximum execution time of 30 seconds exceeded tässä /var/www/wordpress/wp-includes/post-formats.php rivillä 235

2021-02-06T07:56:36+00:00 CRITICAL Uncaught Error: Call to undefined function session_write_close() in /repo/wp-content/plugins/woocommerce/includes/libraries/wp-async-request.php:143
Stack trace:
#0 /var/www/wordpress/wp-includes/class-wp-hook.php(287): WP_Async_Request->maybe_handle('')
#1 /var/www/wordpress/wp-includes/class-wp-hook.php(311): WP_Hook->apply_filters('', Array)
#2 /var/www/wordpress/wp-includes/plugin.php(484): WP_Hook->do_action(Array)
#3 /var/www/wordpress/wp-admin/admin-ajax.php(184): do_action('wp_ajax_as_asyn...')
#4 {main}
  thrown tässä /repo/wp-content/plugins/woocommerce/includes/libraries/wp-async-request.php rivillä 143

2021-02-06T07:59:09+00:00 CRITICAL Maximum execution time of 30 seconds exceeded tässä /repo/wp-content/plugins/full-utf-8/FullUtf8_wpdb.php rivillä 134

2021-02-06T08:02:06+00:00 CRITICAL Maximum execution time of 30 seconds exceeded tässä /var/www/wordpress/wp-includes/class-wp-meta-query.php rivillä 229

2021-02-06T08:04:57+00:00 CRITICAL Allowed memory size of 268435456 bytes exhausted (tried to allocate 2621440 bytes) tässä /var/www/wordpress/wp-includes/class-wp-object-cache.php rivillä 320

2021-02-06T08:04:59+00:00 CRITICAL Maximum execution time of 30 seconds exceeded tässä /repo/wp-content/plugins/full-utf-8/FullUtf8_wpdb.php rivillä 100

2021-02-06T08:05:05+00:00 CRITICAL Allowed memory size of 268435456 bytes exhausted (tried to allocate 2621440 bytes) tässä /var/www/wordpress/wp-includes/class-wp-object-cache.php rivillä 320

2021-02-06T08:08:03+00:00 CRITICAL Maximum execution time of 30 seconds exceeded tässä /var/www/wordpress/wp-includes/class-wp-post.php rivillä 266

2021-02-06T08:11:15+00:00 CRITICAL Maximum execution time of 30 seconds exceeded tässä /var/www/wordpress/wp-includes/taxonomy.php rivillä 288

2021-02-06T08:11:24+00:00 CRITICAL Uncaught Error: Call to undefined function session_write_close() in /repo/wp-content/plugins/woocommerce/includes/libraries/wp-async-request.php:143
Stack trace:
#0 /var/www/wordpress/wp-includes/class-wp-hook.php(287): WP_Async_Request->maybe_handle('')
#1 /var/www/wordpress/wp-includes/class-wp-hook.php(311): WP_Hook->apply_filters('', Array)
#2 /var/www/wordpress/wp-includes/plugin.php(484): WP_Hook->do_action(Array)
#3 /var/www/wordpress/wp-admin/admin-ajax.php(184): do_action('wp_ajax_as_asyn...')
#4 {main}
  thrown tässä /repo/wp-content/plugins/woocommerce/includes/libraries/wp-async-request.php rivillä 143

2021-02-06T08:14:04+00:00 CRITICAL Maximum execution time of 30 seconds exceeded tässä /var/www/wordpress/wp-includes/class-wp-hook.php rivillä 289

2021-02-06T08:17:11+00:00 CRITICAL Maximum execution time of 30 seconds exceeded tässä /repo/wp-content/plugins/full-utf-8/FullUtf8_wpdb.php rivillä 134

2021-02-06T08:20:05+00:00 CRITICAL Maximum execution time of 30 seconds exceeded tässä /var/www/wordpress/wp-includes/class-wp-object-cache.php rivillä 494

2021-02-06T08:20:37+00:00 CRITICAL Uncaught Error: Call to undefined function session_write_close() in /repo/wp-content/plugins/woocommerce/includes/libraries/wp-async-request.php:143
Stack trace:
#0 /var/www/wordpress/wp-includes/class-wp-hook.php(287): WP_Async_Request->maybe_handle('')
#1 /var/www/wordpress/wp-includes/class-wp-hook.php(311): WP_Hook->apply_filters('', Array)
#2 /var/www/wordpress/wp-includes/plugin.php(484): WP_Hook->do_action(Array)
#3 /var/www/wordpress/wp-admin/admin-ajax.php(184): do_action('wp_ajax_as_asyn...')
#4 {main}
  thrown tässä /repo/wp-content/plugins/woocommerce/includes/libraries/wp-async-request.php rivillä 143

2021-02-06T08:22:59+00:00 CRITICAL Maximum execution time of 30 seconds exceeded tässä /repo/wp-content/plugins/woocommerce/includes/class-wc-autoloader.php rivillä 53

2021-02-06T08:25:59+00:00 CRITICAL Maximum execution time of 30 seconds exceeded tässä /var/www/wordpress/wp-includes/class-wp-meta-query.php rivillä 583

2021-02-06T08:26:40+00:00 CRITICAL Uncaught Error: Call to undefined function session_write_close() in /repo/wp-content/plugins/woocommerce/includes/libraries/wp-async-request.php:143
Stack trace:
#0 /var/www/wordpress/wp-includes/class-wp-hook.php(287): WP_Async_Request->maybe_handle('')
#1 /var/www/wordpress/wp-includes/class-wp-hook.php(311): WP_Hook->apply_filters('', Array)
#2 /var/www/wordpress/wp-includes/plugin.php(484): WP_Hook->do_action(Array)
#3 /var/www/wordpress/wp-admin/admin-ajax.php(184): do_action('wp_ajax_as_asyn...')
#4 {main}
  thrown tässä /repo/wp-content/plugins/woocommerce/includes/libraries/wp-async-request.php rivillä 143

2021-02-06T08:29:01+00:00 CRITICAL Maximum execution time of 30 seconds exceeded tässä /repo/wp-content/plugins/full-utf-8/FullUtf8_wpdb.php rivillä 134

2021-02-06T08:32:00+00:00 CRITICAL Maximum execution time of 30 seconds exceeded tässä /var/www/wordpress/wp-includes/class-wp-list-util.php rivillä 51

2021-02-06T08:32:44+00:00 CRITICAL Uncaught Error: Call to undefined function session_write_close() in /repo/wp-content/plugins/woocommerce/includes/libraries/wp-async-request.php:143
Stack trace:
#0 /var/www/wordpress/wp-includes/class-wp-hook.php(287): WP_Async_Request->maybe_handle('')
#1 /var/www/wordpress/wp-includes/class-wp-hook.php(311): WP_Hook->apply_filters('', Array)
#2 /var/www/wordpress/wp-includes/plugin.php(484): WP_Hook->do_action(Array)
#3 /var/www/wordpress/wp-admin/admin-ajax.php(184): do_action('wp_ajax_as_asyn...')
#4 {main}
  thrown tässä /repo/wp-content/plugins/woocommerce/includes/libraries/wp-async-request.php rivillä 143

2021-02-06T08:35:01+00:00 CRITICAL Maximum execution time of 30 seconds exceeded tässä /var/www/wordpress/wp-includes/class-wp-object-cache.php rivillä 494

2021-02-06T08:35:17+00:00 CRITICAL Uncaught Error: Call to undefined function session_write_close() in /repo/wp-content/plugins/woocommerce/includes/libraries/wp-async-request.php:143
Stack trace:
#0 /var/www/wordpress/wp-includes/class-wp-hook.php(287): WP_Async_Request->maybe_handle('')
#1 /var/www/wordpress/wp-includes/class-wp-hook.php(311): WP_Hook->apply_filters('', Array)
#2 /var/www/wordpress/wp-includes/plugin.php(484): WP_Hook->do_action(Array)
#3 /var/www/wordpress/wp-admin/admin-ajax.php(184): do_action('wp_ajax_as_asyn...')
#4 {main}
  thrown tässä /repo/wp-content/plugins/woocommerce/includes/libraries/wp-async-request.php rivillä 143

2021-02-06T08:38:05+00:00 CRITICAL Maximum execution time of 30 seconds exceeded tässä /repo/wp-content/plugins/woocommerce/packages/woocommerce-admin/src/API/Init.php rivillä 121

2021-02-06T08:40:59+00:00 CRITICAL Maximum execution time of 30 seconds exceeded tässä /repo/wp-content/plugins/full-utf-8/Ando/Utf8.php rivillä 498

2021-02-06T08:41:22+00:00 CRITICAL Uncaught Error: Call to undefined function session_write_close() in /repo/wp-content/plugins/woocommerce/includes/libraries/wp-async-request.php:143
Stack trace:
#0 /var/www/wordpress/wp-includes/class-wp-hook.php(287): WP_Async_Request->maybe_handle('')
#1 /var/www/wordpress/wp-includes/class-wp-hook.php(311): WP_Hook->apply_filters('', Array)
#2 /var/www/wordpress/wp-includes/plugin.php(484): WP_Hook->do_action(Array)
#3 /var/www/wordpress/wp-admin/admin-ajax.php(184): do_action('wp_ajax_as_asyn...')
#4 {main}
  thrown tässä /repo/wp-content/plugins/woocommerce/includes/libraries/wp-async-request.php rivillä 143

2021-02-06T08:43:57+00:00 CRITICAL Maximum execution time of 30 seconds exceeded tässä /repo/wp-content/plugins/full-utf-8/Ando/Utf8.php rivillä 112

2021-02-06T08:47:05+00:00 CRITICAL Maximum execution time of 30 seconds exceeded tässä /repo/wp-content/plugins/full-utf-8/FullUtf8_wpdb.php rivillä 134

2021-02-06T08:50:02+00:00 CRITICAL Maximum execution time of 30 seconds exceeded tässä /repo/wp-content/plugins/woocommerce/includes/class-wc-product-attribute.php rivillä 194

2021-02-06T08:53:00+00:00 CRITICAL Maximum execution time of 30 seconds exceeded tässä /repo/wp-content/plugins/full-utf-8/FullUtf8_wpdb.php rivillä 134

2021-02-06T08:53:09+00:00 CRITICAL Uncaught Error: Call to undefined function session_write_close() in /repo/wp-content/plugins/woocommerce/includes/libraries/wp-async-request.php:143
Stack trace:
#0 /var/www/wordpress/wp-includes/class-wp-hook.php(287): WP_Async_Request->maybe_handle('')
#1 /var/www/wordpress/wp-includes/class-wp-hook.php(311): WP_Hook->apply_filters('', Array)
#2 /var/www/wordpress/wp-includes/plugin.php(484): WP_Hook->do_action(Array)
#3 /var/www/wordpress/wp-admin/admin-ajax.php(199): do_action('wp_ajax_nopriv_...')
#4 {main}
  thrown tässä /repo/wp-content/plugins/woocommerce/includes/libraries/wp-async-request.php rivillä 143

2021-02-06T08:56:02+00:00 CRITICAL Maximum execution time of 30 seconds exceeded tässä /var/www/wordpress/wp-includes/class-wp-hook.php rivillä 271

2021-02-06T08:56:34+00:00 CRITICAL Uncaught Error: Call to undefined function session_write_close() in /repo/wp-content/plugins/woocommerce/includes/libraries/wp-async-request.php:143
Stack trace:
#0 /var/www/wordpress/wp-includes/class-wp-hook.php(287): WP_Async_Request->maybe_handle('')
#1 /var/www/wordpress/wp-includes/class-wp-hook.php(311): WP_Hook->apply_filters('', Array)
#2 /var/www/wordpress/wp-includes/plugin.php(484): WP_Hook->do_action(Array)
#3 /var/www/wordpress/wp-admin/admin-ajax.php(199): do_action('wp_ajax_nopriv_...')
#4 {main}
  thrown tässä /repo/wp-content/plugins/woocommerce/includes/libraries/wp-async-request.php rivillä 143

2021-02-06T08:58:57+00:00 CRITICAL Maximum execution time of 30 seconds exceeded tässä /repo/wp-content/plugins/full-utf-8/Ando/Utf8.php rivillä 498

2021-02-06T08:59:33+00:00 CRITICAL Uncaught Error: Call to undefined function session_write_close() in /repo/wp-content/plugins/woocommerce/includes/libraries/wp-async-request.php:143
Stack trace:
#0 /var/www/wordpress/wp-includes/class-wp-hook.php(287): WP_Async_Request->maybe_handle('')
#1 /var/www/wordpress/wp-includes/class-wp-hook.php(311): WP_Hook->apply_filters('', Array)
#2 /var/www/wordpress/wp-includes/plugin.php(484): WP_Hook->do_action(Array)
#3 /var/www/wordpress/wp-admin/admin-ajax.php(199): do_action('wp_ajax_nopriv_...')
#4 {main}
  thrown tässä /repo/wp-content/plugins/woocommerce/includes/libraries/wp-async-request.php rivillä 143

2021-02-06T09:02:00+00:00 CRITICAL Maximum execution time of 30 seconds exceeded tässä /var/www/wordpress/wp-includes/class-wp-term-query.php rivillä 418

2021-02-06T09:04:56+00:00 CRITICAL Maximum execution time of 30 seconds exceeded tässä /var/www/wordpress/wp-includes/class-wp-object-cache.php rivillä 152

2021-02-06T09:07:03+00:00 CRITICAL Maximum execution time of 30 seconds exceeded tässä /var/www/wordpress/wp-includes/class-wp-hook.php rivillä 286

2021-02-06T09:09:54+00:00 CRITICAL Maximum execution time of 30 seconds exceeded tässä /var/www/wordpress/wp-includes/class-wp-term-query.php rivillä 667

2021-02-06T09:10:12+00:00 CRITICAL Uncaught Error: Call to undefined function session_write_close() in /repo/wp-content/plugins/woocommerce/includes/libraries/wp-async-request.php:143
Stack trace:
#0 /var/www/wordpress/wp-includes/class-wp-hook.php(287): WP_Async_Request->maybe_handle('')
#1 /var/www/wordpress/wp-includes/class-wp-hook.php(311): WP_Hook->apply_filters('', Array)
#2 /var/www/wordpress/wp-includes/plugin.php(484): WP_Hook->do_action(Array)
#3 /var/www/wordpress/wp-admin/admin-ajax.php(199): do_action('wp_ajax_nopriv_...')
#4 {main}
  thrown tässä /repo/wp-content/plugins/woocommerce/includes/libraries/wp-async-request.php rivillä 143

2021-02-06T09:13:00+00:00 CRITICAL Maximum execution time of 30 seconds exceeded tässä /repo/wp-content/plugins/woocommerce/includes/wc-term-functions.php rivillä 23

2021-02-06T09:16:01+00:00 CRITICAL Maximum execution time of 30 seconds exceeded tässä /var/www/wordpress/wp-includes/plugin.php rivillä 188

2021-02-06T09:16:32+00:00 CRITICAL Uncaught Error: Call to undefined function session_write_close() in /repo/wp-content/plugins/woocommerce/includes/libraries/wp-async-request.php:143
Stack trace:
#0 /var/www/wordpress/wp-includes/class-wp-hook.php(287): WP_Async_Request->maybe_handle('')
#1 /var/www/wordpress/wp-includes/class-wp-hook.php(311): WP_Hook->apply_filters('', Array)
#2 /var/www/wordpress/wp-includes/plugin.php(484): WP_Hook->do_action(Array)
#3 /var/www/wordpress/wp-admin/admin-ajax.php(184): do_action('wp_ajax_as_asyn...')
#4 {main}
  thrown tässä /repo/wp-content/plugins/woocommerce/includes/libraries/wp-async-request.php rivillä 143

2021-02-06T09:19:00+00:00 CRITICAL Maximum execution time of 30 seconds exceeded tässä /var/www/wordpress/wp-includes/meta.php rivillä 530

2021-02-06T09:22:02+00:00 CRITICAL Maximum execution time of 30 seconds exceeded tässä /repo/wp-content/plugins/full-utf-8/Ando/Utf8.php rivillä 114

2021-02-06T09:25:03+00:00 CRITICAL Maximum execution time of 30 seconds exceeded tässä /repo/wp-content/plugins/full-utf-8/FullUtf8_wpdb.php rivillä 134

2021-02-06T09:28:05+00:00 CRITICAL Maximum execution time of 30 seconds exceeded tässä /repo/wp-content/plugins/woo-gutenberg-products-block/woocommerce-gutenberg-products-block.php rivillä 235

2021-02-06T09:28:52+00:00 CRITICAL Uncaught Error: Call to undefined function session_write_close() in /repo/wp-content/plugins/woocommerce/includes/libraries/wp-async-request.php:143
Stack trace:
#0 /var/www/wordpress/wp-includes/class-wp-hook.php(287): WP_Async_Request->maybe_handle('')
#1 /var/www/wordpress/wp-includes/class-wp-hook.php(311): WP_Hook->apply_filters('', Array)
#2 /var/www/wordpress/wp-includes/plugin.php(484): WP_Hook->do_action(Array)
#3 /var/www/wordpress/wp-admin/admin-ajax.php(184): do_action('wp_ajax_as_asyn...')
#4 {main}
  thrown tässä /repo/wp-content/plugins/woocommerce/includes/libraries/wp-async-request.php rivillä 143

2021-02-06T09:31:05+00:00 CRITICAL Maximum execution time of 30 seconds exceeded tässä /repo/wp-content/plugins/full-utf-8/FullUtf8_wpdb.php rivillä 134

2021-02-06T09:34:21+00:00 CRITICAL Maximum execution time of 30 seconds exceeded tässä /var/www/wordpress/wp-includes/pomo/translations.php rivillä 99

2021-02-06T09:37:09+00:00 CRITICAL Maximum execution time of 30 seconds exceeded tässä /repo/wp-content/plugins/full-utf-8/Ando/Utf8.php rivillä 499

2021-02-06T09:40:10+00:00 CRITICAL Maximum execution time of 30 seconds exceeded tässä /repo/wp-content/plugins/woocommerce/includes/abstracts/abstract-wc-data.php rivillä 302

2021-02-06T09:43:09+00:00 CRITICAL Maximum execution time of 30 seconds exceeded tässä /repo/wp-content/plugins/woocommerce/includes/abstracts/abstract-wc-data.php rivillä 177

2021-02-06T09:43:28+00:00 CRITICAL Uncaught Error: Call to undefined function session_write_close() in /repo/wp-content/plugins/woocommerce/includes/libraries/wp-async-request.php:143
Stack trace:
#0 /var/www/wordpress/wp-includes/class-wp-hook.php(287): WP_Async_Request->maybe_handle('')
#1 /var/www/wordpress/wp-includes/class-wp-hook.php(311): WP_Hook->apply_filters('', Array)
#2 /var/www/wordpress/wp-includes/plugin.php(484): WP_Hook->do_action(Array)
#3 /var/www/wordpress/wp-admin/admin-ajax.php(184): do_action('wp_ajax_as_asyn...')
#4 {main}
  thrown tässä /repo/wp-content/plugins/woocommerce/includes/libraries/wp-async-request.php rivillä 143

2021-02-06T09:43:28+00:00 CRITICAL Uncaught Error: Call to undefined function session_write_close() in /repo/wp-content/plugins/woocommerce/includes/libraries/wp-async-request.php:143
Stack trace:
#0 /var/www/wordpress/wp-includes/class-wp-hook.php(287): WP_Async_Request->maybe_handle('')
#1 /var/www/wordpress/wp-includes/class-wp-hook.php(311): WP_Hook->apply_filters('', Array)
#2 /var/www/wordpress/wp-includes/plugin.php(484): WP_Hook->do_action(Array)
#3 /var/www/wordpress/wp-admin/admin-ajax.php(199): do_action('wp_ajax_nopriv_...')
#4 {main}
  thrown tässä /repo/wp-content/plugins/woocommerce/includes/libraries/wp-async-request.php rivillä 143

2021-02-06T09:46:02+00:00 CRITICAL Maximum execution time of 30 seconds exceeded tässä /var/www/wordpress/wp-includes/functions.php rivillä 4450

2021-02-06T09:49:00+00:00 CRITICAL Maximum execution time of 30 seconds exceeded tässä /repo/wp-content/plugins/full-utf-8/Ando/Utf8.php rivillä 298

2021-02-06T09:52:05+00:00 CRITICAL Maximum execution time of 30 seconds exceeded tässä /var/www/wordpress/wp-includes/cache.php rivillä 30

2021-02-06T09:55:06+00:00 CRITICAL Maximum execution time of 30 seconds exceeded tässä /repo/wp-content/plugins/full-utf-8/FullUtf8_wpdb.php rivillä 134

2021-02-06T09:58:06+00:00 CRITICAL Maximum execution time of 30 seconds exceeded tässä /var/www/wordpress/wp-includes/plugin.php rivillä 214

2021-02-06T10:01:07+00:00 CRITICAL Maximum execution time of 30 seconds exceeded tässä /repo/wp-content/plugins/facebook-for-woocommerce/includes/fbproduct.php rivillä 0

2021-02-06T10:04:06+00:00 CRITICAL Maximum execution time of 30 seconds exceeded tässä /var/www/wordpress/wp-includes/class-wp-term-query.php rivillä 941

2021-02-06T10:07:11+00:00 CRITICAL Maximum execution time of 30 seconds exceeded tässä /var/www/wordpress/wp-includes/taxonomy.php rivillä 855

2021-02-06T10:10:03+00:00 CRITICAL Maximum execution time of 30 seconds exceeded tässä /repo/wp-content/plugins/full-utf-8/FullUtf8_wpdb.php rivillä 77

