2021-02-21T06:14:13+00:00 CRITICAL Uncaught Error: Call to undefined function session_write_close() in /repo/wp-content/plugins/woocommerce/includes/libraries/wp-async-request.php:143
Stack trace:
#0 /var/www/wordpress/wp-includes/class-wp-hook.php(287): WP_Async_Request->maybe_handle('')
#1 /var/www/wordpress/wp-includes/class-wp-hook.php(311): WP_Hook->apply_filters('', Array)
#2 /var/www/wordpress/wp-includes/plugin.php(484): WP_Hook->do_action(Array)
#3 /var/www/wordpress/wp-admin/admin-ajax.php(199): do_action('wp_ajax_nopriv_...')
#4 {main}
  thrown tässä /repo/wp-content/plugins/woocommerce/includes/libraries/wp-async-request.php rivillä 143

2021-02-21T06:14:51+00:00 CRITICAL Allowed memory size of 268435456 bytes exhausted (tried to allocate 40960 bytes) tässä /repo/wp-content/plugins/facebook-for-woocommerce/includes/Products.php rivillä 303

2021-02-21T06:29:14+00:00 CRITICAL Uncaught Error: Call to undefined function session_write_close() in /repo/wp-content/plugins/woocommerce/includes/libraries/wp-async-request.php:143
Stack trace:
#0 /var/www/wordpress/wp-includes/class-wp-hook.php(287): WP_Async_Request->maybe_handle('')
#1 /var/www/wordpress/wp-includes/class-wp-hook.php(311): WP_Hook->apply_filters('', Array)
#2 /var/www/wordpress/wp-includes/plugin.php(484): WP_Hook->do_action(Array)
#3 /var/www/wordpress/wp-admin/admin-ajax.php(199): do_action('wp_ajax_nopriv_...')
#4 {main}
  thrown tässä /repo/wp-content/plugins/woocommerce/includes/libraries/wp-async-request.php rivillä 143

2021-02-21T06:29:49+00:00 CRITICAL Allowed memory size of 268435456 bytes exhausted (tried to allocate 40960 bytes) tässä /var/www/wordpress/wp-includes/class-wp-object-cache.php rivillä 446

2021-02-21T06:51:46+00:00 CRITICAL Uncaught Error: Call to undefined function session_write_close() in /repo/wp-content/plugins/woocommerce/includes/libraries/wp-async-request.php:143
Stack trace:
#0 /var/www/wordpress/wp-includes/class-wp-hook.php(287): WP_Async_Request->maybe_handle('')
#1 /var/www/wordpress/wp-includes/class-wp-hook.php(311): WP_Hook->apply_filters('', Array)
#2 /var/www/wordpress/wp-includes/plugin.php(484): WP_Hook->do_action(Array)
#3 /var/www/wordpress/wp-admin/admin-ajax.php(199): do_action('wp_ajax_nopriv_...')
#4 {main}
  thrown tässä /repo/wp-content/plugins/woocommerce/includes/libraries/wp-async-request.php rivillä 143

2021-02-21T06:52:25+00:00 CRITICAL Allowed memory size of 268435456 bytes exhausted (tried to allocate 40960 bytes) tässä /repo/wp-content/plugins/facebook-for-woocommerce/includes/Products.php rivillä 303

2021-02-21T06:53:49+00:00 CRITICAL Uncaught Error: Call to undefined function session_write_close() in /repo/wp-content/plugins/woocommerce/includes/libraries/wp-async-request.php:143
Stack trace:
#0 /var/www/wordpress/wp-includes/class-wp-hook.php(287): WP_Async_Request->maybe_handle('')
#1 /var/www/wordpress/wp-includes/class-wp-hook.php(311): WP_Hook->apply_filters('', Array)
#2 /var/www/wordpress/wp-includes/plugin.php(484): WP_Hook->do_action(Array)
#3 /var/www/wordpress/wp-admin/admin-ajax.php(199): do_action('wp_ajax_nopriv_...')
#4 {main}
  thrown tässä /repo/wp-content/plugins/woocommerce/includes/libraries/wp-async-request.php rivillä 143

2021-02-21T06:55:55+00:00 CRITICAL Uncaught Error: Call to undefined function session_write_close() in /repo/wp-content/plugins/woocommerce/includes/libraries/wp-async-request.php:143
Stack trace:
#0 /var/www/wordpress/wp-includes/class-wp-hook.php(287): WP_Async_Request->maybe_handle('')
#1 /var/www/wordpress/wp-includes/class-wp-hook.php(311): WP_Hook->apply_filters('', Array)
#2 /var/www/wordpress/wp-includes/plugin.php(484): WP_Hook->do_action(Array)
#3 /var/www/wordpress/wp-admin/admin-ajax.php(199): do_action('wp_ajax_nopriv_...')
#4 {main}
  thrown tässä /repo/wp-content/plugins/woocommerce/includes/libraries/wp-async-request.php rivillä 143

2021-02-21T06:58:05+00:00 CRITICAL Uncaught Error: Call to undefined function session_write_close() in /repo/wp-content/plugins/woocommerce/includes/libraries/wp-async-request.php:143
Stack trace:
#0 /var/www/wordpress/wp-includes/class-wp-hook.php(287): WP_Async_Request->maybe_handle('')
#1 /var/www/wordpress/wp-includes/class-wp-hook.php(311): WP_Hook->apply_filters('', Array)
#2 /var/www/wordpress/wp-includes/plugin.php(484): WP_Hook->do_action(Array)
#3 /var/www/wordpress/wp-admin/admin-ajax.php(199): do_action('wp_ajax_nopriv_...')
#4 {main}
  thrown tässä /repo/wp-content/plugins/woocommerce/includes/libraries/wp-async-request.php rivillä 143

2021-02-21T07:06:25+00:00 CRITICAL Uncaught Error: Call to undefined function session_write_close() in /repo/wp-content/plugins/woocommerce/includes/libraries/wp-async-request.php:143
Stack trace:
#0 /var/www/wordpress/wp-includes/class-wp-hook.php(287): WP_Async_Request->maybe_handle('')
#1 /var/www/wordpress/wp-includes/class-wp-hook.php(311): WP_Hook->apply_filters('', Array)
#2 /var/www/wordpress/wp-includes/plugin.php(484): WP_Hook->do_action(Array)
#3 /var/www/wordpress/wp-admin/admin-ajax.php(199): do_action('wp_ajax_nopriv_...')
#4 {main}
  thrown tässä /repo/wp-content/plugins/woocommerce/includes/libraries/wp-async-request.php rivillä 143

2021-02-21T07:08:35+00:00 CRITICAL Uncaught Error: Call to undefined function session_write_close() in /repo/wp-content/plugins/woocommerce/includes/libraries/wp-async-request.php:143
Stack trace:
#0 /var/www/wordpress/wp-includes/class-wp-hook.php(287): WP_Async_Request->maybe_handle('')
#1 /var/www/wordpress/wp-includes/class-wp-hook.php(311): WP_Hook->apply_filters('', Array)
#2 /var/www/wordpress/wp-includes/plugin.php(484): WP_Hook->do_action(Array)
#3 /var/www/wordpress/wp-admin/admin-ajax.php(199): do_action('wp_ajax_nopriv_...')
#4 {main}
  thrown tässä /repo/wp-content/plugins/woocommerce/includes/libraries/wp-async-request.php rivillä 143

2021-02-21T07:10:38+00:00 CRITICAL Uncaught Error: Call to undefined function session_write_close() in /repo/wp-content/plugins/woocommerce/includes/libraries/wp-async-request.php:143
Stack trace:
#0 /var/www/wordpress/wp-includes/class-wp-hook.php(287): WP_Async_Request->maybe_handle('')
#1 /var/www/wordpress/wp-includes/class-wp-hook.php(311): WP_Hook->apply_filters('', Array)
#2 /var/www/wordpress/wp-includes/plugin.php(484): WP_Hook->do_action(Array)
#3 /var/www/wordpress/wp-admin/admin-ajax.php(199): do_action('wp_ajax_nopriv_...')
#4 {main}
  thrown tässä /repo/wp-content/plugins/woocommerce/includes/libraries/wp-async-request.php rivillä 143

2021-02-21T07:12:38+00:00 CRITICAL Uncaught Error: Call to undefined function session_write_close() in /repo/wp-content/plugins/woocommerce/includes/libraries/wp-async-request.php:143
Stack trace:
#0 /var/www/wordpress/wp-includes/class-wp-hook.php(287): WP_Async_Request->maybe_handle('')
#1 /var/www/wordpress/wp-includes/class-wp-hook.php(311): WP_Hook->apply_filters('', Array)
#2 /var/www/wordpress/wp-includes/plugin.php(484): WP_Hook->do_action(Array)
#3 /var/www/wordpress/wp-admin/admin-ajax.php(199): do_action('wp_ajax_nopriv_...')
#4 {main}
  thrown tässä /repo/wp-content/plugins/woocommerce/includes/libraries/wp-async-request.php rivillä 143

2021-02-21T07:21:03+00:00 CRITICAL Uncaught Error: Call to undefined function session_write_close() in /repo/wp-content/plugins/woocommerce/includes/libraries/wp-async-request.php:143
Stack trace:
#0 /var/www/wordpress/wp-includes/class-wp-hook.php(287): WP_Async_Request->maybe_handle('')
#1 /var/www/wordpress/wp-includes/class-wp-hook.php(311): WP_Hook->apply_filters('', Array)
#2 /var/www/wordpress/wp-includes/plugin.php(484): WP_Hook->do_action(Array)
#3 /var/www/wordpress/wp-admin/admin-ajax.php(199): do_action('wp_ajax_nopriv_...')
#4 {main}
  thrown tässä /repo/wp-content/plugins/woocommerce/includes/libraries/wp-async-request.php rivillä 143

2021-02-21T07:22:24+00:00 CRITICAL Maximum execution time of 30 seconds exceeded tässä /var/www/wordpress/wp-includes/class-wp-term-query.php rivillä 847

2021-02-21T07:23:08+00:00 CRITICAL Uncaught Error: Call to undefined function session_write_close() in /repo/wp-content/plugins/woocommerce/includes/libraries/wp-async-request.php:143
Stack trace:
#0 /var/www/wordpress/wp-includes/class-wp-hook.php(287): WP_Async_Request->maybe_handle('')
#1 /var/www/wordpress/wp-includes/class-wp-hook.php(311): WP_Hook->apply_filters('', Array)
#2 /var/www/wordpress/wp-includes/plugin.php(484): WP_Hook->do_action(Array)
#3 /var/www/wordpress/wp-admin/admin-ajax.php(199): do_action('wp_ajax_nopriv_...')
#4 {main}
  thrown tässä /repo/wp-content/plugins/woocommerce/includes/libraries/wp-async-request.php rivillä 143

2021-02-21T07:24:34+00:00 CRITICAL Maximum execution time of 30 seconds exceeded tässä /var/www/wordpress/wp-includes/plugin.php rivillä 188

2021-02-21T07:25:08+00:00 CRITICAL Uncaught Error: Call to undefined function session_write_close() in /repo/wp-content/plugins/woocommerce/includes/libraries/wp-async-request.php:143
Stack trace:
#0 /var/www/wordpress/wp-includes/class-wp-hook.php(287): WP_Async_Request->maybe_handle('')
#1 /var/www/wordpress/wp-includes/class-wp-hook.php(311): WP_Hook->apply_filters('', Array)
#2 /var/www/wordpress/wp-includes/plugin.php(484): WP_Hook->do_action(Array)
#3 /var/www/wordpress/wp-admin/admin-ajax.php(199): do_action('wp_ajax_nopriv_...')
#4 {main}
  thrown tässä /repo/wp-content/plugins/woocommerce/includes/libraries/wp-async-request.php rivillä 143

2021-02-21T07:27:11+00:00 CRITICAL Uncaught Error: Call to undefined function session_write_close() in /repo/wp-content/plugins/woocommerce/includes/libraries/wp-async-request.php:143
Stack trace:
#0 /var/www/wordpress/wp-includes/class-wp-hook.php(287): WP_Async_Request->maybe_handle('')
#1 /var/www/wordpress/wp-includes/class-wp-hook.php(311): WP_Hook->apply_filters('', Array)
#2 /var/www/wordpress/wp-includes/plugin.php(484): WP_Hook->do_action(Array)
#3 /var/www/wordpress/wp-admin/admin-ajax.php(199): do_action('wp_ajax_nopriv_...')
#4 {main}
  thrown tässä /repo/wp-content/plugins/woocommerce/includes/libraries/wp-async-request.php rivillä 143

2021-02-21T07:28:36+00:00 CRITICAL Maximum execution time of 30 seconds exceeded tässä /var/www/wordpress/wp-includes/wp-db.php rivillä 2701

2021-02-21T07:29:08+00:00 CRITICAL Uncaught Error: Call to undefined function session_write_close() in /repo/wp-content/plugins/woocommerce/includes/libraries/wp-async-request.php:143
Stack trace:
#0 /var/www/wordpress/wp-includes/class-wp-hook.php(287): WP_Async_Request->maybe_handle('')
#1 /var/www/wordpress/wp-includes/class-wp-hook.php(311): WP_Hook->apply_filters('', Array)
#2 /var/www/wordpress/wp-includes/plugin.php(484): WP_Hook->do_action(Array)
#3 /var/www/wordpress/wp-admin/admin-ajax.php(199): do_action('wp_ajax_nopriv_...')
#4 {main}
  thrown tässä /repo/wp-content/plugins/woocommerce/includes/libraries/wp-async-request.php rivillä 143

2021-02-21T07:30:11+00:00 CRITICAL Allowed memory size of 268435456 bytes exhausted (tried to allocate 163840 bytes) tässä /var/www/wordpress/wp-includes/class-wp-object-cache.php rivillä 446

2021-02-21T07:31:09+00:00 CRITICAL Uncaught Error: Call to undefined function session_write_close() in /repo/wp-content/plugins/woocommerce/includes/libraries/wp-async-request.php:143
Stack trace:
#0 /var/www/wordpress/wp-includes/class-wp-hook.php(287): WP_Async_Request->maybe_handle('')
#1 /var/www/wordpress/wp-includes/class-wp-hook.php(311): WP_Hook->apply_filters('', Array)
#2 /var/www/wordpress/wp-includes/plugin.php(484): WP_Hook->do_action(Array)
#3 /var/www/wordpress/wp-admin/admin-ajax.php(199): do_action('wp_ajax_nopriv_...')
#4 {main}
  thrown tässä /repo/wp-content/plugins/woocommerce/includes/libraries/wp-async-request.php rivillä 143

2021-02-21T07:32:12+00:00 CRITICAL Allowed memory size of 268435456 bytes exhausted (tried to allocate 2621440 bytes) tässä /var/www/wordpress/wp-includes/class-wp-object-cache.php rivillä 446

2021-02-21T07:33:10+00:00 CRITICAL Uncaught Error: Call to undefined function session_write_close() in /repo/wp-content/plugins/woocommerce/includes/libraries/wp-async-request.php:143
Stack trace:
#0 /var/www/wordpress/wp-includes/class-wp-hook.php(287): WP_Async_Request->maybe_handle('')
#1 /var/www/wordpress/wp-includes/class-wp-hook.php(311): WP_Hook->apply_filters('', Array)
#2 /var/www/wordpress/wp-includes/plugin.php(484): WP_Hook->do_action(Array)
#3 /var/www/wordpress/wp-admin/admin-ajax.php(199): do_action('wp_ajax_nopriv_...')
#4 {main}
  thrown tässä /repo/wp-content/plugins/woocommerce/includes/libraries/wp-async-request.php rivillä 143

2021-02-21T07:34:12+00:00 CRITICAL Allowed memory size of 268435456 bytes exhausted (tried to allocate 163840 bytes) tässä /var/www/wordpress/wp-includes/class-wp-object-cache.php rivillä 446

2021-02-21T07:35:12+00:00 CRITICAL Uncaught Error: Call to undefined function session_write_close() in /repo/wp-content/plugins/woocommerce/includes/libraries/wp-async-request.php:143
Stack trace:
#0 /var/www/wordpress/wp-includes/class-wp-hook.php(287): WP_Async_Request->maybe_handle('')
#1 /var/www/wordpress/wp-includes/class-wp-hook.php(311): WP_Hook->apply_filters('', Array)
#2 /var/www/wordpress/wp-includes/plugin.php(484): WP_Hook->do_action(Array)
#3 /var/www/wordpress/wp-admin/admin-ajax.php(199): do_action('wp_ajax_nopriv_...')
#4 {main}
  thrown tässä /repo/wp-content/plugins/woocommerce/includes/libraries/wp-async-request.php rivillä 143

2021-02-21T07:37:15+00:00 CRITICAL Uncaught Error: Call to undefined function session_write_close() in /repo/wp-content/plugins/woocommerce/includes/libraries/wp-async-request.php:143
Stack trace:
#0 /var/www/wordpress/wp-includes/class-wp-hook.php(287): WP_Async_Request->maybe_handle('')
#1 /var/www/wordpress/wp-includes/class-wp-hook.php(311): WP_Hook->apply_filters('', Array)
#2 /var/www/wordpress/wp-includes/plugin.php(484): WP_Hook->do_action(Array)
#3 /var/www/wordpress/wp-admin/admin-ajax.php(199): do_action('wp_ajax_nopriv_...')
#4 {main}
  thrown tässä /repo/wp-content/plugins/woocommerce/includes/libraries/wp-async-request.php rivillä 143

2021-02-21T07:38:35+00:00 CRITICAL Maximum execution time of 30 seconds exceeded tässä /var/www/wordpress/wp-includes/wp-db.php rivillä 2166

2021-02-21T07:39:19+00:00 CRITICAL Uncaught Error: Call to undefined function session_write_close() in /repo/wp-content/plugins/woocommerce/includes/libraries/wp-async-request.php:143
Stack trace:
#0 /var/www/wordpress/wp-includes/class-wp-hook.php(287): WP_Async_Request->maybe_handle('')
#1 /var/www/wordpress/wp-includes/class-wp-hook.php(311): WP_Hook->apply_filters('', Array)
#2 /var/www/wordpress/wp-includes/plugin.php(484): WP_Hook->do_action(Array)
#3 /var/www/wordpress/wp-admin/admin-ajax.php(199): do_action('wp_ajax_nopriv_...')
#4 {main}
  thrown tässä /repo/wp-content/plugins/woocommerce/includes/libraries/wp-async-request.php rivillä 143

2021-02-21T07:40:41+00:00 CRITICAL Maximum execution time of 30 seconds exceeded tässä /repo/wp-content/plugins/full-utf-8/Ando/Utf8.php rivillä 485

2021-02-21T07:41:25+00:00 CRITICAL Uncaught Error: Call to undefined function session_write_close() in /repo/wp-content/plugins/woocommerce/includes/libraries/wp-async-request.php:143
Stack trace:
#0 /var/www/wordpress/wp-includes/class-wp-hook.php(287): WP_Async_Request->maybe_handle('')
#1 /var/www/wordpress/wp-includes/class-wp-hook.php(311): WP_Hook->apply_filters('', Array)
#2 /var/www/wordpress/wp-includes/plugin.php(484): WP_Hook->do_action(Array)
#3 /var/www/wordpress/wp-admin/admin-ajax.php(199): do_action('wp_ajax_nopriv_...')
#4 {main}
  thrown tässä /repo/wp-content/plugins/woocommerce/includes/libraries/wp-async-request.php rivillä 143

2021-02-21T07:42:47+00:00 CRITICAL Maximum execution time of 30 seconds exceeded tässä /var/www/wordpress/wp-includes/class-wp-term-query.php rivillä 296

2021-02-21T07:43:35+00:00 CRITICAL Uncaught Error: Call to undefined function session_write_close() in /repo/wp-content/plugins/woocommerce/includes/libraries/wp-async-request.php:143
Stack trace:
#0 /var/www/wordpress/wp-includes/class-wp-hook.php(287): WP_Async_Request->maybe_handle('')
#1 /var/www/wordpress/wp-includes/class-wp-hook.php(311): WP_Hook->apply_filters('', Array)
#2 /var/www/wordpress/wp-includes/plugin.php(484): WP_Hook->do_action(Array)
#3 /var/www/wordpress/wp-admin/admin-ajax.php(199): do_action('wp_ajax_nopriv_...')
#4 {main}
  thrown tässä /repo/wp-content/plugins/woocommerce/includes/libraries/wp-async-request.php rivillä 143

2021-02-21T07:44:55+00:00 CRITICAL Maximum execution time of 30 seconds exceeded tässä /var/www/wordpress/wp-includes/class-wp-rewrite.php rivillä 717

2021-02-21T07:45:39+00:00 CRITICAL Uncaught Error: Call to undefined function session_write_close() in /repo/wp-content/plugins/woocommerce/includes/libraries/wp-async-request.php:143
Stack trace:
#0 /var/www/wordpress/wp-includes/class-wp-hook.php(287): WP_Async_Request->maybe_handle('')
#1 /var/www/wordpress/wp-includes/class-wp-hook.php(311): WP_Hook->apply_filters('', Array)
#2 /var/www/wordpress/wp-includes/plugin.php(484): WP_Hook->do_action(Array)
#3 /var/www/wordpress/wp-admin/admin-ajax.php(199): do_action('wp_ajax_nopriv_...')
#4 {main}
  thrown tässä /repo/wp-content/plugins/woocommerce/includes/libraries/wp-async-request.php rivillä 143

2021-02-21T08:05:32+00:00 CRITICAL Uncaught Error: Call to undefined function session_write_close() in /repo/wp-content/plugins/woocommerce/includes/libraries/wp-async-request.php:143
Stack trace:
#0 /var/www/wordpress/wp-includes/class-wp-hook.php(287): WP_Async_Request->maybe_handle('')
#1 /var/www/wordpress/wp-includes/class-wp-hook.php(311): WP_Hook->apply_filters('', Array)
#2 /var/www/wordpress/wp-includes/plugin.php(484): WP_Hook->do_action(Array)
#3 /var/www/wordpress/wp-admin/admin-ajax.php(199): do_action('wp_ajax_nopriv_...')
#4 {main}
  thrown tässä /repo/wp-content/plugins/woocommerce/includes/libraries/wp-async-request.php rivillä 143

2021-02-21T08:06:51+00:00 CRITICAL Maximum execution time of 30 seconds exceeded tässä /var/www/wordpress/wp-includes/class-wp-term-query.php rivillä 237

2021-02-21T08:13:25+00:00 CRITICAL Maximum execution time of 30 seconds exceeded tässä /repo/wp-content/plugins/full-utf-8/Ando/Utf8.php rivillä 98

2021-02-21T08:44:52+00:00 CRITICAL Uncaught Error: Call to undefined function session_write_close() in /repo/wp-content/plugins/woocommerce/includes/libraries/wp-async-request.php:143
Stack trace:
#0 /var/www/wordpress/wp-includes/class-wp-hook.php(287): WP_Async_Request->maybe_handle('')
#1 /var/www/wordpress/wp-includes/class-wp-hook.php(311): WP_Hook->apply_filters('', Array)
#2 /var/www/wordpress/wp-includes/plugin.php(484): WP_Hook->do_action(Array)
#3 /var/www/wordpress/wp-admin/admin-ajax.php(199): do_action('wp_ajax_nopriv_...')
#4 {main}
  thrown tässä /repo/wp-content/plugins/woocommerce/includes/libraries/wp-async-request.php rivillä 143

2021-02-21T08:53:28+00:00 CRITICAL Uncaught Error: Call to undefined function session_write_close() in /repo/wp-content/plugins/woocommerce/includes/libraries/wp-async-request.php:143
Stack trace:
#0 /var/www/wordpress/wp-includes/class-wp-hook.php(287): WP_Async_Request->maybe_handle('')
#1 /var/www/wordpress/wp-includes/class-wp-hook.php(311): WP_Hook->apply_filters('', Array)
#2 /var/www/wordpress/wp-includes/plugin.php(484): WP_Hook->do_action(Array)
#3 /var/www/wordpress/wp-admin/admin-ajax.php(199): do_action('wp_ajax_nopriv_...')
#4 {main}
  thrown tässä /repo/wp-content/plugins/woocommerce/includes/libraries/wp-async-request.php rivillä 143

2021-02-21T08:55:29+00:00 CRITICAL Uncaught Error: Call to undefined function session_write_close() in /repo/wp-content/plugins/woocommerce/includes/libraries/wp-async-request.php:143
Stack trace:
#0 /var/www/wordpress/wp-includes/class-wp-hook.php(287): WP_Async_Request->maybe_handle('')
#1 /var/www/wordpress/wp-includes/class-wp-hook.php(311): WP_Hook->apply_filters('', Array)
#2 /var/www/wordpress/wp-includes/plugin.php(484): WP_Hook->do_action(Array)
#3 /var/www/wordpress/wp-admin/admin-ajax.php(199): do_action('wp_ajax_nopriv_...')
#4 {main}
  thrown tässä /repo/wp-content/plugins/woocommerce/includes/libraries/wp-async-request.php rivillä 143

2021-02-21T08:56:49+00:00 CRITICAL Maximum execution time of 30 seconds exceeded tässä /var/www/wordpress/wp-includes/plugin.php rivillä 930

2021-02-21T08:57:32+00:00 CRITICAL Uncaught Error: Call to undefined function session_write_close() in /repo/wp-content/plugins/woocommerce/includes/libraries/wp-async-request.php:143
Stack trace:
#0 /var/www/wordpress/wp-includes/class-wp-hook.php(287): WP_Async_Request->maybe_handle('')
#1 /var/www/wordpress/wp-includes/class-wp-hook.php(311): WP_Hook->apply_filters('', Array)
#2 /var/www/wordpress/wp-includes/plugin.php(484): WP_Hook->do_action(Array)
#3 /var/www/wordpress/wp-admin/admin-ajax.php(199): do_action('wp_ajax_nopriv_...')
#4 {main}
  thrown tässä /repo/wp-content/plugins/woocommerce/includes/libraries/wp-async-request.php rivillä 143

2021-02-21T08:59:35+00:00 CRITICAL Uncaught Error: Call to undefined function session_write_close() in /repo/wp-content/plugins/woocommerce/includes/libraries/wp-async-request.php:143
Stack trace:
#0 /var/www/wordpress/wp-includes/class-wp-hook.php(287): WP_Async_Request->maybe_handle('')
#1 /var/www/wordpress/wp-includes/class-wp-hook.php(311): WP_Hook->apply_filters('', Array)
#2 /var/www/wordpress/wp-includes/plugin.php(484): WP_Hook->do_action(Array)
#3 /var/www/wordpress/wp-admin/admin-ajax.php(199): do_action('wp_ajax_nopriv_...')
#4 {main}
  thrown tässä /repo/wp-content/plugins/woocommerce/includes/libraries/wp-async-request.php rivillä 143

2021-02-21T09:00:48+00:00 CRITICAL Maximum execution time of 30 seconds exceeded tässä /repo/wp-content/plugins/woocommerce/includes/wc-term-functions.php rivillä 535

2021-02-21T09:01:39+00:00 CRITICAL Uncaught Error: Call to undefined function session_write_close() in /repo/wp-content/plugins/woocommerce/includes/libraries/wp-async-request.php:143
Stack trace:
#0 /var/www/wordpress/wp-includes/class-wp-hook.php(287): WP_Async_Request->maybe_handle('')
#1 /var/www/wordpress/wp-includes/class-wp-hook.php(311): WP_Hook->apply_filters('', Array)
#2 /var/www/wordpress/wp-includes/plugin.php(484): WP_Hook->do_action(Array)
#3 /var/www/wordpress/wp-admin/admin-ajax.php(199): do_action('wp_ajax_nopriv_...')
#4 {main}
  thrown tässä /repo/wp-content/plugins/woocommerce/includes/libraries/wp-async-request.php rivillä 143

2021-02-21T09:02:58+00:00 CRITICAL Maximum execution time of 30 seconds exceeded tässä /repo/wp-content/plugins/full-utf-8/Ando/Utf8.php rivillä 499

2021-02-21T09:03:45+00:00 CRITICAL Uncaught Error: Call to undefined function session_write_close() in /repo/wp-content/plugins/woocommerce/includes/libraries/wp-async-request.php:143
Stack trace:
#0 /var/www/wordpress/wp-includes/class-wp-hook.php(287): WP_Async_Request->maybe_handle('')
#1 /var/www/wordpress/wp-includes/class-wp-hook.php(311): WP_Hook->apply_filters('', Array)
#2 /var/www/wordpress/wp-includes/plugin.php(484): WP_Hook->do_action(Array)
#3 /var/www/wordpress/wp-admin/admin-ajax.php(199): do_action('wp_ajax_nopriv_...')
#4 {main}
  thrown tässä /repo/wp-content/plugins/woocommerce/includes/libraries/wp-async-request.php rivillä 143

2021-02-21T09:04:57+00:00 CRITICAL Maximum execution time of 30 seconds exceeded tässä /var/www/wordpress/wp-includes/class-wp-term-query.php rivillä 708

2021-02-21T09:05:55+00:00 CRITICAL Uncaught Error: Call to undefined function session_write_close() in /repo/wp-content/plugins/woocommerce/includes/libraries/wp-async-request.php:143
Stack trace:
#0 /var/www/wordpress/wp-includes/class-wp-hook.php(287): WP_Async_Request->maybe_handle('')
#1 /var/www/wordpress/wp-includes/class-wp-hook.php(311): WP_Hook->apply_filters('', Array)
#2 /var/www/wordpress/wp-includes/plugin.php(484): WP_Hook->do_action(Array)
#3 /var/www/wordpress/wp-admin/admin-ajax.php(199): do_action('wp_ajax_nopriv_...')
#4 {main}
  thrown tässä /repo/wp-content/plugins/woocommerce/includes/libraries/wp-async-request.php rivillä 143

2021-02-21T09:07:09+00:00 CRITICAL Maximum execution time of 30 seconds exceeded tässä /repo/wp-content/plugins/full-utf-8/Ando/Utf8.php rivillä 97

2021-02-21T09:07:58+00:00 CRITICAL Uncaught Error: Call to undefined function session_write_close() in /repo/wp-content/plugins/woocommerce/includes/libraries/wp-async-request.php:143
Stack trace:
#0 /var/www/wordpress/wp-includes/class-wp-hook.php(287): WP_Async_Request->maybe_handle('')
#1 /var/www/wordpress/wp-includes/class-wp-hook.php(311): WP_Hook->apply_filters('', Array)
#2 /var/www/wordpress/wp-includes/plugin.php(484): WP_Hook->do_action(Array)
#3 /var/www/wordpress/wp-admin/admin-ajax.php(199): do_action('wp_ajax_nopriv_...')
#4 {main}
  thrown tässä /repo/wp-content/plugins/woocommerce/includes/libraries/wp-async-request.php rivillä 143

2021-02-21T09:09:14+00:00 CRITICAL Maximum execution time of 30 seconds exceeded tässä /repo/wp-content/plugins/full-utf-8/FullUtf8_wpdb.php rivillä 134

2021-02-21T09:11:12+00:00 CRITICAL Maximum execution time of 30 seconds exceeded tässä /var/www/wordpress/wp-includes/taxonomy.php rivillä 1533

2021-02-21T09:12:03+00:00 CRITICAL Uncaught Error: Call to undefined function session_write_close() in /repo/wp-content/plugins/woocommerce/includes/libraries/wp-async-request.php:143
Stack trace:
#0 /var/www/wordpress/wp-includes/class-wp-hook.php(287): WP_Async_Request->maybe_handle('')
#1 /var/www/wordpress/wp-includes/class-wp-hook.php(311): WP_Hook->apply_filters('', Array)
#2 /var/www/wordpress/wp-includes/plugin.php(484): WP_Hook->do_action(Array)
#3 /var/www/wordpress/wp-admin/admin-ajax.php(199): do_action('wp_ajax_nopriv_...')
#4 {main}
  thrown tässä /repo/wp-content/plugins/woocommerce/includes/libraries/wp-async-request.php rivillä 143

2021-02-21T09:13:25+00:00 CRITICAL Maximum execution time of 30 seconds exceeded tässä /repo/wp-content/plugins/full-utf-8/FullUtf8_wpdb.php rivillä 134

2021-02-21T09:14:06+00:00 CRITICAL Uncaught Error: Call to undefined function session_write_close() in /repo/wp-content/plugins/woocommerce/includes/libraries/wp-async-request.php:143
Stack trace:
#0 /var/www/wordpress/wp-includes/class-wp-hook.php(287): WP_Async_Request->maybe_handle('')
#1 /var/www/wordpress/wp-includes/class-wp-hook.php(311): WP_Hook->apply_filters('', Array)
#2 /var/www/wordpress/wp-includes/plugin.php(484): WP_Hook->do_action(Array)
#3 /var/www/wordpress/wp-admin/admin-ajax.php(199): do_action('wp_ajax_nopriv_...')
#4 {main}
  thrown tässä /repo/wp-content/plugins/woocommerce/includes/libraries/wp-async-request.php rivillä 143

2021-02-21T09:15:23+00:00 CRITICAL Maximum execution time of 30 seconds exceeded tässä /var/www/wordpress/wp-includes/class-wp-object-cache.php rivillä 296

2021-02-21T09:18:18+00:00 CRITICAL Uncaught Error: Call to undefined function session_write_close() in /repo/wp-content/plugins/woocommerce/includes/libraries/wp-async-request.php:143
Stack trace:
#0 /var/www/wordpress/wp-includes/class-wp-hook.php(287): WP_Async_Request->maybe_handle('')
#1 /var/www/wordpress/wp-includes/class-wp-hook.php(311): WP_Hook->apply_filters('', Array)
#2 /var/www/wordpress/wp-includes/plugin.php(484): WP_Hook->do_action(Array)
#3 /var/www/wordpress/wp-admin/admin-ajax.php(199): do_action('wp_ajax_nopriv_...')
#4 {main}
  thrown tässä /repo/wp-content/plugins/woocommerce/includes/libraries/wp-async-request.php rivillä 143

2021-02-21T09:24:58+00:00 CRITICAL Maximum execution time of 30 seconds exceeded tässä /repo/wp-content/plugins/full-utf-8/Ando/Utf8.php rivillä 97

2021-02-21T09:28:53+00:00 CRITICAL Uncaught Error: Call to undefined function session_write_close() in /repo/wp-content/plugins/woocommerce/includes/libraries/wp-async-request.php:143
Stack trace:
#0 /var/www/wordpress/wp-includes/class-wp-hook.php(287): WP_Async_Request->maybe_handle('')
#1 /var/www/wordpress/wp-includes/class-wp-hook.php(311): WP_Hook->apply_filters('', Array)
#2 /var/www/wordpress/wp-includes/plugin.php(484): WP_Hook->do_action(Array)
#3 /var/www/wordpress/wp-admin/admin-ajax.php(184): do_action('wp_ajax_as_asyn...')
#4 {main}
  thrown tässä /repo/wp-content/plugins/woocommerce/includes/libraries/wp-async-request.php rivillä 143

2021-02-21T09:30:11+00:00 CRITICAL Maximum execution time of 30 seconds exceeded tässä /repo/wp-content/plugins/full-utf-8/FullUtf8_wpdb.php rivillä 100

2021-02-21T09:30:57+00:00 CRITICAL Uncaught Error: Call to undefined function session_write_close() in /repo/wp-content/plugins/woocommerce/includes/libraries/wp-async-request.php:143
Stack trace:
#0 /var/www/wordpress/wp-includes/class-wp-hook.php(287): WP_Async_Request->maybe_handle('')
#1 /var/www/wordpress/wp-includes/class-wp-hook.php(311): WP_Hook->apply_filters('', Array)
#2 /var/www/wordpress/wp-includes/plugin.php(484): WP_Hook->do_action(Array)
#3 /var/www/wordpress/wp-admin/admin-ajax.php(184): do_action('wp_ajax_as_asyn...')
#4 {main}
  thrown tässä /repo/wp-content/plugins/woocommerce/includes/libraries/wp-async-request.php rivillä 143

2021-02-21T09:34:53+00:00 CRITICAL Uncaught Error: Call to undefined function session_write_close() in /repo/wp-content/plugins/woocommerce/includes/libraries/wp-async-request.php:143
Stack trace:
#0 /var/www/wordpress/wp-includes/class-wp-hook.php(287): WP_Async_Request->maybe_handle('')
#1 /var/www/wordpress/wp-includes/class-wp-hook.php(311): WP_Hook->apply_filters('', Array)
#2 /var/www/wordpress/wp-includes/plugin.php(484): WP_Hook->do_action(Array)
#3 /var/www/wordpress/wp-admin/admin-ajax.php(184): do_action('wp_ajax_as_asyn...')
#4 {main}
  thrown tässä /repo/wp-content/plugins/woocommerce/includes/libraries/wp-async-request.php rivillä 143

2021-02-21T09:38:10+00:00 CRITICAL Uncaught Error: Call to undefined function session_write_close() in /repo/wp-content/plugins/woocommerce/includes/libraries/wp-async-request.php:143
Stack trace:
#0 /var/www/wordpress/wp-includes/class-wp-hook.php(287): WP_Async_Request->maybe_handle('')
#1 /var/www/wordpress/wp-includes/class-wp-hook.php(311): WP_Hook->apply_filters('', Array)
#2 /var/www/wordpress/wp-includes/plugin.php(484): WP_Hook->do_action(Array)
#3 /var/www/wordpress/wp-admin/admin-ajax.php(184): do_action('wp_ajax_as_asyn...')
#4 {main}
  thrown tässä /repo/wp-content/plugins/woocommerce/includes/libraries/wp-async-request.php rivillä 143

2021-02-21T09:41:11+00:00 CRITICAL Uncaught Error: Call to undefined function session_write_close() in /repo/wp-content/plugins/woocommerce/includes/libraries/wp-async-request.php:143
Stack trace:
#0 /var/www/wordpress/wp-includes/class-wp-hook.php(287): WP_Async_Request->maybe_handle('')
#1 /var/www/wordpress/wp-includes/class-wp-hook.php(311): WP_Hook->apply_filters('', Array)
#2 /var/www/wordpress/wp-includes/plugin.php(484): WP_Hook->do_action(Array)
#3 /var/www/wordpress/wp-admin/admin-ajax.php(184): do_action('wp_ajax_as_asyn...')
#4 {main}
  thrown tässä /repo/wp-content/plugins/woocommerce/includes/libraries/wp-async-request.php rivillä 143

2021-02-21T09:42:57+00:00 CRITICAL Uncaught Error: Call to undefined function session_write_close() in /repo/wp-content/plugins/woocommerce/includes/libraries/wp-async-request.php:143
Stack trace:
#0 /var/www/wordpress/wp-includes/class-wp-hook.php(287): WP_Async_Request->maybe_handle('')
#1 /var/www/wordpress/wp-includes/class-wp-hook.php(311): WP_Hook->apply_filters('', Array)
#2 /var/www/wordpress/wp-includes/plugin.php(484): WP_Hook->do_action(Array)
#3 /var/www/wordpress/wp-admin/admin-ajax.php(184): do_action('wp_ajax_as_asyn...')
#4 {main}
  thrown tässä /repo/wp-content/plugins/woocommerce/includes/libraries/wp-async-request.php rivillä 143

2021-02-21T09:44:35+00:00 CRITICAL Allowed memory size of 268435456 bytes exhausted (tried to allocate 2621440 bytes) tässä /var/www/wordpress/wp-includes/class-wp-object-cache.php rivillä 446

2021-02-21T09:50:42+00:00 CRITICAL Maximum execution time of 30 seconds exceeded tässä /repo/wp-content/plugins/full-utf-8/FullUtf8_wpdb.php rivillä 134

2021-02-21T09:56:45+00:00 CRITICAL Maximum execution time of 30 seconds exceeded tässä /repo/wp-content/plugins/full-utf-8/Ando/Utf8.php rivillä 97

2021-02-21T10:04:35+00:00 CRITICAL Allowed memory size of 268435456 bytes exhausted (tried to allocate 2621440 bytes) tässä /var/www/wordpress/wp-includes/class-wp-object-cache.php rivillä 446

2021-02-21T10:06:32+00:00 CRITICAL Allowed memory size of 268435456 bytes exhausted (tried to allocate 2621440 bytes) tässä /var/www/wordpress/wp-includes/class-wp-object-cache.php rivillä 446

2021-02-21T10:14:34+00:00 CRITICAL Allowed memory size of 268435456 bytes exhausted (tried to allocate 2621440 bytes) tässä /var/www/wordpress/wp-includes/class-wp-object-cache.php rivillä 446

2021-02-21T10:20:35+00:00 CRITICAL Allowed memory size of 268435456 bytes exhausted (tried to allocate 2621440 bytes) tässä /var/www/wordpress/wp-includes/class-wp-object-cache.php rivillä 446

2021-02-21T10:22:34+00:00 CRITICAL Allowed memory size of 268435456 bytes exhausted (tried to allocate 2621440 bytes) tässä /var/www/wordpress/wp-includes/class-wp-object-cache.php rivillä 446

2021-02-21T10:34:33+00:00 CRITICAL Allowed memory size of 268435456 bytes exhausted (tried to allocate 2621440 bytes) tässä /var/www/wordpress/wp-includes/class-wp-object-cache.php rivillä 446

2021-02-21T10:52:32+00:00 CRITICAL Allowed memory size of 268435456 bytes exhausted (tried to allocate 2621440 bytes) tässä /var/www/wordpress/wp-includes/class-wp-object-cache.php rivillä 446

2021-02-21T10:58:34+00:00 CRITICAL Allowed memory size of 268435456 bytes exhausted (tried to allocate 2621440 bytes) tässä /var/www/wordpress/wp-includes/class-wp-object-cache.php rivillä 446

2021-02-21T11:02:42+00:00 CRITICAL Maximum execution time of 30 seconds exceeded tässä /var/www/wordpress/wp-includes/formatting.php rivillä 2171

2021-02-21T11:08:31+00:00 CRITICAL Allowed memory size of 268435456 bytes exhausted (tried to allocate 2621440 bytes) tässä /var/www/wordpress/wp-includes/class-wp-object-cache.php rivillä 446

2021-02-21T11:10:32+00:00 CRITICAL Allowed memory size of 268435456 bytes exhausted (tried to allocate 2621440 bytes) tässä /var/www/wordpress/wp-includes/class-wp-object-cache.php rivillä 446

2021-02-21T11:22:35+00:00 CRITICAL Allowed memory size of 268435456 bytes exhausted (tried to allocate 2621440 bytes) tässä /var/www/wordpress/wp-includes/class-wp-object-cache.php rivillä 446

2021-02-21T11:39:19+00:00 CRITICAL Uncaught Error: Call to undefined function session_write_close() in /repo/wp-content/plugins/woocommerce/includes/libraries/wp-async-request.php:143
Stack trace:
#0 /var/www/wordpress/wp-includes/class-wp-hook.php(287): WP_Async_Request->maybe_handle('')
#1 /var/www/wordpress/wp-includes/class-wp-hook.php(311): WP_Hook->apply_filters('', Array)
#2 /var/www/wordpress/wp-includes/plugin.php(484): WP_Hook->do_action(Array)
#3 /var/www/wordpress/wp-admin/admin-ajax.php(184): do_action('wp_ajax_as_asyn...')
#4 {main}
  thrown tässä /repo/wp-content/plugins/woocommerce/includes/libraries/wp-async-request.php rivillä 143

2021-02-21T11:42:49+00:00 CRITICAL Uncaught Error: Call to undefined function session_write_close() in /repo/wp-content/plugins/woocommerce/includes/libraries/wp-async-request.php:143
Stack trace:
#0 /var/www/wordpress/wp-includes/class-wp-hook.php(287): WP_Async_Request->maybe_handle('')
#1 /var/www/wordpress/wp-includes/class-wp-hook.php(311): WP_Hook->apply_filters('', Array)
#2 /var/www/wordpress/wp-includes/plugin.php(484): WP_Hook->do_action(Array)
#3 /var/www/wordpress/wp-admin/admin-ajax.php(184): do_action('wp_ajax_as_asyn...')
#4 {main}
  thrown tässä /repo/wp-content/plugins/woocommerce/includes/libraries/wp-async-request.php rivillä 143

2021-02-21T11:48:40+00:00 CRITICAL Uncaught Error: Call to undefined function session_write_close() in /repo/wp-content/plugins/woocommerce/includes/libraries/wp-async-request.php:143
Stack trace:
#0 /var/www/wordpress/wp-includes/class-wp-hook.php(287): WP_Async_Request->maybe_handle('')
#1 /var/www/wordpress/wp-includes/class-wp-hook.php(311): WP_Hook->apply_filters('', Array)
#2 /var/www/wordpress/wp-includes/plugin.php(484): WP_Hook->do_action(Array)
#3 /var/www/wordpress/wp-admin/admin-ajax.php(184): do_action('wp_ajax_as_asyn...')
#4 {main}
  thrown tässä /repo/wp-content/plugins/woocommerce/includes/libraries/wp-async-request.php rivillä 143

2021-02-21T11:50:34+00:00 CRITICAL Allowed memory size of 268435456 bytes exhausted (tried to allocate 2621440 bytes) tässä /var/www/wordpress/wp-includes/class-wp-object-cache.php rivillä 446

