2022-01-28T14:57:51+00:00 CRITICAL Uncaught Error: Cannot use object of type WP_Error as array in /repo/wp-content/plugins/cloudinary-image-management-and-manipulation-in-the-cloud-cdn/php/class-media.php:2275
Stack trace:
#0 /repo/wp-content/plugins/cloudinary-image-management-and-manipulation-in-the-cloud-cdn/php/class-sync.php(226): Cloudinary\Media->get_process_logs(242755, true)
#1 /repo/wp-content/plugins/cloudinary-image-management-and-manipulation-in-the-cloud-cdn/php/class-sync.php(866): Cloudinary\Sync->log_sync_result(242755, 'upgrade', 'tqtjmqaeixcee8m...')
#2 /repo/wp-content/plugins/cloudinary-image-management-and-manipulation-in-the-cloud-cdn/php/class-sync.php(839): Cloudinary\Sync->validate_sync_type('upgrade', 242755)
#3 /repo/wp-content/plugins/cloudinary-image-management-and-manipulation-in-the-cloud-cdn/php/class-sync.php(802): Cloudinary\Sync->get_sync_type(242755)
#4 /repo/wp-content/plugins/cloudinary-image-management-and-manipulation-in-the-cloud-cdn/php/class-media.php(1554): Cloudinary\Sync->maybe_prepare_sync(242755 in /repo/wp-content/plugins/cloudinary-image-management-and-manipulation-in-the-cloud-cdn/php/class-media.php on line 2275

2022-01-28T14:59:38+00:00 CRITICAL Uncaught Error: Cannot use object of type WP_Error as array in /repo/wp-content/plugins/cloudinary-image-management-and-manipulation-in-the-cloud-cdn/php/class-media.php:2275
Stack trace:
#0 /repo/wp-content/plugins/cloudinary-image-management-and-manipulation-in-the-cloud-cdn/php/class-sync.php(889): Cloudinary\Media->get_process_logs(242755)
#1 /var/www/wordpress/wp-includes/class-wp-hook.php(292): Cloudinary\Sync->filter_status(Array, 242755)
#2 /var/www/wordpress/wp-includes/plugin.php(212): WP_Hook->apply_filters(Array, Array)
#3 /repo/wp-content/plugins/cloudinary-image-management-and-manipulation-in-the-cloud-cdn/php/class-sync.php(924): apply_filters('cloudinary_medi...', Array, 242755)
#4 /var/www/wordpress/wp-includes/class-wp-hook.php(292): Cloudinary\Sync->filter_media_states(Array, Object(WP_Post))
#5 /var/www/wordpress/wp-includes/plugin.php(212): WP_Hook->apply_filters(Array, Array)
#6 /var/www/wordpress/wp-admin/includes/template.php(2348): apply_filters('display_media_s...', Array, Object(WP_ in /repo/wp-content/plugins/cloudinary-image-management-and-manipulation-in-the-cloud-cdn/php/class-media.php on line 2275

2022-01-28T14:59:44+00:00 CRITICAL Uncaught Error: Cannot use object of type WP_Error as array in /repo/wp-content/plugins/cloudinary-image-management-and-manipulation-in-the-cloud-cdn/php/class-media.php:2275
Stack trace:
#0 /repo/wp-content/plugins/cloudinary-image-management-and-manipulation-in-the-cloud-cdn/php/class-sync.php(226): Cloudinary\Media->get_process_logs(242755, true)
#1 /repo/wp-content/plugins/cloudinary-image-management-and-manipulation-in-the-cloud-cdn/php/sync/class-push-sync.php(226): Cloudinary\Sync->log_sync_result(242755, 'options', Array)
#2 /repo/wp-content/plugins/cloudinary-image-management-and-manipulation-in-the-cloud-cdn/php/sync/class-push-sync.php(286): Cloudinary\Sync\Push_Sync->process_assets(242755)
#3 /var/www/wordpress/wp-includes/rest-api/class-wp-rest-server.php(1139): Cloudinary\Sync\Push_Sync->process_queue(Object(WP_REST_Request))
#4 /var/www/wordpress/wp-includes/rest-api/class-wp-rest-server.php(985): WP_REST_Server->respond_to_request(Object(WP_REST_Request), '/cloudinary/v1/...', Array, NULL)
#5  tässä /repo/wp-content/plugins/cloudinary-image-management-and-manipulation-in-the-cloud-cdn/php/class-media.php rivillä 2275

2022-01-28T17:19:29+00:00 CRITICAL Allowed memory size of 268435456 bytes exhausted (tried to allocate 73728 bytes) tässä /var/www/wordpress/wp-includes/functions.php rivillä 6457

2022-01-28T20:13:22+00:00 CRITICAL Allowed memory size of 268435456 bytes exhausted (tried to allocate 126976 bytes) tässä /var/www/wordpress/wp-includes/functions.php rivillä 6457

2022-01-28T20:16:14+00:00 CRITICAL Allowed memory size of 268435456 bytes exhausted (tried to allocate 73728 bytes) tässä /var/www/wordpress/wp-includes/functions.php rivillä 6457

2022-01-28T20:16:46+00:00 CRITICAL Allowed memory size of 268435456 bytes exhausted (tried to allocate 81920 bytes) tässä /var/www/wordpress/wp-includes/functions.php rivillä 6457

2022-01-28T20:46:10+00:00 CRITICAL Uncaught Error: Cannot use object of type WP_Error as array in /repo/wp-content/plugins/cloudinary-image-management-and-manipulation-in-the-cloud-cdn/php/class-media.php:2275
Stack trace:
#0 /repo/wp-content/plugins/cloudinary-image-management-and-manipulation-in-the-cloud-cdn/php/class-sync.php(226): Cloudinary\Media->get_process_logs(241888, true)
#1 /repo/wp-content/plugins/cloudinary-image-management-and-manipulation-in-the-cloud-cdn/php/class-sync.php(866): Cloudinary\Sync->log_sync_result(241888, 'upgrade', 'lj4cvcv9uozaom5...')
#2 /repo/wp-content/plugins/cloudinary-image-management-and-manipulation-in-the-cloud-cdn/php/class-sync.php(839): Cloudinary\Sync->validate_sync_type('upgrade', 241888)
#3 /repo/wp-content/plugins/cloudinary-image-management-and-manipulation-in-the-cloud-cdn/php/class-sync.php(802): Cloudinary\Sync->get_sync_type(241888)
#4 /repo/wp-content/plugins/cloudinary-image-management-and-manipulation-in-the-cloud-cdn/php/class-media.php(1554): Cloudinary\Sync->maybe_prepare_sync(241888 in /repo/wp-content/plugins/cloudinary-image-management-and-manipulation-in-the-cloud-cdn/php/class-media.php on line 2275

2022-01-28T21:05:09+00:00 CRITICAL Uncaught Error: Cannot use object of type WP_Error as array in /repo/wp-content/plugins/cloudinary-image-management-and-manipulation-in-the-cloud-cdn/php/class-media.php:2275
Stack trace:
#0 /repo/wp-content/plugins/cloudinary-image-management-and-manipulation-in-the-cloud-cdn/php/class-sync.php(889): Cloudinary\Media->get_process_logs(241888)
#1 /var/www/wordpress/wp-includes/class-wp-hook.php(292): Cloudinary\Sync->filter_status(Array, 241888)
#2 /var/www/wordpress/wp-includes/plugin.php(212): WP_Hook->apply_filters(Array, Array)
#3 /repo/wp-content/plugins/cloudinary-image-management-and-manipulation-in-the-cloud-cdn/php/class-sync.php(924): apply_filters('cloudinary_medi...', Array, 241888)
#4 /var/www/wordpress/wp-includes/class-wp-hook.php(292): Cloudinary\Sync->filter_media_states(Array, Object(WP_Post))
#5 /var/www/wordpress/wp-includes/plugin.php(212): WP_Hook->apply_filters(Array, Array)
#6 /var/www/wordpress/wp-admin/includes/template.php(2348): apply_filters('display_media_s...', Array, Object(WP_ in /repo/wp-content/plugins/cloudinary-image-management-and-manipulation-in-the-cloud-cdn/php/class-media.php on line 2275

2022-01-28T21:05:14+00:00 CRITICAL Uncaught Error: Cannot use object of type WP_Error as array in /repo/wp-content/plugins/cloudinary-image-management-and-manipulation-in-the-cloud-cdn/php/class-media.php:2275
Stack trace:
#0 /repo/wp-content/plugins/cloudinary-image-management-and-manipulation-in-the-cloud-cdn/php/class-sync.php(226): Cloudinary\Media->get_process_logs(241888, true)
#1 /repo/wp-content/plugins/cloudinary-image-management-and-manipulation-in-the-cloud-cdn/php/sync/class-push-sync.php(226): Cloudinary\Sync->log_sync_result(241888, 'options', Array)
#2 /repo/wp-content/plugins/cloudinary-image-management-and-manipulation-in-the-cloud-cdn/php/sync/class-push-sync.php(286): Cloudinary\Sync\Push_Sync->process_assets(241888)
#3 /var/www/wordpress/wp-includes/rest-api/class-wp-rest-server.php(1139): Cloudinary\Sync\Push_Sync->process_queue(Object(WP_REST_Request))
#4 /var/www/wordpress/wp-includes/rest-api/class-wp-rest-server.php(985): WP_REST_Server->respond_to_request(Object(WP_REST_Request), '/cloudinary/v1/...', Array, NULL)
#5  tässä /repo/wp-content/plugins/cloudinary-image-management-and-manipulation-in-the-cloud-cdn/php/class-media.php rivillä 2275

2022-01-28T21:13:40+00:00 CRITICAL Allowed memory size of 268435456 bytes exhausted (tried to allocate 73728 bytes) tässä /var/www/wordpress/wp-includes/functions.php rivillä 6457

2022-01-28T21:45:47+00:00 CRITICAL Uncaught Error: Cannot use object of type WP_Error as array in /repo/wp-content/plugins/cloudinary-image-management-and-manipulation-in-the-cloud-cdn/php/class-media.php:2275
Stack trace:
#0 /repo/wp-content/plugins/cloudinary-image-management-and-manipulation-in-the-cloud-cdn/php/class-sync.php(226): Cloudinary\Media->get_process_logs(241596, true)
#1 /repo/wp-content/plugins/cloudinary-image-management-and-manipulation-in-the-cloud-cdn/php/class-sync.php(866): Cloudinary\Sync->log_sync_result(241596, 'upgrade', 'iglrzhjqsm6nomq...')
#2 /repo/wp-content/plugins/cloudinary-image-management-and-manipulation-in-the-cloud-cdn/php/class-sync.php(839): Cloudinary\Sync->validate_sync_type('upgrade', 241596)
#3 /repo/wp-content/plugins/cloudinary-image-management-and-manipulation-in-the-cloud-cdn/php/class-sync.php(802): Cloudinary\Sync->get_sync_type(241596)
#4 /repo/wp-content/plugins/cloudinary-image-management-and-manipulation-in-the-cloud-cdn/php/class-media.php(1554): Cloudinary\Sync->maybe_prepare_sync(241596 in /repo/wp-content/plugins/cloudinary-image-management-and-manipulation-in-the-cloud-cdn/php/class-media.php on line 2275

2022-01-28T21:48:20+00:00 CRITICAL Uncaught Error: Cannot use object of type WP_Error as array in /repo/wp-content/plugins/cloudinary-image-management-and-manipulation-in-the-cloud-cdn/php/class-media.php:2275
Stack trace:
#0 /repo/wp-content/plugins/cloudinary-image-management-and-manipulation-in-the-cloud-cdn/php/class-sync.php(889): Cloudinary\Media->get_process_logs(241596)
#1 /var/www/wordpress/wp-includes/class-wp-hook.php(292): Cloudinary\Sync->filter_status(Array, 241596)
#2 /var/www/wordpress/wp-includes/plugin.php(212): WP_Hook->apply_filters(Array, Array)
#3 /repo/wp-content/plugins/cloudinary-image-management-and-manipulation-in-the-cloud-cdn/php/class-sync.php(924): apply_filters('cloudinary_medi...', Array, 241596)
#4 /var/www/wordpress/wp-includes/class-wp-hook.php(292): Cloudinary\Sync->filter_media_states(Array, Object(WP_Post))
#5 /var/www/wordpress/wp-includes/plugin.php(212): WP_Hook->apply_filters(Array, Array)
#6 /var/www/wordpress/wp-admin/includes/template.php(2348): apply_filters('display_media_s...', Array, Object(WP_ in /repo/wp-content/plugins/cloudinary-image-management-and-manipulation-in-the-cloud-cdn/php/class-media.php on line 2275

2022-01-28T21:48:26+00:00 CRITICAL Uncaught Error: Cannot use object of type WP_Error as array in /repo/wp-content/plugins/cloudinary-image-management-and-manipulation-in-the-cloud-cdn/php/class-media.php:2275
Stack trace:
#0 /repo/wp-content/plugins/cloudinary-image-management-and-manipulation-in-the-cloud-cdn/php/class-sync.php(226): Cloudinary\Media->get_process_logs(241596, true)
#1 /repo/wp-content/plugins/cloudinary-image-management-and-manipulation-in-the-cloud-cdn/php/sync/class-push-sync.php(226): Cloudinary\Sync->log_sync_result(241596, 'options', Array)
#2 /repo/wp-content/plugins/cloudinary-image-management-and-manipulation-in-the-cloud-cdn/php/sync/class-push-sync.php(286): Cloudinary\Sync\Push_Sync->process_assets(241596)
#3 /var/www/wordpress/wp-includes/rest-api/class-wp-rest-server.php(1139): Cloudinary\Sync\Push_Sync->process_queue(Object(WP_REST_Request))
#4 /var/www/wordpress/wp-includes/rest-api/class-wp-rest-server.php(985): WP_REST_Server->respond_to_request(Object(WP_REST_Request), '/cloudinary/v1/...', Array, NULL)
#5  tässä /repo/wp-content/plugins/cloudinary-image-management-and-manipulation-in-the-cloud-cdn/php/class-media.php rivillä 2275

2022-01-28T22:20:08+00:00 CRITICAL Allowed memory size of 268435456 bytes exhausted (tried to allocate 73728 bytes) tässä /var/www/wordpress/wp-includes/functions.php rivillä 6457

2022-01-28T22:44:20+00:00 CRITICAL Uncaught Error: Cannot use object of type WP_Error as array in /repo/wp-content/plugins/cloudinary-image-management-and-manipulation-in-the-cloud-cdn/php/class-media.php:2275
Stack trace:
#0 /repo/wp-content/plugins/cloudinary-image-management-and-manipulation-in-the-cloud-cdn/php/class-sync.php(226): Cloudinary\Media->get_process_logs(241193, true)
#1 /repo/wp-content/plugins/cloudinary-image-management-and-manipulation-in-the-cloud-cdn/php/class-sync.php(866): Cloudinary\Sync->log_sync_result(241193, 'upgrade', 'wybqnzrmx1ql4bj...')
#2 /repo/wp-content/plugins/cloudinary-image-management-and-manipulation-in-the-cloud-cdn/php/class-sync.php(839): Cloudinary\Sync->validate_sync_type('upgrade', 241193)
#3 /repo/wp-content/plugins/cloudinary-image-management-and-manipulation-in-the-cloud-cdn/php/class-sync.php(802): Cloudinary\Sync->get_sync_type(241193)
#4 /repo/wp-content/plugins/cloudinary-image-management-and-manipulation-in-the-cloud-cdn/php/class-media.php(1554): Cloudinary\Sync->maybe_prepare_sync(241193 in /repo/wp-content/plugins/cloudinary-image-management-and-manipulation-in-the-cloud-cdn/php/class-media.php on line 2275

2022-01-28T22:47:38+00:00 CRITICAL Uncaught Error: Cannot use object of type WP_Error as array in /repo/wp-content/plugins/cloudinary-image-management-and-manipulation-in-the-cloud-cdn/php/class-media.php:2275
Stack trace:
#0 /repo/wp-content/plugins/cloudinary-image-management-and-manipulation-in-the-cloud-cdn/php/class-sync.php(889): Cloudinary\Media->get_process_logs(241193)
#1 /var/www/wordpress/wp-includes/class-wp-hook.php(292): Cloudinary\Sync->filter_status(Array, 241193)
#2 /var/www/wordpress/wp-includes/plugin.php(212): WP_Hook->apply_filters(Array, Array)
#3 /repo/wp-content/plugins/cloudinary-image-management-and-manipulation-in-the-cloud-cdn/php/class-sync.php(924): apply_filters('cloudinary_medi...', Array, 241193)
#4 /var/www/wordpress/wp-includes/class-wp-hook.php(292): Cloudinary\Sync->filter_media_states(Array, Object(WP_Post))
#5 /var/www/wordpress/wp-includes/plugin.php(212): WP_Hook->apply_filters(Array, Array)
#6 /var/www/wordpress/wp-admin/includes/template.php(2348): apply_filters('display_media_s...', Array, Object(WP_ in /repo/wp-content/plugins/cloudinary-image-management-and-manipulation-in-the-cloud-cdn/php/class-media.php on line 2275

2022-01-28T22:47:44+00:00 CRITICAL Uncaught Error: Cannot use object of type WP_Error as array in /repo/wp-content/plugins/cloudinary-image-management-and-manipulation-in-the-cloud-cdn/php/class-media.php:2275
Stack trace:
#0 /repo/wp-content/plugins/cloudinary-image-management-and-manipulation-in-the-cloud-cdn/php/class-sync.php(226): Cloudinary\Media->get_process_logs(241193, true)
#1 /repo/wp-content/plugins/cloudinary-image-management-and-manipulation-in-the-cloud-cdn/php/sync/class-push-sync.php(226): Cloudinary\Sync->log_sync_result(241193, 'options', Array)
#2 /repo/wp-content/plugins/cloudinary-image-management-and-manipulation-in-the-cloud-cdn/php/sync/class-push-sync.php(286): Cloudinary\Sync\Push_Sync->process_assets(241193)
#3 /var/www/wordpress/wp-includes/rest-api/class-wp-rest-server.php(1139): Cloudinary\Sync\Push_Sync->process_queue(Object(WP_REST_Request))
#4 /var/www/wordpress/wp-includes/rest-api/class-wp-rest-server.php(985): WP_REST_Server->respond_to_request(Object(WP_REST_Request), '/cloudinary/v1/...', Array, NULL)
#5  tässä /repo/wp-content/plugins/cloudinary-image-management-and-manipulation-in-the-cloud-cdn/php/class-media.php rivillä 2275

2022-01-28T22:59:01+00:00 CRITICAL Uncaught Error: Cannot use object of type WP_Error as array in /repo/wp-content/plugins/cloudinary-image-management-and-manipulation-in-the-cloud-cdn/php/class-media.php:2275
Stack trace:
#0 /repo/wp-content/plugins/cloudinary-image-management-and-manipulation-in-the-cloud-cdn/php/class-sync.php(226): Cloudinary\Media->get_process_logs(240943, true)
#1 /repo/wp-content/plugins/cloudinary-image-management-and-manipulation-in-the-cloud-cdn/php/class-sync.php(866): Cloudinary\Sync->log_sync_result(240943, 'upgrade', 'hazphwnnkjkxmut...')
#2 /repo/wp-content/plugins/cloudinary-image-management-and-manipulation-in-the-cloud-cdn/php/class-sync.php(839): Cloudinary\Sync->validate_sync_type('upgrade', 240943)
#3 /repo/wp-content/plugins/cloudinary-image-management-and-manipulation-in-the-cloud-cdn/php/class-sync.php(802): Cloudinary\Sync->get_sync_type(240943)
#4 /repo/wp-content/plugins/cloudinary-image-management-and-manipulation-in-the-cloud-cdn/php/class-media.php(1554): Cloudinary\Sync->maybe_prepare_sync(240943 in /repo/wp-content/plugins/cloudinary-image-management-and-manipulation-in-the-cloud-cdn/php/class-media.php on line 2275

2022-01-28T22:59:56+00:00 CRITICAL Uncaught Error: Cannot use object of type WP_Error as array in /repo/wp-content/plugins/cloudinary-image-management-and-manipulation-in-the-cloud-cdn/php/class-media.php:2275
Stack trace:
#0 /repo/wp-content/plugins/cloudinary-image-management-and-manipulation-in-the-cloud-cdn/php/class-sync.php(889): Cloudinary\Media->get_process_logs(240943)
#1 /var/www/wordpress/wp-includes/class-wp-hook.php(292): Cloudinary\Sync->filter_status(Array, 240943)
#2 /var/www/wordpress/wp-includes/plugin.php(212): WP_Hook->apply_filters(Array, Array)
#3 /repo/wp-content/plugins/cloudinary-image-management-and-manipulation-in-the-cloud-cdn/php/class-sync.php(924): apply_filters('cloudinary_medi...', Array, 240943)
#4 /var/www/wordpress/wp-includes/class-wp-hook.php(292): Cloudinary\Sync->filter_media_states(Array, Object(WP_Post))
#5 /var/www/wordpress/wp-includes/plugin.php(212): WP_Hook->apply_filters(Array, Array)
#6 /var/www/wordpress/wp-admin/includes/template.php(2348): apply_filters('display_media_s...', Array, Object(WP_ in /repo/wp-content/plugins/cloudinary-image-management-and-manipulation-in-the-cloud-cdn/php/class-media.php on line 2275

2022-01-28T23:00:36+00:00 CRITICAL Uncaught Error: Cannot use object of type WP_Error as array in /repo/wp-content/plugins/cloudinary-image-management-and-manipulation-in-the-cloud-cdn/php/class-media.php:2275
Stack trace:
#0 /repo/wp-content/plugins/cloudinary-image-management-and-manipulation-in-the-cloud-cdn/php/class-sync.php(889): Cloudinary\Media->get_process_logs(240943)
#1 /var/www/wordpress/wp-includes/class-wp-hook.php(292): Cloudinary\Sync->filter_status(Array, 240943)
#2 /var/www/wordpress/wp-includes/plugin.php(212): WP_Hook->apply_filters(Array, Array)
#3 /repo/wp-content/plugins/cloudinary-image-management-and-manipulation-in-the-cloud-cdn/php/class-sync.php(924): apply_filters('cloudinary_medi...', Array, 240943)
#4 /var/www/wordpress/wp-includes/class-wp-hook.php(292): Cloudinary\Sync->filter_media_states(Array, Object(WP_Post))
#5 /var/www/wordpress/wp-includes/plugin.php(212): WP_Hook->apply_filters(Array, Array)
#6 /var/www/wordpress/wp-admin/includes/template.php(2348): apply_filters('display_media_s...', Array, Object(WP_ in /repo/wp-content/plugins/cloudinary-image-management-and-manipulation-in-the-cloud-cdn/php/class-media.php on line 2275

2022-01-28T23:00:56+00:00 CRITICAL Uncaught Error: Cannot use object of type WP_Error as array in /repo/wp-content/plugins/cloudinary-image-management-and-manipulation-in-the-cloud-cdn/php/class-media.php:2275
Stack trace:
#0 /repo/wp-content/plugins/cloudinary-image-management-and-manipulation-in-the-cloud-cdn/php/class-sync.php(889): Cloudinary\Media->get_process_logs(240943)
#1 /var/www/wordpress/wp-includes/class-wp-hook.php(292): Cloudinary\Sync->filter_status(Array, 240943)
#2 /var/www/wordpress/wp-includes/plugin.php(212): WP_Hook->apply_filters(Array, Array)
#3 /repo/wp-content/plugins/cloudinary-image-management-and-manipulation-in-the-cloud-cdn/php/class-sync.php(924): apply_filters('cloudinary_medi...', Array, 240943)
#4 /var/www/wordpress/wp-includes/class-wp-hook.php(292): Cloudinary\Sync->filter_media_states(Array, Object(WP_Post))
#5 /var/www/wordpress/wp-includes/plugin.php(212): WP_Hook->apply_filters(Array, Array)
#6 /var/www/wordpress/wp-admin/includes/template.php(2348): apply_filters('display_media_s...', Array, Object(WP_ in /repo/wp-content/plugins/cloudinary-image-management-and-manipulation-in-the-cloud-cdn/php/class-media.php on line 2275

2022-01-28T23:01:47+00:00 CRITICAL Uncaught Error: Cannot use object of type WP_Error as array in /repo/wp-content/plugins/cloudinary-image-management-and-manipulation-in-the-cloud-cdn/php/class-media.php:2275
Stack trace:
#0 /repo/wp-content/plugins/cloudinary-image-management-and-manipulation-in-the-cloud-cdn/php/class-sync.php(226): Cloudinary\Media->get_process_logs(240943, true)
#1 /repo/wp-content/plugins/cloudinary-image-management-and-manipulation-in-the-cloud-cdn/php/sync/class-push-sync.php(226): Cloudinary\Sync->log_sync_result(240943, 'folder', Array)
#2 /repo/wp-content/plugins/cloudinary-image-management-and-manipulation-in-the-cloud-cdn/php/sync/class-push-sync.php(286): Cloudinary\Sync\Push_Sync->process_assets(240943)
#3 /var/www/wordpress/wp-includes/rest-api/class-wp-rest-server.php(1139): Cloudinary\Sync\Push_Sync->process_queue(Object(WP_REST_Request))
#4 /var/www/wordpress/wp-includes/rest-api/class-wp-rest-server.php(985): WP_REST_Server->respond_to_request(Object(WP_REST_Request), '/cloudinary/v1/...', Array, NULL)
#5 / tässä /repo/wp-content/plugins/cloudinary-image-management-and-manipulation-in-the-cloud-cdn/php/class-media.php rivillä 2275

2022-01-28T23:01:47+00:00 CRITICAL Uncaught Error: Cannot use object of type WP_Error as array in /repo/wp-content/plugins/cloudinary-image-management-and-manipulation-in-the-cloud-cdn/php/class-media.php:2275
Stack trace:
#0 /repo/wp-content/plugins/cloudinary-image-management-and-manipulation-in-the-cloud-cdn/php/class-sync.php(226): Cloudinary\Media->get_process_logs(240943, true)
#1 /repo/wp-content/plugins/cloudinary-image-management-and-manipulation-in-the-cloud-cdn/php/sync/class-push-sync.php(226): Cloudinary\Sync->log_sync_result(240943, 'folder', Array)
#2 /repo/wp-content/plugins/cloudinary-image-management-and-manipulation-in-the-cloud-cdn/php/sync/class-push-sync.php(286): Cloudinary\Sync\Push_Sync->process_assets(240943)
#3 /var/www/wordpress/wp-includes/rest-api/class-wp-rest-server.php(1139): Cloudinary\Sync\Push_Sync->process_queue(Object(WP_REST_Request))
#4 /var/www/wordpress/wp-includes/rest-api/class-wp-rest-server.php(985): WP_REST_Server->respond_to_request(Object(WP_REST_Request), '/cloudinary/v1/...', Array, NULL)
#5 / tässä /repo/wp-content/plugins/cloudinary-image-management-and-manipulation-in-the-cloud-cdn/php/class-media.php rivillä 2275

2022-01-28T23:01:47+00:00 CRITICAL Uncaught Error: Cannot use object of type WP_Error as array in /repo/wp-content/plugins/cloudinary-image-management-and-manipulation-in-the-cloud-cdn/php/class-media.php:2275
Stack trace:
#0 /repo/wp-content/plugins/cloudinary-image-management-and-manipulation-in-the-cloud-cdn/php/class-sync.php(226): Cloudinary\Media->get_process_logs(240943, true)
#1 /repo/wp-content/plugins/cloudinary-image-management-and-manipulation-in-the-cloud-cdn/php/sync/class-push-sync.php(226): Cloudinary\Sync->log_sync_result(240943, 'folder', Array)
#2 /repo/wp-content/plugins/cloudinary-image-management-and-manipulation-in-the-cloud-cdn/php/sync/class-push-sync.php(286): Cloudinary\Sync\Push_Sync->process_assets(240943)
#3 /var/www/wordpress/wp-includes/rest-api/class-wp-rest-server.php(1139): Cloudinary\Sync\Push_Sync->process_queue(Object(WP_REST_Request))
#4 /var/www/wordpress/wp-includes/rest-api/class-wp-rest-server.php(985): WP_REST_Server->respond_to_request(Object(WP_REST_Request), '/cloudinary/v1/...', Array, NULL)
#5 / tässä /repo/wp-content/plugins/cloudinary-image-management-and-manipulation-in-the-cloud-cdn/php/class-media.php rivillä 2275

2022-01-28T23:05:05+00:00 CRITICAL Uncaught Error: Cannot use object of type WP_Error as array in /repo/wp-content/plugins/cloudinary-image-management-and-manipulation-in-the-cloud-cdn/php/class-media.php:2275
Stack trace:
#0 /repo/wp-content/plugins/cloudinary-image-management-and-manipulation-in-the-cloud-cdn/php/class-sync.php(226): Cloudinary\Media->get_process_logs(240913, true)
#1 /repo/wp-content/plugins/cloudinary-image-management-and-manipulation-in-the-cloud-cdn/php/class-sync.php(866): Cloudinary\Sync->log_sync_result(240913, 'upgrade', 'qfobmoaprv94mtb...')
#2 /repo/wp-content/plugins/cloudinary-image-management-and-manipulation-in-the-cloud-cdn/php/class-sync.php(839): Cloudinary\Sync->validate_sync_type('upgrade', 240913)
#3 /repo/wp-content/plugins/cloudinary-image-management-and-manipulation-in-the-cloud-cdn/php/class-sync.php(802): Cloudinary\Sync->get_sync_type(240913)
#4 /repo/wp-content/plugins/cloudinary-image-management-and-manipulation-in-the-cloud-cdn/php/class-media.php(1554): Cloudinary\Sync->maybe_prepare_sync(240913 in /repo/wp-content/plugins/cloudinary-image-management-and-manipulation-in-the-cloud-cdn/php/class-media.php on line 2275

2022-01-28T23:06:10+00:00 CRITICAL Uncaught Error: Cannot use object of type WP_Error as array in /repo/wp-content/plugins/cloudinary-image-management-and-manipulation-in-the-cloud-cdn/php/class-media.php:2275
Stack trace:
#0 /repo/wp-content/plugins/cloudinary-image-management-and-manipulation-in-the-cloud-cdn/php/class-sync.php(889): Cloudinary\Media->get_process_logs(240913)
#1 /var/www/wordpress/wp-includes/class-wp-hook.php(292): Cloudinary\Sync->filter_status(Array, 240913)
#2 /var/www/wordpress/wp-includes/plugin.php(212): WP_Hook->apply_filters(Array, Array)
#3 /repo/wp-content/plugins/cloudinary-image-management-and-manipulation-in-the-cloud-cdn/php/class-sync.php(924): apply_filters('cloudinary_medi...', Array, 240913)
#4 /var/www/wordpress/wp-includes/class-wp-hook.php(292): Cloudinary\Sync->filter_media_states(Array, Object(WP_Post))
#5 /var/www/wordpress/wp-includes/plugin.php(212): WP_Hook->apply_filters(Array, Array)
#6 /var/www/wordpress/wp-admin/includes/template.php(2348): apply_filters('display_media_s...', Array, Object(WP_ in /repo/wp-content/plugins/cloudinary-image-management-and-manipulation-in-the-cloud-cdn/php/class-media.php on line 2275

2022-01-28T23:06:30+00:00 CRITICAL Uncaught Error: Cannot use object of type WP_Error as array in /repo/wp-content/plugins/cloudinary-image-management-and-manipulation-in-the-cloud-cdn/php/class-media.php:2275
Stack trace:
#0 /repo/wp-content/plugins/cloudinary-image-management-and-manipulation-in-the-cloud-cdn/php/class-sync.php(889): Cloudinary\Media->get_process_logs(240913)
#1 /var/www/wordpress/wp-includes/class-wp-hook.php(292): Cloudinary\Sync->filter_status(Array, 240913)
#2 /var/www/wordpress/wp-includes/plugin.php(212): WP_Hook->apply_filters(Array, Array)
#3 /repo/wp-content/plugins/cloudinary-image-management-and-manipulation-in-the-cloud-cdn/php/class-sync.php(924): apply_filters('cloudinary_medi...', Array, 240913)
#4 /var/www/wordpress/wp-includes/class-wp-hook.php(292): Cloudinary\Sync->filter_media_states(Array, Object(WP_Post))
#5 /var/www/wordpress/wp-includes/plugin.php(212): WP_Hook->apply_filters(Array, Array)
#6 /var/www/wordpress/wp-admin/includes/template.php(2348): apply_filters('display_media_s...', Array, Object(WP_ in /repo/wp-content/plugins/cloudinary-image-management-and-manipulation-in-the-cloud-cdn/php/class-media.php on line 2275

2022-01-28T23:06:39+00:00 CRITICAL Uncaught Error: Cannot use object of type WP_Error as array in /repo/wp-content/plugins/cloudinary-image-management-and-manipulation-in-the-cloud-cdn/php/class-media.php:2275
Stack trace:
#0 /repo/wp-content/plugins/cloudinary-image-management-and-manipulation-in-the-cloud-cdn/php/class-sync.php(226): Cloudinary\Media->get_process_logs(240913, true)
#1 /repo/wp-content/plugins/cloudinary-image-management-and-manipulation-in-the-cloud-cdn/php/sync/class-push-sync.php(226): Cloudinary\Sync->log_sync_result(240913, 'options', Array)
#2 /repo/wp-content/plugins/cloudinary-image-management-and-manipulation-in-the-cloud-cdn/php/sync/class-push-sync.php(286): Cloudinary\Sync\Push_Sync->process_assets(240913)
#3 /var/www/wordpress/wp-includes/rest-api/class-wp-rest-server.php(1139): Cloudinary\Sync\Push_Sync->process_queue(Object(WP_REST_Request))
#4 /var/www/wordpress/wp-includes/rest-api/class-wp-rest-server.php(985): WP_REST_Server->respond_to_request(Object(WP_REST_Request), '/cloudinary/v1/...', Array, NULL)
#5  tässä /repo/wp-content/plugins/cloudinary-image-management-and-manipulation-in-the-cloud-cdn/php/class-media.php rivillä 2275

