2021-02-25T14:13:46+00:00 CRITICAL Uncaught Error: Call to undefined function session_write_close() in /repo/wp-content/plugins/woocommerce/includes/libraries/wp-background-process.php:161
Stack trace:
#0 /var/www/wordpress/wp-includes/class-wp-hook.php(287): WP_Background_Process->maybe_handle('')
#1 /var/www/wordpress/wp-includes/class-wp-hook.php(311): WP_Hook->apply_filters('', Array)
#2 /var/www/wordpress/wp-includes/plugin.php(484): WP_Hook->do_action(Array)
#3 /var/www/wordpress/wp-admin/admin-ajax.php(199): do_action('wp_ajax_nopriv_...')
#4 {main}
  thrown tässä /repo/wp-content/plugins/woocommerce/includes/libraries/wp-background-process.php rivillä 161

2021-02-25T16:38:29+00:00 CRITICAL Uncaught Error: Call to undefined function session_write_close() in /repo/wp-content/plugins/woocommerce/includes/libraries/wp-async-request.php:143
Stack trace:
#0 /var/www/wordpress/wp-includes/class-wp-hook.php(287): WP_Async_Request->maybe_handle('')
#1 /var/www/wordpress/wp-includes/class-wp-hook.php(311): WP_Hook->apply_filters('', Array)
#2 /var/www/wordpress/wp-includes/plugin.php(484): WP_Hook->do_action(Array)
#3 /var/www/wordpress/wp-admin/admin-ajax.php(199): do_action('wp_ajax_nopriv_...')
#4 {main}
  thrown tässä /repo/wp-content/plugins/woocommerce/includes/libraries/wp-async-request.php rivillä 143

2021-02-25T17:51:02+00:00 CRITICAL Uncaught Error: Call to undefined function session_write_close() in /repo/wp-content/plugins/woocommerce/includes/libraries/wp-async-request.php:143
Stack trace:
#0 /var/www/wordpress/wp-includes/class-wp-hook.php(287): WP_Async_Request->maybe_handle('')
#1 /var/www/wordpress/wp-includes/class-wp-hook.php(311): WP_Hook->apply_filters('', Array)
#2 /var/www/wordpress/wp-includes/plugin.php(484): WP_Hook->do_action(Array)
#3 /var/www/wordpress/wp-admin/admin-ajax.php(199): do_action('wp_ajax_nopriv_...')
#4 {main}
  thrown tässä /repo/wp-content/plugins/woocommerce/includes/libraries/wp-async-request.php rivillä 143

2021-02-25T17:51:36+00:00 CRITICAL Allowed memory size of 268435456 bytes exhausted (tried to allocate 40960 bytes) tässä /var/www/wordpress/wp-includes/class-wp-object-cache.php rivillä 446

2021-02-25T17:53:02+00:00 CRITICAL Uncaught Error: Call to undefined function session_write_close() in /repo/wp-content/plugins/woocommerce/includes/libraries/wp-async-request.php:143
Stack trace:
#0 /var/www/wordpress/wp-includes/class-wp-hook.php(287): WP_Async_Request->maybe_handle('')
#1 /var/www/wordpress/wp-includes/class-wp-hook.php(311): WP_Hook->apply_filters('', Array)
#2 /var/www/wordpress/wp-includes/plugin.php(484): WP_Hook->do_action(Array)
#3 /var/www/wordpress/wp-admin/admin-ajax.php(199): do_action('wp_ajax_nopriv_...')
#4 {main}
  thrown tässä /repo/wp-content/plugins/woocommerce/includes/libraries/wp-async-request.php rivillä 143

2021-02-25T17:53:38+00:00 CRITICAL Allowed memory size of 268435456 bytes exhausted (tried to allocate 40960 bytes) tässä /repo/wp-content/plugins/facebook-for-woocommerce/includes/Products.php rivillä 303

2021-02-25T19:16:32+00:00 CRITICAL Uncaught Error: Call to undefined function session_write_close() in /repo/wp-content/plugins/woocommerce/includes/libraries/wp-async-request.php:143
Stack trace:
#0 /var/www/wordpress/wp-includes/class-wp-hook.php(287): WP_Async_Request->maybe_handle('')
#1 /var/www/wordpress/wp-includes/class-wp-hook.php(311): WP_Hook->apply_filters('', Array)
#2 /var/www/wordpress/wp-includes/plugin.php(484): WP_Hook->do_action(Array)
#3 /var/www/wordpress/wp-admin/admin-ajax.php(199): do_action('wp_ajax_nopriv_...')
#4 {main}
  thrown tässä /repo/wp-content/plugins/woocommerce/includes/libraries/wp-async-request.php rivillä 143

2021-02-25T22:10:06+00:00 CRITICAL Uncaught Error: Call to undefined function session_write_close() in /repo/wp-content/plugins/woocommerce/includes/libraries/wp-async-request.php:143
Stack trace:
#0 /var/www/wordpress/wp-includes/class-wp-hook.php(287): WP_Async_Request->maybe_handle('')
#1 /var/www/wordpress/wp-includes/class-wp-hook.php(311): WP_Hook->apply_filters('', Array)
#2 /var/www/wordpress/wp-includes/plugin.php(484): WP_Hook->do_action(Array)
#3 /var/www/wordpress/wp-admin/admin-ajax.php(199): do_action('wp_ajax_nopriv_...')
#4 {main}
  thrown tässä /repo/wp-content/plugins/woocommerce/includes/libraries/wp-async-request.php rivillä 143

2021-02-25T22:18:06+00:00 CRITICAL Uncaught Error: Call to undefined function session_write_close() in /repo/wp-content/plugins/woocommerce/includes/libraries/wp-async-request.php:143
Stack trace:
#0 /var/www/wordpress/wp-includes/class-wp-hook.php(287): WP_Async_Request->maybe_handle('')
#1 /var/www/wordpress/wp-includes/class-wp-hook.php(311): WP_Hook->apply_filters('', Array)
#2 /var/www/wordpress/wp-includes/plugin.php(484): WP_Hook->do_action(Array)
#3 /var/www/wordpress/wp-admin/admin-ajax.php(199): do_action('wp_ajax_nopriv_...')
#4 {main}
  thrown tässä /repo/wp-content/plugins/woocommerce/includes/libraries/wp-async-request.php rivillä 143

2021-02-25T22:26:08+00:00 CRITICAL Uncaught Error: Call to undefined function session_write_close() in /repo/wp-content/plugins/woocommerce/includes/libraries/wp-async-request.php:143
Stack trace:
#0 /var/www/wordpress/wp-includes/class-wp-hook.php(287): WP_Async_Request->maybe_handle('')
#1 /var/www/wordpress/wp-includes/class-wp-hook.php(311): WP_Hook->apply_filters('', Array)
#2 /var/www/wordpress/wp-includes/plugin.php(484): WP_Hook->do_action(Array)
#3 /var/www/wordpress/wp-admin/admin-ajax.php(199): do_action('wp_ajax_nopriv_...')
#4 {main}
  thrown tässä /repo/wp-content/plugins/woocommerce/includes/libraries/wp-async-request.php rivillä 143

2021-02-25T22:34:10+00:00 CRITICAL Uncaught Error: Call to undefined function session_write_close() in /repo/wp-content/plugins/woocommerce/includes/libraries/wp-async-request.php:143
Stack trace:
#0 /var/www/wordpress/wp-includes/class-wp-hook.php(287): WP_Async_Request->maybe_handle('')
#1 /var/www/wordpress/wp-includes/class-wp-hook.php(311): WP_Hook->apply_filters('', Array)
#2 /var/www/wordpress/wp-includes/plugin.php(484): WP_Hook->do_action(Array)
#3 /var/www/wordpress/wp-admin/admin-ajax.php(199): do_action('wp_ajax_nopriv_...')
#4 {main}
  thrown tässä /repo/wp-content/plugins/woocommerce/includes/libraries/wp-async-request.php rivillä 143

2021-02-25T22:42:11+00:00 CRITICAL Uncaught Error: Call to undefined function session_write_close() in /repo/wp-content/plugins/woocommerce/includes/libraries/wp-async-request.php:143
Stack trace:
#0 /var/www/wordpress/wp-includes/class-wp-hook.php(287): WP_Async_Request->maybe_handle('')
#1 /var/www/wordpress/wp-includes/class-wp-hook.php(311): WP_Hook->apply_filters('', Array)
#2 /var/www/wordpress/wp-includes/plugin.php(484): WP_Hook->do_action(Array)
#3 /var/www/wordpress/wp-admin/admin-ajax.php(199): do_action('wp_ajax_nopriv_...')
#4 {main}
  thrown tässä /repo/wp-content/plugins/woocommerce/includes/libraries/wp-async-request.php rivillä 143

2021-02-25T22:50:13+00:00 CRITICAL Uncaught Error: Call to undefined function session_write_close() in /repo/wp-content/plugins/woocommerce/includes/libraries/wp-async-request.php:143
Stack trace:
#0 /var/www/wordpress/wp-includes/class-wp-hook.php(287): WP_Async_Request->maybe_handle('')
#1 /var/www/wordpress/wp-includes/class-wp-hook.php(311): WP_Hook->apply_filters('', Array)
#2 /var/www/wordpress/wp-includes/plugin.php(484): WP_Hook->do_action(Array)
#3 /var/www/wordpress/wp-admin/admin-ajax.php(199): do_action('wp_ajax_nopriv_...')
#4 {main}
  thrown tässä /repo/wp-content/plugins/woocommerce/includes/libraries/wp-async-request.php rivillä 143

2021-02-25T22:58:16+00:00 CRITICAL Uncaught Error: Call to undefined function session_write_close() in /repo/wp-content/plugins/woocommerce/includes/libraries/wp-async-request.php:143
Stack trace:
#0 /var/www/wordpress/wp-includes/class-wp-hook.php(287): WP_Async_Request->maybe_handle('')
#1 /var/www/wordpress/wp-includes/class-wp-hook.php(311): WP_Hook->apply_filters('', Array)
#2 /var/www/wordpress/wp-includes/plugin.php(484): WP_Hook->do_action(Array)
#3 /var/www/wordpress/wp-admin/admin-ajax.php(199): do_action('wp_ajax_nopriv_...')
#4 {main}
  thrown tässä /repo/wp-content/plugins/woocommerce/includes/libraries/wp-async-request.php rivillä 143

2021-02-25T23:06:17+00:00 CRITICAL Uncaught Error: Call to undefined function session_write_close() in /repo/wp-content/plugins/woocommerce/includes/libraries/wp-async-request.php:143
Stack trace:
#0 /var/www/wordpress/wp-includes/class-wp-hook.php(287): WP_Async_Request->maybe_handle('')
#1 /var/www/wordpress/wp-includes/class-wp-hook.php(311): WP_Hook->apply_filters('', Array)
#2 /var/www/wordpress/wp-includes/plugin.php(484): WP_Hook->do_action(Array)
#3 /var/www/wordpress/wp-admin/admin-ajax.php(199): do_action('wp_ajax_nopriv_...')
#4 {main}
  thrown tässä /repo/wp-content/plugins/woocommerce/includes/libraries/wp-async-request.php rivillä 143

2021-02-25T23:14:19+00:00 CRITICAL Uncaught Error: Call to undefined function session_write_close() in /repo/wp-content/plugins/woocommerce/includes/libraries/wp-async-request.php:143
Stack trace:
#0 /var/www/wordpress/wp-includes/class-wp-hook.php(287): WP_Async_Request->maybe_handle('')
#1 /var/www/wordpress/wp-includes/class-wp-hook.php(311): WP_Hook->apply_filters('', Array)
#2 /var/www/wordpress/wp-includes/plugin.php(484): WP_Hook->do_action(Array)
#3 /var/www/wordpress/wp-admin/admin-ajax.php(199): do_action('wp_ajax_nopriv_...')
#4 {main}
  thrown tässä /repo/wp-content/plugins/woocommerce/includes/libraries/wp-async-request.php rivillä 143

2021-02-25T23:16:20+00:00 CRITICAL Uncaught Error: Call to undefined function session_write_close() in /repo/wp-content/plugins/woocommerce/includes/libraries/wp-async-request.php:143
Stack trace:
#0 /var/www/wordpress/wp-includes/class-wp-hook.php(287): WP_Async_Request->maybe_handle('')
#1 /var/www/wordpress/wp-includes/class-wp-hook.php(311): WP_Hook->apply_filters('', Array)
#2 /var/www/wordpress/wp-includes/plugin.php(484): WP_Hook->do_action(Array)
#3 /var/www/wordpress/wp-admin/admin-ajax.php(199): do_action('wp_ajax_nopriv_...')
#4 {main}
  thrown tässä /repo/wp-content/plugins/woocommerce/includes/libraries/wp-async-request.php rivillä 143

2021-02-25T23:24:24+00:00 CRITICAL Uncaught Error: Call to undefined function session_write_close() in /repo/wp-content/plugins/woocommerce/includes/libraries/wp-async-request.php:143
Stack trace:
#0 /var/www/wordpress/wp-includes/class-wp-hook.php(287): WP_Async_Request->maybe_handle('')
#1 /var/www/wordpress/wp-includes/class-wp-hook.php(311): WP_Hook->apply_filters('', Array)
#2 /var/www/wordpress/wp-includes/plugin.php(484): WP_Hook->do_action(Array)
#3 /var/www/wordpress/wp-admin/admin-ajax.php(199): do_action('wp_ajax_nopriv_...')
#4 {main}
  thrown tässä /repo/wp-content/plugins/woocommerce/includes/libraries/wp-async-request.php rivillä 143

