2021-01-21T00:02:34+00:00 CRITICAL Maximum execution time of 30 seconds exceeded tässä /var/www/wordpress/wp-includes/class-wp-meta-query.php rivillä 687

2021-01-21T00:05:33+00:00 CRITICAL Maximum execution time of 30 seconds exceeded tässä /repo/wp-content/plugins/full-utf-8/FullUtf8_wpdb.php rivillä 134

2021-01-21T00:08:41+00:00 CRITICAL Maximum execution time of 30 seconds exceeded tässä /var/www/wordpress/wp-includes/option.php rivillä 801

2021-01-21T00:12:22+00:00 CRITICAL Maximum execution time of 30 seconds exceeded tässä /repo/wp-content/plugins/full-utf-8/Ando/Utf8.php rivillä 499

2021-01-21T00:15:20+00:00 CRITICAL Maximum execution time of 30 seconds exceeded tässä /var/www/wordpress/wp-includes/option.php rivillä 48

2021-01-21T00:18:33+00:00 CRITICAL Maximum execution time of 30 seconds exceeded tässä /var/www/wordpress/wp-includes/class-wp-term.php rivillä 197

2021-01-21T00:22:22+00:00 CRITICAL Maximum execution time of 30 seconds exceeded tässä /repo/wp-content/plugins/full-utf-8/Ando/Utf8.php rivillä 485

2021-01-21T00:26:27+00:00 CRITICAL Maximum execution time of 30 seconds exceeded tässä /repo/wp-content/plugins/full-utf-8/Ando/Utf8.php rivillä 485

2021-01-21T00:29:24+00:00 CRITICAL Maximum execution time of 30 seconds exceeded tässä /var/www/wordpress/wp-includes/class-wp-list-util.php rivillä 51

2021-01-21T00:32:17+00:00 CRITICAL Maximum execution time of 30 seconds exceeded tässä /var/www/wordpress/wp-includes/functions.php rivillä 7090

2021-01-21T00:35:26+00:00 CRITICAL Maximum execution time of 30 seconds exceeded tässä /repo/wp-content/plugins/woocommerce/packages/action-scheduler/classes/abstracts/ActionScheduler.php rivillä 253

2021-01-21T00:38:34+00:00 CRITICAL Maximum execution time of 30 seconds exceeded tässä /var/www/wordpress/wp-includes/taxonomy.php rivillä 1580

2021-01-21T00:41:28+00:00 CRITICAL Maximum execution time of 30 seconds exceeded tässä /var/www/wordpress/wp-includes/class-wp-term-query.php rivillä 708

2021-01-21T00:44:17+00:00 CRITICAL Maximum execution time of 30 seconds exceeded tässä /repo/wp-content/plugins/full-utf-8/FullUtf8_wpdb.php rivillä 134

2021-01-21T00:47:26+00:00 CRITICAL Maximum execution time of 30 seconds exceeded tässä /repo/wp-content/plugins/full-utf-8/Ando/Utf8.php rivillä 485

2021-01-21T00:50:26+00:00 CRITICAL Maximum execution time of 30 seconds exceeded tässä /repo/wp-content/plugins/woocommerce/includes/class-wc-data-store.php rivillä 0

2021-01-21T00:53:26+00:00 CRITICAL Maximum execution time of 30 seconds exceeded tässä /repo/wp-content/plugins/woocommerce/includes/abstracts/abstract-wc-product.php rivillä 1459

2021-01-21T00:56:36+00:00 CRITICAL Maximum execution time of 30 seconds exceeded tässä /repo/wp-content/plugins/full-utf-8/FullUtf8_wpdb.php rivillä 134

2021-01-21T01:00:38+00:00 CRITICAL Maximum execution time of 30 seconds exceeded tässä /repo/wp-content/plugins/full-utf-8/FullUtf8_wpdb.php rivillä 100

2021-01-21T01:04:32+00:00 CRITICAL Maximum execution time of 30 seconds exceeded tässä /var/www/wordpress/wp-includes/plugin.php rivillä 188

2021-01-21T01:07:40+00:00 CRITICAL Maximum execution time of 30 seconds exceeded tässä /var/www/wordpress/wp-includes/plugin.php rivillä 214

2021-01-21T01:11:30+00:00 CRITICAL Maximum execution time of 30 seconds exceeded tässä /repo/wp-content/plugins/facebook-for-woocommerce/includes/Products.php rivillä 228

2021-01-21T01:14:29+00:00 CRITICAL Maximum execution time of 30 seconds exceeded tässä /repo/wp-content/plugins/full-utf-8/Ando/Utf8.php rivillä 114

2021-01-21T01:17:38+00:00 CRITICAL Maximum execution time of 30 seconds exceeded tässä /var/www/wordpress/wp-includes/option.php rivillä 31

2021-01-21T01:21:33+00:00 CRITICAL Maximum execution time of 30 seconds exceeded tässä /repo/wp-content/plugins/full-utf-8/FullUtf8_wpdb.php rivillä 134

2021-01-21T01:24:28+00:00 CRITICAL Maximum execution time of 30 seconds exceeded tässä /var/www/wordpress/wp-includes/class-wp-object-cache.php rivillä 494

2021-01-21T01:27:30+00:00 CRITICAL Maximum execution time of 30 seconds exceeded tässä /var/www/wordpress/wp-includes/wp-db.php rivillä 2121

2021-01-21T01:30:28+00:00 CRITICAL Maximum execution time of 30 seconds exceeded tässä /var/www/wordpress/wp-includes/class-wp-meta-query.php rivillä 583

2021-01-21T01:33:38+00:00 CRITICAL Maximum execution time of 30 seconds exceeded tässä /repo/wp-content/plugins/full-utf-8/FullUtf8.php rivillä 89

2021-01-21T01:37:45+00:00 CRITICAL Maximum execution time of 30 seconds exceeded tässä /repo/wp-content/plugins/full-utf-8/FullUtf8.php rivillä 89

2021-01-21T01:41:23+00:00 CRITICAL Maximum execution time of 30 seconds exceeded tässä /var/www/wordpress/wp-includes/class-wp-object-cache.php rivillä 494

2021-01-21T01:44:41+00:00 CRITICAL Maximum execution time of 30 seconds exceeded tässä /var/www/wordpress/wp-includes/cache.php rivillä 30

2021-01-21T01:48:28+00:00 CRITICAL Maximum execution time of 30 seconds exceeded tässä /var/www/wordpress/wp-includes/class-wp-term-query.php rivillä 708

2021-01-21T01:51:16+00:00 CRITICAL Maximum execution time of 30 seconds exceeded tässä /var/www/wordpress/wp-includes/formatting.php rivillä 2236

2021-01-21T01:54:26+00:00 CRITICAL Maximum execution time of 30 seconds exceeded tässä /repo/wp-content/plugins/full-utf-8/FullUtf8_wpdb.php rivillä 134

2021-01-21T01:57:21+00:00 CRITICAL Maximum execution time of 30 seconds exceeded tässä /repo/wp-content/plugins/full-utf-8/Ando/Utf8.php rivillä 499

2021-01-21T02:00:28+00:00 CRITICAL Maximum execution time of 30 seconds exceeded tässä /var/www/wordpress/wp-includes/plugin.php rivillä 198

2021-01-21T02:03:40+00:00 CRITICAL Maximum execution time of 30 seconds exceeded tässä /repo/wp-content/plugins/full-utf-8/FullUtf8_wpdb.php rivillä 134

2021-01-21T02:07:33+00:00 CRITICAL Maximum execution time of 30 seconds exceeded tässä /repo/wp-content/plugins/full-utf-8/FullUtf8_wpdb.php rivillä 134

2021-01-21T02:11:21+00:00 CRITICAL Maximum execution time of 30 seconds exceeded tässä /repo/wp-content/plugins/full-utf-8/FullUtf8_wpdb.php rivillä 134

2021-01-21T02:14:22+00:00 CRITICAL Maximum execution time of 30 seconds exceeded tässä /var/www/wordpress/wp-includes/wp-db.php rivillä 1370

2021-01-21T02:17:22+00:00 CRITICAL Maximum execution time of 30 seconds exceeded tässä /var/www/wordpress/wp-includes/formatting.php rivillä 2228

2021-01-21T02:20:20+00:00 CRITICAL Maximum execution time of 30 seconds exceeded tässä /repo/wp-content/plugins/full-utf-8/FullUtf8_wpdb.php rivillä 134

2021-01-21T02:23:25+00:00 CRITICAL Maximum execution time of 30 seconds exceeded tässä /repo/wp-content/plugins/full-utf-8/Ando/Utf8.php rivillä 114

2021-01-21T02:26:22+00:00 CRITICAL Maximum execution time of 30 seconds exceeded tässä /repo/wp-content/plugins/full-utf-8/Ando/Utf8.php rivillä 112

2021-01-21T02:29:18+00:00 CRITICAL Maximum execution time of 30 seconds exceeded tässä /repo/wp-content/plugins/full-utf-8/FullUtf8_wpdb.php rivillä 134

2021-01-21T02:32:31+00:00 CRITICAL Maximum execution time of 30 seconds exceeded tässä /var/www/wordpress/wp-includes/class-wp-meta-query.php rivillä 583

2021-01-21T02:35:23+00:00 CRITICAL Maximum execution time of 30 seconds exceeded tässä /var/www/wordpress/wp-includes/functions.php rivillä 4473

2021-01-21T02:38:34+00:00 CRITICAL Maximum execution time of 30 seconds exceeded tässä /var/www/wordpress/wp-includes/class-wp-hook.php rivillä 275

2021-01-21T02:42:22+00:00 CRITICAL Maximum execution time of 30 seconds exceeded tässä /var/www/wordpress/wp-includes/taxonomy.php rivillä 288

2021-01-21T02:45:18+00:00 CRITICAL Maximum execution time of 30 seconds exceeded tässä /repo/wp-content/plugins/full-utf-8/Ando/Utf8.php rivillä 112

2021-01-21T02:48:22+00:00 CRITICAL Maximum execution time of 30 seconds exceeded tässä /repo/wp-content/plugins/full-utf-8/Ando/Utf8.php rivillä 112

2021-01-21T02:51:16+00:00 CRITICAL Maximum execution time of 30 seconds exceeded tässä /var/www/wordpress/wp-includes/taxonomy.php rivillä 2116

2021-01-21T02:54:27+00:00 CRITICAL Maximum execution time of 30 seconds exceeded tässä /var/www/wordpress/wp-includes/wp-db.php rivillä 1370

2021-01-21T02:57:28+00:00 CRITICAL Maximum execution time of 30 seconds exceeded tässä /repo/wp-content/plugins/facebook-for-woocommerce/includes/fbproduct.php rivillä 526

2021-01-21T03:00:36+00:00 CRITICAL Maximum execution time of 30 seconds exceeded tässä /repo/wp-content/plugins/full-utf-8/Ando/Utf8.php rivillä 114

2021-01-21T03:03:42+00:00 CRITICAL Maximum execution time of 30 seconds exceeded tässä /var/www/wordpress/wp-includes/wp-db.php rivillä 1416

2021-01-21T03:07:24+00:00 CRITICAL Maximum execution time of 30 seconds exceeded tässä /var/www/wordpress/wp-includes/wp-db.php rivillä 1370

2021-01-21T03:10:30+00:00 CRITICAL Maximum execution time of 30 seconds exceeded tässä /var/www/wordpress/wp-includes/wp-db.php rivillä 2688

2021-01-21T03:13:26+00:00 CRITICAL Maximum execution time of 30 seconds exceeded tässä /repo/wp-content/plugins/full-utf-8/FullUtf8_wpdb.php rivillä 134

2021-01-21T03:16:29+00:00 CRITICAL Maximum execution time of 30 seconds exceeded tässä /repo/wp-content/plugins/full-utf-8/Ando/Utf8.php rivillä 98

2021-01-21T03:19:22+00:00 CRITICAL Maximum execution time of 30 seconds exceeded tässä /repo/wp-content/plugins/full-utf-8/Ando/Utf8.php rivillä 114

2021-01-21T03:22:18+00:00 CRITICAL Maximum execution time of 30 seconds exceeded tässä /repo/wp-content/plugins/full-utf-8/FullUtf8_wpdb.php rivillä 100

2021-01-21T03:25:25+00:00 CRITICAL Maximum execution time of 30 seconds exceeded tässä /repo/wp-content/plugins/full-utf-8/Ando/Utf8.php rivillä 97

2021-01-21T03:28:26+00:00 CRITICAL Maximum execution time of 30 seconds exceeded tässä /repo/wp-content/plugins/full-utf-8/Ando/Utf8.php rivillä 112

2021-01-21T03:31:32+00:00 CRITICAL Maximum execution time of 30 seconds exceeded tässä /repo/wp-content/plugins/full-utf-8/Ando/Utf8.php rivillä 114

2021-01-21T03:34:22+00:00 CRITICAL Maximum execution time of 30 seconds exceeded tässä /var/www/wordpress/wp-includes/plugin.php rivillä 188

2021-01-21T03:37:18+00:00 CRITICAL Maximum execution time of 30 seconds exceeded tässä /repo/wp-content/plugins/full-utf-8/FullUtf8_wpdb.php rivillä 134

2021-01-21T03:40:23+00:00 CRITICAL Maximum execution time of 30 seconds exceeded tässä /var/www/wordpress/wp-includes/plugin.php rivillä 502

2021-01-21T03:43:08+00:00 CRITICAL Maximum execution time of 30 seconds exceeded tässä /var/www/wordpress/wp-includes/pomo/entry.php rivillä 45

2021-01-21T03:46:17+00:00 CRITICAL Maximum execution time of 30 seconds exceeded tässä /var/www/wordpress/wp-includes/plugin.php rivillä 140

2021-01-21T03:49:12+00:00 CRITICAL Maximum execution time of 30 seconds exceeded tässä /var/www/wordpress/wp-includes/class-wp-term-query.php rivillä 667

2021-01-21T03:52:11+00:00 CRITICAL Maximum execution time of 30 seconds exceeded tässä /var/www/wordpress/wp-includes/taxonomy.php rivillä 1345

2021-01-21T03:55:15+00:00 CRITICAL Maximum execution time of 30 seconds exceeded tässä /repo/wp-content/plugins/woocommerce/includes/wc-formatting-functions.php rivillä 680

2021-01-21T03:58:16+00:00 CRITICAL Maximum execution time of 30 seconds exceeded tässä /var/www/wordpress/wp-includes/class-wp-term-query.php rivillä 493

2021-01-21T04:01:04+00:00 CRITICAL Maximum execution time of 30 seconds exceeded tässä /var/www/wordpress/wp-includes/wp-db.php rivillä 1168

2021-01-21T04:04:14+00:00 CRITICAL Maximum execution time of 30 seconds exceeded tässä /var/www/wordpress/wp-includes/taxonomy.php rivillä 1580

2021-01-21T04:07:15+00:00 CRITICAL Maximum execution time of 30 seconds exceeded tässä /repo/wp-content/plugins/full-utf-8/FullUtf8_wpdb.php rivillä 134

2021-01-21T04:10:12+00:00 CRITICAL Maximum execution time of 30 seconds exceeded tässä /var/www/wordpress/wp-includes/class-wp-object-cache.php rivillä 434

2021-01-21T04:13:35+00:00 CRITICAL Maximum execution time of 30 seconds exceeded tässä /repo/wp-content/plugins/full-utf-8/FullUtf8_wpdb.php rivillä 90

2021-01-21T04:17:12+00:00 CRITICAL Maximum execution time of 30 seconds exceeded tässä /var/www/wordpress/wp-includes/plugin.php rivillä 199

2021-01-21T04:20:16+00:00 CRITICAL Maximum execution time of 30 seconds exceeded tässä /var/www/wordpress/wp-includes/class-wp-term-query.php rivillä 703

2021-01-21T04:23:26+00:00 CRITICAL Maximum execution time of 30 seconds exceeded tässä /var/www/wordpress/wp-includes/plugin.php rivillä 188

2021-01-21T04:26:44+00:00 CRITICAL Maximum execution time of 30 seconds exceeded tässä /var/www/wordpress/wp-includes/class-wp-list-util.php rivillä 159

2021-01-21T04:30:38+00:00 CRITICAL Maximum execution time of 30 seconds exceeded tässä /var/www/wordpress/wp-includes/class-wp-term-query.php rivillä 708

2021-01-21T04:34:28+00:00 CRITICAL Maximum execution time of 30 seconds exceeded tässä /repo/wp-content/plugins/woocommerce/includes/wc-attribute-functions.php rivillä 176

2021-01-21T04:37:28+00:00 CRITICAL Maximum execution time of 30 seconds exceeded tässä /repo/wp-content/plugins/woocommerce/includes/wc-term-functions.php rivillä 112

2021-01-21T04:40:25+00:00 CRITICAL Maximum execution time of 30 seconds exceeded tässä /repo/wp-content/plugins/full-utf-8/Ando/Utf8.php rivillä 98

2021-01-21T04:43:17+00:00 CRITICAL Maximum execution time of 30 seconds exceeded tässä /var/www/wordpress/wp-includes/class-wp-meta-query.php rivillä 250

2021-01-21T04:46:15+00:00 CRITICAL Maximum execution time of 30 seconds exceeded tässä /var/www/wordpress/wp-includes/class-wp-term-query.php rivillä 703

2021-01-21T04:49:23+00:00 CRITICAL Maximum execution time of 30 seconds exceeded tässä /var/www/wordpress/wp-includes/taxonomy.php rivillä 288

2021-01-21T04:52:23+00:00 CRITICAL Maximum execution time of 30 seconds exceeded tässä /repo/wp-content/plugins/full-utf-8/FullUtf8_wpdb.php rivillä 134

2021-01-21T04:55:23+00:00 CRITICAL Maximum execution time of 30 seconds exceeded tässä /var/www/wordpress/wp-includes/cache.php rivillä 30

2021-01-21T04:58:36+00:00 CRITICAL Maximum execution time of 30 seconds exceeded tässä /var/www/wordpress/wp-includes/formatting.php rivillä 2236

2021-01-21T05:02:29+00:00 CRITICAL Maximum execution time of 30 seconds exceeded tässä /var/www/wordpress/wp-includes/class-wp-post.php rivillä 358

2021-01-21T05:05:41+00:00 CRITICAL Maximum execution time of 30 seconds exceeded tässä /repo/wp-content/plugins/woocommerce/includes/abstracts/abstract-wc-product.php rivillä 1756

2021-01-21T05:09:45+00:00 CRITICAL Maximum execution time of 30 seconds exceeded tässä /repo/wp-content/plugins/full-utf-8/Ando/Utf8.php rivillä 485

2021-01-21T05:13:36+00:00 CRITICAL Maximum execution time of 30 seconds exceeded tässä /var/www/wordpress/wp-includes/meta.php rivillä 1070

2021-01-21T05:17:26+00:00 CRITICAL Maximum execution time of 30 seconds exceeded tässä /repo/wp-content/plugins/facebook-for-woocommerce/includes/fbproductfeed.php rivillä 833

2021-01-21T05:20:34+00:00 CRITICAL Maximum execution time of 30 seconds exceeded tässä /var/www/wordpress/wp-includes/plugin.php rivillä 553

2021-01-21T05:24:43+00:00 CRITICAL Maximum execution time of 30 seconds exceeded tässä /repo/wp-content/plugins/full-utf-8/FullUtf8_wpdb.php rivillä 134

2021-01-21T05:28:37+00:00 CRITICAL Maximum execution time of 30 seconds exceeded tässä /repo/wp-content/plugins/woocommerce/includes/abstracts/abstract-wc-data.php rivillä 259

2021-01-21T05:32:43+00:00 CRITICAL Maximum execution time of 30 seconds exceeded tässä /var/www/wordpress/wp-includes/option.php rivillä 31

2021-01-21T05:36:35+00:00 CRITICAL Maximum execution time of 30 seconds exceeded tässä /repo/wp-content/plugins/full-utf-8/FullUtf8.php rivillä 95

2021-01-21T05:40:34+00:00 CRITICAL Maximum execution time of 30 seconds exceeded tässä /var/www/wordpress/wp-includes/class-wp-term-query.php rivillä 739

2021-01-21T05:43:35+00:00 CRITICAL Maximum execution time of 30 seconds exceeded tässä /var/www/wordpress/wp-includes/plugin.php rivillä 930

2021-01-21T05:47:33+00:00 CRITICAL Maximum execution time of 30 seconds exceeded tässä /repo/wp-content/plugins/full-utf-8/Ando/Utf8.php rivillä 97

2021-01-21T05:50:45+00:00 CRITICAL Maximum execution time of 30 seconds exceeded tässä /var/www/wordpress/wp-includes/plugin.php rivillä 188

2021-01-21T05:54:28+00:00 CRITICAL Maximum execution time of 30 seconds exceeded tässä /var/www/wordpress/wp-includes/class-wp-term.php rivillä 198

2021-01-21T05:57:30+00:00 CRITICAL Maximum execution time of 30 seconds exceeded tässä /var/www/wordpress/wp-includes/cache.php rivillä 122

2021-01-21T06:00:28+00:00 CRITICAL Maximum execution time of 30 seconds exceeded tässä /repo/wp-content/plugins/woocommerce/includes/wc-term-functions.php rivillä 531

2021-01-21T06:03:39+00:00 CRITICAL Maximum execution time of 30 seconds exceeded tässä /var/www/wordpress/wp-includes/formatting.php rivillä 2226

2021-01-21T06:07:37+00:00 CRITICAL Maximum execution time of 30 seconds exceeded tässä /var/www/wordpress/wp-includes/class-wp-object-cache.php rivillä 148

2021-01-21T06:11:30+00:00 CRITICAL Maximum execution time of 30 seconds exceeded tässä /var/www/wordpress/wp-includes/class-wp-post.php rivillä 265

2021-01-21T06:14:31+00:00 CRITICAL Maximum execution time of 30 seconds exceeded tässä /repo/wp-content/plugins/full-utf-8/Ando/Utf8.php rivillä 114

2021-01-21T06:17:46+00:00 CRITICAL Maximum execution time of 30 seconds exceeded tässä /repo/wp-content/plugins/omega-instant-search/omegacommerce-search-woo.php rivillä 38

2021-01-21T06:21:53+00:00 CRITICAL Maximum execution time of 30 seconds exceeded tässä /repo/wp-content/plugins/full-utf-8/Ando/Utf8.php rivillä 112

2021-01-21T06:25:50+00:00 CRITICAL Maximum execution time of 30 seconds exceeded tässä /var/www/wordpress/wp-includes/class-wp-object-cache.php rivillä 494

2021-01-21T06:29:56+00:00 CRITICAL Maximum execution time of 30 seconds exceeded tässä /repo/wp-content/plugins/full-utf-8/FullUtf8_wpdb.php rivillä 100

2021-01-21T06:33:59+00:00 CRITICAL Maximum execution time of 30 seconds exceeded tässä /repo/wp-content/plugins/full-utf-8/FullUtf8_wpdb.php rivillä 134

2021-01-21T06:37:48+00:00 CRITICAL Maximum execution time of 30 seconds exceeded tässä /var/www/wordpress/wp-includes/wp-db.php rivillä 2121

2021-01-21T06:41:50+00:00 CRITICAL Maximum execution time of 30 seconds exceeded tässä /var/www/wordpress/wp-includes/class-wp-hook.php rivillä 271

2021-01-21T06:42:06+00:00 CRITICAL Uncaught Error: Call to undefined function session_write_close() in /repo/wp-content/plugins/woocommerce/includes/libraries/wp-async-request.php:143
Stack trace:
#0 /var/www/wordpress/wp-includes/class-wp-hook.php(287): WP_Async_Request->maybe_handle('')
#1 /var/www/wordpress/wp-includes/class-wp-hook.php(311): WP_Hook->apply_filters('', Array)
#2 /var/www/wordpress/wp-includes/plugin.php(484): WP_Hook->do_action(Array)
#3 /var/www/wordpress/wp-admin/admin-ajax.php(184): do_action('wp_ajax_as_asyn...')
#4 {main}
  thrown tässä /repo/wp-content/plugins/woocommerce/includes/libraries/wp-async-request.php rivillä 143

2021-01-21T06:46:06+00:00 CRITICAL Maximum execution time of 30 seconds exceeded tässä /repo/wp-content/plugins/woocommerce/includes/wc-conditional-functions.php rivillä 267

2021-01-21T06:49:58+00:00 CRITICAL Maximum execution time of 30 seconds exceeded tässä /repo/wp-content/plugins/woocommerce/includes/data-stores/class-wc-product-data-store-cpt.php rivillä 460

2021-01-21T06:50:24+00:00 CRITICAL Uncaught Error: Call to undefined function session_write_close() in /repo/wp-content/plugins/woocommerce/includes/libraries/wp-async-request.php:143
Stack trace:
#0 /var/www/wordpress/wp-includes/class-wp-hook.php(287): WP_Async_Request->maybe_handle('')
#1 /var/www/wordpress/wp-includes/class-wp-hook.php(311): WP_Hook->apply_filters('', Array)
#2 /var/www/wordpress/wp-includes/plugin.php(484): WP_Hook->do_action(Array)
#3 /var/www/wordpress/wp-admin/admin-ajax.php(184): do_action('wp_ajax_as_asyn...')
#4 {main}
  thrown tässä /repo/wp-content/plugins/woocommerce/includes/libraries/wp-async-request.php rivillä 143

2021-01-21T06:53:51+00:00 CRITICAL Maximum execution time of 30 seconds exceeded tässä /var/www/wordpress/wp-includes/taxonomy.php rivillä 1580

2021-01-21T06:54:26+00:00 CRITICAL Uncaught Error: Call to undefined function session_write_close() in /repo/wp-content/plugins/woocommerce/includes/libraries/wp-async-request.php:143
Stack trace:
#0 /var/www/wordpress/wp-includes/class-wp-hook.php(287): WP_Async_Request->maybe_handle('')
#1 /var/www/wordpress/wp-includes/class-wp-hook.php(311): WP_Hook->apply_filters('', Array)
#2 /var/www/wordpress/wp-includes/plugin.php(484): WP_Hook->do_action(Array)
#3 /var/www/wordpress/wp-admin/admin-ajax.php(184): do_action('wp_ajax_as_asyn...')
#4 {main}
  thrown tässä /repo/wp-content/plugins/woocommerce/includes/libraries/wp-async-request.php rivillä 143

2021-01-21T06:57:29+00:00 CRITICAL Maximum execution time of 30 seconds exceeded tässä /repo/wp-content/plugins/full-utf-8/FullUtf8_wpdb.php rivillä 100

2021-01-21T07:01:11+00:00 CRITICAL Maximum execution time of 30 seconds exceeded tässä /var/www/wordpress/wp-includes/class-wp-hook.php rivillä 284

2021-01-21T07:04:37+00:00 CRITICAL Maximum execution time of 30 seconds exceeded tässä /var/www/wordpress/wp-includes/taxonomy.php rivillä 1533

2021-01-21T07:08:49+00:00 CRITICAL Maximum execution time of 30 seconds exceeded tässä /repo/wp-content/plugins/full-utf-8/FullUtf8.php rivillä 89

2021-01-21T07:12:51+00:00 CRITICAL Maximum execution time of 30 seconds exceeded tässä /repo/wp-content/plugins/media-file-renamer/classes/init.php rivillä 23

2021-01-21T07:13:16+00:00 CRITICAL Uncaught Error: Call to undefined function session_write_close() in /repo/wp-content/plugins/woocommerce/includes/libraries/wp-async-request.php:143
Stack trace:
#0 /var/www/wordpress/wp-includes/class-wp-hook.php(287): WP_Async_Request->maybe_handle('')
#1 /var/www/wordpress/wp-includes/class-wp-hook.php(311): WP_Hook->apply_filters('', Array)
#2 /var/www/wordpress/wp-includes/plugin.php(484): WP_Hook->do_action(Array)
#3 /var/www/wordpress/wp-admin/admin-ajax.php(184): do_action('wp_ajax_as_asyn...')
#4 {main}
  thrown tässä /repo/wp-content/plugins/woocommerce/includes/libraries/wp-async-request.php rivillä 143

2021-01-21T07:16:53+00:00 CRITICAL Maximum execution time of 30 seconds exceeded tässä /repo/wp-content/plugins/full-utf-8/Ando/Utf8.php rivillä 97

2021-01-21T07:20:27+00:00 CRITICAL Maximum execution time of 30 seconds exceeded tässä /var/www/wordpress/wp-includes/wp-db.php rivillä 2134

2021-01-21T07:24:00+00:00 CRITICAL Maximum execution time of 30 seconds exceeded tässä /var/www/wordpress/wp-includes/class-wp-meta-query.php rivillä 420

2021-01-21T07:24:11+00:00 CRITICAL Uncaught Error: Call to undefined function session_write_close() in /repo/wp-content/plugins/woocommerce/includes/libraries/wp-async-request.php:143
Stack trace:
#0 /var/www/wordpress/wp-includes/class-wp-hook.php(287): WP_Async_Request->maybe_handle('')
#1 /var/www/wordpress/wp-includes/class-wp-hook.php(311): WP_Hook->apply_filters('', Array)
#2 /var/www/wordpress/wp-includes/plugin.php(484): WP_Hook->do_action(Array)
#3 /var/www/wordpress/wp-admin/admin-ajax.php(184): do_action('wp_ajax_as_asyn...')
#4 {main}
  thrown tässä /repo/wp-content/plugins/woocommerce/includes/libraries/wp-async-request.php rivillä 143

2021-01-21T07:27:45+00:00 CRITICAL Maximum execution time of 30 seconds exceeded tässä /repo/wp-content/plugins/full-utf-8/FullUtf8_wpdb.php rivillä 134

2021-01-21T07:27:53+00:00 CRITICAL Uncaught Error: Call to undefined function session_write_close() in /repo/wp-content/plugins/woocommerce/includes/libraries/wp-async-request.php:143
Stack trace:
#0 /var/www/wordpress/wp-includes/class-wp-hook.php(287): WP_Async_Request->maybe_handle('')
#1 /var/www/wordpress/wp-includes/class-wp-hook.php(311): WP_Hook->apply_filters('', Array)
#2 /var/www/wordpress/wp-includes/plugin.php(484): WP_Hook->do_action(Array)
#3 /var/www/wordpress/wp-admin/admin-ajax.php(184): do_action('wp_ajax_as_asyn...')
#4 {main}
  thrown tässä /repo/wp-content/plugins/woocommerce/includes/libraries/wp-async-request.php rivillä 143

2021-01-21T07:31:54+00:00 CRITICAL Maximum execution time of 30 seconds exceeded tässä /var/www/wordpress/wp-includes/wp-db.php rivillä 2134

2021-01-21T07:35:34+00:00 CRITICAL Maximum execution time of 30 seconds exceeded tässä /repo/wp-content/plugins/woocommerce/includes/wc-term-functions.php rivillä 97

2021-01-21T07:39:50+00:00 CRITICAL Maximum execution time of 30 seconds exceeded tässä /repo/wp-content/plugins/woo-gutenberg-products-block/vendor/jetpack-autoloader/class-version-loader.php rivillä 68

2021-01-21T07:44:07+00:00 CRITICAL Maximum execution time of 30 seconds exceeded tässä /var/www/wordpress/wp-includes/taxonomy.php rivillä 856

2021-01-21T07:47:52+00:00 CRITICAL Maximum execution time of 30 seconds exceeded tässä /repo/wp-content/plugins/full-utf-8/Ando/Utf8.php rivillä 98

2021-01-21T07:51:48+00:00 CRITICAL Maximum execution time of 30 seconds exceeded tässä /repo/wp-content/plugins/full-utf-8/FullUtf8_wpdb.php rivillä 134

2021-01-21T07:55:44+00:00 CRITICAL Maximum execution time of 30 seconds exceeded tässä /repo/wp-content/plugins/woocommerce/includes/wc-term-functions.php rivillä 111

2021-01-21T07:59:45+00:00 CRITICAL Maximum execution time of 30 seconds exceeded tässä /repo/wp-content/plugins/full-utf-8/FullUtf8_wpdb.php rivillä 134

2021-01-21T08:03:30+00:00 CRITICAL Maximum execution time of 30 seconds exceeded tässä /repo/wp-content/plugins/full-utf-8/FullUtf8_wpdb.php rivillä 134

2021-01-21T08:07:50+00:00 CRITICAL Maximum execution time of 30 seconds exceeded tässä /repo/wp-content/plugins/full-utf-8/Ando/Utf8.php rivillä 309

2021-01-21T08:11:43+00:00 CRITICAL Maximum execution time of 30 seconds exceeded tässä /var/www/wordpress/wp-includes/cache.php rivillä 122

2021-01-21T08:11:59+00:00 CRITICAL Uncaught Error: Call to undefined function session_write_close() in /repo/wp-content/plugins/woocommerce/includes/libraries/wp-async-request.php:143
Stack trace:
#0 /var/www/wordpress/wp-includes/class-wp-hook.php(287): WP_Async_Request->maybe_handle('')
#1 /var/www/wordpress/wp-includes/class-wp-hook.php(311): WP_Hook->apply_filters('', Array)
#2 /var/www/wordpress/wp-includes/plugin.php(484): WP_Hook->do_action(Array)
#3 /var/www/wordpress/wp-admin/admin-ajax.php(184): do_action('wp_ajax_as_asyn...')
#4 {main}
  thrown tässä /repo/wp-content/plugins/woocommerce/includes/libraries/wp-async-request.php rivillä 143

2021-01-21T08:15:38+00:00 CRITICAL Maximum execution time of 30 seconds exceeded tässä /var/www/wordpress/wp-includes/plugin.php rivillä 193

2021-01-21T08:15:48+00:00 CRITICAL Uncaught Error: Call to undefined function session_write_close() in /repo/wp-content/plugins/woocommerce/includes/libraries/wp-async-request.php:143
Stack trace:
#0 /var/www/wordpress/wp-includes/class-wp-hook.php(287): WP_Async_Request->maybe_handle('')
#1 /var/www/wordpress/wp-includes/class-wp-hook.php(311): WP_Hook->apply_filters('', Array)
#2 /var/www/wordpress/wp-includes/plugin.php(484): WP_Hook->do_action(Array)
#3 /var/www/wordpress/wp-admin/admin-ajax.php(184): do_action('wp_ajax_as_asyn...')
#4 {main}
  thrown tässä /repo/wp-content/plugins/woocommerce/includes/libraries/wp-async-request.php rivillä 143

2021-01-21T08:19:35+00:00 CRITICAL Maximum execution time of 30 seconds exceeded tässä /var/www/wordpress/wp-includes/class-wp-object-cache.php rivillä 293

2021-01-21T08:19:50+00:00 CRITICAL Uncaught Error: Call to undefined function session_write_close() in /repo/wp-content/plugins/woocommerce/includes/libraries/wp-async-request.php:143
Stack trace:
#0 /var/www/wordpress/wp-includes/class-wp-hook.php(287): WP_Async_Request->maybe_handle('')
#1 /var/www/wordpress/wp-includes/class-wp-hook.php(311): WP_Hook->apply_filters('', Array)
#2 /var/www/wordpress/wp-includes/plugin.php(484): WP_Hook->do_action(Array)
#3 /var/www/wordpress/wp-admin/admin-ajax.php(184): do_action('wp_ajax_as_asyn...')
#4 {main}
  thrown tässä /repo/wp-content/plugins/woocommerce/includes/libraries/wp-async-request.php rivillä 143

2021-01-21T08:23:53+00:00 CRITICAL Maximum execution time of 30 seconds exceeded tässä /var/www/wordpress/wp-includes/post-formats.php rivillä 235

2021-01-21T08:27:28+00:00 CRITICAL Maximum execution time of 30 seconds exceeded tässä /var/www/wordpress/wp-includes/class-wp-term-query.php rivillä 708

2021-01-21T08:30:35+00:00 CRITICAL Maximum execution time of 30 seconds exceeded tässä /var/www/wordpress/wp-includes/functions.php rivillä 4522

2021-01-21T08:34:42+00:00 CRITICAL Maximum execution time of 30 seconds exceeded tässä /var/www/wordpress/wp-includes/class-wp-object-cache.php rivillä 494

2021-01-21T08:38:46+00:00 CRITICAL Maximum execution time of 30 seconds exceeded tässä /var/www/wordpress/wp-includes/link-template.php rivillä 3662

2021-01-21T08:39:23+00:00 CRITICAL Uncaught Error: Call to undefined function session_write_close() in /repo/wp-content/plugins/woocommerce/includes/libraries/wp-async-request.php:143
Stack trace:
#0 /var/www/wordpress/wp-includes/class-wp-hook.php(287): WP_Async_Request->maybe_handle('')
#1 /var/www/wordpress/wp-includes/class-wp-hook.php(311): WP_Hook->apply_filters('', Array)
#2 /var/www/wordpress/wp-includes/plugin.php(484): WP_Hook->do_action(Array)
#3 /var/www/wordpress/wp-admin/admin-ajax.php(184): do_action('wp_ajax_as_asyn...')
#4 {main}
  thrown tässä /repo/wp-content/plugins/woocommerce/includes/libraries/wp-async-request.php rivillä 143

2021-01-21T08:42:50+00:00 CRITICAL Maximum execution time of 30 seconds exceeded tässä /repo/wp-content/plugins/full-utf-8/Ando/Utf8.php rivillä 98

2021-01-21T08:45:52+00:00 CRITICAL Allowed memory size of 134217728 bytes exhausted (tried to allocate 20480 bytes) tässä /var/www/wordpress/wp-includes/taxonomy.php rivillä 3608

2021-01-21T08:46:48+00:00 CRITICAL Maximum execution time of 30 seconds exceeded tässä /var/www/wordpress/wp-includes/class-wp-term-query.php rivillä 530

2021-01-21T08:47:27+00:00 CRITICAL Uncaught Error: Call to undefined function session_write_close() in /repo/wp-content/plugins/woocommerce/includes/libraries/wp-async-request.php:143
Stack trace:
#0 /var/www/wordpress/wp-includes/class-wp-hook.php(287): WP_Async_Request->maybe_handle('')
#1 /var/www/wordpress/wp-includes/class-wp-hook.php(311): WP_Hook->apply_filters('', Array)
#2 /var/www/wordpress/wp-includes/plugin.php(484): WP_Hook->do_action(Array)
#3 /var/www/wordpress/wp-admin/admin-ajax.php(184): do_action('wp_ajax_as_asyn...')
#4 {main}
  thrown in /repo/wp-content/plugins/woocommerce/includes/libraries/wp-async-request.php on line 143

2021-01-21T08:50:34+00:00 CRITICAL Maximum execution time of 30 seconds exceeded tässä /repo/wp-content/plugins/full-utf-8/Ando/Utf8.php rivillä 485

2021-01-21T08:53:26+00:00 CRITICAL Maximum execution time of 30 seconds exceeded tässä /repo/wp-content/plugins/full-utf-8/Ando/Utf8.php rivillä 498

2021-01-21T08:56:51+00:00 CRITICAL Maximum execution time of 30 seconds exceeded tässä /repo/wp-content/plugins/full-utf-8/FullUtf8_wpdb.php rivillä 100

2021-01-21T08:57:25+00:00 CRITICAL Uncaught Error: Call to undefined function session_write_close() in /repo/wp-content/plugins/woocommerce/includes/libraries/wp-async-request.php:143
Stack trace:
#0 /var/www/wordpress/wp-includes/class-wp-hook.php(287): WP_Async_Request->maybe_handle('')
#1 /var/www/wordpress/wp-includes/class-wp-hook.php(311): WP_Hook->apply_filters('', Array)
#2 /var/www/wordpress/wp-includes/plugin.php(484): WP_Hook->do_action(Array)
#3 /var/www/wordpress/wp-admin/admin-ajax.php(184): do_action('wp_ajax_as_asyn...')
#4 {main}
  thrown tässä /repo/wp-content/plugins/woocommerce/includes/libraries/wp-async-request.php rivillä 143

2021-01-21T09:00:26+00:00 CRITICAL Maximum execution time of 30 seconds exceeded tässä /repo/wp-content/plugins/full-utf-8/FullUtf8_wpdb.php rivillä 134

2021-01-21T09:03:33+00:00 CRITICAL Maximum execution time of 30 seconds exceeded tässä /var/www/wordpress/wp-includes/wp-db.php rivillä 2121

2021-01-21T09:07:42+00:00 CRITICAL Maximum execution time of 30 seconds exceeded tässä /var/www/wordpress/wp-includes/cache.php rivillä 122

2021-01-21T09:11:36+00:00 CRITICAL Maximum execution time of 30 seconds exceeded tässä /repo/wp-content/plugins/woocommerce/includes/wc-term-functions.php rivillä 531

2021-01-21T09:15:44+00:00 CRITICAL Maximum execution time of 30 seconds exceeded tässä /var/www/wordpress/wp-includes/class-wp-object-cache.php rivillä 494

2021-01-21T09:16:24+00:00 CRITICAL Uncaught Error: Call to undefined function session_write_close() in /repo/wp-content/plugins/woocommerce/includes/libraries/wp-async-request.php:143
Stack trace:
#0 /var/www/wordpress/wp-includes/class-wp-hook.php(287): WP_Async_Request->maybe_handle('')
#1 /var/www/wordpress/wp-includes/class-wp-hook.php(311): WP_Hook->apply_filters('', Array)
#2 /var/www/wordpress/wp-includes/plugin.php(484): WP_Hook->do_action(Array)
#3 /var/www/wordpress/wp-admin/admin-ajax.php(184): do_action('wp_ajax_as_asyn...')
#4 {main}
  thrown tässä /repo/wp-content/plugins/woocommerce/includes/libraries/wp-async-request.php rivillä 143

2021-01-21T09:19:35+00:00 CRITICAL Maximum execution time of 30 seconds exceeded tässä /var/www/wordpress/wp-includes/class-wp-hook.php rivillä 284

2021-01-21T09:23:45+00:00 CRITICAL Maximum execution time of 30 seconds exceeded tässä /var/www/wordpress/wp-includes/functions.php rivillä 642

2021-01-21T09:27:44+00:00 CRITICAL Maximum execution time of 30 seconds exceeded tässä /var/www/wordpress/wp-includes/class-wp-term-query.php rivillä 906

2021-01-21T09:31:34+00:00 CRITICAL Maximum execution time of 30 seconds exceeded tässä /var/www/wordpress/wp-includes/class-wp-term-query.php rivillä 712

2021-01-21T09:35:27+00:00 CRITICAL Maximum execution time of 30 seconds exceeded tässä /repo/wp-content/plugins/full-utf-8/FullUtf8_wpdb.php rivillä 134

2021-01-21T09:38:42+00:00 CRITICAL Maximum execution time of 30 seconds exceeded tässä /var/www/wordpress/wp-includes/plugin.php rivillä 199

2021-01-21T09:41:43+00:00 CRITICAL Maximum execution time of 30 seconds exceeded tässä /var/www/wordpress/wp-includes/class-wp-object-cache.php rivillä 282

2021-01-21T09:45:36+00:00 CRITICAL Maximum execution time of 30 seconds exceeded tässä /repo/wp-content/plugins/full-utf-8/Ando/Utf8.php rivillä 114

2021-01-21T09:48:37+00:00 CRITICAL Maximum execution time of 30 seconds exceeded tässä /var/www/wordpress/wp-includes/class-wp-hook.php rivillä 271

2021-01-21T09:52:52+00:00 CRITICAL Maximum execution time of 30 seconds exceeded tässä /repo/wp-content/plugins/woo-gutenberg-products-block/woocommerce-gutenberg-products-block.php rivillä 235

2021-01-21T09:56:40+00:00 CRITICAL Maximum execution time of 30 seconds exceeded tässä /var/www/wordpress/wp-includes/class-wp-object-cache.php rivillä 494

2021-01-21T10:00:19+00:00 CRITICAL Maximum execution time of 30 seconds exceeded tässä /repo/wp-content/plugins/full-utf-8/FullUtf8_wpdb.php rivillä 77

2021-01-21T10:03:30+00:00 CRITICAL Maximum execution time of 30 seconds exceeded tässä /repo/wp-content/plugins/woocommerce/includes/abstracts/abstract-wc-data.php rivillä 714

2021-01-21T10:06:26+00:00 CRITICAL Maximum execution time of 30 seconds exceeded tässä /var/www/wordpress/wp-includes/taxonomy.php rivillä 1199

2021-01-21T10:09:27+00:00 CRITICAL Maximum execution time of 30 seconds exceeded tässä /var/www/wordpress/wp-includes/class-wp-term-query.php rivillä 237

2021-01-21T10:12:42+00:00 CRITICAL Maximum execution time of 30 seconds exceeded tässä /var/www/wordpress/wp-includes/class-wp-meta-query.php rivillä 437

2021-01-21T10:16:30+00:00 CRITICAL Maximum execution time of 30 seconds exceeded tässä /repo/wp-content/plugins/full-utf-8/FullUtf8_wpdb.php rivillä 134

2021-01-21T10:19:28+00:00 CRITICAL Maximum execution time of 30 seconds exceeded tässä /repo/wp-content/plugins/full-utf-8/Ando/Utf8.php rivillä 112

2021-01-21T10:22:27+00:00 CRITICAL Maximum execution time of 30 seconds exceeded tässä /repo/wp-content/plugins/full-utf-8/FullUtf8_wpdb.php rivillä 134

2021-01-21T10:25:17+00:00 CRITICAL Maximum execution time of 30 seconds exceeded tässä /repo/wp-content/plugins/full-utf-8/Ando/Utf8.php rivillä 98

2021-01-21T10:28:23+00:00 CRITICAL Maximum execution time of 30 seconds exceeded tässä /var/www/wordpress/wp-includes/class-wp-object-cache.php rivillä 286

2021-01-21T10:28:28+00:00 CRITICAL Uncaught Error: Call to undefined function session_write_close() in /repo/wp-content/plugins/woocommerce/includes/libraries/wp-async-request.php:143
Stack trace:
#0 /var/www/wordpress/wp-includes/class-wp-hook.php(287): WP_Async_Request->maybe_handle('')
#1 /var/www/wordpress/wp-includes/class-wp-hook.php(311): WP_Hook->apply_filters('', Array)
#2 /var/www/wordpress/wp-includes/plugin.php(484): WP_Hook->do_action(Array)
#3 /var/www/wordpress/wp-admin/admin-ajax.php(184): do_action('wp_ajax_as_asyn...')
#4 {main}
  thrown tässä /repo/wp-content/plugins/woocommerce/includes/libraries/wp-async-request.php rivillä 143

2021-01-21T10:31:21+00:00 CRITICAL Maximum execution time of 30 seconds exceeded tässä /repo/wp-content/plugins/full-utf-8/Ando/Utf8.php rivillä 112

2021-01-21T10:34:25+00:00 CRITICAL Maximum execution time of 30 seconds exceeded tässä /repo/wp-content/plugins/full-utf-8/Ando/Utf8.php rivillä 97

2021-01-21T10:37:33+00:00 CRITICAL Maximum execution time of 30 seconds exceeded tässä /var/www/wordpress/wp-includes/plugin.php rivillä 199

2021-01-21T10:41:27+00:00 CRITICAL Maximum execution time of 30 seconds exceeded tässä /repo/wp-content/plugins/full-utf-8/FullUtf8_wpdb.php rivillä 134

2021-01-21T10:44:26+00:00 CRITICAL Maximum execution time of 30 seconds exceeded tässä /repo/wp-content/plugins/woocommerce/includes/abstracts/abstract-wc-data.php rivillä 776

2021-01-21T10:47:19+00:00 CRITICAL Maximum execution time of 30 seconds exceeded tässä /var/www/wordpress/wp-includes/class-wp-post.php rivillä 266

2021-01-21T10:50:29+00:00 CRITICAL Maximum execution time of 30 seconds exceeded tässä /var/www/wordpress/wp-includes/plugin.php rivillä 235

2021-01-21T10:53:29+00:00 CRITICAL Maximum execution time of 30 seconds exceeded tässä /var/www/wordpress/wp-includes/post.php rivillä 763

2021-01-21T10:56:28+00:00 CRITICAL Maximum execution time of 30 seconds exceeded tässä /repo/wp-content/plugins/full-utf-8/FullUtf8_wpdb.php rivillä 134

2021-01-21T10:59:31+00:00 CRITICAL Maximum execution time of 30 seconds exceeded tässä /var/www/wordpress/wp-includes/formatting.php rivillä 2236

2021-01-21T11:02:28+00:00 CRITICAL Maximum execution time of 30 seconds exceeded tässä /var/www/wordpress/wp-includes/class-wp-meta-query.php rivillä 632

2021-01-21T11:04:00+00:00 CRITICAL Allowed memory size of 134217728 bytes exhausted (tried to allocate 1310720 bytes) tässä /var/www/wordpress/wp-includes/taxonomy.php rivillä 3789

2021-01-21T11:06:01+00:00 CRITICAL Maximum execution time of 30 seconds exceeded tässä /repo/wp-content/plugins/full-utf-8/FullUtf8_wpdb.php rivillä 134

2021-01-21T11:06:06+00:00 CRITICAL Uncaught Error: Call to undefined function session_write_close() in /repo/wp-content/plugins/woocommerce/includes/libraries/wp-async-request.php:143
Stack trace:
#0 /var/www/wordpress/wp-includes/class-wp-hook.php(287): WP_Async_Request->maybe_handle('')
#1 /var/www/wordpress/wp-includes/class-wp-hook.php(311): WP_Hook->apply_filters('', Array)
#2 /var/www/wordpress/wp-includes/plugin.php(484): WP_Hook->do_action(Array)
#3 /var/www/wordpress/wp-admin/admin-ajax.php(184): do_action('wp_ajax_as_asyn...')
#4 {main}
  thrown tässä /repo/wp-content/plugins/woocommerce/includes/libraries/wp-async-request.php rivillä 143

2021-01-21T11:09:38+00:00 CRITICAL Maximum execution time of 30 seconds exceeded tässä /repo/wp-content/plugins/full-utf-8/FullUtf8_wpdb.php rivillä 134

2021-01-21T11:09:42+00:00 CRITICAL Uncaught Error: Call to undefined function session_write_close() in /repo/wp-content/plugins/woocommerce/includes/libraries/wp-async-request.php:143
Stack trace:
#0 /var/www/wordpress/wp-includes/class-wp-hook.php(287): WP_Async_Request->maybe_handle('')
#1 /var/www/wordpress/wp-includes/class-wp-hook.php(311): WP_Hook->apply_filters('', Array)
#2 /var/www/wordpress/wp-includes/plugin.php(484): WP_Hook->do_action(Array)
#3 /var/www/wordpress/wp-admin/admin-ajax.php(184): do_action('wp_ajax_as_asyn...')
#4 {main}
  thrown tässä /repo/wp-content/plugins/woocommerce/includes/libraries/wp-async-request.php rivillä 143

2021-01-21T11:13:33+00:00 CRITICAL Maximum execution time of 30 seconds exceeded tässä /repo/wp-content/plugins/full-utf-8/FullUtf8_wpdb.php rivillä 77

2021-01-21T11:16:37+00:00 CRITICAL Maximum execution time of 30 seconds exceeded tässä /var/www/wordpress/wp-includes/meta.php rivillä 1021

2021-01-21T11:17:47+00:00 CRITICAL Uncaught Error: Call to undefined function session_write_close() in /repo/wp-content/plugins/woocommerce/includes/libraries/wp-async-request.php:143
Stack trace:
#0 /var/www/wordpress/wp-includes/class-wp-hook.php(287): WP_Async_Request->maybe_handle('')
#1 /var/www/wordpress/wp-includes/class-wp-hook.php(311): WP_Hook->apply_filters('', Array)
#2 /var/www/wordpress/wp-includes/plugin.php(484): WP_Hook->do_action(Array)
#3 /var/www/wordpress/wp-admin/admin-ajax.php(184): do_action('wp_ajax_as_asyn...')
#4 {main}
  thrown tässä /repo/wp-content/plugins/woocommerce/includes/libraries/wp-async-request.php rivillä 143

2021-01-21T11:20:41+00:00 CRITICAL Maximum execution time of 30 seconds exceeded tässä /var/www/wordpress/wp-includes/class-requests.php rivillä 140

2021-01-21T11:24:44+00:00 CRITICAL Maximum execution time of 30 seconds exceeded tässä /repo/wp-content/plugins/full-utf-8/FullUtf8_wpdb.php rivillä 138

2021-01-21T11:28:27+00:00 CRITICAL Maximum execution time of 30 seconds exceeded tässä /var/www/wordpress/wp-includes/taxonomy.php rivillä 2072

2021-01-21T11:31:54+00:00 CRITICAL Maximum execution time of 30 seconds exceeded tässä /var/www/wordpress/wp-includes/class-wp-hook.php rivillä 275

2021-01-21T11:32:03+00:00 CRITICAL Uncaught Error: Call to undefined function session_write_close() in /repo/wp-content/plugins/woocommerce/includes/libraries/wp-async-request.php:143
Stack trace:
#0 /var/www/wordpress/wp-includes/class-wp-hook.php(287): WP_Async_Request->maybe_handle('')
#1 /var/www/wordpress/wp-includes/class-wp-hook.php(311): WP_Hook->apply_filters('', Array)
#2 /var/www/wordpress/wp-includes/plugin.php(484): WP_Hook->do_action(Array)
#3 /var/www/wordpress/wp-admin/admin-ajax.php(184): do_action('wp_ajax_as_asyn...')
#4 {main}
  thrown tässä /repo/wp-content/plugins/woocommerce/includes/libraries/wp-async-request.php rivillä 143

2021-01-21T11:35:37+00:00 CRITICAL Maximum execution time of 30 seconds exceeded tässä /repo/wp-content/plugins/full-utf-8/Ando/Utf8.php rivillä 98

2021-01-21T11:39:44+00:00 CRITICAL Maximum execution time of 30 seconds exceeded tässä /repo/wp-content/plugins/woocommerce/includes/abstracts/abstract-wc-data.php rivillä 738

2021-01-21T11:43:53+00:00 CRITICAL Maximum execution time of 30 seconds exceeded tässä /repo/wp-content/plugins/full-utf-8/Ando/Utf8.php rivillä 498

2021-01-21T11:44:19+00:00 CRITICAL Uncaught Error: Call to undefined function session_write_close() in /repo/wp-content/plugins/woocommerce/includes/libraries/wp-async-request.php:143
Stack trace:
#0 /var/www/wordpress/wp-includes/class-wp-hook.php(287): WP_Async_Request->maybe_handle('')
#1 /var/www/wordpress/wp-includes/class-wp-hook.php(311): WP_Hook->apply_filters('', Array)
#2 /var/www/wordpress/wp-includes/plugin.php(484): WP_Hook->do_action(Array)
#3 /var/www/wordpress/wp-admin/admin-ajax.php(184): do_action('wp_ajax_as_asyn...')
#4 {main}
  thrown tässä /repo/wp-content/plugins/woocommerce/includes/libraries/wp-async-request.php rivillä 143

2021-01-21T11:47:50+00:00 CRITICAL Maximum execution time of 30 seconds exceeded tässä /var/www/wordpress/wp-includes/class-wp-term-query.php rivillä 353

2021-01-21T11:51:46+00:00 CRITICAL Maximum execution time of 30 seconds exceeded tässä /repo/wp-content/plugins/full-utf-8/FullUtf8_wpdb.php rivillä 134

2021-01-21T11:55:42+00:00 CRITICAL Maximum execution time of 30 seconds exceeded tässä /var/www/wordpress/wp-includes/plugin.php rivillä 199

2021-01-21T11:58:42+00:00 CRITICAL Maximum execution time of 30 seconds exceeded tässä /repo/wp-content/plugins/full-utf-8/FullUtf8_wpdb.php rivillä 134

2021-01-21T12:01:37+00:00 CRITICAL Maximum execution time of 30 seconds exceeded tässä /var/www/wordpress/wp-includes/class-wp-term-query.php rivillä 958

2021-01-21T12:02:01+00:00 CRITICAL Uncaught Error: Call to undefined function session_write_close() in /repo/wp-content/plugins/woocommerce/includes/libraries/wp-async-request.php:143
Stack trace:
#0 /var/www/wordpress/wp-includes/class-wp-hook.php(287): WP_Async_Request->maybe_handle('')
#1 /var/www/wordpress/wp-includes/class-wp-hook.php(311): WP_Hook->apply_filters('', Array)
#2 /var/www/wordpress/wp-includes/plugin.php(484): WP_Hook->do_action(Array)
#3 /var/www/wordpress/wp-admin/admin-ajax.php(184): do_action('wp_ajax_as_asyn...')
#4 {main}
  thrown tässä /repo/wp-content/plugins/woocommerce/includes/libraries/wp-async-request.php rivillä 143

2021-01-21T12:05:33+00:00 CRITICAL Maximum execution time of 30 seconds exceeded tässä /repo/wp-content/plugins/woocommerce/includes/abstracts/abstract-wc-data.php rivillä 713

2021-01-21T12:08:36+00:00 CRITICAL Maximum execution time of 30 seconds exceeded tässä /var/www/wordpress/wp-includes/option.php rivillä 236

2021-01-21T12:11:45+00:00 CRITICAL Maximum execution time of 30 seconds exceeded tässä /repo/wp-content/plugins/full-utf-8/Ando/Utf8.php rivillä 97

2021-01-21T12:12:19+00:00 CRITICAL Uncaught Error: Call to undefined function session_write_close() in /repo/wp-content/plugins/woocommerce/includes/libraries/wp-async-request.php:143
Stack trace:
#0 /var/www/wordpress/wp-includes/class-wp-hook.php(287): WP_Async_Request->maybe_handle('')
#1 /var/www/wordpress/wp-includes/class-wp-hook.php(311): WP_Hook->apply_filters('', Array)
#2 /var/www/wordpress/wp-includes/plugin.php(484): WP_Hook->do_action(Array)
#3 /var/www/wordpress/wp-admin/admin-ajax.php(184): do_action('wp_ajax_as_asyn...')
#4 {main}
  thrown in /repo/wp-content/plugins/woocommerce/includes/libraries/wp-async-request.php on line 143

2021-01-21T12:16:51+00:00 CRITICAL Maximum execution time of 30 seconds exceeded tässä /repo/wp-content/plugins/woocommerce/includes/wc-formatting-functions.php rivillä 674

2021-01-21T12:20:41+00:00 CRITICAL Maximum execution time of 30 seconds exceeded tässä /var/www/wordpress/wp-includes/class-wp-object-cache.php rivillä 494

2021-01-21T12:24:35+00:00 CRITICAL Maximum execution time of 30 seconds exceeded tässä /repo/wp-content/plugins/full-utf-8/FullUtf8_wpdb.php rivillä 134

2021-01-21T12:28:24+00:00 CRITICAL Maximum execution time of 30 seconds exceeded tässä /repo/wp-content/plugins/woocommerce/includes/class-wc-product-attribute.php rivillä 194

2021-01-21T12:38:31+00:00 CRITICAL Maximum execution time of 30 seconds exceeded tässä /repo/wp-content/plugins/wc-checkout-sis/plugin-update-checker/Puc/v4p5/Autoloader.php rivillä 36

2021-01-21T12:41:40+00:00 CRITICAL Maximum execution time of 30 seconds exceeded tässä /var/www/wordpress/wp-includes/class-wp-meta-query.php rivillä 251

2021-01-21T12:42:24+00:00 CRITICAL Uncaught Error: Call to undefined function session_write_close() in /repo/wp-content/plugins/woocommerce/includes/libraries/wp-async-request.php:143
Stack trace:
#0 /var/www/wordpress/wp-includes/class-wp-hook.php(287): WP_Async_Request->maybe_handle('')
#1 /var/www/wordpress/wp-includes/class-wp-hook.php(311): WP_Hook->apply_filters('', Array)
#2 /var/www/wordpress/wp-includes/plugin.php(484): WP_Hook->do_action(Array)
#3 /var/www/wordpress/wp-admin/admin-ajax.php(184): do_action('wp_ajax_as_asyn...')
#4 {main}
  thrown in /repo/wp-content/plugins/woocommerce/includes/libraries/wp-async-request.php on line 143

2021-01-21T12:45:24+00:00 CRITICAL Maximum execution time of 30 seconds exceeded tässä /var/www/wordpress/wp-includes/wp-db.php rivillä 2154

2021-01-21T12:48:26+00:00 CRITICAL Maximum execution time of 30 seconds exceeded tässä /var/www/wordpress/wp-includes/class-wp-term-query.php rivillä 224

2021-01-21T12:51:30+00:00 CRITICAL Maximum execution time of 30 seconds exceeded tässä /var/www/wordpress/wp-includes/formatting.php rivillä 2292

2021-01-21T12:54:21+00:00 CRITICAL Maximum execution time of 30 seconds exceeded tässä /repo/wp-content/plugins/full-utf-8/FullUtf8_wpdb.php rivillä 134

2021-01-21T12:54:24+00:00 CRITICAL Uncaught Error: Call to undefined function session_write_close() in /repo/wp-content/plugins/woocommerce/includes/libraries/wp-async-request.php:143
Stack trace:
#0 /var/www/wordpress/wp-includes/class-wp-hook.php(287): WP_Async_Request->maybe_handle('')
#1 /var/www/wordpress/wp-includes/class-wp-hook.php(311): WP_Hook->apply_filters('', Array)
#2 /var/www/wordpress/wp-includes/plugin.php(484): WP_Hook->do_action(Array)
#3 /var/www/wordpress/wp-admin/admin-ajax.php(184): do_action('wp_ajax_as_asyn...')
#4 {main}
  thrown in /repo/wp-content/plugins/woocommerce/includes/libraries/wp-async-request.php on line 143

2021-01-21T12:57:35+00:00 CRITICAL Maximum execution time of 30 seconds exceeded tässä /var/www/wordpress/wp-includes/plugin.php rivillä 534

2021-01-21T13:01:44+00:00 CRITICAL Maximum execution time of 30 seconds exceeded tässä /repo/wp-content/plugins/full-utf-8/Ando/Utf8.php rivillä 112

2021-01-21T13:05:25+00:00 CRITICAL Maximum execution time of 30 seconds exceeded tässä /var/www/wordpress/wp-includes/wp-db.php rivillä 1365

2021-01-21T13:08:26+00:00 CRITICAL Maximum execution time of 30 seconds exceeded tässä /repo/wp-content/plugins/full-utf-8/Ando/Utf8.php rivillä 114

2021-01-21T13:11:52+00:00 CRITICAL Maximum execution time of 30 seconds exceeded tässä /repo/wp-content/plugins/full-utf-8/Ando/Utf8.php rivillä 498

2021-01-21T13:12:33+00:00 CRITICAL Uncaught Error: Call to undefined function session_write_close() in /repo/wp-content/plugins/woocommerce/includes/libraries/wp-async-request.php:143
Stack trace:
#0 /var/www/wordpress/wp-includes/class-wp-hook.php(287): WP_Async_Request->maybe_handle('')
#1 /var/www/wordpress/wp-includes/class-wp-hook.php(311): WP_Hook->apply_filters('', Array)
#2 /var/www/wordpress/wp-includes/plugin.php(484): WP_Hook->do_action(Array)
#3 /var/www/wordpress/wp-admin/admin-ajax.php(184): do_action('wp_ajax_as_asyn...')
#4 {main}
  thrown tässä /repo/wp-content/plugins/woocommerce/includes/libraries/wp-async-request.php rivillä 143

2021-01-21T13:15:29+00:00 CRITICAL Maximum execution time of 30 seconds exceeded tässä /var/www/wordpress/wp-includes/wp-db.php rivillä 1363

2021-01-21T13:18:46+00:00 CRITICAL Maximum execution time of 30 seconds exceeded tässä /repo/wp-content/plugins/loco-translate/loco.php rivillä 55

2021-01-21T13:22:44+00:00 CRITICAL Maximum execution time of 30 seconds exceeded tässä /var/www/wordpress/wp-includes/meta.php rivillä 575

2021-01-21T13:26:41+00:00 CRITICAL Maximum execution time of 30 seconds exceeded tässä /repo/wp-content/plugins/facebook-for-woocommerce/includes/fbproduct.php rivillä 132

2021-01-21T13:30:00+00:00 CRITICAL Maximum execution time of 30 seconds exceeded tässä /repo/wp-content/plugins/full-utf-8/Ando/Utf8.php rivillä 485

2021-01-21T13:33:57+00:00 CRITICAL Maximum execution time of 30 seconds exceeded tässä /var/www/wordpress/wp-includes/taxonomy.php rivillä 867

2021-01-21T13:34:37+00:00 CRITICAL Uncaught Error: Call to undefined function session_write_close() in /repo/wp-content/plugins/woocommerce/includes/libraries/wp-async-request.php:143
Stack trace:
#0 /var/www/wordpress/wp-includes/class-wp-hook.php(287): WP_Async_Request->maybe_handle('')
#1 /var/www/wordpress/wp-includes/class-wp-hook.php(311): WP_Hook->apply_filters('', Array)
#2 /var/www/wordpress/wp-includes/plugin.php(484): WP_Hook->do_action(Array)
#3 /var/www/wordpress/wp-admin/admin-ajax.php(184): do_action('wp_ajax_as_asyn...')
#4 {main}
  thrown in /repo/wp-content/plugins/woocommerce/includes/libraries/wp-async-request.php on line 143

2021-01-21T13:37:46+00:00 CRITICAL Maximum execution time of 30 seconds exceeded tässä /var/www/wordpress/wp-includes/formatting.php rivillä 2138

2021-01-21T13:41:33+00:00 CRITICAL Maximum execution time of 30 seconds exceeded tässä /repo/wp-content/plugins/full-utf-8/FullUtf8_wpdb.php rivillä 134

2021-01-21T13:44:55+00:00 CRITICAL Maximum execution time of 30 seconds exceeded tässä /var/www/wordpress/wp-includes/taxonomy.php rivillä 864

2021-01-21T13:48:48+00:00 CRITICAL Maximum execution time of 30 seconds exceeded tässä /var/www/wordpress/wp-includes/link-template.php rivillä 337

2021-01-21T13:49:35+00:00 CRITICAL Uncaught Error: Call to undefined function session_write_close() in /repo/wp-content/plugins/woocommerce/includes/libraries/wp-async-request.php:143
Stack trace:
#0 /var/www/wordpress/wp-includes/class-wp-hook.php(287): WP_Async_Request->maybe_handle('')
#1 /var/www/wordpress/wp-includes/class-wp-hook.php(311): WP_Hook->apply_filters('', Array)
#2 /var/www/wordpress/wp-includes/plugin.php(484): WP_Hook->do_action(Array)
#3 /var/www/wordpress/wp-admin/admin-ajax.php(184): do_action('wp_ajax_as_asyn...')
#4 {main}
  thrown tässä /repo/wp-content/plugins/woocommerce/includes/libraries/wp-async-request.php rivillä 143

2021-01-21T13:49:36+00:00 CRITICAL Uncaught Error: Call to undefined function session_write_close() in /repo/wp-content/plugins/woocommerce/includes/libraries/wp-async-request.php:143
Stack trace:
#0 /var/www/wordpress/wp-includes/class-wp-hook.php(287): WP_Async_Request->maybe_handle('')
#1 /var/www/wordpress/wp-includes/class-wp-hook.php(311): WP_Hook->apply_filters('', Array)
#2 /var/www/wordpress/wp-includes/plugin.php(484): WP_Hook->do_action(Array)
#3 /var/www/wordpress/wp-admin/admin-ajax.php(184): do_action('wp_ajax_as_asyn...')
#4 {main}
  thrown in /repo/wp-content/plugins/woocommerce/includes/libraries/wp-async-request.php on line 143

2021-01-21T13:53:35+00:00 CRITICAL Maximum execution time of 30 seconds exceeded tässä /repo/wp-content/plugins/full-utf-8/FullUtf8_wpdb.php rivillä 134

2021-01-21T13:54:34+00:00 CRITICAL Uncaught Error: Call to undefined function session_write_close() in /repo/wp-content/plugins/woocommerce/includes/libraries/wp-async-request.php:143
Stack trace:
#0 /var/www/wordpress/wp-includes/class-wp-hook.php(287): WP_Async_Request->maybe_handle('')
#1 /var/www/wordpress/wp-includes/class-wp-hook.php(311): WP_Hook->apply_filters('', Array)
#2 /var/www/wordpress/wp-includes/plugin.php(484): WP_Hook->do_action(Array)
#3 /var/www/wordpress/wp-admin/admin-ajax.php(184): do_action('wp_ajax_as_asyn...')
#4 {main}
  thrown in /repo/wp-content/plugins/woocommerce/includes/libraries/wp-async-request.php on line 143

2021-01-21T13:58:18+00:00 CRITICAL Maximum execution time of 30 seconds exceeded tässä /var/www/wordpress/wp-includes/class-wp-term-query.php rivillä 426

2021-01-21T13:58:34+00:00 CRITICAL Uncaught Error: Call to undefined function session_write_close() in /repo/wp-content/plugins/woocommerce/includes/libraries/wp-async-request.php:143
Stack trace:
#0 /var/www/wordpress/wp-includes/class-wp-hook.php(287): WP_Async_Request->maybe_handle('')
#1 /var/www/wordpress/wp-includes/class-wp-hook.php(311): WP_Hook->apply_filters('', Array)
#2 /var/www/wordpress/wp-includes/plugin.php(484): WP_Hook->do_action(Array)
#3 /var/www/wordpress/wp-admin/admin-ajax.php(184): do_action('wp_ajax_as_asyn...')
#4 {main}
  thrown in /repo/wp-content/plugins/woocommerce/includes/libraries/wp-async-request.php on line 143

2021-01-21T14:02:42+00:00 CRITICAL Maximum execution time of 30 seconds exceeded tässä /repo/wp-content/plugins/full-utf-8/FullUtf8_wpdb.php rivillä 134

2021-01-21T14:03:36+00:00 CRITICAL Uncaught Error: Call to undefined function session_write_close() in /repo/wp-content/plugins/woocommerce/includes/libraries/wp-async-request.php:143
Stack trace:
#0 /var/www/wordpress/wp-includes/class-wp-hook.php(287): WP_Async_Request->maybe_handle('')
#1 /var/www/wordpress/wp-includes/class-wp-hook.php(311): WP_Hook->apply_filters('', Array)
#2 /var/www/wordpress/wp-includes/plugin.php(484): WP_Hook->do_action(Array)
#3 /var/www/wordpress/wp-admin/admin-ajax.php(184): do_action('wp_ajax_as_asyn...')
#4 {main}
  thrown in /repo/wp-content/plugins/woocommerce/includes/libraries/wp-async-request.php on line 143

2021-01-21T14:07:30+00:00 CRITICAL Maximum execution time of 30 seconds exceeded tässä /repo/wp-content/plugins/full-utf-8/Ando/Utf8.php rivillä 112

2021-01-21T14:12:42+00:00 CRITICAL Uncaught Error: Call to undefined function session_write_close() in /repo/wp-content/plugins/woocommerce/includes/libraries/wp-async-request.php:143
Stack trace:
#0 /var/www/wordpress/wp-includes/class-wp-hook.php(287): WP_Async_Request->maybe_handle('')
#1 /var/www/wordpress/wp-includes/class-wp-hook.php(311): WP_Hook->apply_filters('', Array)
#2 /var/www/wordpress/wp-includes/plugin.php(484): WP_Hook->do_action(Array)
#3 /var/www/wordpress/wp-admin/admin-ajax.php(184): do_action('wp_ajax_as_asyn...')
#4 {main}
  thrown in /repo/wp-content/plugins/woocommerce/includes/libraries/wp-async-request.php on line 143

2021-01-21T14:17:28+00:00 CRITICAL Maximum execution time of 30 seconds exceeded tässä /repo/wp-content/plugins/full-utf-8/Ando/Utf8.php rivillä 498

2021-01-21T14:21:35+00:00 CRITICAL Maximum execution time of 30 seconds exceeded tässä /var/www/wordpress/wp-includes/link-template.php rivillä 337

2021-01-21T14:26:42+00:00 CRITICAL Maximum execution time of 30 seconds exceeded tässä /repo/wp-content/plugins/full-utf-8/Ando/Utf8.php rivillä 86

2021-01-21T14:27:12+00:00 CRITICAL Uncaught Error: Call to undefined function session_write_close() in /repo/wp-content/plugins/woocommerce/includes/libraries/wp-async-request.php:143
Stack trace:
#0 /var/www/wordpress/wp-includes/class-wp-hook.php(287): WP_Async_Request->maybe_handle('')
#1 /var/www/wordpress/wp-includes/class-wp-hook.php(311): WP_Hook->apply_filters('', Array)
#2 /var/www/wordpress/wp-includes/plugin.php(484): WP_Hook->do_action(Array)
#3 /var/www/wordpress/wp-admin/admin-ajax.php(184): do_action('wp_ajax_as_asyn...')
#4 {main}
  thrown in /repo/wp-content/plugins/woocommerce/includes/libraries/wp-async-request.php on line 143

2021-01-21T14:31:23+00:00 CRITICAL Maximum execution time of 30 seconds exceeded tässä /repo/wp-content/plugins/full-utf-8/Ando/Utf8.php rivillä 85

2021-01-21T14:35:19+00:00 CRITICAL Maximum execution time of 30 seconds exceeded tässä /repo/wp-content/plugins/full-utf-8/Ando/Utf8.php rivillä 98

2021-01-21T14:39:51+00:00 CRITICAL Maximum execution time of 30 seconds exceeded tässä /repo/wp-content/plugins/full-utf-8/FullUtf8_wpdb.php rivillä 134

2021-01-21T14:40:12+00:00 CRITICAL Uncaught Error: Call to undefined function session_write_close() in /repo/wp-content/plugins/woocommerce/includes/libraries/wp-async-request.php:143
Stack trace:
#0 /var/www/wordpress/wp-includes/class-wp-hook.php(287): WP_Async_Request->maybe_handle('')
#1 /var/www/wordpress/wp-includes/class-wp-hook.php(311): WP_Hook->apply_filters('', Array)
#2 /var/www/wordpress/wp-includes/plugin.php(484): WP_Hook->do_action(Array)
#3 /var/www/wordpress/wp-admin/admin-ajax.php(184): do_action('wp_ajax_as_asyn...')
#4 {main}
  thrown in /repo/wp-content/plugins/woocommerce/includes/libraries/wp-async-request.php on line 143

2021-01-21T14:44:49+00:00 CRITICAL Maximum execution time of 30 seconds exceeded tässä /var/www/wordpress/wp-includes/class-wp-term-query.php rivillä 754

2021-01-21T14:49:30+00:00 CRITICAL Maximum execution time of 30 seconds exceeded tässä /repo/wp-content/plugins/full-utf-8/Ando/Utf8.php rivillä 112

2021-01-21T14:53:36+00:00 CRITICAL Maximum execution time of 30 seconds exceeded tässä /var/www/wordpress/wp-includes/class-wp-object-cache.php rivillä 494

2021-01-21T14:53:58+00:00 CRITICAL Uncaught Error: Call to undefined function session_write_close() in /repo/wp-content/plugins/woocommerce/includes/libraries/wp-async-request.php:143
Stack trace:
#0 /var/www/wordpress/wp-includes/class-wp-hook.php(287): WP_Async_Request->maybe_handle('')
#1 /var/www/wordpress/wp-includes/class-wp-hook.php(311): WP_Hook->apply_filters('', Array)
#2 /var/www/wordpress/wp-includes/plugin.php(484): WP_Hook->do_action(Array)
#3 /var/www/wordpress/wp-admin/admin-ajax.php(184): do_action('wp_ajax_as_asyn...')
#4 {main}
  thrown tässä /repo/wp-content/plugins/woocommerce/includes/libraries/wp-async-request.php rivillä 143

2021-01-21T14:53:58+00:00 CRITICAL Uncaught Error: Call to undefined function session_write_close() in /repo/wp-content/plugins/woocommerce/includes/libraries/wp-async-request.php:143
Stack trace:
#0 /var/www/wordpress/wp-includes/class-wp-hook.php(287): WP_Async_Request->maybe_handle('')
#1 /var/www/wordpress/wp-includes/class-wp-hook.php(311): WP_Hook->apply_filters('', Array)
#2 /var/www/wordpress/wp-includes/plugin.php(484): WP_Hook->do_action(Array)
#3 /var/www/wordpress/wp-admin/admin-ajax.php(184): do_action('wp_ajax_as_asyn...')
#4 {main}
  thrown in /repo/wp-content/plugins/woocommerce/includes/libraries/wp-async-request.php on line 143

2021-01-21T14:58:13+00:00 CRITICAL Maximum execution time of 30 seconds exceeded tässä /var/www/wordpress/wp-includes/taxonomy.php rivillä 2054

2021-01-21T15:02:44+00:00 CRITICAL Maximum execution time of 30 seconds exceeded tässä /var/www/wordpress/wp-includes/class-wp-term-query.php rivillä 708

2021-01-21T15:03:29+00:00 CRITICAL Uncaught Error: Call to undefined function session_write_close() in /repo/wp-content/plugins/woocommerce/includes/libraries/wp-async-request.php:143
Stack trace:
#0 /var/www/wordpress/wp-includes/class-wp-hook.php(287): WP_Async_Request->maybe_handle('')
#1 /var/www/wordpress/wp-includes/class-wp-hook.php(311): WP_Hook->apply_filters('', Array)
#2 /var/www/wordpress/wp-includes/plugin.php(484): WP_Hook->do_action(Array)
#3 /var/www/wordpress/wp-admin/admin-ajax.php(184): do_action('wp_ajax_as_asyn...')
#4 {main}
  thrown in /repo/wp-content/plugins/woocommerce/includes/libraries/wp-async-request.php on line 143

2021-01-21T15:08:12+00:00 CRITICAL Uncaught Error: Call to undefined function session_write_close() in /repo/wp-content/plugins/woocommerce/includes/libraries/wp-async-request.php:143
Stack trace:
#0 /var/www/wordpress/wp-includes/class-wp-hook.php(287): WP_Async_Request->maybe_handle('')
#1 /var/www/wordpress/wp-includes/class-wp-hook.php(311): WP_Hook->apply_filters('', Array)
#2 /var/www/wordpress/wp-includes/plugin.php(484): WP_Hook->do_action(Array)
#3 /var/www/wordpress/wp-admin/admin-ajax.php(184): do_action('wp_ajax_as_asyn...')
#4 {main}
  thrown in /repo/wp-content/plugins/woocommerce/includes/libraries/wp-async-request.php on line 143

2021-01-21T15:12:42+00:00 CRITICAL Maximum execution time of 30 seconds exceeded tässä /repo/wp-content/plugins/full-utf-8/FullUtf8_wpdb.php rivillä 134

2021-01-21T15:13:12+00:00 CRITICAL Uncaught Error: Call to undefined function session_write_close() in /repo/wp-content/plugins/woocommerce/includes/libraries/wp-async-request.php:143
Stack trace:
#0 /var/www/wordpress/wp-includes/class-wp-hook.php(287): WP_Async_Request->maybe_handle('')
#1 /var/www/wordpress/wp-includes/class-wp-hook.php(311): WP_Hook->apply_filters('', Array)
#2 /var/www/wordpress/wp-includes/plugin.php(484): WP_Hook->do_action(Array)
#3 /var/www/wordpress/wp-admin/admin-ajax.php(184): do_action('wp_ajax_as_asyn...')
#4 {main}
  thrown in /repo/wp-content/plugins/woocommerce/includes/libraries/wp-async-request.php on line 143

2021-01-21T15:17:29+00:00 CRITICAL Maximum execution time of 30 seconds exceeded tässä /repo/wp-content/plugins/full-utf-8/Ando/Utf8.php rivillä 114

2021-01-21T15:22:01+00:00 CRITICAL Maximum execution time of 30 seconds exceeded tässä /var/www/wordpress/wp-includes/class-wp-term-query.php rivillä 708

2021-01-21T15:22:12+00:00 CRITICAL Uncaught Error: Call to undefined function session_write_close() in /repo/wp-content/plugins/woocommerce/includes/libraries/wp-async-request.php:143
Stack trace:
#0 /var/www/wordpress/wp-includes/class-wp-hook.php(287): WP_Async_Request->maybe_handle('')
#1 /var/www/wordpress/wp-includes/class-wp-hook.php(311): WP_Hook->apply_filters('', Array)
#2 /var/www/wordpress/wp-includes/plugin.php(484): WP_Hook->do_action(Array)
#3 /var/www/wordpress/wp-admin/admin-ajax.php(184): do_action('wp_ajax_as_asyn...')
#4 {main}
  thrown in /repo/wp-content/plugins/woocommerce/includes/libraries/wp-async-request.php on line 143

2021-01-21T15:26:54+00:00 CRITICAL Maximum execution time of 30 seconds exceeded tässä /repo/wp-content/plugins/woocommerce/includes/wc-term-functions.php rivillä 29

2021-01-21T15:31:41+00:00 CRITICAL Maximum execution time of 30 seconds exceeded tässä /var/www/wordpress/wp-includes/class-wp-object-cache.php rivillä 494

2021-01-21T15:36:14+00:00 CRITICAL Maximum execution time of 30 seconds exceeded tässä /var/www/wordpress/wp-includes/wp-db.php rivillä 1254

2021-01-21T15:36:28+00:00 CRITICAL Uncaught Error: Call to undefined function session_write_close() in /repo/wp-content/plugins/woocommerce/includes/libraries/wp-async-request.php:143
Stack trace:
#0 /var/www/wordpress/wp-includes/class-wp-hook.php(287): WP_Async_Request->maybe_handle('')
#1 /var/www/wordpress/wp-includes/class-wp-hook.php(311): WP_Hook->apply_filters('', Array)
#2 /var/www/wordpress/wp-includes/plugin.php(484): WP_Hook->do_action(Array)
#3 /var/www/wordpress/wp-admin/admin-ajax.php(184): do_action('wp_ajax_as_asyn...')
#4 {main}
  thrown in /repo/wp-content/plugins/woocommerce/includes/libraries/wp-async-request.php on line 143

2021-01-21T15:40:20+00:00 CRITICAL Maximum execution time of 30 seconds exceeded tässä /repo/wp-content/plugins/full-utf-8/FullUtf8_wpdb.php rivillä 134

2021-01-21T15:44:42+00:00 CRITICAL Maximum execution time of 30 seconds exceeded tässä /repo/wp-content/plugins/woocommerce/includes/class-wc-data-store.php rivillä 92

2021-01-21T15:53:14+00:00 CRITICAL Maximum execution time of 30 seconds exceeded tässä /var/www/wordpress/wp-includes/class-wp-term-query.php rivillä 708

2021-01-21T15:57:21+00:00 CRITICAL Maximum execution time of 30 seconds exceeded tässä /var/www/wordpress/wp-includes/class-wp-term-query.php rivillä 594

2021-01-21T16:01:37+00:00 CRITICAL Maximum execution time of 30 seconds exceeded tässä /repo/wp-content/plugins/full-utf-8/FullUtf8_wpdb.php rivillä 134

2021-01-21T16:01:59+00:00 CRITICAL Uncaught Error: Call to undefined function session_write_close() in /repo/wp-content/plugins/woocommerce/includes/libraries/wp-async-request.php:143
Stack trace:
#0 /var/www/wordpress/wp-includes/class-wp-hook.php(287): WP_Async_Request->maybe_handle('')
#1 /var/www/wordpress/wp-includes/class-wp-hook.php(311): WP_Hook->apply_filters('', Array)
#2 /var/www/wordpress/wp-includes/plugin.php(484): WP_Hook->do_action(Array)
#3 /var/www/wordpress/wp-admin/admin-ajax.php(184): do_action('wp_ajax_as_asyn...')
#4 {main}
  thrown in /repo/wp-content/plugins/woocommerce/includes/libraries/wp-async-request.php on line 143

2021-01-21T16:06:16+00:00 CRITICAL Maximum execution time of 30 seconds exceeded tässä /repo/wp-content/plugins/full-utf-8/FullUtf8_wpdb.php rivillä 134

2021-01-21T16:06:29+00:00 CRITICAL Uncaught Error: Call to undefined function session_write_close() in /repo/wp-content/plugins/woocommerce/includes/libraries/wp-async-request.php:143
Stack trace:
#0 /var/www/wordpress/wp-includes/class-wp-hook.php(287): WP_Async_Request->maybe_handle('')
#1 /var/www/wordpress/wp-includes/class-wp-hook.php(311): WP_Hook->apply_filters('', Array)
#2 /var/www/wordpress/wp-includes/plugin.php(484): WP_Hook->do_action(Array)
#3 /var/www/wordpress/wp-admin/admin-ajax.php(184): do_action('wp_ajax_as_asyn...')
#4 {main}
  thrown in /repo/wp-content/plugins/woocommerce/includes/libraries/wp-async-request.php on line 143

2021-01-21T16:10:30+00:00 CRITICAL Maximum execution time of 30 seconds exceeded tässä /repo/wp-content/plugins/full-utf-8/Ando/Utf8.php rivillä 498

2021-01-21T16:14:30+00:00 CRITICAL Maximum execution time of 30 seconds exceeded tässä /repo/wp-content/plugins/woocommerce/includes/wc-term-functions.php rivillä 97

2021-01-21T16:18:23+00:00 CRITICAL Maximum execution time of 30 seconds exceeded tässä /var/www/wordpress/wp-includes/functions.php rivillä 4806

2021-01-21T16:18:28+00:00 CRITICAL Uncaught Error: Call to undefined function session_write_close() in /repo/wp-content/plugins/woocommerce/includes/libraries/wp-async-request.php:143
Stack trace:
#0 /var/www/wordpress/wp-includes/class-wp-hook.php(287): WP_Async_Request->maybe_handle('')
#1 /var/www/wordpress/wp-includes/class-wp-hook.php(311): WP_Hook->apply_filters('', Array)
#2 /var/www/wordpress/wp-includes/plugin.php(484): WP_Hook->do_action(Array)
#3 /var/www/wordpress/wp-admin/admin-ajax.php(184): do_action('wp_ajax_as_asyn...')
#4 {main}
  thrown in /repo/wp-content/plugins/woocommerce/includes/libraries/wp-async-request.php on line 143

2021-01-21T16:22:56+00:00 CRITICAL Maximum execution time of 30 seconds exceeded tässä /repo/wp-content/plugins/full-utf-8/FullUtf8_wpdb.php rivillä 134

2021-01-21T16:23:12+00:00 CRITICAL Uncaught Error: Call to undefined function session_write_close() in /repo/wp-content/plugins/woocommerce/includes/libraries/wp-async-request.php:143
Stack trace:
#0 /var/www/wordpress/wp-includes/class-wp-hook.php(287): WP_Async_Request->maybe_handle('')
#1 /var/www/wordpress/wp-includes/class-wp-hook.php(311): WP_Hook->apply_filters('', Array)
#2 /var/www/wordpress/wp-includes/plugin.php(484): WP_Hook->do_action(Array)
#3 /var/www/wordpress/wp-admin/admin-ajax.php(184): do_action('wp_ajax_as_asyn...')
#4 {main}
  thrown in /repo/wp-content/plugins/woocommerce/includes/libraries/wp-async-request.php on line 143

2021-01-21T16:27:42+00:00 CRITICAL Maximum execution time of 30 seconds exceeded tässä /repo/wp-content/plugins/wordpress-seo/vendor/composer/ClassLoader.php rivillä 321

2021-01-21T16:33:02+00:00 CRITICAL Maximum execution time of 30 seconds exceeded tässä /repo/wp-content/plugins/full-utf-8/FullUtf8_wpdb.php rivillä 134

2021-01-21T16:33:21+00:00 CRITICAL Uncaught Error: Call to undefined function session_write_close() in /repo/wp-content/plugins/woocommerce/includes/libraries/wp-async-request.php:143
Stack trace:
#0 /var/www/wordpress/wp-includes/class-wp-hook.php(287): WP_Async_Request->maybe_handle('')
#1 /var/www/wordpress/wp-includes/class-wp-hook.php(311): WP_Hook->apply_filters('', Array)
#2 /var/www/wordpress/wp-includes/plugin.php(484): WP_Hook->do_action(Array)
#3 /var/www/wordpress/wp-admin/admin-ajax.php(184): do_action('wp_ajax_as_asyn...')
#4 {main}
  thrown tässä /repo/wp-content/plugins/woocommerce/includes/libraries/wp-async-request.php rivillä 143

2021-01-21T16:37:40+00:00 CRITICAL Maximum execution time of 30 seconds exceeded tässä /repo/wp-content/plugins/full-utf-8/Ando/Utf8.php rivillä 498

2021-01-21T16:42:48+00:00 CRITICAL Maximum execution time of 30 seconds exceeded tässä /repo/wp-content/plugins/full-utf-8/Ando/Utf8.php rivillä 498

2021-01-21T16:43:12+00:00 CRITICAL Uncaught Error: Call to undefined function session_write_close() in /repo/wp-content/plugins/woocommerce/includes/libraries/wp-async-request.php:143
Stack trace:
#0 /var/www/wordpress/wp-includes/class-wp-hook.php(287): WP_Async_Request->maybe_handle('')
#1 /var/www/wordpress/wp-includes/class-wp-hook.php(311): WP_Hook->apply_filters('', Array)
#2 /var/www/wordpress/wp-includes/plugin.php(484): WP_Hook->do_action(Array)
#3 /var/www/wordpress/wp-admin/admin-ajax.php(184): do_action('wp_ajax_as_asyn...')
#4 {main}
  thrown in /repo/wp-content/plugins/woocommerce/includes/libraries/wp-async-request.php on line 143

2021-01-21T16:47:12+00:00 CRITICAL Maximum execution time of 30 seconds exceeded tässä /repo/wp-content/plugins/full-utf-8/Ando/Utf8.php rivillä 97

2021-01-21T16:51:07+00:00 CRITICAL Maximum execution time of 30 seconds exceeded tässä /var/www/wordpress/wp-includes/plugin.php rivillä 193

2021-01-21T16:55:21+00:00 CRITICAL Maximum execution time of 30 seconds exceeded tässä /var/www/wordpress/wp-includes/class-wp-meta-query.php rivillä 585

2021-01-21T16:59:39+00:00 CRITICAL Maximum execution time of 30 seconds exceeded tässä /var/www/wordpress/wp-includes/meta.php rivillä 1021

2021-01-21T16:59:57+00:00 CRITICAL Uncaught Error: Call to undefined function session_write_close() in /repo/wp-content/plugins/woocommerce/includes/libraries/wp-async-request.php:143
Stack trace:
#0 /var/www/wordpress/wp-includes/class-wp-hook.php(287): WP_Async_Request->maybe_handle('')
#1 /var/www/wordpress/wp-includes/class-wp-hook.php(311): WP_Hook->apply_filters('', Array)
#2 /var/www/wordpress/wp-includes/plugin.php(484): WP_Hook->do_action(Array)
#3 /var/www/wordpress/wp-admin/admin-ajax.php(184): do_action('wp_ajax_as_asyn...')
#4 {main}
  thrown in /repo/wp-content/plugins/woocommerce/includes/libraries/wp-async-request.php on line 143

2021-01-21T17:04:38+00:00 CRITICAL Maximum execution time of 30 seconds exceeded tässä /var/www/wordpress/wp-includes/class-wp-meta-query.php rivillä 176

2021-01-21T17:04:45+00:00 CRITICAL Uncaught Error: Call to undefined function session_write_close() in /repo/wp-content/plugins/woocommerce/includes/libraries/wp-async-request.php:143
Stack trace:
#0 /var/www/wordpress/wp-includes/class-wp-hook.php(287): WP_Async_Request->maybe_handle('')
#1 /var/www/wordpress/wp-includes/class-wp-hook.php(311): WP_Hook->apply_filters('', Array)
#2 /var/www/wordpress/wp-includes/plugin.php(484): WP_Hook->do_action(Array)
#3 /var/www/wordpress/wp-admin/admin-ajax.php(184): do_action('wp_ajax_as_asyn...')
#4 {main}
  thrown in /repo/wp-content/plugins/woocommerce/includes/libraries/wp-async-request.php on line 143

2021-01-21T17:09:54+00:00 CRITICAL Maximum execution time of 30 seconds exceeded tässä /repo/wp-content/plugins/cloudinary-image-management-and-manipulation-in-the-cloud-cdn/php/class-media.php rivillä 924

2021-01-21T17:14:55+00:00 CRITICAL Maximum execution time of 30 seconds exceeded tässä /repo/wp-content/plugins/full-utf-8/FullUtf8_wpdb.php rivillä 134

2021-01-21T17:19:06+00:00 CRITICAL Maximum execution time of 30 seconds exceeded tässä /repo/wp-content/plugins/loco-translate/loco.php rivillä 166

2021-01-21T17:23:22+00:00 CRITICAL Maximum execution time of 30 seconds exceeded tässä /var/www/wordpress/wp-includes/functions.php rivillä 4806

2021-01-21T17:27:45+00:00 CRITICAL Maximum execution time of 30 seconds exceeded tässä /repo/wp-content/plugins/full-utf-8/FullUtf8.php rivillä 89

2021-01-21T17:32:42+00:00 CRITICAL Maximum execution time of 30 seconds exceeded tässä /var/www/wordpress/wp-includes/functions.php rivillä 624

2021-01-21T17:33:17+00:00 CRITICAL Uncaught Error: Call to undefined function session_write_close() in /repo/wp-content/plugins/woocommerce/includes/libraries/wp-async-request.php:143
Stack trace:
#0 /var/www/wordpress/wp-includes/class-wp-hook.php(287): WP_Async_Request->maybe_handle('')
#1 /var/www/wordpress/wp-includes/class-wp-hook.php(311): WP_Hook->apply_filters('', Array)
#2 /var/www/wordpress/wp-includes/plugin.php(484): WP_Hook->do_action(Array)
#3 /var/www/wordpress/wp-admin/admin-ajax.php(184): do_action('wp_ajax_as_asyn...')
#4 {main}
  thrown tässä /repo/wp-content/plugins/woocommerce/includes/libraries/wp-async-request.php rivillä 143

2021-01-21T17:42:26+00:00 CRITICAL Uncaught Error: Call to undefined function session_write_close() in /repo/wp-content/plugins/woocommerce/includes/libraries/wp-background-process.php:161
Stack trace:
#0 /var/www/wordpress/wp-includes/class-wp-hook.php(287): WP_Background_Process->maybe_handle('')
#1 /var/www/wordpress/wp-includes/class-wp-hook.php(311): WP_Hook->apply_filters('', Array)
#2 /var/www/wordpress/wp-includes/plugin.php(484): WP_Hook->do_action(Array)
#3 /var/www/wordpress/wp-admin/admin-ajax.php(199): do_action('wp_ajax_nopriv_...')
#4 {main}
  thrown tässä /repo/wp-content/plugins/woocommerce/includes/libraries/wp-background-process.php rivillä 161

2021-01-21T17:42:38+00:00 CRITICAL Maximum execution time of 30 seconds exceeded tässä /repo/wp-content/plugins/full-utf-8/Ando/Utf8.php rivillä 114

2021-01-21T17:47:13+00:00 CRITICAL Maximum execution time of 30 seconds exceeded tässä /repo/wp-content/plugins/full-utf-8/FullUtf8_wpdb.php rivillä 134

2021-01-21T17:51:09+00:00 CRITICAL Maximum execution time of 30 seconds exceeded tässä /var/www/wordpress/wp-includes/functions.php rivillä 623

2021-01-21T17:55:36+00:00 CRITICAL Maximum execution time of 30 seconds exceeded tässä /var/www/wordpress/wp-includes/class-wp-term-query.php rivillä 683

2021-01-21T17:55:45+00:00 CRITICAL Uncaught Error: Call to undefined function session_write_close() in /repo/wp-content/plugins/woocommerce/includes/libraries/wp-async-request.php:143
Stack trace:
#0 /var/www/wordpress/wp-includes/class-wp-hook.php(287): WP_Async_Request->maybe_handle('')
#1 /var/www/wordpress/wp-includes/class-wp-hook.php(311): WP_Hook->apply_filters('', Array)
#2 /var/www/wordpress/wp-includes/plugin.php(484): WP_Hook->do_action(Array)
#3 /var/www/wordpress/wp-admin/admin-ajax.php(184): do_action('wp_ajax_as_asyn...')
#4 {main}
  thrown in /repo/wp-content/plugins/woocommerce/includes/libraries/wp-async-request.php on line 143

2021-01-21T17:55:47+00:00 CRITICAL Uncaught Error: Call to undefined function session_write_close() in /repo/wp-content/plugins/woocommerce/includes/libraries/wp-async-request.php:143
Stack trace:
#0 /var/www/wordpress/wp-includes/class-wp-hook.php(287): WP_Async_Request->maybe_handle('')
#1 /var/www/wordpress/wp-includes/class-wp-hook.php(311): WP_Hook->apply_filters('', Array)
#2 /var/www/wordpress/wp-includes/plugin.php(484): WP_Hook->do_action(Array)
#3 /var/www/wordpress/wp-admin/admin-ajax.php(184): do_action('wp_ajax_as_asyn...')
#4 {main}
  thrown in /repo/wp-content/plugins/woocommerce/includes/libraries/wp-async-request.php on line 143

2021-01-21T18:00:03+00:00 CRITICAL Maximum execution time of 30 seconds exceeded tässä /var/www/wordpress/wp-includes/class-wp-hook.php rivillä 275

2021-01-21T18:00:24+00:00 CRITICAL Uncaught Error: Call to undefined function session_write_close() in /repo/wp-content/plugins/woocommerce/includes/libraries/wp-async-request.php:143
Stack trace:
#0 /var/www/wordpress/wp-includes/class-wp-hook.php(287): WP_Async_Request->maybe_handle('')
#1 /var/www/wordpress/wp-includes/class-wp-hook.php(311): WP_Hook->apply_filters('', Array)
#2 /var/www/wordpress/wp-includes/plugin.php(484): WP_Hook->do_action(Array)
#3 /var/www/wordpress/wp-admin/admin-ajax.php(184): do_action('wp_ajax_as_asyn...')
#4 {main}
  thrown in /repo/wp-content/plugins/woocommerce/includes/libraries/wp-async-request.php on line 143

2021-01-21T18:04:21+00:00 CRITICAL Maximum execution time of 30 seconds exceeded tässä /var/www/wordpress/wp-includes/wp-db.php rivillä 1596

2021-01-21T18:08:02+00:00 CRITICAL Maximum execution time of 30 seconds exceeded tässä /var/www/wordpress/wp-includes/functions.php rivillä 624

2021-01-21T18:08:24+00:00 CRITICAL Uncaught Error: Call to undefined function session_write_close() in /repo/wp-content/plugins/woocommerce/includes/libraries/wp-async-request.php:143
Stack trace:
#0 /var/www/wordpress/wp-includes/class-wp-hook.php(287): WP_Async_Request->maybe_handle('')
#1 /var/www/wordpress/wp-includes/class-wp-hook.php(311): WP_Hook->apply_filters('', Array)
#2 /var/www/wordpress/wp-includes/plugin.php(484): WP_Hook->do_action(Array)
#3 /var/www/wordpress/wp-admin/admin-ajax.php(184): do_action('wp_ajax_as_asyn...')
#4 {main}
  thrown tässä /repo/wp-content/plugins/woocommerce/includes/libraries/wp-async-request.php rivillä 143

2021-01-21T18:12:12+00:00 CRITICAL Maximum execution time of 30 seconds exceeded tässä /repo/wp-content/plugins/full-utf-8/Ando/Utf8.php rivillä 499

2021-01-21T18:16:31+00:00 CRITICAL Maximum execution time of 30 seconds exceeded tässä /repo/wp-content/plugins/full-utf-8/Ando/Utf8.php rivillä 114

2021-01-21T18:20:16+00:00 CRITICAL Maximum execution time of 30 seconds exceeded tässä /repo/wp-content/plugins/full-utf-8/FullUtf8_wpdb.php rivillä 134

2021-01-21T18:24:51+00:00 CRITICAL Maximum execution time of 30 seconds exceeded tässä /repo/wp-content/plugins/full-utf-8/Ando/Utf8.php rivillä 499

2021-01-21T18:29:15+00:00 CRITICAL Maximum execution time of 30 seconds exceeded tässä /repo/wp-content/plugins/full-utf-8/FullUtf8_wpdb.php rivillä 134

2021-01-21T18:33:10+00:00 CRITICAL Maximum execution time of 30 seconds exceeded tässä /var/www/wordpress/wp-includes/functions.php rivillä 624

2021-01-21T18:37:08+00:00 CRITICAL Maximum execution time of 30 seconds exceeded tässä /repo/wp-content/plugins/full-utf-8/FullUtf8_wpdb.php rivillä 134

2021-01-21T18:41:06+00:00 CRITICAL Maximum execution time of 30 seconds exceeded tässä /var/www/wordpress/wp-includes/plugin.php rivillä 188

2021-01-21T18:45:04+00:00 CRITICAL Maximum execution time of 30 seconds exceeded tässä /repo/wp-content/plugins/full-utf-8/FullUtf8_wpdb.php rivillä 134

2021-01-21T18:49:02+00:00 CRITICAL Maximum execution time of 30 seconds exceeded tässä /var/www/wordpress/wp-includes/plugin.php rivillä 188

2021-01-21T18:53:12+00:00 CRITICAL Maximum execution time of 30 seconds exceeded tässä /var/www/wordpress/wp-includes/pomo/entry.php rivillä 91

2021-01-21T18:57:27+00:00 CRITICAL Maximum execution time of 30 seconds exceeded tässä /repo/wp-content/plugins/full-utf-8/Ando/Utf8.php rivillä 112

2021-01-21T19:01:44+00:00 CRITICAL Maximum execution time of 30 seconds exceeded tässä /repo/wp-content/plugins/full-utf-8/FullUtf8_wpdb.php rivillä 134

2021-01-21T19:01:59+00:00 CRITICAL Uncaught Error: Call to undefined function session_write_close() in /repo/wp-content/plugins/woocommerce/includes/libraries/wp-async-request.php:143
Stack trace:
#0 /var/www/wordpress/wp-includes/class-wp-hook.php(287): WP_Async_Request->maybe_handle('')
#1 /var/www/wordpress/wp-includes/class-wp-hook.php(311): WP_Hook->apply_filters('', Array)
#2 /var/www/wordpress/wp-includes/plugin.php(484): WP_Hook->do_action(Array)
#3 /var/www/wordpress/wp-admin/admin-ajax.php(184): do_action('wp_ajax_as_asyn...')
#4 {main}
  thrown in /repo/wp-content/plugins/woocommerce/includes/libraries/wp-async-request.php on line 143

2021-01-21T19:06:20+00:00 CRITICAL Maximum execution time of 30 seconds exceeded tässä /var/www/wordpress/wp-includes/plugin.php rivillä 188

2021-01-21T19:10:09+00:00 CRITICAL Maximum execution time of 30 seconds exceeded tässä /var/www/wordpress/wp-includes/plugin.php rivillä 193

2021-01-21T19:14:23+00:00 CRITICAL Maximum execution time of 30 seconds exceeded tässä /var/www/wordpress/wp-includes/plugin.php rivillä 553

2021-01-21T19:18:12+00:00 CRITICAL Maximum execution time of 30 seconds exceeded tässä /repo/wp-content/plugins/full-utf-8/Ando/Utf8.php rivillä 98

2021-01-21T19:21:46+00:00 CRITICAL Allowed memory size of 134217728 bytes exhausted (tried to allocate 20480 bytes) tässä /var/www/wordpress/wp-includes/taxonomy.php rivillä 3608

2021-01-21T19:22:47+00:00 CRITICAL Maximum execution time of 30 seconds exceeded tässä /repo/wp-content/plugins/full-utf-8/FullUtf8.php rivillä 89

2021-01-21T19:27:25+00:00 CRITICAL Maximum execution time of 30 seconds exceeded tässä /var/www/wordpress/wp-includes/class-wp-meta-query.php rivillä 632

2021-01-21T19:31:13+00:00 CRITICAL Maximum execution time of 30 seconds exceeded tässä /repo/wp-content/plugins/full-utf-8/FullUtf8_wpdb.php rivillä 134

2021-01-21T19:35:12+00:00 CRITICAL Maximum execution time of 30 seconds exceeded tässä /repo/wp-content/plugins/full-utf-8/FullUtf8_wpdb.php rivillä 134

2021-01-21T19:39:05+00:00 CRITICAL Maximum execution time of 30 seconds exceeded tässä /var/www/wordpress/wp-includes/wp-db.php rivillä 2166

2021-01-21T19:43:34+00:00 CRITICAL Maximum execution time of 30 seconds exceeded tässä /var/www/wordpress/wp-includes/functions.php rivillä 623

2021-01-21T19:48:01+00:00 CRITICAL Maximum execution time of 30 seconds exceeded tässä /var/www/wordpress/wp-includes/class-wp-object-cache.php rivillä 494

2021-01-21T19:52:15+00:00 CRITICAL Maximum execution time of 30 seconds exceeded tässä /var/www/wordpress/wp-includes/cache.php rivillä 122

2021-01-21T19:56:40+00:00 CRITICAL Maximum execution time of 30 seconds exceeded tässä /var/www/wordpress/wp-includes/functions.php rivillä 4522

2021-01-21T20:01:14+00:00 CRITICAL Maximum execution time of 30 seconds exceeded tässä /var/www/wordpress/wp-includes/class-wp-term-query.php rivillä 241

2021-01-21T20:05:35+00:00 CRITICAL Maximum execution time of 30 seconds exceeded tässä /repo/wp-content/plugins/full-utf-8/Ando/Utf8.php rivillä 112

2021-01-21T20:10:49+00:00 CRITICAL Maximum execution time of 30 seconds exceeded tässä /var/www/wordpress/wp-includes/class-wp-hook.php rivillä 271

2021-01-21T20:15:16+00:00 CRITICAL Maximum execution time of 30 seconds exceeded tässä /var/www/wordpress/wp-includes/class-wp-hook.php rivillä 271

2021-01-21T20:19:33+00:00 CRITICAL Maximum execution time of 30 seconds exceeded tässä /repo/wp-content/plugins/woocommerce/includes/class-wc-product-attribute.php rivillä 176

2021-01-21T20:23:27+00:00 CRITICAL Maximum execution time of 30 seconds exceeded tässä /repo/wp-content/plugins/full-utf-8/Ando/Utf8.php rivillä 98

2021-01-21T20:30:24+00:00 CRITICAL Uncaught Error: Call to undefined function session_write_close() in /repo/wp-content/plugins/woocommerce/includes/libraries/wp-async-request.php:143
Stack trace:
#0 /var/www/wordpress/wp-includes/class-wp-hook.php(287): WP_Async_Request->maybe_handle('')
#1 /var/www/wordpress/wp-includes/class-wp-hook.php(311): WP_Hook->apply_filters('', Array)
#2 /var/www/wordpress/wp-includes/plugin.php(484): WP_Hook->do_action(Array)
#3 /var/www/wordpress/wp-admin/admin-ajax.php(199): do_action('wp_ajax_nopriv_...')
#4 {main}
  thrown tässä /repo/wp-content/plugins/woocommerce/includes/libraries/wp-async-request.php rivillä 143

2021-01-21T20:30:24+00:00 CRITICAL Uncaught Error: Call to undefined function session_write_close() in /repo/wp-content/plugins/woocommerce/includes/libraries/wp-async-request.php:143
Stack trace:
#0 /var/www/wordpress/wp-includes/class-wp-hook.php(287): WP_Async_Request->maybe_handle('')
#1 /var/www/wordpress/wp-includes/class-wp-hook.php(311): WP_Hook->apply_filters('', Array)
#2 /var/www/wordpress/wp-includes/plugin.php(484): WP_Hook->do_action(Array)
#3 /var/www/wordpress/wp-admin/admin-ajax.php(184): do_action('wp_ajax_as_asyn...')
#4 {main}
  thrown tässä /repo/wp-content/plugins/woocommerce/includes/libraries/wp-async-request.php rivillä 143

2021-01-21T20:34:15+00:00 CRITICAL Maximum execution time of 30 seconds exceeded tässä /var/www/wordpress/wp-includes/wp-db.php rivillä 2121

2021-01-21T20:34:24+00:00 CRITICAL Uncaught Error: Call to undefined function session_write_close() in /repo/wp-content/plugins/woocommerce/includes/libraries/wp-async-request.php:143
Stack trace:
#0 /var/www/wordpress/wp-includes/class-wp-hook.php(287): WP_Async_Request->maybe_handle('')
#1 /var/www/wordpress/wp-includes/class-wp-hook.php(311): WP_Hook->apply_filters('', Array)
#2 /var/www/wordpress/wp-includes/plugin.php(484): WP_Hook->do_action(Array)
#3 /var/www/wordpress/wp-admin/admin-ajax.php(184): do_action('wp_ajax_as_asyn...')
#4 {main}
  thrown tässä /repo/wp-content/plugins/woocommerce/includes/libraries/wp-async-request.php rivillä 143

2021-01-21T20:39:02+00:00 CRITICAL Maximum execution time of 30 seconds exceeded tässä /repo/wp-content/plugins/full-utf-8/FullUtf8_wpdb.php rivillä 134

2021-01-21T20:43:20+00:00 CRITICAL Maximum execution time of 30 seconds exceeded tässä /repo/wp-content/plugins/full-utf-8/Ando/Utf8.php rivillä 112

2021-01-21T20:47:16+00:00 CRITICAL Maximum execution time of 30 seconds exceeded tässä /repo/wp-content/plugins/woocommerce/includes/data-stores/class-wc-data-store-wp.php rivillä 197

2021-01-21T20:51:20+00:00 CRITICAL Maximum execution time of 30 seconds exceeded tässä /repo/wp-content/plugins/full-utf-8/FullUtf8_wpdb.php rivillä 134

2021-01-21T20:55:14+00:00 CRITICAL Maximum execution time of 30 seconds exceeded tässä /var/www/wordpress/wp-includes/wp-db.php rivillä 1596

2021-01-21T20:59:30+00:00 CRITICAL Maximum execution time of 30 seconds exceeded tässä /var/www/wordpress/wp-includes/plugin.php rivillä 188

2021-01-21T21:03:31+00:00 CRITICAL Maximum execution time of 30 seconds exceeded tässä /repo/wp-content/plugins/full-utf-8/FullUtf8_wpdb.php rivillä 134

2021-01-21T21:07:05+00:00 CRITICAL Maximum execution time of 30 seconds exceeded tässä /var/www/wordpress/wp-includes/plugin.php rivillä 193

2021-01-21T21:11:35+00:00 CRITICAL Maximum execution time of 30 seconds exceeded tässä /var/www/wordpress/wp-includes/plugin.php rivillä 235

2021-01-21T21:16:27+00:00 CRITICAL Maximum execution time of 30 seconds exceeded tässä /repo/wp-content/plugins/woocommerce/includes/wc-term-functions.php rivillä 23

2021-01-21T21:20:33+00:00 CRITICAL Maximum execution time of 30 seconds exceeded tässä /var/www/wordpress/wp-includes/load.php rivillä 1504

2021-01-21T21:25:11+00:00 CRITICAL Maximum execution time of 30 seconds exceeded tässä /repo/wp-content/plugins/full-utf-8/Ando/Utf8.php rivillä 112

2021-01-21T21:29:14+00:00 CRITICAL Maximum execution time of 30 seconds exceeded tässä /var/www/wordpress/wp-includes/class-wp-term-query.php rivillä 712

2021-01-21T21:33:04+00:00 CRITICAL Maximum execution time of 30 seconds exceeded tässä /repo/wp-content/plugins/woocommerce/includes/wc-term-functions.php rivillä 112

2021-01-21T21:37:32+00:00 CRITICAL Maximum execution time of 30 seconds exceeded tässä /repo/wp-content/plugins/woocommerce/includes/class-wc-cache-helper.php rivillä 105

2021-01-21T21:42:04+00:00 CRITICAL Maximum execution time of 30 seconds exceeded tässä /repo/wp-content/plugins/woocommerce/includes/abstracts/abstract-wc-data.php rivillä 517

2021-01-21T21:45:58+00:00 CRITICAL Maximum execution time of 30 seconds exceeded tässä /repo/wp-content/plugins/woocommerce/includes/data-stores/class-wc-data-store-wp.php rivillä 197

2021-01-21T21:50:10+00:00 CRITICAL Maximum execution time of 30 seconds exceeded tässä /var/www/wordpress/wp-includes/class-wp-hook.php rivillä 278

2021-01-21T21:54:42+00:00 CRITICAL Maximum execution time of 30 seconds exceeded tässä /var/www/wordpress/wp-includes/post-formats.php rivillä 262

2021-01-21T21:59:04+00:00 CRITICAL Maximum execution time of 30 seconds exceeded tässä /var/www/wordpress/wp-includes/plugin.php rivillä 214

2021-01-21T22:03:00+00:00 CRITICAL Maximum execution time of 30 seconds exceeded tässä /var/www/wordpress/wp-includes/taxonomy.php rivillä 1580

2021-01-21T22:07:34+00:00 CRITICAL Maximum execution time of 30 seconds exceeded tässä /var/www/wordpress/wp-includes/class-wp-list-util.php rivillä 115

2021-01-21T22:12:30+00:00 CRITICAL Maximum execution time of 30 seconds exceeded tässä /var/www/wordpress/wp-includes/meta.php rivillä 1005

2021-01-21T22:16:30+00:00 CRITICAL Maximum execution time of 30 seconds exceeded tässä /var/www/wordpress/wp-includes/class-wp-term-query.php rivillä 540

2021-01-21T22:20:20+00:00 CRITICAL Maximum execution time of 30 seconds exceeded tässä /var/www/wordpress/wp-includes/post-formats.php rivillä 235

2021-01-21T22:24:03+00:00 CRITICAL Maximum execution time of 30 seconds exceeded tässä /var/www/wordpress/wp-includes/functions.php rivillä 4671

2021-01-21T22:28:00+00:00 CRITICAL Maximum execution time of 30 seconds exceeded tässä /var/www/wordpress/wp-includes/class-wp-post.php rivillä 265

2021-01-21T22:32:13+00:00 CRITICAL Maximum execution time of 30 seconds exceeded tässä /repo/wp-content/plugins/woocommerce/includes/wc-product-functions.php rivillä 1090

2021-01-21T22:40:12+00:00 CRITICAL Maximum execution time of 30 seconds exceeded tässä /var/www/wordpress/wp-includes/load.php rivillä 1504

2021-01-21T22:43:56+00:00 CRITICAL Maximum execution time of 30 seconds exceeded tässä /repo/wp-content/plugins/term-management-tools/term-management-tools.php rivillä 24

2021-01-21T22:48:16+00:00 CRITICAL Maximum execution time of 30 seconds exceeded tässä /repo/wp-content/plugins/wordpress-seo/vendor/composer/ClassLoader.php rivillä 338

2021-01-21T22:52:15+00:00 CRITICAL Maximum execution time of 30 seconds exceeded tässä /var/www/wordpress/wp-includes/class-wp-hook.php rivillä 275

2021-01-21T22:56:15+00:00 CRITICAL Maximum execution time of 30 seconds exceeded tässä /repo/wp-content/plugins/facebook-for-woocommerce/class-wc-facebookcommerce.php rivillä 901

2021-01-21T23:00:01+00:00 CRITICAL Maximum execution time of 30 seconds exceeded tässä /var/www/wordpress/wp-includes/class-wp-term.php rivillä 198

2021-01-21T23:04:42+00:00 CRITICAL Maximum execution time of 30 seconds exceeded tässä /var/www/wordpress/wp-includes/post-formats.php rivillä 235

2021-01-21T23:09:16+00:00 CRITICAL Maximum execution time of 30 seconds exceeded tässä /var/www/wordpress/wp-includes/plugin.php rivillä 210

2021-01-21T23:13:25+00:00 CRITICAL Maximum execution time of 30 seconds exceeded tässä /repo/wp-content/plugins/woocommerce/packages/action-scheduler/classes/abstracts/ActionScheduler.php rivillä 72

2021-01-21T23:17:12+00:00 CRITICAL Maximum execution time of 30 seconds exceeded tässä /var/www/wordpress/wp-includes/plugin.php rivillä 188

2021-01-21T23:21:02+00:00 CRITICAL Maximum execution time of 30 seconds exceeded tässä /repo/wp-content/plugins/full-utf-8/FullUtf8_wpdb.php rivillä 134

2021-01-21T23:25:13+00:00 CRITICAL Maximum execution time of 30 seconds exceeded tässä /repo/wp-content/plugins/full-utf-8/FullUtf8.php rivillä 89

2021-01-21T23:29:27+00:00 CRITICAL Maximum execution time of 30 seconds exceeded tässä /repo/wp-content/plugins/google-site-kit/includes/loader.php rivillä 32

2021-01-21T23:33:57+00:00 CRITICAL Maximum execution time of 30 seconds exceeded tässä /var/www/wordpress/wp-includes/plugin.php rivillä 188

2021-01-21T23:38:23+00:00 CRITICAL Maximum execution time of 30 seconds exceeded tässä /var/www/wordpress/wp-includes/class-wp-post.php rivillä 266

2021-01-21T23:42:24+00:00 CRITICAL Maximum execution time of 30 seconds exceeded tässä /var/www/wordpress/wp-includes/meta.php rivillä 1021

2021-01-21T23:46:01+00:00 CRITICAL Maximum execution time of 30 seconds exceeded tässä /repo/wp-content/plugins/full-utf-8/Ando/Utf8.php rivillä 309

2021-01-21T23:50:11+00:00 CRITICAL Maximum execution time of 30 seconds exceeded tässä /repo/wp-content/plugins/full-utf-8/FullUtf8_wpdb.php rivillä 134

2021-01-21T23:54:15+00:00 CRITICAL Maximum execution time of 30 seconds exceeded tässä /var/www/wordpress/wp-includes/functions.php rivillä 624

2021-01-21T23:58:03+00:00 CRITICAL Maximum execution time of 30 seconds exceeded tässä /var/www/wordpress/wp-includes/meta.php rivillä 1036

