2022-02-07T11:09:28+00:00 CRITICAL Uncaught Error: Cannot use object of type WP_Error as array in /repo/wp-content/plugins/cloudinary-image-management-and-manipulation-in-the-cloud-cdn/php/class-media.php:2275
Stack trace:
#0 /repo/wp-content/plugins/cloudinary-image-management-and-manipulation-in-the-cloud-cdn/php/class-sync.php(226): Cloudinary\Media->get_process_logs(224517, true)
#1 /repo/wp-content/plugins/cloudinary-image-management-and-manipulation-in-the-cloud-cdn/php/class-sync.php(866): Cloudinary\Sync->log_sync_result(224517, 'upgrade', 'e8kfrhdegolnuea...')
#2 /repo/wp-content/plugins/cloudinary-image-management-and-manipulation-in-the-cloud-cdn/php/class-sync.php(839): Cloudinary\Sync->validate_sync_type('upgrade', 224517)
#3 /repo/wp-content/plugins/cloudinary-image-management-and-manipulation-in-the-cloud-cdn/php/class-sync.php(802): Cloudinary\Sync->get_sync_type(224517)
#4 /repo/wp-content/plugins/cloudinary-image-management-and-manipulation-in-the-cloud-cdn/php/class-media.php(1554): Cloudinary\Sync->maybe_prepare_sync(224517 in /repo/wp-content/plugins/cloudinary-image-management-and-manipulation-in-the-cloud-cdn/php/class-media.php on line 2275

2022-02-07T11:09:36+00:00 CRITICAL Uncaught Error: Cannot use object of type WP_Error as array in /repo/wp-content/plugins/cloudinary-image-management-and-manipulation-in-the-cloud-cdn/php/class-media.php:2275
Stack trace:
#0 /repo/wp-content/plugins/cloudinary-image-management-and-manipulation-in-the-cloud-cdn/php/class-sync.php(889): Cloudinary\Media->get_process_logs(224517)
#1 /var/www/wordpress/wp-includes/class-wp-hook.php(292): Cloudinary\Sync->filter_status(Array, 224517)
#2 /var/www/wordpress/wp-includes/plugin.php(212): WP_Hook->apply_filters(Array, Array)
#3 /repo/wp-content/plugins/cloudinary-image-management-and-manipulation-in-the-cloud-cdn/php/class-sync.php(924): apply_filters('cloudinary_medi...', Array, 224517)
#4 /var/www/wordpress/wp-includes/class-wp-hook.php(292): Cloudinary\Sync->filter_media_states(Array, Object(WP_Post))
#5 /var/www/wordpress/wp-includes/plugin.php(212): WP_Hook->apply_filters(Array, Array)
#6 /var/www/wordpress/wp-admin/includes/template.php(2348): apply_filters('display_media_s...', Array, Object(WP_ in /repo/wp-content/plugins/cloudinary-image-management-and-manipulation-in-the-cloud-cdn/php/class-media.php on line 2275

2022-02-07T11:09:39+00:00 CRITICAL Uncaught Error: Cannot use object of type WP_Error as array in /repo/wp-content/plugins/cloudinary-image-management-and-manipulation-in-the-cloud-cdn/php/class-media.php:2275
Stack trace:
#0 /repo/wp-content/plugins/cloudinary-image-management-and-manipulation-in-the-cloud-cdn/php/class-sync.php(226): Cloudinary\Media->get_process_logs(224517, true)
#1 /repo/wp-content/plugins/cloudinary-image-management-and-manipulation-in-the-cloud-cdn/php/sync/class-push-sync.php(226): Cloudinary\Sync->log_sync_result(224517, 'options', Array)
#2 /repo/wp-content/plugins/cloudinary-image-management-and-manipulation-in-the-cloud-cdn/php/sync/class-push-sync.php(286): Cloudinary\Sync\Push_Sync->process_assets(224517)
#3 /var/www/wordpress/wp-includes/rest-api/class-wp-rest-server.php(1139): Cloudinary\Sync\Push_Sync->process_queue(Object(WP_REST_Request))
#4 /var/www/wordpress/wp-includes/rest-api/class-wp-rest-server.php(985): WP_REST_Server->respond_to_request(Object(WP_REST_Request), '/cloudinary/v1/...', Array, NULL)
#5  tässä /repo/wp-content/plugins/cloudinary-image-management-and-manipulation-in-the-cloud-cdn/php/class-media.php rivillä 2275

