2022-03-02T08:11:49+00:00 INFO Array
(
    [Webhook Delivery] => Array
        (
            [Delivery ID] => a1f02496d472753c26c3b0563595ef00
            [Date] => 2.3.2022 @ 08:11
            [URL] => https://antikka.appspot.com/products/kirjapino
            [Duration] => 0.38893
            [Request] => Array
                (
                    [Method] => POST
                    [Headers] => Array
                        (
                            [User-Agent] => WooCommerce/6.1.1 Hookshot (WordPress/5.7.5)
                            [Content-Type] => application/json
                            [X-WC-Webhook-Source] => https://oranssiplaneetta.fi/
                            [X-WC-Webhook-Topic] => product.updated
                            [X-WC-Webhook-Resource] => product
                            [X-WC-Webhook-Event] => updated
                            [X-WC-Webhook-Signature] => YfLWQO7sq1u1Z3cQaLo0Ufw/wFtD4lMpI0GFW0L+x7w=
                            [X-WC-Webhook-ID] => 5
                            [X-WC-Webhook-Delivery-ID] => a1f02496d472753c26c3b0563595ef00
                        )

                )

            [Body] => Webhook body is not logged unless WP_DEBUG mode is turned on. This is to avoid the storing of personal data in the logs.
            [Response] => Array
                (
                    [Code] => 200
                    [Message] => OK
                    [Headers] => Requests_Utility_CaseInsensitiveDictionary Object
                        (
                            [data:protected] => Array
                                (
                                    [date] => Wed, 02 Mar 2022 08:11:49 GMT
                                    [content-type] => application/json; charset=utf-8
                                    [content-length] => 2
                                    [x-powered-by] => Express
                                    [etag] => W/"2-vyGp6PvFo4RvsFtPoIWeCReyIC8"
                                    [via] => 1.1 google
                                )

                        )

                    [Body] => Webhook body is not logged unless WP_DEBUG mode is turned on. This is to avoid the storing of personal data in the logs.
                )

        )

)

2022-03-02T08:11:50+00:00 INFO Array
(
    [Webhook Delivery] => Array
        (
            [Delivery ID] => 136566e2381b9be9f83c323f2f7d89c1
            [Date] => 2.3.2022 @ 08:11
            [URL] => https://prismatic-canto-249208.ew.r.appspot.com/products/kirjapino
            [Duration] => 0.06792
            [Request] => Array
                (
                    [Method] => POST
                    [Headers] => Array
                        (
                            [User-Agent] => WooCommerce/6.1.1 Hookshot (WordPress/5.7.5)
                            [Content-Type] => application/json
                            [X-WC-Webhook-Source] => https://oranssiplaneetta.fi/
                            [X-WC-Webhook-Topic] => product.updated
                            [X-WC-Webhook-Resource] => product
                            [X-WC-Webhook-Event] => updated
                            [X-WC-Webhook-Signature] => mYzEMcPvc4Qmv4gh6q114UD6m9rEmyJm6cMXixIlbO8=
                            [X-WC-Webhook-ID] => 4
                            [X-WC-Webhook-Delivery-ID] => 136566e2381b9be9f83c323f2f7d89c1
                        )

                )

            [Body] => Webhook body is not logged unless WP_DEBUG mode is turned on. This is to avoid the storing of personal data in the logs.
            [Response] => Array
                (
                    [Code] => 200
                    [Message] => OK
                    [Headers] => Requests_Utility_CaseInsensitiveDictionary Object
                        (
                            [data:protected] => Array
                                (
                                    [date] => Wed, 02 Mar 2022 08:11:50 GMT
                                    [content-type] => application/json; charset=utf-8
                                    [content-length] => 2
                                    [x-powered-by] => Express
                                    [etag] => W/"2-vyGp6PvFo4RvsFtPoIWeCReyIC8"
                                    [via] => 1.1 google
                                )

                        )

                    [Body] => Webhook body is not logged unless WP_DEBUG mode is turned on. This is to avoid the storing of personal data in the logs.
                )

        )

)

2022-03-02T10:17:50+00:00 INFO Array
(
    [Webhook Delivery] => Array
        (
            [Delivery ID] => 94266c5a1b6f9e46abdc669aff9fe8fc
            [Date] => 2.3.2022 @ 10:17
            [URL] => https://antikka.appspot.com/products/kirjapino
            [Duration] => 0.3707
            [Request] => Array
                (
                    [Method] => POST
                    [Headers] => Array
                        (
                            [User-Agent] => WooCommerce/6.1.1 Hookshot (WordPress/5.7.5)
                            [Content-Type] => application/json
                            [X-WC-Webhook-Source] => https://oranssiplaneetta.fi/
                            [X-WC-Webhook-Topic] => product.updated
                            [X-WC-Webhook-Resource] => product
                            [X-WC-Webhook-Event] => updated
                            [X-WC-Webhook-Signature] => FpnW7rbc9CV6z0Uexe6hAL4yDoP7ao3C1RMie10PC0M=
                            [X-WC-Webhook-ID] => 5
                            [X-WC-Webhook-Delivery-ID] => 94266c5a1b6f9e46abdc669aff9fe8fc
                        )

                )

            [Body] => Webhook body is not logged unless WP_DEBUG mode is turned on. This is to avoid the storing of personal data in the logs.
            [Response] => Array
                (
                    [Code] => 200
                    [Message] => OK
                    [Headers] => Requests_Utility_CaseInsensitiveDictionary Object
                        (
                            [data:protected] => Array
                                (
                                    [date] => Wed, 02 Mar 2022 10:17:50 GMT
                                    [content-type] => application/json; charset=utf-8
                                    [content-length] => 2
                                    [x-powered-by] => Express
                                    [etag] => W/"2-vyGp6PvFo4RvsFtPoIWeCReyIC8"
                                    [via] => 1.1 google
                                )

                        )

                    [Body] => Webhook body is not logged unless WP_DEBUG mode is turned on. This is to avoid the storing of personal data in the logs.
                )

        )

)

2022-03-02T10:17:50+00:00 INFO Array
(
    [Webhook Delivery] => Array
        (
            [Delivery ID] => 17a8496d127ec017a53f6653ffc0425e
            [Date] => 2.3.2022 @ 10:17
            [URL] => https://prismatic-canto-249208.ew.r.appspot.com/products/kirjapino
            [Duration] => 0.06474
            [Request] => Array
                (
                    [Method] => POST
                    [Headers] => Array
                        (
                            [User-Agent] => WooCommerce/6.1.1 Hookshot (WordPress/5.7.5)
                            [Content-Type] => application/json
                            [X-WC-Webhook-Source] => https://oranssiplaneetta.fi/
                            [X-WC-Webhook-Topic] => product.updated
                            [X-WC-Webhook-Resource] => product
                            [X-WC-Webhook-Event] => updated
                            [X-WC-Webhook-Signature] => gi2uVAu3JnuMeTIrLPB5cPfU9FZgsgosfUlRjnk2VO0=
                            [X-WC-Webhook-ID] => 4
                            [X-WC-Webhook-Delivery-ID] => 17a8496d127ec017a53f6653ffc0425e
                        )

                )

            [Body] => Webhook body is not logged unless WP_DEBUG mode is turned on. This is to avoid the storing of personal data in the logs.
            [Response] => Array
                (
                    [Code] => 200
                    [Message] => OK
                    [Headers] => Requests_Utility_CaseInsensitiveDictionary Object
                        (
                            [data:protected] => Array
                                (
                                    [date] => Wed, 02 Mar 2022 10:17:50 GMT
                                    [content-type] => application/json; charset=utf-8
                                    [content-length] => 2
                                    [x-powered-by] => Express
                                    [etag] => W/"2-vyGp6PvFo4RvsFtPoIWeCReyIC8"
                                    [via] => 1.1 google
                                )

                        )

                    [Body] => Webhook body is not logged unless WP_DEBUG mode is turned on. This is to avoid the storing of personal data in the logs.
                )

        )

)

2022-03-02T10:58:45+00:00 INFO Array
(
    [Webhook Delivery] => Array
        (
            [Delivery ID] => 95d5ce069d297121d527c02f2a3f9840
            [Date] => 2.3.2022 @ 10:58
            [URL] => https://antikka.appspot.com/products/kirjapino
            [Duration] => 0.37315
            [Request] => Array
                (
                    [Method] => POST
                    [Headers] => Array
                        (
                            [User-Agent] => WooCommerce/6.1.1 Hookshot (WordPress/5.7.5)
                            [Content-Type] => application/json
                            [X-WC-Webhook-Source] => https://oranssiplaneetta.fi/
                            [X-WC-Webhook-Topic] => product.updated
                            [X-WC-Webhook-Resource] => product
                            [X-WC-Webhook-Event] => updated
                            [X-WC-Webhook-Signature] => QK0PrERbSRI8w1CFyB/6Ou95KjNRlDCnskB/9kdx3e8=
                            [X-WC-Webhook-ID] => 5
                            [X-WC-Webhook-Delivery-ID] => 95d5ce069d297121d527c02f2a3f9840
                        )

                )

            [Body] => Webhook body is not logged unless WP_DEBUG mode is turned on. This is to avoid the storing of personal data in the logs.
            [Response] => Array
                (
                    [Code] => 200
                    [Message] => OK
                    [Headers] => Requests_Utility_CaseInsensitiveDictionary Object
                        (
                            [data:protected] => Array
                                (
                                    [date] => Wed, 02 Mar 2022 10:58:45 GMT
                                    [content-type] => application/json; charset=utf-8
                                    [content-length] => 2
                                    [x-powered-by] => Express
                                    [etag] => W/"2-vyGp6PvFo4RvsFtPoIWeCReyIC8"
                                    [via] => 1.1 google
                                )

                        )

                    [Body] => Webhook body is not logged unless WP_DEBUG mode is turned on. This is to avoid the storing of personal data in the logs.
                )

        )

)

2022-03-02T10:58:46+00:00 INFO Array
(
    [Webhook Delivery] => Array
        (
            [Delivery ID] => 0c9cf2ca037b966b9fc52309938dcc04
            [Date] => 2.3.2022 @ 10:58
            [URL] => https://prismatic-canto-249208.ew.r.appspot.com/products/kirjapino
            [Duration] => 0.06153
            [Request] => Array
                (
                    [Method] => POST
                    [Headers] => Array
                        (
                            [User-Agent] => WooCommerce/6.1.1 Hookshot (WordPress/5.7.5)
                            [Content-Type] => application/json
                            [X-WC-Webhook-Source] => https://oranssiplaneetta.fi/
                            [X-WC-Webhook-Topic] => product.updated
                            [X-WC-Webhook-Resource] => product
                            [X-WC-Webhook-Event] => updated
                            [X-WC-Webhook-Signature] => MNR3tzCxDjArgnlXAAsrrKwB4qlXBUJn1RipBRJ/gcA=
                            [X-WC-Webhook-ID] => 4
                            [X-WC-Webhook-Delivery-ID] => 0c9cf2ca037b966b9fc52309938dcc04
                        )

                )

            [Body] => Webhook body is not logged unless WP_DEBUG mode is turned on. This is to avoid the storing of personal data in the logs.
            [Response] => Array
                (
                    [Code] => 200
                    [Message] => OK
                    [Headers] => Requests_Utility_CaseInsensitiveDictionary Object
                        (
                            [data:protected] => Array
                                (
                                    [date] => Wed, 02 Mar 2022 10:58:46 GMT
                                    [content-type] => application/json; charset=utf-8
                                    [content-length] => 2
                                    [x-powered-by] => Express
                                    [etag] => W/"2-vyGp6PvFo4RvsFtPoIWeCReyIC8"
                                    [via] => 1.1 google
                                )

                        )

                    [Body] => Webhook body is not logged unless WP_DEBUG mode is turned on. This is to avoid the storing of personal data in the logs.
                )

        )

)

2022-03-02T11:20:49+00:00 INFO Array
(
    [Webhook Delivery] => Array
        (
            [Delivery ID] => a1ca8298b4de23c74725f3f255a3dea2
            [Date] => 2.3.2022 @ 11:20
            [URL] => https://antikka.appspot.com/products/kirjapino
            [Duration] => 0.36227
            [Request] => Array
                (
                    [Method] => POST
                    [Headers] => Array
                        (
                            [User-Agent] => WooCommerce/6.1.1 Hookshot (WordPress/5.7.5)
                            [Content-Type] => application/json
                            [X-WC-Webhook-Source] => https://oranssiplaneetta.fi/
                            [X-WC-Webhook-Topic] => product.updated
                            [X-WC-Webhook-Resource] => product
                            [X-WC-Webhook-Event] => updated
                            [X-WC-Webhook-Signature] => yGJgOw4d6aNn7ZiTgPF/tWzoi98toym1KoKZLNzWdeA=
                            [X-WC-Webhook-ID] => 5
                            [X-WC-Webhook-Delivery-ID] => a1ca8298b4de23c74725f3f255a3dea2
                        )

                )

            [Body] => Webhook body is not logged unless WP_DEBUG mode is turned on. This is to avoid the storing of personal data in the logs.
            [Response] => Array
                (
                    [Code] => 200
                    [Message] => OK
                    [Headers] => Requests_Utility_CaseInsensitiveDictionary Object
                        (
                            [data:protected] => Array
                                (
                                    [date] => Wed, 02 Mar 2022 11:20:49 GMT
                                    [content-type] => application/json; charset=utf-8
                                    [content-length] => 2
                                    [x-powered-by] => Express
                                    [etag] => W/"2-vyGp6PvFo4RvsFtPoIWeCReyIC8"
                                    [via] => 1.1 google
                                )

                        )

                    [Body] => Webhook body is not logged unless WP_DEBUG mode is turned on. This is to avoid the storing of personal data in the logs.
                )

        )

)

2022-03-02T11:20:49+00:00 INFO Array
(
    [Webhook Delivery] => Array
        (
            [Delivery ID] => c70272cc23070f82772e6618ee933b74
            [Date] => 2.3.2022 @ 11:20
            [URL] => https://prismatic-canto-249208.ew.r.appspot.com/products/kirjapino
            [Duration] => 0.06314
            [Request] => Array
                (
                    [Method] => POST
                    [Headers] => Array
                        (
                            [User-Agent] => WooCommerce/6.1.1 Hookshot (WordPress/5.7.5)
                            [Content-Type] => application/json
                            [X-WC-Webhook-Source] => https://oranssiplaneetta.fi/
                            [X-WC-Webhook-Topic] => product.updated
                            [X-WC-Webhook-Resource] => product
                            [X-WC-Webhook-Event] => updated
                            [X-WC-Webhook-Signature] => v1Lurv0tT015Lprtt/wlA+ImUkdo8p+uYUy8qruldaI=
                            [X-WC-Webhook-ID] => 4
                            [X-WC-Webhook-Delivery-ID] => c70272cc23070f82772e6618ee933b74
                        )

                )

            [Body] => Webhook body is not logged unless WP_DEBUG mode is turned on. This is to avoid the storing of personal data in the logs.
            [Response] => Array
                (
                    [Code] => 200
                    [Message] => OK
                    [Headers] => Requests_Utility_CaseInsensitiveDictionary Object
                        (
                            [data:protected] => Array
                                (
                                    [date] => Wed, 02 Mar 2022 11:20:49 GMT
                                    [content-type] => application/json; charset=utf-8
                                    [content-length] => 2
                                    [x-powered-by] => Express
                                    [etag] => W/"2-vyGp6PvFo4RvsFtPoIWeCReyIC8"
                                    [via] => 1.1 google
                                )

                        )

                    [Body] => Webhook body is not logged unless WP_DEBUG mode is turned on. This is to avoid the storing of personal data in the logs.
                )

        )

)

2022-03-02T11:54:47+00:00 INFO Array
(
    [Webhook Delivery] => Array
        (
            [Delivery ID] => 9d0330ae0a700ffd7ca683c629c9bb3d
            [Date] => 2.3.2022 @ 11:54
            [URL] => https://antikka.appspot.com/products/kirjapino
            [Duration] => 0.38137
            [Request] => Array
                (
                    [Method] => POST
                    [Headers] => Array
                        (
                            [User-Agent] => WooCommerce/6.1.1 Hookshot (WordPress/5.7.5)
                            [Content-Type] => application/json
                            [X-WC-Webhook-Source] => https://oranssiplaneetta.fi/
                            [X-WC-Webhook-Topic] => product.updated
                            [X-WC-Webhook-Resource] => product
                            [X-WC-Webhook-Event] => updated
                            [X-WC-Webhook-Signature] => IjaYQRztYErTmOoJ7aScegWNnIhamenoRLhpNVC3X1s=
                            [X-WC-Webhook-ID] => 5
                            [X-WC-Webhook-Delivery-ID] => 9d0330ae0a700ffd7ca683c629c9bb3d
                        )

                )

            [Body] => Webhook body is not logged unless WP_DEBUG mode is turned on. This is to avoid the storing of personal data in the logs.
            [Response] => Array
                (
                    [Code] => 200
                    [Message] => OK
                    [Headers] => Requests_Utility_CaseInsensitiveDictionary Object
                        (
                            [data:protected] => Array
                                (
                                    [date] => Wed, 02 Mar 2022 11:54:47 GMT
                                    [content-type] => application/json; charset=utf-8
                                    [content-length] => 2
                                    [x-powered-by] => Express
                                    [etag] => W/"2-vyGp6PvFo4RvsFtPoIWeCReyIC8"
                                    [via] => 1.1 google
                                )

                        )

                    [Body] => Webhook body is not logged unless WP_DEBUG mode is turned on. This is to avoid the storing of personal data in the logs.
                )

        )

)

2022-03-02T11:54:47+00:00 INFO Array
(
    [Webhook Delivery] => Array
        (
            [Delivery ID] => 2281ead2d4f974501d0f79363eed64d6
            [Date] => 2.3.2022 @ 11:54
            [URL] => https://prismatic-canto-249208.ew.r.appspot.com/products/kirjapino
            [Duration] => 0.06172
            [Request] => Array
                (
                    [Method] => POST
                    [Headers] => Array
                        (
                            [User-Agent] => WooCommerce/6.1.1 Hookshot (WordPress/5.7.5)
                            [Content-Type] => application/json
                            [X-WC-Webhook-Source] => https://oranssiplaneetta.fi/
                            [X-WC-Webhook-Topic] => product.updated
                            [X-WC-Webhook-Resource] => product
                            [X-WC-Webhook-Event] => updated
                            [X-WC-Webhook-Signature] => iMIz05YemnqTmIvExvHAf/cm/7eMhcbCC8TA4KDWIq4=
                            [X-WC-Webhook-ID] => 4
                            [X-WC-Webhook-Delivery-ID] => 2281ead2d4f974501d0f79363eed64d6
                        )

                )

            [Body] => Webhook body is not logged unless WP_DEBUG mode is turned on. This is to avoid the storing of personal data in the logs.
            [Response] => Array
                (
                    [Code] => 200
                    [Message] => OK
                    [Headers] => Requests_Utility_CaseInsensitiveDictionary Object
                        (
                            [data:protected] => Array
                                (
                                    [date] => Wed, 02 Mar 2022 11:54:47 GMT
                                    [content-type] => application/json; charset=utf-8
                                    [content-length] => 2
                                    [x-powered-by] => Express
                                    [etag] => W/"2-vyGp6PvFo4RvsFtPoIWeCReyIC8"
                                    [via] => 1.1 google
                                )

                        )

                    [Body] => Webhook body is not logged unless WP_DEBUG mode is turned on. This is to avoid the storing of personal data in the logs.
                )

        )

)

2022-03-02T15:58:58+00:00 INFO Array
(
    [Webhook Delivery] => Array
        (
            [Delivery ID] => ee19344c84f588a060c2f73a826563dc
            [Date] => 2.3.2022 @ 15:58
            [URL] => https://antikka.appspot.com/products/kirjapino
            [Duration] => 0.49943
            [Request] => Array
                (
                    [Method] => POST
                    [Headers] => Array
                        (
                            [User-Agent] => WooCommerce/6.1.1 Hookshot (WordPress/5.7.5)
                            [Content-Type] => application/json
                            [X-WC-Webhook-Source] => https://oranssiplaneetta.fi/
                            [X-WC-Webhook-Topic] => product.updated
                            [X-WC-Webhook-Resource] => product
                            [X-WC-Webhook-Event] => updated
                            [X-WC-Webhook-Signature] => 7YhijgeIWvx4xTseTVQ2qvT1xT1VMt8RO7CiGvqX9io=
                            [X-WC-Webhook-ID] => 5
                            [X-WC-Webhook-Delivery-ID] => ee19344c84f588a060c2f73a826563dc
                        )

                )

            [Body] => Webhook body is not logged unless WP_DEBUG mode is turned on. This is to avoid the storing of personal data in the logs.
            [Response] => Array
                (
                    [Code] => 200
                    [Message] => OK
                    [Headers] => Requests_Utility_CaseInsensitiveDictionary Object
                        (
                            [data:protected] => Array
                                (
                                    [date] => Wed, 02 Mar 2022 15:58:58 GMT
                                    [content-type] => application/json; charset=utf-8
                                    [content-length] => 2
                                    [x-powered-by] => Express
                                    [etag] => W/"2-vyGp6PvFo4RvsFtPoIWeCReyIC8"
                                    [via] => 1.1 google
                                )

                        )

                    [Body] => Webhook body is not logged unless WP_DEBUG mode is turned on. This is to avoid the storing of personal data in the logs.
                )

        )

)

2022-03-02T15:58:58+00:00 INFO Array
(
    [Webhook Delivery] => Array
        (
            [Delivery ID] => 0031ab25370f1f9412eca382083528ee
            [Date] => 2.3.2022 @ 15:58
            [URL] => https://prismatic-canto-249208.ew.r.appspot.com/products/kirjapino
            [Duration] => 0.12822
            [Request] => Array
                (
                    [Method] => POST
                    [Headers] => Array
                        (
                            [User-Agent] => WooCommerce/6.1.1 Hookshot (WordPress/5.7.5)
                            [Content-Type] => application/json
                            [X-WC-Webhook-Source] => https://oranssiplaneetta.fi/
                            [X-WC-Webhook-Topic] => product.updated
                            [X-WC-Webhook-Resource] => product
                            [X-WC-Webhook-Event] => updated
                            [X-WC-Webhook-Signature] => JRVtchlRDKy3rRqu9gGQRyiVR15md4uKKRVnfsIrvW0=
                            [X-WC-Webhook-ID] => 4
                            [X-WC-Webhook-Delivery-ID] => 0031ab25370f1f9412eca382083528ee
                        )

                )

            [Body] => Webhook body is not logged unless WP_DEBUG mode is turned on. This is to avoid the storing of personal data in the logs.
            [Response] => Array
                (
                    [Code] => 200
                    [Message] => OK
                    [Headers] => Requests_Utility_CaseInsensitiveDictionary Object
                        (
                            [data:protected] => Array
                                (
                                    [date] => Wed, 02 Mar 2022 15:58:58 GMT
                                    [content-type] => application/json; charset=utf-8
                                    [content-length] => 2
                                    [x-powered-by] => Express
                                    [etag] => W/"2-vyGp6PvFo4RvsFtPoIWeCReyIC8"
                                    [via] => 1.1 google
                                )

                        )

                    [Body] => Webhook body is not logged unless WP_DEBUG mode is turned on. This is to avoid the storing of personal data in the logs.
                )

        )

)

