2022-01-29T08:31:46+00:00 INFO Array
(
    [Webhook Delivery] => Array
        (
            [Delivery ID] => dcfbbf061967d2907301780fd572a124
            [Date] => 29.1.2022 @ 08:31
            [URL] => https://prismatic-canto-249208.ew.r.appspot.com/products/kirjapino
            [Duration] => 0.40661
            [Request] => Array
                (
                    [Method] => POST
                    [Headers] => Array
                        (
                            [User-Agent] => WooCommerce/6.1.1 Hookshot (WordPress/5.7.5)
                            [Content-Type] => application/json
                            [X-WC-Webhook-Source] => https://oranssiplaneetta.fi/
                            [X-WC-Webhook-Topic] => product.updated
                            [X-WC-Webhook-Resource] => product
                            [X-WC-Webhook-Event] => updated
                            [X-WC-Webhook-Signature] => 0Nf1Pvt9SHItbZvK+tugeC80PXHES1atx/Rm5TFg70s=
                            [X-WC-Webhook-ID] => 4
                            [X-WC-Webhook-Delivery-ID] => dcfbbf061967d2907301780fd572a124
                        )

                )

            [Body] => Webhook body is not logged unless WP_DEBUG mode is turned on. This is to avoid the storing of personal data in the logs.
            [Response] => Array
                (
                    [Code] => 200
                    [Message] => OK
                    [Headers] => Requests_Utility_CaseInsensitiveDictionary Object
                        (
                            [data:protected] => Array
                                (
                                    [date] => Sat, 29 Jan 2022 08:31:46 GMT
                                    [content-type] => application/json; charset=utf-8
                                    [content-length] => 2
                                    [x-powered-by] => Express
                                    [etag] => W/"2-vyGp6PvFo4RvsFtPoIWeCReyIC8"
                                    [via] => 1.1 google
                                )

                        )

                    [Body] => Webhook body is not logged unless WP_DEBUG mode is turned on. This is to avoid the storing of personal data in the logs.
                )

        )

)

2022-01-29T13:51:48+00:00 INFO Array
(
    [Webhook Delivery] => Array
        (
            [Delivery ID] => 01c7183a75ccfe3141596d4985504d5e
            [Date] => 29.1.2022 @ 13:51
            [URL] => https://prismatic-canto-249208.ew.r.appspot.com/products/kirjapino
            [Duration] => 0.33909
            [Request] => Array
                (
                    [Method] => POST
                    [Headers] => Array
                        (
                            [User-Agent] => WooCommerce/6.1.1 Hookshot (WordPress/5.7.5)
                            [Content-Type] => application/json
                            [X-WC-Webhook-Source] => https://oranssiplaneetta.fi/
                            [X-WC-Webhook-Topic] => product.updated
                            [X-WC-Webhook-Resource] => product
                            [X-WC-Webhook-Event] => updated
                            [X-WC-Webhook-Signature] => +ID/IE2AcyycSYrLUyKmvUn80Rvcok/NlVCSzQo1FiI=
                            [X-WC-Webhook-ID] => 4
                            [X-WC-Webhook-Delivery-ID] => 01c7183a75ccfe3141596d4985504d5e
                        )

                )

            [Body] => Webhook body is not logged unless WP_DEBUG mode is turned on. This is to avoid the storing of personal data in the logs.
            [Response] => Array
                (
                    [Code] => 200
                    [Message] => OK
                    [Headers] => Requests_Utility_CaseInsensitiveDictionary Object
                        (
                            [data:protected] => Array
                                (
                                    [date] => Sat, 29 Jan 2022 13:51:48 GMT
                                    [content-type] => application/json; charset=utf-8
                                    [content-length] => 2
                                    [x-powered-by] => Express
                                    [etag] => W/"2-vyGp6PvFo4RvsFtPoIWeCReyIC8"
                                    [via] => 1.1 google
                                )

                        )

                    [Body] => Webhook body is not logged unless WP_DEBUG mode is turned on. This is to avoid the storing of personal data in the logs.
                )

        )

)

2022-01-29T15:11:45+00:00 INFO Array
(
    [Webhook Delivery] => Array
        (
            [Delivery ID] => 7a2be84107a50ac4d9cd56366651924e
            [Date] => 29.1.2022 @ 15:11
            [URL] => https://prismatic-canto-249208.ew.r.appspot.com/products/kirjapino
            [Duration] => 0.26187
            [Request] => Array
                (
                    [Method] => POST
                    [Headers] => Array
                        (
                            [User-Agent] => WooCommerce/6.1.1 Hookshot (WordPress/5.7.5)
                            [Content-Type] => application/json
                            [X-WC-Webhook-Source] => https://oranssiplaneetta.fi/
                            [X-WC-Webhook-Topic] => product.updated
                            [X-WC-Webhook-Resource] => product
                            [X-WC-Webhook-Event] => updated
                            [X-WC-Webhook-Signature] => 4ThOnYKkNwXf5t1L3bis1AxeB8l0dqSHeRkL3BSp5Y8=
                            [X-WC-Webhook-ID] => 4
                            [X-WC-Webhook-Delivery-ID] => 7a2be84107a50ac4d9cd56366651924e
                        )

                )

            [Body] => Webhook body is not logged unless WP_DEBUG mode is turned on. This is to avoid the storing of personal data in the logs.
            [Response] => Array
                (
                    [Code] => 200
                    [Message] => OK
                    [Headers] => Requests_Utility_CaseInsensitiveDictionary Object
                        (
                            [data:protected] => Array
                                (
                                    [date] => Sat, 29 Jan 2022 15:11:45 GMT
                                    [content-type] => application/json; charset=utf-8
                                    [content-length] => 2
                                    [x-powered-by] => Express
                                    [etag] => W/"2-vyGp6PvFo4RvsFtPoIWeCReyIC8"
                                    [via] => 1.1 google
                                )

                        )

                    [Body] => Webhook body is not logged unless WP_DEBUG mode is turned on. This is to avoid the storing of personal data in the logs.
                )

        )

)

2022-01-29T17:11:49+00:00 INFO Array
(
    [Webhook Delivery] => Array
        (
            [Delivery ID] => 2af8eb116590ebf5a5fb5efbaa56c9f3
            [Date] => 29.1.2022 @ 17:11
            [URL] => https://prismatic-canto-249208.ew.r.appspot.com/products/kirjapino
            [Duration] => 0.32071
            [Request] => Array
                (
                    [Method] => POST
                    [Headers] => Array
                        (
                            [User-Agent] => WooCommerce/6.1.1 Hookshot (WordPress/5.7.5)
                            [Content-Type] => application/json
                            [X-WC-Webhook-Source] => https://oranssiplaneetta.fi/
                            [X-WC-Webhook-Topic] => product.updated
                            [X-WC-Webhook-Resource] => product
                            [X-WC-Webhook-Event] => updated
                            [X-WC-Webhook-Signature] => iv6ClYq8X21pLsHY0eB8HxIWtQ329d2Et6uN67W6bpE=
                            [X-WC-Webhook-ID] => 4
                            [X-WC-Webhook-Delivery-ID] => 2af8eb116590ebf5a5fb5efbaa56c9f3
                        )

                )

            [Body] => Webhook body is not logged unless WP_DEBUG mode is turned on. This is to avoid the storing of personal data in the logs.
            [Response] => Array
                (
                    [Code] => 200
                    [Message] => OK
                    [Headers] => Requests_Utility_CaseInsensitiveDictionary Object
                        (
                            [data:protected] => Array
                                (
                                    [date] => Sat, 29 Jan 2022 17:11:49 GMT
                                    [content-type] => application/json; charset=utf-8
                                    [content-length] => 2
                                    [x-powered-by] => Express
                                    [etag] => W/"2-vyGp6PvFo4RvsFtPoIWeCReyIC8"
                                    [via] => 1.1 google
                                )

                        )

                    [Body] => Webhook body is not logged unless WP_DEBUG mode is turned on. This is to avoid the storing of personal data in the logs.
                )

        )

)

2022-01-29T17:11:49+00:00 INFO Array
(
    [Webhook Delivery] => Array
        (
            [Delivery ID] => 2af8eb116590ebf5a5fb5efbaa56c9f3
            [Date] => 29.1.2022 @ 17:11
            [URL] => https://prismatic-canto-249208.ew.r.appspot.com/products/kirjapino
            [Duration] => 0.07374
            [Request] => Array
                (
                    [Method] => POST
                    [Headers] => Array
                        (
                            [User-Agent] => WooCommerce/6.1.1 Hookshot (WordPress/5.7.5)
                            [Content-Type] => application/json
                            [X-WC-Webhook-Source] => https://oranssiplaneetta.fi/
                            [X-WC-Webhook-Topic] => product.updated
                            [X-WC-Webhook-Resource] => product
                            [X-WC-Webhook-Event] => updated
                            [X-WC-Webhook-Signature] => wMKxqeDCu8LWJUhJLq11CAyZ+ZgNb8N0SUGTPt0vrk8=
                            [X-WC-Webhook-ID] => 4
                            [X-WC-Webhook-Delivery-ID] => 2af8eb116590ebf5a5fb5efbaa56c9f3
                        )

                )

            [Body] => Webhook body is not logged unless WP_DEBUG mode is turned on. This is to avoid the storing of personal data in the logs.
            [Response] => Array
                (
                    [Code] => 200
                    [Message] => OK
                    [Headers] => Requests_Utility_CaseInsensitiveDictionary Object
                        (
                            [data:protected] => Array
                                (
                                    [date] => Sat, 29 Jan 2022 17:11:49 GMT
                                    [content-type] => application/json; charset=utf-8
                                    [content-length] => 2
                                    [x-powered-by] => Express
                                    [etag] => W/"2-vyGp6PvFo4RvsFtPoIWeCReyIC8"
                                    [via] => 1.1 google
                                )

                        )

                    [Body] => Webhook body is not logged unless WP_DEBUG mode is turned on. This is to avoid the storing of personal data in the logs.
                )

        )

)

