2022-03-03T08:14:48+00:00 INFO Array
(
    [Webhook Delivery] => Array
        (
            [Delivery ID] => 5f9ff8fe9eb73f45eaded23b09fafd13
            [Date] => 3.3.2022 @ 08:14
            [URL] => https://antikka.appspot.com/products/kirjapino
            [Duration] => 0.35745
            [Request] => Array
                (
                    [Method] => POST
                    [Headers] => Array
                        (
                            [User-Agent] => WooCommerce/6.1.1 Hookshot (WordPress/5.7.5)
                            [Content-Type] => application/json
                            [X-WC-Webhook-Source] => https://oranssiplaneetta.fi/
                            [X-WC-Webhook-Topic] => product.updated
                            [X-WC-Webhook-Resource] => product
                            [X-WC-Webhook-Event] => updated
                            [X-WC-Webhook-Signature] => 7G1qAa7Y/CpC8+yxb3t1ISLx8XOI1BAF2aKNX85smZc=
                            [X-WC-Webhook-ID] => 5
                            [X-WC-Webhook-Delivery-ID] => 5f9ff8fe9eb73f45eaded23b09fafd13
                        )

                )

            [Body] => Webhook body is not logged unless WP_DEBUG mode is turned on. This is to avoid the storing of personal data in the logs.
            [Response] => Array
                (
                    [Code] => 200
                    [Message] => OK
                    [Headers] => Requests_Utility_CaseInsensitiveDictionary Object
                        (
                            [data:protected] => Array
                                (
                                    [date] => Thu, 03 Mar 2022 08:14:48 GMT
                                    [content-type] => application/json; charset=utf-8
                                    [content-length] => 2
                                    [x-powered-by] => Express
                                    [etag] => W/"2-vyGp6PvFo4RvsFtPoIWeCReyIC8"
                                    [via] => 1.1 google
                                )

                        )

                    [Body] => Webhook body is not logged unless WP_DEBUG mode is turned on. This is to avoid the storing of personal data in the logs.
                )

        )

)

2022-03-03T08:14:48+00:00 INFO Array
(
    [Webhook Delivery] => Array
        (
            [Delivery ID] => beb06f5e7dfaba28278889bb9aff650a
            [Date] => 3.3.2022 @ 08:14
            [URL] => https://prismatic-canto-249208.ew.r.appspot.com/products/kirjapino
            [Duration] => 0.07254
            [Request] => Array
                (
                    [Method] => POST
                    [Headers] => Array
                        (
                            [User-Agent] => WooCommerce/6.1.1 Hookshot (WordPress/5.7.5)
                            [Content-Type] => application/json
                            [X-WC-Webhook-Source] => https://oranssiplaneetta.fi/
                            [X-WC-Webhook-Topic] => product.updated
                            [X-WC-Webhook-Resource] => product
                            [X-WC-Webhook-Event] => updated
                            [X-WC-Webhook-Signature] => T8ao93cdepUmGUALa8DrWvr4JhuwBbZiLg2h1p6hivg=
                            [X-WC-Webhook-ID] => 4
                            [X-WC-Webhook-Delivery-ID] => beb06f5e7dfaba28278889bb9aff650a
                        )

                )

            [Body] => Webhook body is not logged unless WP_DEBUG mode is turned on. This is to avoid the storing of personal data in the logs.
            [Response] => Array
                (
                    [Code] => 200
                    [Message] => OK
                    [Headers] => Requests_Utility_CaseInsensitiveDictionary Object
                        (
                            [data:protected] => Array
                                (
                                    [date] => Thu, 03 Mar 2022 08:14:48 GMT
                                    [content-type] => application/json; charset=utf-8
                                    [content-length] => 2
                                    [x-powered-by] => Express
                                    [etag] => W/"2-vyGp6PvFo4RvsFtPoIWeCReyIC8"
                                    [via] => 1.1 google
                                )

                        )

                    [Body] => Webhook body is not logged unless WP_DEBUG mode is turned on. This is to avoid the storing of personal data in the logs.
                )

        )

)

2022-03-03T09:12:46+00:00 INFO Array
(
    [Webhook Delivery] => Array
        (
            [Delivery ID] => c324ebd8af2554e70d0066a527597457
            [Date] => 3.3.2022 @ 09:12
            [URL] => https://antikka.appspot.com/orders/kirjapino
            [Duration] => 0.44561
            [Request] => Array
                (
                    [Method] => POST
                    [Headers] => Array
                        (
                            [User-Agent] => WooCommerce/6.1.1 Hookshot (WordPress/5.7.5)
                            [Content-Type] => application/json
                            [X-WC-Webhook-Source] => https://oranssiplaneetta.fi/
                            [X-WC-Webhook-Topic] => order.created
                            [X-WC-Webhook-Resource] => order
                            [X-WC-Webhook-Event] => created
                            [X-WC-Webhook-Signature] => w8fuIGeJ6EZQJocycNg1FUP9YabflwgU7Ted11jTbnM=
                            [X-WC-Webhook-ID] => 6
                            [X-WC-Webhook-Delivery-ID] => c324ebd8af2554e70d0066a527597457
                        )

                )

            [Body] => Webhook body is not logged unless WP_DEBUG mode is turned on. This is to avoid the storing of personal data in the logs.
            [Response] => Array
                (
                    [Code] => 200
                    [Message] => OK
                    [Headers] => Requests_Utility_CaseInsensitiveDictionary Object
                        (
                            [data:protected] => Array
                                (
                                    [date] => Thu, 03 Mar 2022 09:12:46 GMT
                                    [content-type] => application/json; charset=utf-8
                                    [vary] => Accept-Encoding
                                    [x-powered-by] => Express
                                    [etag] => W/"40-miVxbMjDu/r6fNyeLI1nocVhyMg"
                                    [content-encoding] => gzip
                                    [via] => 1.1 google
                                )

                        )

                    [Body] => Webhook body is not logged unless WP_DEBUG mode is turned on. This is to avoid the storing of personal data in the logs.
                )

        )

)

2022-03-03T09:12:51+00:00 INFO Array
(
    [Webhook Delivery] => Array
        (
            [Delivery ID] => bdcacd253f2c84ffa5e72a931d475304
            [Date] => 3.3.2022 @ 09:12
            [URL] => https://prismatic-canto-249208.ew.r.appspot.com/orders/kirjapino
            [Duration] => 0.06627
            [Request] => Array
                (
                    [Method] => POST
                    [Headers] => Array
                        (
                            [User-Agent] => WooCommerce/6.1.1 Hookshot (WordPress/5.7.5)
                            [Content-Type] => application/json
                            [X-WC-Webhook-Source] => https://oranssiplaneetta.fi/
                            [X-WC-Webhook-Topic] => order.created
                            [X-WC-Webhook-Resource] => order
                            [X-WC-Webhook-Event] => created
                            [X-WC-Webhook-Signature] => EyQqLtu5GCiHR7WEFK+v9Xbd3OGJ39YzHq+a3VFmzwI=
                            [X-WC-Webhook-ID] => 1
                            [X-WC-Webhook-Delivery-ID] => bdcacd253f2c84ffa5e72a931d475304
                        )

                )

            [Body] => Webhook body is not logged unless WP_DEBUG mode is turned on. This is to avoid the storing of personal data in the logs.
            [Response] => Array
                (
                    [Code] => 200
                    [Message] => OK
                    [Headers] => Requests_Utility_CaseInsensitiveDictionary Object
                        (
                            [data:protected] => Array
                                (
                                    [date] => Thu, 03 Mar 2022 09:12:51 GMT
                                    [content-type] => application/json; charset=utf-8
                                    [vary] => Accept-Encoding
                                    [x-powered-by] => Express
                                    [etag] => W/"40-miVxbMjDu/r6fNyeLI1nocVhyMg"
                                    [content-encoding] => gzip
                                    [via] => 1.1 google
                                )

                        )

                    [Body] => Webhook body is not logged unless WP_DEBUG mode is turned on. This is to avoid the storing of personal data in the logs.
                )

        )

)

2022-03-03T09:12:51+00:00 INFO Array
(
    [Webhook Delivery] => Array
        (
            [Delivery ID] => 14ef55a2cf1eca1b5bb1eac04947fd72
            [Date] => 3.3.2022 @ 09:12
            [URL] => https://prismatic-canto-249208.ew.r.appspot.com/orders/kirjapino
            [Duration] => 0.04239
            [Request] => Array
                (
                    [Method] => POST
                    [Headers] => Array
                        (
                            [User-Agent] => WooCommerce/6.1.1 Hookshot (WordPress/5.7.5)
                            [Content-Type] => application/json
                            [X-WC-Webhook-Source] => https://oranssiplaneetta.fi/
                            [X-WC-Webhook-Topic] => order.updated
                            [X-WC-Webhook-Resource] => order
                            [X-WC-Webhook-Event] => updated
                            [X-WC-Webhook-Signature] => YOjj7PNQ2CTPuvTXGMdMxPgMnvTFhUzOZXBj7J2KiR0=
                            [X-WC-Webhook-ID] => 3
                            [X-WC-Webhook-Delivery-ID] => 14ef55a2cf1eca1b5bb1eac04947fd72
                        )

                )

            [Body] => Webhook body is not logged unless WP_DEBUG mode is turned on. This is to avoid the storing of personal data in the logs.
            [Response] => Array
                (
                    [Code] => 200
                    [Message] => OK
                    [Headers] => Requests_Utility_CaseInsensitiveDictionary Object
                        (
                            [data:protected] => Array
                                (
                                    [date] => Thu, 03 Mar 2022 09:12:51 GMT
                                    [content-type] => application/json; charset=utf-8
                                    [vary] => Accept-Encoding
                                    [x-powered-by] => Express
                                    [etag] => W/"42-9FcO49jwEGxXzpxzDc3DMqsWTtk"
                                    [content-encoding] => gzip
                                    [via] => 1.1 google
                                )

                        )

                    [Body] => Webhook body is not logged unless WP_DEBUG mode is turned on. This is to avoid the storing of personal data in the logs.
                )

        )

)

2022-03-03T09:13:48+00:00 INFO Array
(
    [Webhook Delivery] => Array
        (
            [Delivery ID] => c8079001b4f2c2661244df269513e22d
            [Date] => 3.3.2022 @ 09:13
            [URL] => https://prismatic-canto-249208.ew.r.appspot.com/orders/kirjapino
            [Duration] => 1.63801
            [Request] => Array
                (
                    [Method] => POST
                    [Headers] => Array
                        (
                            [User-Agent] => WooCommerce/6.1.1 Hookshot (WordPress/5.7.5)
                            [Content-Type] => application/json
                            [X-WC-Webhook-Source] => https://oranssiplaneetta.fi/
                            [X-WC-Webhook-Topic] => order.updated
                            [X-WC-Webhook-Resource] => order
                            [X-WC-Webhook-Event] => updated
                            [X-WC-Webhook-Signature] => kABI/sve80lEuyPU0Ua975m2E18trKEqG7VsojeAof8=
                            [X-WC-Webhook-ID] => 3
                            [X-WC-Webhook-Delivery-ID] => c8079001b4f2c2661244df269513e22d
                        )

                )

            [Body] => Webhook body is not logged unless WP_DEBUG mode is turned on. This is to avoid the storing of personal data in the logs.
            [Response] => Array
                (
                    [Code] => 200
                    [Message] => OK
                    [Headers] => Requests_Utility_CaseInsensitiveDictionary Object
                        (
                            [data:protected] => Array
                                (
                                    [date] => Thu, 03 Mar 2022 09:13:48 GMT
                                    [content-type] => application/json; charset=utf-8
                                    [vary] => Accept-Encoding
                                    [x-powered-by] => Express
                                    [etag] => W/"43-dKLnqPq4xI2EHNuqOm/3ThX+5y8"
                                    [content-encoding] => gzip
                                    [via] => 1.1 google
                                )

                        )

                    [Body] => Webhook body is not logged unless WP_DEBUG mode is turned on. This is to avoid the storing of personal data in the logs.
                )

        )

)

2022-03-03T09:13:48+00:00 INFO Array
(
    [Webhook Delivery] => Array
        (
            [Delivery ID] => 0e5a454f5f98620ad99b7831321f5d35
            [Date] => 3.3.2022 @ 09:13
            [URL] => https://antikka.appspot.com/products/kirjapino
            [Duration] => 0.2014
            [Request] => Array
                (
                    [Method] => POST
                    [Headers] => Array
                        (
                            [User-Agent] => WooCommerce/6.1.1 Hookshot (WordPress/5.7.5)
                            [Content-Type] => application/json
                            [X-WC-Webhook-Source] => https://oranssiplaneetta.fi/
                            [X-WC-Webhook-Topic] => product.updated
                            [X-WC-Webhook-Resource] => product
                            [X-WC-Webhook-Event] => updated
                            [X-WC-Webhook-Signature] => hCZKdKFnzke2u52uLNvHKw6yFjpWHzsphsLQTXgHsUM=
                            [X-WC-Webhook-ID] => 5
                            [X-WC-Webhook-Delivery-ID] => 0e5a454f5f98620ad99b7831321f5d35
                        )

                )

            [Body] => Webhook body is not logged unless WP_DEBUG mode is turned on. This is to avoid the storing of personal data in the logs.
            [Response] => Array
                (
                    [Code] => 200
                    [Message] => OK
                    [Headers] => Requests_Utility_CaseInsensitiveDictionary Object
                        (
                            [data:protected] => Array
                                (
                                    [date] => Thu, 03 Mar 2022 09:13:48 GMT
                                    [content-type] => application/json; charset=utf-8
                                    [content-length] => 2
                                    [x-powered-by] => Express
                                    [etag] => W/"2-vyGp6PvFo4RvsFtPoIWeCReyIC8"
                                    [via] => 1.1 google
                                )

                        )

                    [Body] => Webhook body is not logged unless WP_DEBUG mode is turned on. This is to avoid the storing of personal data in the logs.
                )

        )

)

2022-03-03T09:13:48+00:00 INFO Array
(
    [Webhook Delivery] => Array
        (
            [Delivery ID] => cab69ba2b5995a5622e6578c97a6256f
            [Date] => 3.3.2022 @ 09:13
            [URL] => https://prismatic-canto-249208.ew.r.appspot.com/products/kirjapino
            [Duration] => 0.07068
            [Request] => Array
                (
                    [Method] => POST
                    [Headers] => Array
                        (
                            [User-Agent] => WooCommerce/6.1.1 Hookshot (WordPress/5.7.5)
                            [Content-Type] => application/json
                            [X-WC-Webhook-Source] => https://oranssiplaneetta.fi/
                            [X-WC-Webhook-Topic] => product.updated
                            [X-WC-Webhook-Resource] => product
                            [X-WC-Webhook-Event] => updated
                            [X-WC-Webhook-Signature] => 18Ggs6iSFDIRu5/owJDXIbnokXf4f/MqyaRcKtcGpK8=
                            [X-WC-Webhook-ID] => 4
                            [X-WC-Webhook-Delivery-ID] => cab69ba2b5995a5622e6578c97a6256f
                        )

                )

            [Body] => Webhook body is not logged unless WP_DEBUG mode is turned on. This is to avoid the storing of personal data in the logs.
            [Response] => Array
                (
                    [Code] => 200
                    [Message] => OK
                    [Headers] => Requests_Utility_CaseInsensitiveDictionary Object
                        (
                            [data:protected] => Array
                                (
                                    [date] => Thu, 03 Mar 2022 09:13:48 GMT
                                    [content-type] => application/json; charset=utf-8
                                    [content-length] => 2
                                    [x-powered-by] => Express
                                    [etag] => W/"2-vyGp6PvFo4RvsFtPoIWeCReyIC8"
                                    [via] => 1.1 google
                                )

                        )

                    [Body] => Webhook body is not logged unless WP_DEBUG mode is turned on. This is to avoid the storing of personal data in the logs.
                )

        )

)

2022-03-03T11:13:45+00:00 INFO Array
(
    [Webhook Delivery] => Array
        (
            [Delivery ID] => 137307c3881ca40643089b1e94f520af
            [Date] => 3.3.2022 @ 11:13
            [URL] => https://antikka.appspot.com/products/kirjapino
            [Duration] => 0.47189
            [Request] => Array
                (
                    [Method] => POST
                    [Headers] => Array
                        (
                            [User-Agent] => WooCommerce/6.1.1 Hookshot (WordPress/5.7.5)
                            [Content-Type] => application/json
                            [X-WC-Webhook-Source] => https://oranssiplaneetta.fi/
                            [X-WC-Webhook-Topic] => product.updated
                            [X-WC-Webhook-Resource] => product
                            [X-WC-Webhook-Event] => updated
                            [X-WC-Webhook-Signature] => ZmqCeYXEavjw0L7YyOm4EPsE3a42UYawF+ZB7N2uyK8=
                            [X-WC-Webhook-ID] => 5
                            [X-WC-Webhook-Delivery-ID] => 137307c3881ca40643089b1e94f520af
                        )

                )

            [Body] => Webhook body is not logged unless WP_DEBUG mode is turned on. This is to avoid the storing of personal data in the logs.
            [Response] => Array
                (
                    [Code] => 200
                    [Message] => OK
                    [Headers] => Requests_Utility_CaseInsensitiveDictionary Object
                        (
                            [data:protected] => Array
                                (
                                    [date] => Thu, 03 Mar 2022 11:13:45 GMT
                                    [content-type] => application/json; charset=utf-8
                                    [content-length] => 2
                                    [x-powered-by] => Express
                                    [etag] => W/"2-vyGp6PvFo4RvsFtPoIWeCReyIC8"
                                    [via] => 1.1 google
                                )

                        )

                    [Body] => Webhook body is not logged unless WP_DEBUG mode is turned on. This is to avoid the storing of personal data in the logs.
                )

        )

)

2022-03-03T11:13:45+00:00 INFO Array
(
    [Webhook Delivery] => Array
        (
            [Delivery ID] => 82221c6e18ae78024cba58c0207fc1ca
            [Date] => 3.3.2022 @ 11:13
            [URL] => https://prismatic-canto-249208.ew.r.appspot.com/products/kirjapino
            [Duration] => 0.05926
            [Request] => Array
                (
                    [Method] => POST
                    [Headers] => Array
                        (
                            [User-Agent] => WooCommerce/6.1.1 Hookshot (WordPress/5.7.5)
                            [Content-Type] => application/json
                            [X-WC-Webhook-Source] => https://oranssiplaneetta.fi/
                            [X-WC-Webhook-Topic] => product.updated
                            [X-WC-Webhook-Resource] => product
                            [X-WC-Webhook-Event] => updated
                            [X-WC-Webhook-Signature] => 6T7KYX8F8xcLB6PrqCC5n9GWQPKal4IfWWQ0e5QEcig=
                            [X-WC-Webhook-ID] => 4
                            [X-WC-Webhook-Delivery-ID] => 82221c6e18ae78024cba58c0207fc1ca
                        )

                )

            [Body] => Webhook body is not logged unless WP_DEBUG mode is turned on. This is to avoid the storing of personal data in the logs.
            [Response] => Array
                (
                    [Code] => 200
                    [Message] => OK
                    [Headers] => Requests_Utility_CaseInsensitiveDictionary Object
                        (
                            [data:protected] => Array
                                (
                                    [date] => Thu, 03 Mar 2022 11:13:45 GMT
                                    [content-type] => application/json; charset=utf-8
                                    [content-length] => 2
                                    [x-powered-by] => Express
                                    [etag] => W/"2-vyGp6PvFo4RvsFtPoIWeCReyIC8"
                                    [via] => 1.1 google
                                )

                        )

                    [Body] => Webhook body is not logged unless WP_DEBUG mode is turned on. This is to avoid the storing of personal data in the logs.
                )

        )

)

2022-03-03T11:14:49+00:00 INFO Array
(
    [Webhook Delivery] => Array
        (
            [Delivery ID] => a30cb1ac887e61d7efe63b3e14e1c3e6
            [Date] => 3.3.2022 @ 11:14
            [URL] => https://antikka.appspot.com/products/kirjapino
            [Duration] => 0.52874
            [Request] => Array
                (
                    [Method] => POST
                    [Headers] => Array
                        (
                            [User-Agent] => WooCommerce/6.1.1 Hookshot (WordPress/5.7.5)
                            [Content-Type] => application/json
                            [X-WC-Webhook-Source] => https://oranssiplaneetta.fi/
                            [X-WC-Webhook-Topic] => product.updated
                            [X-WC-Webhook-Resource] => product
                            [X-WC-Webhook-Event] => updated
                            [X-WC-Webhook-Signature] => 6HNmLfalcE04P90g5lhm4ExrLpIaHZ7HXI7DIQ0s0Uc=
                            [X-WC-Webhook-ID] => 5
                            [X-WC-Webhook-Delivery-ID] => a30cb1ac887e61d7efe63b3e14e1c3e6
                        )

                )

            [Body] => Webhook body is not logged unless WP_DEBUG mode is turned on. This is to avoid the storing of personal data in the logs.
            [Response] => Array
                (
                    [Code] => 200
                    [Message] => OK
                    [Headers] => Requests_Utility_CaseInsensitiveDictionary Object
                        (
                            [data:protected] => Array
                                (
                                    [date] => Thu, 03 Mar 2022 11:14:49 GMT
                                    [content-type] => application/json; charset=utf-8
                                    [content-length] => 2
                                    [x-powered-by] => Express
                                    [etag] => W/"2-vyGp6PvFo4RvsFtPoIWeCReyIC8"
                                    [via] => 1.1 google
                                )

                        )

                    [Body] => Webhook body is not logged unless WP_DEBUG mode is turned on. This is to avoid the storing of personal data in the logs.
                )

        )

)

2022-03-03T11:14:49+00:00 INFO Array
(
    [Webhook Delivery] => Array
        (
            [Delivery ID] => bb490454c67fd184c56a73cddade6509
            [Date] => 3.3.2022 @ 11:14
            [URL] => https://prismatic-canto-249208.ew.r.appspot.com/products/kirjapino
            [Duration] => 0.05802
            [Request] => Array
                (
                    [Method] => POST
                    [Headers] => Array
                        (
                            [User-Agent] => WooCommerce/6.1.1 Hookshot (WordPress/5.7.5)
                            [Content-Type] => application/json
                            [X-WC-Webhook-Source] => https://oranssiplaneetta.fi/
                            [X-WC-Webhook-Topic] => product.updated
                            [X-WC-Webhook-Resource] => product
                            [X-WC-Webhook-Event] => updated
                            [X-WC-Webhook-Signature] => MMdcqlUFip0tnFIXugcanG1JsFPprMc8Y2w30O8cfJs=
                            [X-WC-Webhook-ID] => 4
                            [X-WC-Webhook-Delivery-ID] => bb490454c67fd184c56a73cddade6509
                        )

                )

            [Body] => Webhook body is not logged unless WP_DEBUG mode is turned on. This is to avoid the storing of personal data in the logs.
            [Response] => Array
                (
                    [Code] => 200
                    [Message] => OK
                    [Headers] => Requests_Utility_CaseInsensitiveDictionary Object
                        (
                            [data:protected] => Array
                                (
                                    [date] => Thu, 03 Mar 2022 11:14:49 GMT
                                    [content-type] => application/json; charset=utf-8
                                    [content-length] => 2
                                    [x-powered-by] => Express
                                    [etag] => W/"2-vyGp6PvFo4RvsFtPoIWeCReyIC8"
                                    [via] => 1.1 google
                                )

                        )

                    [Body] => Webhook body is not logged unless WP_DEBUG mode is turned on. This is to avoid the storing of personal data in the logs.
                )

        )

)

