2022-02-14T08:01:49+00:00 INFO Array
(
    [Webhook Delivery] => Array
        (
            [Delivery ID] => 7ca3f86d6ae4d5d5ca707982d1eded09
            [Date] => 14.2.2022 @ 08:01
            [URL] => https://antikka.appspot.com/products/kirjapino
            [Duration] => 0.35364
            [Request] => Array
                (
                    [Method] => POST
                    [Headers] => Array
                        (
                            [User-Agent] => WooCommerce/6.1.1 Hookshot (WordPress/5.7.2)
                            [Content-Type] => application/json
                            [X-WC-Webhook-Source] => https://oranssiplaneetta.fi/
                            [X-WC-Webhook-Topic] => product.updated
                            [X-WC-Webhook-Resource] => product
                            [X-WC-Webhook-Event] => updated
                            [X-WC-Webhook-Signature] => st5T6LBNZ+Npqku42udhXzPOL5fZrJ4nZha6JjkDo5M=
                            [X-WC-Webhook-ID] => 5
                            [X-WC-Webhook-Delivery-ID] => 7ca3f86d6ae4d5d5ca707982d1eded09
                        )

                )

            [Body] => Webhook body is not logged unless WP_DEBUG mode is turned on. This is to avoid the storing of personal data in the logs.
            [Response] => Array
                (
                    [Code] => 200
                    [Message] => OK
                    [Headers] => Requests_Utility_CaseInsensitiveDictionary Object
                        (
                            [data:protected] => Array
                                (
                                    [date] => Mon, 14 Feb 2022 08:01:49 GMT
                                    [content-type] => application/json; charset=utf-8
                                    [content-length] => 2
                                    [x-powered-by] => Express
                                    [etag] => W/"2-vyGp6PvFo4RvsFtPoIWeCReyIC8"
                                    [via] => 1.1 google
                                )

                        )

                    [Body] => Webhook body is not logged unless WP_DEBUG mode is turned on. This is to avoid the storing of personal data in the logs.
                )

        )

)

2022-02-14T08:01:50+00:00 INFO Array
(
    [Webhook Delivery] => Array
        (
            [Delivery ID] => 2725a72bad1b686b16875a220c415193
            [Date] => 14.2.2022 @ 08:01
            [URL] => https://prismatic-canto-249208.ew.r.appspot.com/products/kirjapino
            [Duration] => 0.06922
            [Request] => Array
                (
                    [Method] => POST
                    [Headers] => Array
                        (
                            [User-Agent] => WooCommerce/6.1.1 Hookshot (WordPress/5.7.2)
                            [Content-Type] => application/json
                            [X-WC-Webhook-Source] => https://oranssiplaneetta.fi/
                            [X-WC-Webhook-Topic] => product.updated
                            [X-WC-Webhook-Resource] => product
                            [X-WC-Webhook-Event] => updated
                            [X-WC-Webhook-Signature] => D2WQ2PM54q0MI3KBsY0J5PZTd9EUxNogQxTERw30LHo=
                            [X-WC-Webhook-ID] => 4
                            [X-WC-Webhook-Delivery-ID] => 2725a72bad1b686b16875a220c415193
                        )

                )

            [Body] => Webhook body is not logged unless WP_DEBUG mode is turned on. This is to avoid the storing of personal data in the logs.
            [Response] => Array
                (
                    [Code] => 200
                    [Message] => OK
                    [Headers] => Requests_Utility_CaseInsensitiveDictionary Object
                        (
                            [data:protected] => Array
                                (
                                    [date] => Mon, 14 Feb 2022 08:01:50 GMT
                                    [content-type] => application/json; charset=utf-8
                                    [content-length] => 2
                                    [x-powered-by] => Express
                                    [etag] => W/"2-vyGp6PvFo4RvsFtPoIWeCReyIC8"
                                    [via] => 1.1 google
                                )

                        )

                    [Body] => Webhook body is not logged unless WP_DEBUG mode is turned on. This is to avoid the storing of personal data in the logs.
                )

        )

)

2022-02-14T09:41:50+00:00 INFO Array
(
    [Webhook Delivery] => Array
        (
            [Delivery ID] => d314dd4ca08b50d218c6748d7134756e
            [Date] => 14.2.2022 @ 09:41
            [URL] => https://antikka.appspot.com/products/kirjapino
            [Duration] => 0.49111
            [Request] => Array
                (
                    [Method] => POST
                    [Headers] => Array
                        (
                            [User-Agent] => WooCommerce/6.1.1 Hookshot (WordPress/5.7.2)
                            [Content-Type] => application/json
                            [X-WC-Webhook-Source] => https://oranssiplaneetta.fi/
                            [X-WC-Webhook-Topic] => product.updated
                            [X-WC-Webhook-Resource] => product
                            [X-WC-Webhook-Event] => updated
                            [X-WC-Webhook-Signature] => V9Isw1NeQJJJTzTOjKx3o8eJ6fMvB+cbe4VpVEDnri8=
                            [X-WC-Webhook-ID] => 5
                            [X-WC-Webhook-Delivery-ID] => d314dd4ca08b50d218c6748d7134756e
                        )

                )

            [Body] => Webhook body is not logged unless WP_DEBUG mode is turned on. This is to avoid the storing of personal data in the logs.
            [Response] => Array
                (
                    [Code] => 200
                    [Message] => OK
                    [Headers] => Requests_Utility_CaseInsensitiveDictionary Object
                        (
                            [data:protected] => Array
                                (
                                    [date] => Mon, 14 Feb 2022 09:41:50 GMT
                                    [content-type] => application/json; charset=utf-8
                                    [content-length] => 2
                                    [x-powered-by] => Express
                                    [etag] => W/"2-vyGp6PvFo4RvsFtPoIWeCReyIC8"
                                    [via] => 1.1 google
                                )

                        )

                    [Body] => Webhook body is not logged unless WP_DEBUG mode is turned on. This is to avoid the storing of personal data in the logs.
                )

        )

)

2022-02-14T09:41:50+00:00 INFO Array
(
    [Webhook Delivery] => Array
        (
            [Delivery ID] => a866583b225d582bafc92298ac8a6978
            [Date] => 14.2.2022 @ 09:41
            [URL] => https://prismatic-canto-249208.ew.r.appspot.com/products/kirjapino
            [Duration] => 0.06357
            [Request] => Array
                (
                    [Method] => POST
                    [Headers] => Array
                        (
                            [User-Agent] => WooCommerce/6.1.1 Hookshot (WordPress/5.7.2)
                            [Content-Type] => application/json
                            [X-WC-Webhook-Source] => https://oranssiplaneetta.fi/
                            [X-WC-Webhook-Topic] => product.updated
                            [X-WC-Webhook-Resource] => product
                            [X-WC-Webhook-Event] => updated
                            [X-WC-Webhook-Signature] => bk+z+kkMvw4jiTI9KN5738erjxosCca6mUQnUsVwXwc=
                            [X-WC-Webhook-ID] => 4
                            [X-WC-Webhook-Delivery-ID] => a866583b225d582bafc92298ac8a6978
                        )

                )

            [Body] => Webhook body is not logged unless WP_DEBUG mode is turned on. This is to avoid the storing of personal data in the logs.
            [Response] => Array
                (
                    [Code] => 200
                    [Message] => OK
                    [Headers] => Requests_Utility_CaseInsensitiveDictionary Object
                        (
                            [data:protected] => Array
                                (
                                    [date] => Mon, 14 Feb 2022 09:41:50 GMT
                                    [content-type] => application/json; charset=utf-8
                                    [content-length] => 2
                                    [x-powered-by] => Express
                                    [etag] => W/"2-vyGp6PvFo4RvsFtPoIWeCReyIC8"
                                    [via] => 1.1 google
                                )

                        )

                    [Body] => Webhook body is not logged unless WP_DEBUG mode is turned on. This is to avoid the storing of personal data in the logs.
                )

        )

)

2022-02-14T09:42:47+00:00 INFO Array
(
    [Webhook Delivery] => Array
        (
            [Delivery ID] => c2891dc6f9dc388d0364ed246b623a3e
            [Date] => 14.2.2022 @ 09:42
            [URL] => https://antikka.appspot.com/products/kirjapino
            [Duration] => 0.35577
            [Request] => Array
                (
                    [Method] => POST
                    [Headers] => Array
                        (
                            [User-Agent] => WooCommerce/6.1.1 Hookshot (WordPress/5.7.2)
                            [Content-Type] => application/json
                            [X-WC-Webhook-Source] => https://oranssiplaneetta.fi/
                            [X-WC-Webhook-Topic] => product.updated
                            [X-WC-Webhook-Resource] => product
                            [X-WC-Webhook-Event] => updated
                            [X-WC-Webhook-Signature] => VJ+sCPB6LA53GbF2ZYFM0O9An6m2LSTw85s/bA2vF7w=
                            [X-WC-Webhook-ID] => 5
                            [X-WC-Webhook-Delivery-ID] => c2891dc6f9dc388d0364ed246b623a3e
                        )

                )

            [Body] => Webhook body is not logged unless WP_DEBUG mode is turned on. This is to avoid the storing of personal data in the logs.
            [Response] => Array
                (
                    [Code] => 200
                    [Message] => OK
                    [Headers] => Requests_Utility_CaseInsensitiveDictionary Object
                        (
                            [data:protected] => Array
                                (
                                    [date] => Mon, 14 Feb 2022 09:42:47 GMT
                                    [content-type] => application/json; charset=utf-8
                                    [content-length] => 2
                                    [x-powered-by] => Express
                                    [etag] => W/"2-vyGp6PvFo4RvsFtPoIWeCReyIC8"
                                    [via] => 1.1 google
                                )

                        )

                    [Body] => Webhook body is not logged unless WP_DEBUG mode is turned on. This is to avoid the storing of personal data in the logs.
                )

        )

)

2022-02-14T09:42:48+00:00 INFO Array
(
    [Webhook Delivery] => Array
        (
            [Delivery ID] => fa5022e872636071e39a051c2f32598c
            [Date] => 14.2.2022 @ 09:42
            [URL] => https://prismatic-canto-249208.ew.r.appspot.com/products/kirjapino
            [Duration] => 0.09658
            [Request] => Array
                (
                    [Method] => POST
                    [Headers] => Array
                        (
                            [User-Agent] => WooCommerce/6.1.1 Hookshot (WordPress/5.7.2)
                            [Content-Type] => application/json
                            [X-WC-Webhook-Source] => https://oranssiplaneetta.fi/
                            [X-WC-Webhook-Topic] => product.updated
                            [X-WC-Webhook-Resource] => product
                            [X-WC-Webhook-Event] => updated
                            [X-WC-Webhook-Signature] => f6PisjstzNNF/IKnO9NG5Jywkr0FL/nb+dvf03ACC6g=
                            [X-WC-Webhook-ID] => 4
                            [X-WC-Webhook-Delivery-ID] => fa5022e872636071e39a051c2f32598c
                        )

                )

            [Body] => Webhook body is not logged unless WP_DEBUG mode is turned on. This is to avoid the storing of personal data in the logs.
            [Response] => Array
                (
                    [Code] => 200
                    [Message] => OK
                    [Headers] => Requests_Utility_CaseInsensitiveDictionary Object
                        (
                            [data:protected] => Array
                                (
                                    [date] => Mon, 14 Feb 2022 09:42:48 GMT
                                    [content-type] => application/json; charset=utf-8
                                    [content-length] => 2
                                    [x-powered-by] => Express
                                    [etag] => W/"2-vyGp6PvFo4RvsFtPoIWeCReyIC8"
                                    [via] => 1.1 google
                                )

                        )

                    [Body] => Webhook body is not logged unless WP_DEBUG mode is turned on. This is to avoid the storing of personal data in the logs.
                )

        )

)

2022-02-14T12:42:47+00:00 INFO Array
(
    [Webhook Delivery] => Array
        (
            [Delivery ID] => 7ae36810239a06e591f9669c064fb53a
            [Date] => 14.2.2022 @ 12:42
            [URL] => https://prismatic-canto-249208.ew.r.appspot.com/orders/kirjapino
            [Duration] => 0.26889
            [Request] => Array
                (
                    [Method] => POST
                    [Headers] => Array
                        (
                            [User-Agent] => WooCommerce/6.1.1 Hookshot (WordPress/5.7.2)
                            [Content-Type] => application/json
                            [X-WC-Webhook-Source] => https://oranssiplaneetta.fi/
                            [X-WC-Webhook-Topic] => order.updated
                            [X-WC-Webhook-Resource] => order
                            [X-WC-Webhook-Event] => updated
                            [X-WC-Webhook-Signature] => NNNlGxcMsPekZGlXnzpByABGH5j82ANAdGgG2XDvjko=
                            [X-WC-Webhook-ID] => 3
                            [X-WC-Webhook-Delivery-ID] => 7ae36810239a06e591f9669c064fb53a
                        )

                )

            [Body] => Webhook body is not logged unless WP_DEBUG mode is turned on. This is to avoid the storing of personal data in the logs.
            [Response] => Array
                (
                    [Code] => 200
                    [Message] => OK
                    [Headers] => Requests_Utility_CaseInsensitiveDictionary Object
                        (
                            [data:protected] => Array
                                (
                                    [date] => Mon, 14 Feb 2022 12:42:47 GMT
                                    [content-type] => application/json; charset=utf-8
                                    [vary] => Accept-Encoding
                                    [x-powered-by] => Express
                                    [etag] => W/"42-Dl1ALWiBNOfvNh8pcE+ORxHfXTo"
                                    [content-encoding] => gzip
                                    [via] => 1.1 google
                                )

                        )

                    [Body] => Webhook body is not logged unless WP_DEBUG mode is turned on. This is to avoid the storing of personal data in the logs.
                )

        )

)

2022-02-14T16:41:47+00:00 INFO Array
(
    [Webhook Delivery] => Array
        (
            [Delivery ID] => 26b6b46b24ec10d265c5fbba4ecd5465
            [Date] => 14.2.2022 @ 16:41
            [URL] => https://antikka.appspot.com/products/kirjapino
            [Duration] => 0.36571
            [Request] => Array
                (
                    [Method] => POST
                    [Headers] => Array
                        (
                            [User-Agent] => WooCommerce/6.1.1 Hookshot (WordPress/5.7.2)
                            [Content-Type] => application/json
                            [X-WC-Webhook-Source] => https://oranssiplaneetta.fi/
                            [X-WC-Webhook-Topic] => product.updated
                            [X-WC-Webhook-Resource] => product
                            [X-WC-Webhook-Event] => updated
                            [X-WC-Webhook-Signature] => RWKr6cICQlIEP9G0S3lTRm7nFPRJQBg7PCTMSG9r2js=
                            [X-WC-Webhook-ID] => 5
                            [X-WC-Webhook-Delivery-ID] => 26b6b46b24ec10d265c5fbba4ecd5465
                        )

                )

            [Body] => Webhook body is not logged unless WP_DEBUG mode is turned on. This is to avoid the storing of personal data in the logs.
            [Response] => Array
                (
                    [Code] => 200
                    [Message] => OK
                    [Headers] => Requests_Utility_CaseInsensitiveDictionary Object
                        (
                            [data:protected] => Array
                                (
                                    [date] => Mon, 14 Feb 2022 16:41:47 GMT
                                    [content-type] => application/json; charset=utf-8
                                    [content-length] => 2
                                    [x-powered-by] => Express
                                    [etag] => W/"2-vyGp6PvFo4RvsFtPoIWeCReyIC8"
                                    [via] => 1.1 google
                                )

                        )

                    [Body] => Webhook body is not logged unless WP_DEBUG mode is turned on. This is to avoid the storing of personal data in the logs.
                )

        )

)

2022-02-14T16:41:47+00:00 INFO Array
(
    [Webhook Delivery] => Array
        (
            [Delivery ID] => 5147e72367d3cb02106725de394e89f1
            [Date] => 14.2.2022 @ 16:41
            [URL] => https://prismatic-canto-249208.ew.r.appspot.com/products/kirjapino
            [Duration] => 0.05425
            [Request] => Array
                (
                    [Method] => POST
                    [Headers] => Array
                        (
                            [User-Agent] => WooCommerce/6.1.1 Hookshot (WordPress/5.7.2)
                            [Content-Type] => application/json
                            [X-WC-Webhook-Source] => https://oranssiplaneetta.fi/
                            [X-WC-Webhook-Topic] => product.updated
                            [X-WC-Webhook-Resource] => product
                            [X-WC-Webhook-Event] => updated
                            [X-WC-Webhook-Signature] => er0PGFJfz0dnC3euNGcUGx3tF2E3VKMYvbV57WNUTj0=
                            [X-WC-Webhook-ID] => 4
                            [X-WC-Webhook-Delivery-ID] => 5147e72367d3cb02106725de394e89f1
                        )

                )

            [Body] => Webhook body is not logged unless WP_DEBUG mode is turned on. This is to avoid the storing of personal data in the logs.
            [Response] => Array
                (
                    [Code] => 200
                    [Message] => OK
                    [Headers] => Requests_Utility_CaseInsensitiveDictionary Object
                        (
                            [data:protected] => Array
                                (
                                    [date] => Mon, 14 Feb 2022 16:41:47 GMT
                                    [content-type] => application/json; charset=utf-8
                                    [content-length] => 2
                                    [x-powered-by] => Express
                                    [etag] => W/"2-vyGp6PvFo4RvsFtPoIWeCReyIC8"
                                    [via] => 1.1 google
                                )

                        )

                    [Body] => Webhook body is not logged unless WP_DEBUG mode is turned on. This is to avoid the storing of personal data in the logs.
                )

        )

)

2022-02-14T17:01:47+00:00 INFO Array
(
    [Webhook Delivery] => Array
        (
            [Delivery ID] => f047b2f8c09d944ce657d4a2a23e7d0b
            [Date] => 14.2.2022 @ 17:01
            [URL] => https://antikka.appspot.com/products/kirjapino
            [Duration] => 0.38509
            [Request] => Array
                (
                    [Method] => POST
                    [Headers] => Array
                        (
                            [User-Agent] => WooCommerce/6.1.1 Hookshot (WordPress/5.7.2)
                            [Content-Type] => application/json
                            [X-WC-Webhook-Source] => https://oranssiplaneetta.fi/
                            [X-WC-Webhook-Topic] => product.updated
                            [X-WC-Webhook-Resource] => product
                            [X-WC-Webhook-Event] => updated
                            [X-WC-Webhook-Signature] => DrtFkLMZMET4gatNmDcbmCM00ApPCHb2ajt4Q2td8rI=
                            [X-WC-Webhook-ID] => 5
                            [X-WC-Webhook-Delivery-ID] => f047b2f8c09d944ce657d4a2a23e7d0b
                        )

                )

            [Body] => Webhook body is not logged unless WP_DEBUG mode is turned on. This is to avoid the storing of personal data in the logs.
            [Response] => Array
                (
                    [Code] => 200
                    [Message] => OK
                    [Headers] => Requests_Utility_CaseInsensitiveDictionary Object
                        (
                            [data:protected] => Array
                                (
                                    [date] => Mon, 14 Feb 2022 17:01:47 GMT
                                    [content-type] => application/json; charset=utf-8
                                    [content-length] => 2
                                    [x-powered-by] => Express
                                    [etag] => W/"2-vyGp6PvFo4RvsFtPoIWeCReyIC8"
                                    [via] => 1.1 google
                                )

                        )

                    [Body] => Webhook body is not logged unless WP_DEBUG mode is turned on. This is to avoid the storing of personal data in the logs.
                )

        )

)

2022-02-14T17:01:47+00:00 INFO Array
(
    [Webhook Delivery] => Array
        (
            [Delivery ID] => a8fbf1588ca06334dbc3320f6e50f444
            [Date] => 14.2.2022 @ 17:01
            [URL] => https://prismatic-canto-249208.ew.r.appspot.com/products/kirjapino
            [Duration] => 0.06419
            [Request] => Array
                (
                    [Method] => POST
                    [Headers] => Array
                        (
                            [User-Agent] => WooCommerce/6.1.1 Hookshot (WordPress/5.7.2)
                            [Content-Type] => application/json
                            [X-WC-Webhook-Source] => https://oranssiplaneetta.fi/
                            [X-WC-Webhook-Topic] => product.updated
                            [X-WC-Webhook-Resource] => product
                            [X-WC-Webhook-Event] => updated
                            [X-WC-Webhook-Signature] => jPpCipiJ//jk7aZHPgZ5XH+LXsz4E7URjJEplIWAIRA=
                            [X-WC-Webhook-ID] => 4
                            [X-WC-Webhook-Delivery-ID] => a8fbf1588ca06334dbc3320f6e50f444
                        )

                )

            [Body] => Webhook body is not logged unless WP_DEBUG mode is turned on. This is to avoid the storing of personal data in the logs.
            [Response] => Array
                (
                    [Code] => 200
                    [Message] => OK
                    [Headers] => Requests_Utility_CaseInsensitiveDictionary Object
                        (
                            [data:protected] => Array
                                (
                                    [date] => Mon, 14 Feb 2022 17:01:47 GMT
                                    [content-type] => application/json; charset=utf-8
                                    [content-length] => 2
                                    [x-powered-by] => Express
                                    [etag] => W/"2-vyGp6PvFo4RvsFtPoIWeCReyIC8"
                                    [via] => 1.1 google
                                )

                        )

                    [Body] => Webhook body is not logged unless WP_DEBUG mode is turned on. This is to avoid the storing of personal data in the logs.
                )

        )

)

2022-02-14T17:18:02+00:00 INFO Array
(
    [Webhook Delivery] => Array
        (
            [Delivery ID] => 8b495269c6bbc617da1ba19b876686aa
            [Date] => 14.2.2022 @ 17:18
            [URL] => https://antikka.appspot.com/products/kirjapino
            [Duration] => 0.37752
            [Request] => Array
                (
                    [Method] => POST
                    [Headers] => Array
                        (
                            [User-Agent] => WooCommerce/6.1.1 Hookshot (WordPress/5.7.2)
                            [Content-Type] => application/json
                            [X-WC-Webhook-Source] => https://oranssiplaneetta.fi/
                            [X-WC-Webhook-Topic] => product.updated
                            [X-WC-Webhook-Resource] => product
                            [X-WC-Webhook-Event] => updated
                            [X-WC-Webhook-Signature] => N89bSIurnXg/GUXe2QlG2p94uquFQc+qXAJZitZp0Hw=
                            [X-WC-Webhook-ID] => 5
                            [X-WC-Webhook-Delivery-ID] => 8b495269c6bbc617da1ba19b876686aa
                        )

                )

            [Body] => Webhook body is not logged unless WP_DEBUG mode is turned on. This is to avoid the storing of personal data in the logs.
            [Response] => Array
                (
                    [Code] => 200
                    [Message] => OK
                    [Headers] => Requests_Utility_CaseInsensitiveDictionary Object
                        (
                            [data:protected] => Array
                                (
                                    [date] => Mon, 14 Feb 2022 17:18:02 GMT
                                    [content-type] => application/json; charset=utf-8
                                    [content-length] => 2
                                    [x-powered-by] => Express
                                    [etag] => W/"2-vyGp6PvFo4RvsFtPoIWeCReyIC8"
                                    [via] => 1.1 google
                                )

                        )

                    [Body] => Webhook body is not logged unless WP_DEBUG mode is turned on. This is to avoid the storing of personal data in the logs.
                )

        )

)

2022-02-14T17:18:02+00:00 INFO Array
(
    [Webhook Delivery] => Array
        (
            [Delivery ID] => e254b04e48fffd21917b434f3e7aa224
            [Date] => 14.2.2022 @ 17:18
            [URL] => https://prismatic-canto-249208.ew.r.appspot.com/products/kirjapino
            [Duration] => 0.06166
            [Request] => Array
                (
                    [Method] => POST
                    [Headers] => Array
                        (
                            [User-Agent] => WooCommerce/6.1.1 Hookshot (WordPress/5.7.2)
                            [Content-Type] => application/json
                            [X-WC-Webhook-Source] => https://oranssiplaneetta.fi/
                            [X-WC-Webhook-Topic] => product.updated
                            [X-WC-Webhook-Resource] => product
                            [X-WC-Webhook-Event] => updated
                            [X-WC-Webhook-Signature] => vTiU1ScWhP0MLCODXvc6ja6MtCWL+0DmADulg6wCRw4=
                            [X-WC-Webhook-ID] => 4
                            [X-WC-Webhook-Delivery-ID] => e254b04e48fffd21917b434f3e7aa224
                        )

                )

            [Body] => Webhook body is not logged unless WP_DEBUG mode is turned on. This is to avoid the storing of personal data in the logs.
            [Response] => Array
                (
                    [Code] => 200
                    [Message] => OK
                    [Headers] => Requests_Utility_CaseInsensitiveDictionary Object
                        (
                            [data:protected] => Array
                                (
                                    [date] => Mon, 14 Feb 2022 17:18:02 GMT
                                    [content-type] => application/json; charset=utf-8
                                    [content-length] => 2
                                    [x-powered-by] => Express
                                    [etag] => W/"2-vyGp6PvFo4RvsFtPoIWeCReyIC8"
                                    [via] => 1.1 google
                                )

                        )

                    [Body] => Webhook body is not logged unless WP_DEBUG mode is turned on. This is to avoid the storing of personal data in the logs.
                )

        )

)

2022-02-14T18:01:49+00:00 INFO Array
(
    [Webhook Delivery] => Array
        (
            [Delivery ID] => a0405c665f36ea180f257a5433b3eccd
            [Date] => 14.2.2022 @ 18:01
            [URL] => https://antikka.appspot.com/products/kirjapino
            [Duration] => 0.61476
            [Request] => Array
                (
                    [Method] => POST
                    [Headers] => Array
                        (
                            [User-Agent] => WooCommerce/6.1.1 Hookshot (WordPress/5.7.2)
                            [Content-Type] => application/json
                            [X-WC-Webhook-Source] => https://oranssiplaneetta.fi/
                            [X-WC-Webhook-Topic] => product.updated
                            [X-WC-Webhook-Resource] => product
                            [X-WC-Webhook-Event] => updated
                            [X-WC-Webhook-Signature] => ehlw2eOAucwqfVEv3oNeCE7bM35PTcb3Wtd9DyHsdJo=
                            [X-WC-Webhook-ID] => 5
                            [X-WC-Webhook-Delivery-ID] => a0405c665f36ea180f257a5433b3eccd
                        )

                )

            [Body] => Webhook body is not logged unless WP_DEBUG mode is turned on. This is to avoid the storing of personal data in the logs.
            [Response] => Array
                (
                    [Code] => 200
                    [Message] => OK
                    [Headers] => Requests_Utility_CaseInsensitiveDictionary Object
                        (
                            [data:protected] => Array
                                (
                                    [date] => Mon, 14 Feb 2022 18:01:49 GMT
                                    [content-type] => application/json; charset=utf-8
                                    [content-length] => 2
                                    [x-powered-by] => Express
                                    [etag] => W/"2-vyGp6PvFo4RvsFtPoIWeCReyIC8"
                                    [via] => 1.1 google
                                )

                        )

                    [Body] => Webhook body is not logged unless WP_DEBUG mode is turned on. This is to avoid the storing of personal data in the logs.
                )

        )

)

2022-02-14T18:01:49+00:00 INFO Array
(
    [Webhook Delivery] => Array
        (
            [Delivery ID] => d6a9e9877141b5019fd726d6fc7a792b
            [Date] => 14.2.2022 @ 18:01
            [URL] => https://prismatic-canto-249208.ew.r.appspot.com/products/kirjapino
            [Duration] => 0.08788
            [Request] => Array
                (
                    [Method] => POST
                    [Headers] => Array
                        (
                            [User-Agent] => WooCommerce/6.1.1 Hookshot (WordPress/5.7.2)
                            [Content-Type] => application/json
                            [X-WC-Webhook-Source] => https://oranssiplaneetta.fi/
                            [X-WC-Webhook-Topic] => product.updated
                            [X-WC-Webhook-Resource] => product
                            [X-WC-Webhook-Event] => updated
                            [X-WC-Webhook-Signature] => ihF5nK2lIJv6Jo+fcj63ySMEzvZLhPk8o9cgtS02H9s=
                            [X-WC-Webhook-ID] => 4
                            [X-WC-Webhook-Delivery-ID] => d6a9e9877141b5019fd726d6fc7a792b
                        )

                )

            [Body] => Webhook body is not logged unless WP_DEBUG mode is turned on. This is to avoid the storing of personal data in the logs.
            [Response] => Array
                (
                    [Code] => 200
                    [Message] => OK
                    [Headers] => Requests_Utility_CaseInsensitiveDictionary Object
                        (
                            [data:protected] => Array
                                (
                                    [date] => Mon, 14 Feb 2022 18:01:49 GMT
                                    [content-type] => application/json; charset=utf-8
                                    [content-length] => 2
                                    [x-powered-by] => Express
                                    [etag] => W/"2-vyGp6PvFo4RvsFtPoIWeCReyIC8"
                                    [via] => 1.1 google
                                )

                        )

                    [Body] => Webhook body is not logged unless WP_DEBUG mode is turned on. This is to avoid the storing of personal data in the logs.
                )

        )

)

2022-02-14T18:01:49+00:00 INFO Array
(
    [Webhook Delivery] => Array
        (
            [Delivery ID] => 3dbc33a25ba800af156abc0f934fa894
            [Date] => 14.2.2022 @ 18:01
            [URL] => https://antikka.appspot.com/products/kirjapino
            [Duration] => 0.17834
            [Request] => Array
                (
                    [Method] => POST
                    [Headers] => Array
                        (
                            [User-Agent] => WooCommerce/6.1.1 Hookshot (WordPress/5.7.2)
                            [Content-Type] => application/json
                            [X-WC-Webhook-Source] => https://oranssiplaneetta.fi/
                            [X-WC-Webhook-Topic] => product.updated
                            [X-WC-Webhook-Resource] => product
                            [X-WC-Webhook-Event] => updated
                            [X-WC-Webhook-Signature] => mqa95WHq3tVjGgnfYAmfXWhpetfOsOsD7ZZimA6jXOk=
                            [X-WC-Webhook-ID] => 5
                            [X-WC-Webhook-Delivery-ID] => 3dbc33a25ba800af156abc0f934fa894
                        )

                )

            [Body] => Webhook body is not logged unless WP_DEBUG mode is turned on. This is to avoid the storing of personal data in the logs.
            [Response] => Array
                (
                    [Code] => 200
                    [Message] => OK
                    [Headers] => Requests_Utility_CaseInsensitiveDictionary Object
                        (
                            [data:protected] => Array
                                (
                                    [date] => Mon, 14 Feb 2022 18:01:49 GMT
                                    [content-type] => application/json; charset=utf-8
                                    [content-length] => 2
                                    [x-powered-by] => Express
                                    [etag] => W/"2-vyGp6PvFo4RvsFtPoIWeCReyIC8"
                                    [via] => 1.1 google
                                )

                        )

                    [Body] => Webhook body is not logged unless WP_DEBUG mode is turned on. This is to avoid the storing of personal data in the logs.
                )

        )

)

2022-02-14T18:01:49+00:00 INFO Array
(
    [Webhook Delivery] => Array
        (
            [Delivery ID] => d6a9e9877141b5019fd726d6fc7a792b
            [Date] => 14.2.2022 @ 18:01
            [URL] => https://prismatic-canto-249208.ew.r.appspot.com/products/kirjapino
            [Duration] => 0.04327
            [Request] => Array
                (
                    [Method] => POST
                    [Headers] => Array
                        (
                            [User-Agent] => WooCommerce/6.1.1 Hookshot (WordPress/5.7.2)
                            [Content-Type] => application/json
                            [X-WC-Webhook-Source] => https://oranssiplaneetta.fi/
                            [X-WC-Webhook-Topic] => product.updated
                            [X-WC-Webhook-Resource] => product
                            [X-WC-Webhook-Event] => updated
                            [X-WC-Webhook-Signature] => iN+I8DMDWCT9OAlbGukqQp1jeECeymsi366lLa7uR9c=
                            [X-WC-Webhook-ID] => 4
                            [X-WC-Webhook-Delivery-ID] => d6a9e9877141b5019fd726d6fc7a792b
                        )

                )

            [Body] => Webhook body is not logged unless WP_DEBUG mode is turned on. This is to avoid the storing of personal data in the logs.
            [Response] => Array
                (
                    [Code] => 200
                    [Message] => OK
                    [Headers] => Requests_Utility_CaseInsensitiveDictionary Object
                        (
                            [data:protected] => Array
                                (
                                    [date] => Mon, 14 Feb 2022 18:01:49 GMT
                                    [content-type] => application/json; charset=utf-8
                                    [content-length] => 2
                                    [x-powered-by] => Express
                                    [etag] => W/"2-vyGp6PvFo4RvsFtPoIWeCReyIC8"
                                    [via] => 1.1 google
                                )

                        )

                    [Body] => Webhook body is not logged unless WP_DEBUG mode is turned on. This is to avoid the storing of personal data in the logs.
                )

        )

)

2022-02-14T20:17:47+00:00 INFO Array
(
    [Webhook Delivery] => Array
        (
            [Delivery ID] => 1f1344bb96231a5ef2b55770dc9eb76b
            [Date] => 14.2.2022 @ 20:17
            [URL] => https://antikka.appspot.com/orders/kirjapino
            [Duration] => 0.41196
            [Request] => Array
                (
                    [Method] => POST
                    [Headers] => Array
                        (
                            [User-Agent] => WooCommerce/6.1.1 Hookshot (WordPress/5.7.5)
                            [Content-Type] => application/json
                            [X-WC-Webhook-Source] => https://oranssiplaneetta.fi/
                            [X-WC-Webhook-Topic] => order.created
                            [X-WC-Webhook-Resource] => order
                            [X-WC-Webhook-Event] => created
                            [X-WC-Webhook-Signature] => mKz74+HJ2wHESlVlrUyvsiydjVP/5Vd7GChx9GzZzSk=
                            [X-WC-Webhook-ID] => 6
                            [X-WC-Webhook-Delivery-ID] => 1f1344bb96231a5ef2b55770dc9eb76b
                        )

                )

            [Body] => Webhook body is not logged unless WP_DEBUG mode is turned on. This is to avoid the storing of personal data in the logs.
            [Response] => Array
                (
                    [Code] => 200
                    [Message] => OK
                    [Headers] => Requests_Utility_CaseInsensitiveDictionary Object
                        (
                            [data:protected] => Array
                                (
                                    [date] => Mon, 14 Feb 2022 20:17:47 GMT
                                    [content-type] => application/json; charset=utf-8
                                    [vary] => Accept-Encoding
                                    [x-powered-by] => Express
                                    [etag] => W/"40-VZSPwu5AfFwqmfMliIv4FvaAOQc"
                                    [content-encoding] => gzip
                                    [via] => 1.1 google
                                )

                        )

                    [Body] => Webhook body is not logged unless WP_DEBUG mode is turned on. This is to avoid the storing of personal data in the logs.
                )

        )

)

2022-02-14T20:17:52+00:00 INFO Array
(
    [Webhook Delivery] => Array
        (
            [Delivery ID] => d9026e7aed29ba95655c375995752fca
            [Date] => 14.2.2022 @ 20:17
            [URL] => https://prismatic-canto-249208.ew.r.appspot.com/orders/kirjapino
            [Duration] => 0.06692
            [Request] => Array
                (
                    [Method] => POST
                    [Headers] => Array
                        (
                            [User-Agent] => WooCommerce/6.1.1 Hookshot (WordPress/5.7.5)
                            [Content-Type] => application/json
                            [X-WC-Webhook-Source] => https://oranssiplaneetta.fi/
                            [X-WC-Webhook-Topic] => order.created
                            [X-WC-Webhook-Resource] => order
                            [X-WC-Webhook-Event] => created
                            [X-WC-Webhook-Signature] => rQOFVc+15TrVnPEGWR0/nD5kLKWhB7kTYqIZ2qOOfCw=
                            [X-WC-Webhook-ID] => 1
                            [X-WC-Webhook-Delivery-ID] => d9026e7aed29ba95655c375995752fca
                        )

                )

            [Body] => Webhook body is not logged unless WP_DEBUG mode is turned on. This is to avoid the storing of personal data in the logs.
            [Response] => Array
                (
                    [Code] => 200
                    [Message] => OK
                    [Headers] => Requests_Utility_CaseInsensitiveDictionary Object
                        (
                            [data:protected] => Array
                                (
                                    [date] => Mon, 14 Feb 2022 20:17:52 GMT
                                    [content-type] => application/json; charset=utf-8
                                    [vary] => Accept-Encoding
                                    [x-powered-by] => Express
                                    [etag] => W/"40-VZSPwu5AfFwqmfMliIv4FvaAOQc"
                                    [content-encoding] => gzip
                                    [via] => 1.1 google
                                )

                        )

                    [Body] => Webhook body is not logged unless WP_DEBUG mode is turned on. This is to avoid the storing of personal data in the logs.
                )

        )

)

2022-02-14T20:17:52+00:00 INFO Array
(
    [Webhook Delivery] => Array
        (
            [Delivery ID] => e5b0a680e170bcb25dd802535fd0ebec
            [Date] => 14.2.2022 @ 20:17
            [URL] => https://prismatic-canto-249208.ew.r.appspot.com/orders/kirjapino
            [Duration] => 0.04647
            [Request] => Array
                (
                    [Method] => POST
                    [Headers] => Array
                        (
                            [User-Agent] => WooCommerce/6.1.1 Hookshot (WordPress/5.7.5)
                            [Content-Type] => application/json
                            [X-WC-Webhook-Source] => https://oranssiplaneetta.fi/
                            [X-WC-Webhook-Topic] => order.updated
                            [X-WC-Webhook-Resource] => order
                            [X-WC-Webhook-Event] => updated
                            [X-WC-Webhook-Signature] => 6TzgYSC+JFRYegTgVVGxuP6old578374vtw2jds5rBE=
                            [X-WC-Webhook-ID] => 3
                            [X-WC-Webhook-Delivery-ID] => e5b0a680e170bcb25dd802535fd0ebec
                        )

                )

            [Body] => Webhook body is not logged unless WP_DEBUG mode is turned on. This is to avoid the storing of personal data in the logs.
            [Response] => Array
                (
                    [Code] => 200
                    [Message] => OK
                    [Headers] => Requests_Utility_CaseInsensitiveDictionary Object
                        (
                            [data:protected] => Array
                                (
                                    [date] => Mon, 14 Feb 2022 20:17:52 GMT
                                    [content-type] => application/json; charset=utf-8
                                    [vary] => Accept-Encoding
                                    [x-powered-by] => Express
                                    [etag] => W/"42-Ww2CZGq/3CrZVymPaDZrYHnyhQc"
                                    [content-encoding] => gzip
                                    [via] => 1.1 google
                                )

                        )

                    [Body] => Webhook body is not logged unless WP_DEBUG mode is turned on. This is to avoid the storing of personal data in the logs.
                )

        )

)

2022-02-14T20:23:36+00:00 INFO Array
(
    [Webhook Delivery] => Array
        (
            [Delivery ID] => e055b013ec2fb34b5bb67dfd91664129
            [Date] => 14.2.2022 @ 20:23
            [URL] => https://prismatic-canto-249208.ew.r.appspot.com/orders/kirjapino
            [Duration] => 0.28998
            [Request] => Array
                (
                    [Method] => POST
                    [Headers] => Array
                        (
                            [User-Agent] => WooCommerce/6.1.1 Hookshot (WordPress/5.7.5)
                            [Content-Type] => application/json
                            [X-WC-Webhook-Source] => https://oranssiplaneetta.fi/
                            [X-WC-Webhook-Topic] => order.updated
                            [X-WC-Webhook-Resource] => order
                            [X-WC-Webhook-Event] => updated
                            [X-WC-Webhook-Signature] => Gfup5eMHNWzRTrF8fln7xnVdTaLsEMklScrZzzrMhHo=
                            [X-WC-Webhook-ID] => 3
                            [X-WC-Webhook-Delivery-ID] => e055b013ec2fb34b5bb67dfd91664129
                        )

                )

            [Body] => Webhook body is not logged unless WP_DEBUG mode is turned on. This is to avoid the storing of personal data in the logs.
            [Response] => Array
                (
                    [Code] => 200
                    [Message] => OK
                    [Headers] => Requests_Utility_CaseInsensitiveDictionary Object
                        (
                            [data:protected] => Array
                                (
                                    [date] => Mon, 14 Feb 2022 20:23:36 GMT
                                    [content-type] => application/json; charset=utf-8
                                    [vary] => Accept-Encoding
                                    [x-powered-by] => Express
                                    [etag] => W/"3f-Xyb1TRmsIO8vRyAn14yd9zhKfsM"
                                    [content-encoding] => gzip
                                    [via] => 1.1 google
                                )

                        )

                    [Body] => Webhook body is not logged unless WP_DEBUG mode is turned on. This is to avoid the storing of personal data in the logs.
                )

        )

)

2022-02-14T20:23:36+00:00 INFO Array
(
    [Webhook Delivery] => Array
        (
            [Delivery ID] => e055b013ec2fb34b5bb67dfd91664129
            [Date] => 14.2.2022 @ 20:23
            [URL] => https://prismatic-canto-249208.ew.r.appspot.com/orders/kirjapino
            [Duration] => 0.04872
            [Request] => Array
                (
                    [Method] => POST
                    [Headers] => Array
                        (
                            [User-Agent] => WooCommerce/6.1.1 Hookshot (WordPress/5.7.5)
                            [Content-Type] => application/json
                            [X-WC-Webhook-Source] => https://oranssiplaneetta.fi/
                            [X-WC-Webhook-Topic] => order.updated
                            [X-WC-Webhook-Resource] => order
                            [X-WC-Webhook-Event] => updated
                            [X-WC-Webhook-Signature] => k86F65k7uOQuboxYQfihpxjZHl2eJjPzM9RDbPMKOzI=
                            [X-WC-Webhook-ID] => 3
                            [X-WC-Webhook-Delivery-ID] => e055b013ec2fb34b5bb67dfd91664129
                        )

                )

            [Body] => Webhook body is not logged unless WP_DEBUG mode is turned on. This is to avoid the storing of personal data in the logs.
            [Response] => Array
                (
                    [Code] => 200
                    [Message] => OK
                    [Headers] => Requests_Utility_CaseInsensitiveDictionary Object
                        (
                            [data:protected] => Array
                                (
                                    [date] => Mon, 14 Feb 2022 20:23:36 GMT
                                    [content-type] => application/json; charset=utf-8
                                    [vary] => Accept-Encoding
                                    [x-powered-by] => Express
                                    [etag] => W/"42-CxsQQd3NQ23gSyyy+mR3hWHXEXk"
                                    [content-encoding] => gzip
                                    [via] => 1.1 google
                                )

                        )

                    [Body] => Webhook body is not logged unless WP_DEBUG mode is turned on. This is to avoid the storing of personal data in the logs.
                )

        )

)

2022-02-14T20:25:57+00:00 INFO Array
(
    [Webhook Delivery] => Array
        (
            [Delivery ID] => 37f3a366492bfae231a641e2a68dd669
            [Date] => 14.2.2022 @ 20:25
            [URL] => https://prismatic-canto-249208.ew.r.appspot.com/orders/kirjapino
            [Duration] => 1.66061
            [Request] => Array
                (
                    [Method] => POST
                    [Headers] => Array
                        (
                            [User-Agent] => WooCommerce/6.1.1 Hookshot (WordPress/5.7.5)
                            [Content-Type] => application/json
                            [X-WC-Webhook-Source] => https://oranssiplaneetta.fi/
                            [X-WC-Webhook-Topic] => order.updated
                            [X-WC-Webhook-Resource] => order
                            [X-WC-Webhook-Event] => updated
                            [X-WC-Webhook-Signature] => VgHFNOuAt5aBJJFGen52EjTVwJWZW4MA3rDjN8hgilY=
                            [X-WC-Webhook-ID] => 3
                            [X-WC-Webhook-Delivery-ID] => 37f3a366492bfae231a641e2a68dd669
                        )

                )

            [Body] => Webhook body is not logged unless WP_DEBUG mode is turned on. This is to avoid the storing of personal data in the logs.
            [Response] => Array
                (
                    [Code] => 200
                    [Message] => OK
                    [Headers] => Requests_Utility_CaseInsensitiveDictionary Object
                        (
                            [data:protected] => Array
                                (
                                    [date] => Mon, 14 Feb 2022 20:25:57 GMT
                                    [content-type] => application/json; charset=utf-8
                                    [vary] => Accept-Encoding
                                    [x-powered-by] => Express
                                    [etag] => W/"43-pWpddAsYnVF0In3I5VsSlr/5ECw"
                                    [content-encoding] => gzip
                                    [via] => 1.1 google
                                )

                        )

                    [Body] => Webhook body is not logged unless WP_DEBUG mode is turned on. This is to avoid the storing of personal data in the logs.
                )

        )

)

2022-02-14T20:25:57+00:00 INFO Array
(
    [Webhook Delivery] => Array
        (
            [Delivery ID] => e9e0011449a36fba6f46e61bbde59595
            [Date] => 14.2.2022 @ 20:25
            [URL] => https://antikka.appspot.com/products/kirjapino
            [Duration] => 0.17387
            [Request] => Array
                (
                    [Method] => POST
                    [Headers] => Array
                        (
                            [User-Agent] => WooCommerce/6.1.1 Hookshot (WordPress/5.7.5)
                            [Content-Type] => application/json
                            [X-WC-Webhook-Source] => https://oranssiplaneetta.fi/
                            [X-WC-Webhook-Topic] => product.updated
                            [X-WC-Webhook-Resource] => product
                            [X-WC-Webhook-Event] => updated
                            [X-WC-Webhook-Signature] => gv/rF0DnWqYd9JN1CpycgNVvrcrum2fCkLWs8Cs8N6o=
                            [X-WC-Webhook-ID] => 5
                            [X-WC-Webhook-Delivery-ID] => e9e0011449a36fba6f46e61bbde59595
                        )

                )

            [Body] => Webhook body is not logged unless WP_DEBUG mode is turned on. This is to avoid the storing of personal data in the logs.
            [Response] => Array
                (
                    [Code] => 200
                    [Message] => OK
                    [Headers] => Requests_Utility_CaseInsensitiveDictionary Object
                        (
                            [data:protected] => Array
                                (
                                    [date] => Mon, 14 Feb 2022 20:25:57 GMT
                                    [content-type] => application/json; charset=utf-8
                                    [content-length] => 2
                                    [x-powered-by] => Express
                                    [etag] => W/"2-vyGp6PvFo4RvsFtPoIWeCReyIC8"
                                    [via] => 1.1 google
                                )

                        )

                    [Body] => Webhook body is not logged unless WP_DEBUG mode is turned on. This is to avoid the storing of personal data in the logs.
                )

        )

)

2022-02-14T20:25:58+00:00 INFO Array
(
    [Webhook Delivery] => Array
        (
            [Delivery ID] => 6491699e99e45c7c30ea28bcfedb89c5
            [Date] => 14.2.2022 @ 20:25
            [URL] => https://prismatic-canto-249208.ew.r.appspot.com/products/kirjapino
            [Duration] => 0.05581
            [Request] => Array
                (
                    [Method] => POST
                    [Headers] => Array
                        (
                            [User-Agent] => WooCommerce/6.1.1 Hookshot (WordPress/5.7.5)
                            [Content-Type] => application/json
                            [X-WC-Webhook-Source] => https://oranssiplaneetta.fi/
                            [X-WC-Webhook-Topic] => product.updated
                            [X-WC-Webhook-Resource] => product
                            [X-WC-Webhook-Event] => updated
                            [X-WC-Webhook-Signature] => f1OkbFMebOMcpkx1+gm7kzWigcYqSJD+rHWNLOXNaBU=
                            [X-WC-Webhook-ID] => 4
                            [X-WC-Webhook-Delivery-ID] => 6491699e99e45c7c30ea28bcfedb89c5
                        )

                )

            [Body] => Webhook body is not logged unless WP_DEBUG mode is turned on. This is to avoid the storing of personal data in the logs.
            [Response] => Array
                (
                    [Code] => 200
                    [Message] => OK
                    [Headers] => Requests_Utility_CaseInsensitiveDictionary Object
                        (
                            [data:protected] => Array
                                (
                                    [date] => Mon, 14 Feb 2022 20:25:58 GMT
                                    [content-type] => application/json; charset=utf-8
                                    [content-length] => 2
                                    [x-powered-by] => Express
                                    [etag] => W/"2-vyGp6PvFo4RvsFtPoIWeCReyIC8"
                                    [via] => 1.1 google
                                )

                        )

                    [Body] => Webhook body is not logged unless WP_DEBUG mode is turned on. This is to avoid the storing of personal data in the logs.
                )

        )

)

