2022-02-21T04:21:50+00:00 INFO Array
(
    [Webhook Delivery] => Array
        (
            [Delivery ID] => 99d818ec0455e5f9b451df6253c215e0
            [Date] => 21.2.2022 @ 04:21
            [URL] => https://antikka.appspot.com/products/kirjapino
            [Duration] => 0.41867
            [Request] => Array
                (
                    [Method] => POST
                    [Headers] => Array
                        (
                            [User-Agent] => WooCommerce/6.1.1 Hookshot (WordPress/5.7.2)
                            [Content-Type] => application/json
                            [X-WC-Webhook-Source] => https://oranssiplaneetta.fi/
                            [X-WC-Webhook-Topic] => product.updated
                            [X-WC-Webhook-Resource] => product
                            [X-WC-Webhook-Event] => updated
                            [X-WC-Webhook-Signature] => BnFGrAJYsBVkJBzDfZIaRucve2yAA9TDa/tZ1kt5PcE=
                            [X-WC-Webhook-ID] => 5
                            [X-WC-Webhook-Delivery-ID] => 99d818ec0455e5f9b451df6253c215e0
                        )

                )

            [Body] => Webhook body is not logged unless WP_DEBUG mode is turned on. This is to avoid the storing of personal data in the logs.
            [Response] => Array
                (
                    [Code] => 200
                    [Message] => OK
                    [Headers] => Requests_Utility_CaseInsensitiveDictionary Object
                        (
                            [data:protected] => Array
                                (
                                    [date] => Mon, 21 Feb 2022 04:21:49 GMT
                                    [content-type] => application/json; charset=utf-8
                                    [content-length] => 2
                                    [x-powered-by] => Express
                                    [etag] => W/"2-vyGp6PvFo4RvsFtPoIWeCReyIC8"
                                    [via] => 1.1 google
                                )

                        )

                    [Body] => Webhook body is not logged unless WP_DEBUG mode is turned on. This is to avoid the storing of personal data in the logs.
                )

        )

)

2022-02-21T04:21:50+00:00 INFO Array
(
    [Webhook Delivery] => Array
        (
            [Delivery ID] => 87075bfcf03d6273ef9a23b6cf373779
            [Date] => 21.2.2022 @ 04:21
            [URL] => https://prismatic-canto-249208.ew.r.appspot.com/products/kirjapino
            [Duration] => 0.08816
            [Request] => Array
                (
                    [Method] => POST
                    [Headers] => Array
                        (
                            [User-Agent] => WooCommerce/6.1.1 Hookshot (WordPress/5.7.2)
                            [Content-Type] => application/json
                            [X-WC-Webhook-Source] => https://oranssiplaneetta.fi/
                            [X-WC-Webhook-Topic] => product.updated
                            [X-WC-Webhook-Resource] => product
                            [X-WC-Webhook-Event] => updated
                            [X-WC-Webhook-Signature] => xcoeod5H5471fVf0PZcF/Yz/NoM0bl/7Sziy4WuvsCg=
                            [X-WC-Webhook-ID] => 4
                            [X-WC-Webhook-Delivery-ID] => 87075bfcf03d6273ef9a23b6cf373779
                        )

                )

            [Body] => Webhook body is not logged unless WP_DEBUG mode is turned on. This is to avoid the storing of personal data in the logs.
            [Response] => Array
                (
                    [Code] => 200
                    [Message] => OK
                    [Headers] => Requests_Utility_CaseInsensitiveDictionary Object
                        (
                            [data:protected] => Array
                                (
                                    [date] => Mon, 21 Feb 2022 04:21:50 GMT
                                    [content-type] => application/json; charset=utf-8
                                    [content-length] => 2
                                    [x-powered-by] => Express
                                    [etag] => W/"2-vyGp6PvFo4RvsFtPoIWeCReyIC8"
                                    [via] => 1.1 google
                                )

                        )

                    [Body] => Webhook body is not logged unless WP_DEBUG mode is turned on. This is to avoid the storing of personal data in the logs.
                )

        )

)

2022-02-21T08:07:49+00:00 INFO Array
(
    [Webhook Delivery] => Array
        (
            [Delivery ID] => 0ad5aaf7bc1ee97cfbbb87f6d1ddbd3b
            [Date] => 21.2.2022 @ 08:07
            [URL] => https://antikka.appspot.com/products/kirjapino
            [Duration] => 0.38375
            [Request] => Array
                (
                    [Method] => POST
                    [Headers] => Array
                        (
                            [User-Agent] => WooCommerce/6.1.1 Hookshot (WordPress/5.7.5)
                            [Content-Type] => application/json
                            [X-WC-Webhook-Source] => https://oranssiplaneetta.fi/
                            [X-WC-Webhook-Topic] => product.updated
                            [X-WC-Webhook-Resource] => product
                            [X-WC-Webhook-Event] => updated
                            [X-WC-Webhook-Signature] => /KDXSxY+d/MGwmLNsdamwdsMlfX1xFJZf60i1MCSGMY=
                            [X-WC-Webhook-ID] => 5
                            [X-WC-Webhook-Delivery-ID] => 0ad5aaf7bc1ee97cfbbb87f6d1ddbd3b
                        )

                )

            [Body] => Webhook body is not logged unless WP_DEBUG mode is turned on. This is to avoid the storing of personal data in the logs.
            [Response] => Array
                (
                    [Code] => 200
                    [Message] => OK
                    [Headers] => Requests_Utility_CaseInsensitiveDictionary Object
                        (
                            [data:protected] => Array
                                (
                                    [date] => Mon, 21 Feb 2022 08:07:49 GMT
                                    [content-type] => application/json; charset=utf-8
                                    [content-length] => 2
                                    [x-powered-by] => Express
                                    [etag] => W/"2-vyGp6PvFo4RvsFtPoIWeCReyIC8"
                                    [via] => 1.1 google
                                )

                        )

                    [Body] => Webhook body is not logged unless WP_DEBUG mode is turned on. This is to avoid the storing of personal data in the logs.
                )

        )

)

2022-02-21T08:07:49+00:00 INFO Array
(
    [Webhook Delivery] => Array
        (
            [Delivery ID] => a086b86b5d63a03399693fe5afe2032a
            [Date] => 21.2.2022 @ 08:07
            [URL] => https://prismatic-canto-249208.ew.r.appspot.com/products/kirjapino
            [Duration] => 0.06266
            [Request] => Array
                (
                    [Method] => POST
                    [Headers] => Array
                        (
                            [User-Agent] => WooCommerce/6.1.1 Hookshot (WordPress/5.7.5)
                            [Content-Type] => application/json
                            [X-WC-Webhook-Source] => https://oranssiplaneetta.fi/
                            [X-WC-Webhook-Topic] => product.updated
                            [X-WC-Webhook-Resource] => product
                            [X-WC-Webhook-Event] => updated
                            [X-WC-Webhook-Signature] => LKdymhuBbusJsbUhqRTQgYijpGYELMJeZX1Wz/qBTiU=
                            [X-WC-Webhook-ID] => 4
                            [X-WC-Webhook-Delivery-ID] => a086b86b5d63a03399693fe5afe2032a
                        )

                )

            [Body] => Webhook body is not logged unless WP_DEBUG mode is turned on. This is to avoid the storing of personal data in the logs.
            [Response] => Array
                (
                    [Code] => 200
                    [Message] => OK
                    [Headers] => Requests_Utility_CaseInsensitiveDictionary Object
                        (
                            [data:protected] => Array
                                (
                                    [date] => Mon, 21 Feb 2022 08:07:49 GMT
                                    [content-type] => application/json; charset=utf-8
                                    [content-length] => 2
                                    [x-powered-by] => Express
                                    [etag] => W/"2-vyGp6PvFo4RvsFtPoIWeCReyIC8"
                                    [via] => 1.1 google
                                )

                        )

                    [Body] => Webhook body is not logged unless WP_DEBUG mode is turned on. This is to avoid the storing of personal data in the logs.
                )

        )

)

2022-02-21T09:08:58+00:00 INFO Array
(
    [Webhook Delivery] => Array
        (
            [Delivery ID] => 6dd12c5074d79c508b0a365881a9e174
            [Date] => 21.2.2022 @ 09:08
            [URL] => https://antikka.appspot.com/orders/kirjapino
            [Duration] => 0.46572
            [Request] => Array
                (
                    [Method] => POST
                    [Headers] => Array
                        (
                            [User-Agent] => WooCommerce/6.1.1 Hookshot (WordPress/5.7.5)
                            [Content-Type] => application/json
                            [X-WC-Webhook-Source] => https://oranssiplaneetta.fi/
                            [X-WC-Webhook-Topic] => order.created
                            [X-WC-Webhook-Resource] => order
                            [X-WC-Webhook-Event] => created
                            [X-WC-Webhook-Signature] => IY31s0EDBiWOIxkjorD12OAqq/Lhk1Ejdh2JgX56h9E=
                            [X-WC-Webhook-ID] => 6
                            [X-WC-Webhook-Delivery-ID] => 6dd12c5074d79c508b0a365881a9e174
                        )

                )

            [Body] => Webhook body is not logged unless WP_DEBUG mode is turned on. This is to avoid the storing of personal data in the logs.
            [Response] => Array
                (
                    [Code] => 200
                    [Message] => OK
                    [Headers] => Requests_Utility_CaseInsensitiveDictionary Object
                        (
                            [data:protected] => Array
                                (
                                    [date] => Mon, 21 Feb 2022 09:08:58 GMT
                                    [content-type] => application/json; charset=utf-8
                                    [vary] => Accept-Encoding
                                    [x-powered-by] => Express
                                    [etag] => W/"40-ikFmpsyHCnoU5DXSKPWdfCX5vXY"
                                    [content-encoding] => gzip
                                    [via] => 1.1 google
                                )

                        )

                    [Body] => Webhook body is not logged unless WP_DEBUG mode is turned on. This is to avoid the storing of personal data in the logs.
                )

        )

)

2022-02-21T09:09:03+00:00 INFO Array
(
    [Webhook Delivery] => Array
        (
            [Delivery ID] => e58f94014b2795301fa316bbbedbaa92
            [Date] => 21.2.2022 @ 09:09
            [URL] => https://prismatic-canto-249208.ew.r.appspot.com/orders/kirjapino
            [Duration] => 0.06355
            [Request] => Array
                (
                    [Method] => POST
                    [Headers] => Array
                        (
                            [User-Agent] => WooCommerce/6.1.1 Hookshot (WordPress/5.7.5)
                            [Content-Type] => application/json
                            [X-WC-Webhook-Source] => https://oranssiplaneetta.fi/
                            [X-WC-Webhook-Topic] => order.created
                            [X-WC-Webhook-Resource] => order
                            [X-WC-Webhook-Event] => created
                            [X-WC-Webhook-Signature] => iZidrrRY0nN+6P1yxidlTltO4ULRuewcmW6FwN0gIzM=
                            [X-WC-Webhook-ID] => 1
                            [X-WC-Webhook-Delivery-ID] => e58f94014b2795301fa316bbbedbaa92
                        )

                )

            [Body] => Webhook body is not logged unless WP_DEBUG mode is turned on. This is to avoid the storing of personal data in the logs.
            [Response] => Array
                (
                    [Code] => 200
                    [Message] => OK
                    [Headers] => Requests_Utility_CaseInsensitiveDictionary Object
                        (
                            [data:protected] => Array
                                (
                                    [date] => Mon, 21 Feb 2022 09:09:03 GMT
                                    [content-type] => application/json; charset=utf-8
                                    [vary] => Accept-Encoding
                                    [x-powered-by] => Express
                                    [etag] => W/"40-ikFmpsyHCnoU5DXSKPWdfCX5vXY"
                                    [content-encoding] => gzip
                                    [via] => 1.1 google
                                )

                        )

                    [Body] => Webhook body is not logged unless WP_DEBUG mode is turned on. This is to avoid the storing of personal data in the logs.
                )

        )

)

2022-02-21T09:09:03+00:00 INFO Array
(
    [Webhook Delivery] => Array
        (
            [Delivery ID] => b7c50b9b7f7c7c65463cbf5c306a4db3
            [Date] => 21.2.2022 @ 09:09
            [URL] => https://prismatic-canto-249208.ew.r.appspot.com/orders/kirjapino
            [Duration] => 0.05127
            [Request] => Array
                (
                    [Method] => POST
                    [Headers] => Array
                        (
                            [User-Agent] => WooCommerce/6.1.1 Hookshot (WordPress/5.7.5)
                            [Content-Type] => application/json
                            [X-WC-Webhook-Source] => https://oranssiplaneetta.fi/
                            [X-WC-Webhook-Topic] => order.updated
                            [X-WC-Webhook-Resource] => order
                            [X-WC-Webhook-Event] => updated
                            [X-WC-Webhook-Signature] => 03v34IBLoyFDoFp4fW6dgAdb/3Swc6CV6UtMm3caHe4=
                            [X-WC-Webhook-ID] => 3
                            [X-WC-Webhook-Delivery-ID] => b7c50b9b7f7c7c65463cbf5c306a4db3
                        )

                )

            [Body] => Webhook body is not logged unless WP_DEBUG mode is turned on. This is to avoid the storing of personal data in the logs.
            [Response] => Array
                (
                    [Code] => 200
                    [Message] => OK
                    [Headers] => Requests_Utility_CaseInsensitiveDictionary Object
                        (
                            [data:protected] => Array
                                (
                                    [date] => Mon, 21 Feb 2022 09:09:03 GMT
                                    [content-type] => application/json; charset=utf-8
                                    [vary] => Accept-Encoding
                                    [x-powered-by] => Express
                                    [etag] => W/"42-FRqzzyQYfp5Oz8qG6ewk6W7J0+k"
                                    [content-encoding] => gzip
                                    [via] => 1.1 google
                                )

                        )

                    [Body] => Webhook body is not logged unless WP_DEBUG mode is turned on. This is to avoid the storing of personal data in the logs.
                )

        )

)

2022-02-21T09:11:52+00:00 INFO Array
(
    [Webhook Delivery] => Array
        (
            [Delivery ID] => 52c1457e2593a09f25c799dbe6706d1d
            [Date] => 21.2.2022 @ 09:11
            [URL] => https://prismatic-canto-249208.ew.r.appspot.com/orders/kirjapino
            [Duration] => 1.62179
            [Request] => Array
                (
                    [Method] => POST
                    [Headers] => Array
                        (
                            [User-Agent] => WooCommerce/6.1.1 Hookshot (WordPress/5.7.5)
                            [Content-Type] => application/json
                            [X-WC-Webhook-Source] => https://oranssiplaneetta.fi/
                            [X-WC-Webhook-Topic] => order.updated
                            [X-WC-Webhook-Resource] => order
                            [X-WC-Webhook-Event] => updated
                            [X-WC-Webhook-Signature] => sR4lReKEfKU/QFU5iyho05Kce7bl46iuUmU4PSsS+hk=
                            [X-WC-Webhook-ID] => 3
                            [X-WC-Webhook-Delivery-ID] => 52c1457e2593a09f25c799dbe6706d1d
                        )

                )

            [Body] => Webhook body is not logged unless WP_DEBUG mode is turned on. This is to avoid the storing of personal data in the logs.
            [Response] => Array
                (
                    [Code] => 200
                    [Message] => OK
                    [Headers] => Requests_Utility_CaseInsensitiveDictionary Object
                        (
                            [data:protected] => Array
                                (
                                    [date] => Mon, 21 Feb 2022 09:11:52 GMT
                                    [content-type] => application/json; charset=utf-8
                                    [vary] => Accept-Encoding
                                    [x-powered-by] => Express
                                    [etag] => W/"43-SkKV3+k6IzEj3tBqm06LsL7J+GY"
                                    [content-encoding] => gzip
                                    [via] => 1.1 google
                                )

                        )

                    [Body] => Webhook body is not logged unless WP_DEBUG mode is turned on. This is to avoid the storing of personal data in the logs.
                )

        )

)

2022-02-21T09:11:52+00:00 INFO Array
(
    [Webhook Delivery] => Array
        (
            [Delivery ID] => 092e24e79554f3b95b4652ec7c0f7620
            [Date] => 21.2.2022 @ 09:11
            [URL] => https://antikka.appspot.com/products/kirjapino
            [Duration] => 0.19695
            [Request] => Array
                (
                    [Method] => POST
                    [Headers] => Array
                        (
                            [User-Agent] => WooCommerce/6.1.1 Hookshot (WordPress/5.7.5)
                            [Content-Type] => application/json
                            [X-WC-Webhook-Source] => https://oranssiplaneetta.fi/
                            [X-WC-Webhook-Topic] => product.updated
                            [X-WC-Webhook-Resource] => product
                            [X-WC-Webhook-Event] => updated
                            [X-WC-Webhook-Signature] => aTXgBttlHInwXmnBvb/qdOfa/KwSbi5zaD2yKfDDxdM=
                            [X-WC-Webhook-ID] => 5
                            [X-WC-Webhook-Delivery-ID] => 092e24e79554f3b95b4652ec7c0f7620
                        )

                )

            [Body] => Webhook body is not logged unless WP_DEBUG mode is turned on. This is to avoid the storing of personal data in the logs.
            [Response] => Array
                (
                    [Code] => 200
                    [Message] => OK
                    [Headers] => Requests_Utility_CaseInsensitiveDictionary Object
                        (
                            [data:protected] => Array
                                (
                                    [date] => Mon, 21 Feb 2022 09:11:52 GMT
                                    [content-type] => application/json; charset=utf-8
                                    [content-length] => 2
                                    [x-powered-by] => Express
                                    [etag] => W/"2-vyGp6PvFo4RvsFtPoIWeCReyIC8"
                                    [via] => 1.1 google
                                )

                        )

                    [Body] => Webhook body is not logged unless WP_DEBUG mode is turned on. This is to avoid the storing of personal data in the logs.
                )

        )

)

2022-02-21T09:11:52+00:00 INFO Array
(
    [Webhook Delivery] => Array
        (
            [Delivery ID] => 731c93f641d90f2575e6c951c5ed540b
            [Date] => 21.2.2022 @ 09:11
            [URL] => https://prismatic-canto-249208.ew.r.appspot.com/products/kirjapino
            [Duration] => 0.0586
            [Request] => Array
                (
                    [Method] => POST
                    [Headers] => Array
                        (
                            [User-Agent] => WooCommerce/6.1.1 Hookshot (WordPress/5.7.5)
                            [Content-Type] => application/json
                            [X-WC-Webhook-Source] => https://oranssiplaneetta.fi/
                            [X-WC-Webhook-Topic] => product.updated
                            [X-WC-Webhook-Resource] => product
                            [X-WC-Webhook-Event] => updated
                            [X-WC-Webhook-Signature] => Mz3zNrnOkgqpO4mqDvYIZ73hw6p7chYHWdmeTn0GZ8s=
                            [X-WC-Webhook-ID] => 4
                            [X-WC-Webhook-Delivery-ID] => 731c93f641d90f2575e6c951c5ed540b
                        )

                )

            [Body] => Webhook body is not logged unless WP_DEBUG mode is turned on. This is to avoid the storing of personal data in the logs.
            [Response] => Array
                (
                    [Code] => 200
                    [Message] => OK
                    [Headers] => Requests_Utility_CaseInsensitiveDictionary Object
                        (
                            [data:protected] => Array
                                (
                                    [date] => Mon, 21 Feb 2022 09:11:52 GMT
                                    [content-type] => application/json; charset=utf-8
                                    [content-length] => 2
                                    [x-powered-by] => Express
                                    [etag] => W/"2-vyGp6PvFo4RvsFtPoIWeCReyIC8"
                                    [via] => 1.1 google
                                )

                        )

                    [Body] => Webhook body is not logged unless WP_DEBUG mode is turned on. This is to avoid the storing of personal data in the logs.
                )

        )

)

2022-02-21T09:13:02+00:00 INFO Array
(
    [Webhook Delivery] => Array
        (
            [Delivery ID] => 17b1693bc876c87341f54b158850ae25
            [Date] => 21.2.2022 @ 09:13
            [URL] => https://antikka.appspot.com/products/kirjapino
            [Duration] => 0.47137
            [Request] => Array
                (
                    [Method] => POST
                    [Headers] => Array
                        (
                            [User-Agent] => WooCommerce/6.1.1 Hookshot (WordPress/5.7.5)
                            [Content-Type] => application/json
                            [X-WC-Webhook-Source] => https://oranssiplaneetta.fi/
                            [X-WC-Webhook-Topic] => product.updated
                            [X-WC-Webhook-Resource] => product
                            [X-WC-Webhook-Event] => updated
                            [X-WC-Webhook-Signature] => xDSmzumUUKUferDYVV/b6w3mkKsfSaXuZAceLJyi6Kk=
                            [X-WC-Webhook-ID] => 5
                            [X-WC-Webhook-Delivery-ID] => 17b1693bc876c87341f54b158850ae25
                        )

                )

            [Body] => Webhook body is not logged unless WP_DEBUG mode is turned on. This is to avoid the storing of personal data in the logs.
            [Response] => Array
                (
                    [Code] => 200
                    [Message] => OK
                    [Headers] => Requests_Utility_CaseInsensitiveDictionary Object
                        (
                            [data:protected] => Array
                                (
                                    [date] => Mon, 21 Feb 2022 09:13:02 GMT
                                    [content-type] => application/json; charset=utf-8
                                    [content-length] => 2
                                    [x-powered-by] => Express
                                    [etag] => W/"2-vyGp6PvFo4RvsFtPoIWeCReyIC8"
                                    [via] => 1.1 google
                                )

                        )

                    [Body] => Webhook body is not logged unless WP_DEBUG mode is turned on. This is to avoid the storing of personal data in the logs.
                )

        )

)

2022-02-21T09:13:02+00:00 INFO Array
(
    [Webhook Delivery] => Array
        (
            [Delivery ID] => ecda0e95f47326642c1f27a9b8ed345e
            [Date] => 21.2.2022 @ 09:13
            [URL] => https://prismatic-canto-249208.ew.r.appspot.com/products/kirjapino
            [Duration] => 0.05968
            [Request] => Array
                (
                    [Method] => POST
                    [Headers] => Array
                        (
                            [User-Agent] => WooCommerce/6.1.1 Hookshot (WordPress/5.7.5)
                            [Content-Type] => application/json
                            [X-WC-Webhook-Source] => https://oranssiplaneetta.fi/
                            [X-WC-Webhook-Topic] => product.updated
                            [X-WC-Webhook-Resource] => product
                            [X-WC-Webhook-Event] => updated
                            [X-WC-Webhook-Signature] => 9lYoDDzmmAvpPYi0INPDRF24BgzkwSU/TotVjL1YMkg=
                            [X-WC-Webhook-ID] => 4
                            [X-WC-Webhook-Delivery-ID] => ecda0e95f47326642c1f27a9b8ed345e
                        )

                )

            [Body] => Webhook body is not logged unless WP_DEBUG mode is turned on. This is to avoid the storing of personal data in the logs.
            [Response] => Array
                (
                    [Code] => 200
                    [Message] => OK
                    [Headers] => Requests_Utility_CaseInsensitiveDictionary Object
                        (
                            [data:protected] => Array
                                (
                                    [date] => Mon, 21 Feb 2022 09:13:02 GMT
                                    [content-type] => application/json; charset=utf-8
                                    [content-length] => 2
                                    [x-powered-by] => Express
                                    [etag] => W/"2-vyGp6PvFo4RvsFtPoIWeCReyIC8"
                                    [via] => 1.1 google
                                )

                        )

                    [Body] => Webhook body is not logged unless WP_DEBUG mode is turned on. This is to avoid the storing of personal data in the logs.
                )

        )

)

2022-02-21T10:41:14+00:00 INFO Array
(
    [Webhook Delivery] => Array
        (
            [Delivery ID] => 9193c4fd26432ab5a819acfceee1abec
            [Date] => 21.2.2022 @ 10:41
            [URL] => https://antikka.appspot.com/products/kirjapino
            [Duration] => 0.47451
            [Request] => Array
                (
                    [Method] => POST
                    [Headers] => Array
                        (
                            [User-Agent] => WooCommerce/6.1.1 Hookshot (WordPress/5.7.5)
                            [Content-Type] => application/json
                            [X-WC-Webhook-Source] => https://oranssiplaneetta.fi/
                            [X-WC-Webhook-Topic] => product.updated
                            [X-WC-Webhook-Resource] => product
                            [X-WC-Webhook-Event] => updated
                            [X-WC-Webhook-Signature] => j5VoL6ejEFQ/mUXt5xPAXiVVotG8NU2JWZIROHM1rrM=
                            [X-WC-Webhook-ID] => 5
                            [X-WC-Webhook-Delivery-ID] => 9193c4fd26432ab5a819acfceee1abec
                        )

                )

            [Body] => Webhook body is not logged unless WP_DEBUG mode is turned on. This is to avoid the storing of personal data in the logs.
            [Response] => Array
                (
                    [Code] => 200
                    [Message] => OK
                    [Headers] => Requests_Utility_CaseInsensitiveDictionary Object
                        (
                            [data:protected] => Array
                                (
                                    [date] => Mon, 21 Feb 2022 10:41:14 GMT
                                    [content-type] => application/json; charset=utf-8
                                    [content-length] => 2
                                    [x-powered-by] => Express
                                    [etag] => W/"2-vyGp6PvFo4RvsFtPoIWeCReyIC8"
                                    [via] => 1.1 google
                                )

                        )

                    [Body] => Webhook body is not logged unless WP_DEBUG mode is turned on. This is to avoid the storing of personal data in the logs.
                )

        )

)

2022-02-21T10:41:14+00:00 INFO Array
(
    [Webhook Delivery] => Array
        (
            [Delivery ID] => 315eb7c544b4e6173e0f2f401bbd479a
            [Date] => 21.2.2022 @ 10:41
            [URL] => https://prismatic-canto-249208.ew.r.appspot.com/products/kirjapino
            [Duration] => 0.06152
            [Request] => Array
                (
                    [Method] => POST
                    [Headers] => Array
                        (
                            [User-Agent] => WooCommerce/6.1.1 Hookshot (WordPress/5.7.5)
                            [Content-Type] => application/json
                            [X-WC-Webhook-Source] => https://oranssiplaneetta.fi/
                            [X-WC-Webhook-Topic] => product.updated
                            [X-WC-Webhook-Resource] => product
                            [X-WC-Webhook-Event] => updated
                            [X-WC-Webhook-Signature] => HrDc8jx75e2oDOUS7f7i/g1fS8Hq3i15OZAn+VCHIGU=
                            [X-WC-Webhook-ID] => 4
                            [X-WC-Webhook-Delivery-ID] => 315eb7c544b4e6173e0f2f401bbd479a
                        )

                )

            [Body] => Webhook body is not logged unless WP_DEBUG mode is turned on. This is to avoid the storing of personal data in the logs.
            [Response] => Array
                (
                    [Code] => 200
                    [Message] => OK
                    [Headers] => Requests_Utility_CaseInsensitiveDictionary Object
                        (
                            [data:protected] => Array
                                (
                                    [date] => Mon, 21 Feb 2022 10:41:14 GMT
                                    [content-type] => application/json; charset=utf-8
                                    [content-length] => 2
                                    [x-powered-by] => Express
                                    [etag] => W/"2-vyGp6PvFo4RvsFtPoIWeCReyIC8"
                                    [via] => 1.1 google
                                )

                        )

                    [Body] => Webhook body is not logged unless WP_DEBUG mode is turned on. This is to avoid the storing of personal data in the logs.
                )

        )

)

2022-02-21T11:01:45+00:00 INFO Array
(
    [Webhook Delivery] => Array
        (
            [Delivery ID] => ed5e82ab8178fafdc55c9c6761ee5f0c
            [Date] => 21.2.2022 @ 11:01
            [URL] => https://antikka.appspot.com/products/kirjapino
            [Duration] => 0.40405
            [Request] => Array
                (
                    [Method] => POST
                    [Headers] => Array
                        (
                            [User-Agent] => WooCommerce/6.1.1 Hookshot (WordPress/5.7.5)
                            [Content-Type] => application/json
                            [X-WC-Webhook-Source] => https://oranssiplaneetta.fi/
                            [X-WC-Webhook-Topic] => product.updated
                            [X-WC-Webhook-Resource] => product
                            [X-WC-Webhook-Event] => updated
                            [X-WC-Webhook-Signature] => AjR14TTMAptQPHtqRZiVIpy+Fmt71SvEU3ug83iQIgU=
                            [X-WC-Webhook-ID] => 5
                            [X-WC-Webhook-Delivery-ID] => ed5e82ab8178fafdc55c9c6761ee5f0c
                        )

                )

            [Body] => Webhook body is not logged unless WP_DEBUG mode is turned on. This is to avoid the storing of personal data in the logs.
            [Response] => Array
                (
                    [Code] => 200
                    [Message] => OK
                    [Headers] => Requests_Utility_CaseInsensitiveDictionary Object
                        (
                            [data:protected] => Array
                                (
                                    [date] => Mon, 21 Feb 2022 11:01:45 GMT
                                    [content-type] => application/json; charset=utf-8
                                    [content-length] => 2
                                    [x-powered-by] => Express
                                    [etag] => W/"2-vyGp6PvFo4RvsFtPoIWeCReyIC8"
                                    [via] => 1.1 google
                                )

                        )

                    [Body] => Webhook body is not logged unless WP_DEBUG mode is turned on. This is to avoid the storing of personal data in the logs.
                )

        )

)

2022-02-21T11:01:45+00:00 INFO Array
(
    [Webhook Delivery] => Array
        (
            [Delivery ID] => b2b38a1d0809384957312d06458cb8ec
            [Date] => 21.2.2022 @ 11:01
            [URL] => https://prismatic-canto-249208.ew.r.appspot.com/products/kirjapino
            [Duration] => 0.05708
            [Request] => Array
                (
                    [Method] => POST
                    [Headers] => Array
                        (
                            [User-Agent] => WooCommerce/6.1.1 Hookshot (WordPress/5.7.5)
                            [Content-Type] => application/json
                            [X-WC-Webhook-Source] => https://oranssiplaneetta.fi/
                            [X-WC-Webhook-Topic] => product.updated
                            [X-WC-Webhook-Resource] => product
                            [X-WC-Webhook-Event] => updated
                            [X-WC-Webhook-Signature] => A1LXHOE/ug2jbuE6LqdLPng1POSL/XDeZqkVv6TdC08=
                            [X-WC-Webhook-ID] => 4
                            [X-WC-Webhook-Delivery-ID] => b2b38a1d0809384957312d06458cb8ec
                        )

                )

            [Body] => Webhook body is not logged unless WP_DEBUG mode is turned on. This is to avoid the storing of personal data in the logs.
            [Response] => Array
                (
                    [Code] => 200
                    [Message] => OK
                    [Headers] => Requests_Utility_CaseInsensitiveDictionary Object
                        (
                            [data:protected] => Array
                                (
                                    [date] => Mon, 21 Feb 2022 11:01:45 GMT
                                    [content-type] => application/json; charset=utf-8
                                    [content-length] => 2
                                    [x-powered-by] => Express
                                    [etag] => W/"2-vyGp6PvFo4RvsFtPoIWeCReyIC8"
                                    [via] => 1.1 google
                                )

                        )

                    [Body] => Webhook body is not logged unless WP_DEBUG mode is turned on. This is to avoid the storing of personal data in the logs.
                )

        )

)

2022-02-21T11:15:14+00:00 INFO Array
(
    [Webhook Delivery] => Array
        (
            [Delivery ID] => c256d3a240297662e49fed8e621fedc2
            [Date] => 21.2.2022 @ 11:15
            [URL] => https://antikka.appspot.com/products/kirjapino
            [Duration] => 0.42188
            [Request] => Array
                (
                    [Method] => POST
                    [Headers] => Array
                        (
                            [User-Agent] => WooCommerce/6.1.1 Hookshot (WordPress/5.7.5)
                            [Content-Type] => application/json
                            [X-WC-Webhook-Source] => https://oranssiplaneetta.fi/
                            [X-WC-Webhook-Topic] => product.updated
                            [X-WC-Webhook-Resource] => product
                            [X-WC-Webhook-Event] => updated
                            [X-WC-Webhook-Signature] => 6XrfXtaSqX8NG0sL17/1ZSDvHq+Gnl/D/spB8pjxrXA=
                            [X-WC-Webhook-ID] => 5
                            [X-WC-Webhook-Delivery-ID] => c256d3a240297662e49fed8e621fedc2
                        )

                )

            [Body] => Webhook body is not logged unless WP_DEBUG mode is turned on. This is to avoid the storing of personal data in the logs.
            [Response] => Array
                (
                    [Code] => 200
                    [Message] => OK
                    [Headers] => Requests_Utility_CaseInsensitiveDictionary Object
                        (
                            [data:protected] => Array
                                (
                                    [date] => Mon, 21 Feb 2022 11:15:14 GMT
                                    [content-type] => application/json; charset=utf-8
                                    [content-length] => 2
                                    [x-powered-by] => Express
                                    [etag] => W/"2-vyGp6PvFo4RvsFtPoIWeCReyIC8"
                                    [via] => 1.1 google
                                )

                        )

                    [Body] => Webhook body is not logged unless WP_DEBUG mode is turned on. This is to avoid the storing of personal data in the logs.
                )

        )

)

2022-02-21T11:15:14+00:00 INFO Array
(
    [Webhook Delivery] => Array
        (
            [Delivery ID] => 163c2b9a3aba3e9edef491a87f70f410
            [Date] => 21.2.2022 @ 11:15
            [URL] => https://prismatic-canto-249208.ew.r.appspot.com/products/kirjapino
            [Duration] => 0.0617
            [Request] => Array
                (
                    [Method] => POST
                    [Headers] => Array
                        (
                            [User-Agent] => WooCommerce/6.1.1 Hookshot (WordPress/5.7.5)
                            [Content-Type] => application/json
                            [X-WC-Webhook-Source] => https://oranssiplaneetta.fi/
                            [X-WC-Webhook-Topic] => product.updated
                            [X-WC-Webhook-Resource] => product
                            [X-WC-Webhook-Event] => updated
                            [X-WC-Webhook-Signature] => 1tupeUfbcfrlXa8gvihFxrz8Htj+n0qxPCrhu842Oz4=
                            [X-WC-Webhook-ID] => 4
                            [X-WC-Webhook-Delivery-ID] => 163c2b9a3aba3e9edef491a87f70f410
                        )

                )

            [Body] => Webhook body is not logged unless WP_DEBUG mode is turned on. This is to avoid the storing of personal data in the logs.
            [Response] => Array
                (
                    [Code] => 200
                    [Message] => OK
                    [Headers] => Requests_Utility_CaseInsensitiveDictionary Object
                        (
                            [data:protected] => Array
                                (
                                    [date] => Mon, 21 Feb 2022 11:15:14 GMT
                                    [content-type] => application/json; charset=utf-8
                                    [content-length] => 2
                                    [x-powered-by] => Express
                                    [etag] => W/"2-vyGp6PvFo4RvsFtPoIWeCReyIC8"
                                    [via] => 1.1 google
                                )

                        )

                    [Body] => Webhook body is not logged unless WP_DEBUG mode is turned on. This is to avoid the storing of personal data in the logs.
                )

        )

)

2022-02-21T11:17:51+00:00 INFO Array
(
    [Webhook Delivery] => Array
        (
            [Delivery ID] => 727f986cb1c9337eb01db244691588f0
            [Date] => 21.2.2022 @ 11:17
            [URL] => https://antikka.appspot.com/products/kirjapino
            [Duration] => 0.40352
            [Request] => Array
                (
                    [Method] => POST
                    [Headers] => Array
                        (
                            [User-Agent] => WooCommerce/6.1.1 Hookshot (WordPress/5.7.5)
                            [Content-Type] => application/json
                            [X-WC-Webhook-Source] => https://oranssiplaneetta.fi/
                            [X-WC-Webhook-Topic] => product.updated
                            [X-WC-Webhook-Resource] => product
                            [X-WC-Webhook-Event] => updated
                            [X-WC-Webhook-Signature] => C/xCU1hVzCuiXf4u/raSTL5/kmCca26A38G/QpiK5z8=
                            [X-WC-Webhook-ID] => 5
                            [X-WC-Webhook-Delivery-ID] => 727f986cb1c9337eb01db244691588f0
                        )

                )

            [Body] => Webhook body is not logged unless WP_DEBUG mode is turned on. This is to avoid the storing of personal data in the logs.
            [Response] => Array
                (
                    [Code] => 200
                    [Message] => OK
                    [Headers] => Requests_Utility_CaseInsensitiveDictionary Object
                        (
                            [data:protected] => Array
                                (
                                    [date] => Mon, 21 Feb 2022 11:17:51 GMT
                                    [content-type] => application/json; charset=utf-8
                                    [content-length] => 2
                                    [x-powered-by] => Express
                                    [etag] => W/"2-vyGp6PvFo4RvsFtPoIWeCReyIC8"
                                    [via] => 1.1 google
                                )

                        )

                    [Body] => Webhook body is not logged unless WP_DEBUG mode is turned on. This is to avoid the storing of personal data in the logs.
                )

        )

)

2022-02-21T11:17:51+00:00 INFO Array
(
    [Webhook Delivery] => Array
        (
            [Delivery ID] => d11b0a1036f1fcc6082898165b2e7965
            [Date] => 21.2.2022 @ 11:17
            [URL] => https://prismatic-canto-249208.ew.r.appspot.com/products/kirjapino
            [Duration] => 0.05452
            [Request] => Array
                (
                    [Method] => POST
                    [Headers] => Array
                        (
                            [User-Agent] => WooCommerce/6.1.1 Hookshot (WordPress/5.7.5)
                            [Content-Type] => application/json
                            [X-WC-Webhook-Source] => https://oranssiplaneetta.fi/
                            [X-WC-Webhook-Topic] => product.updated
                            [X-WC-Webhook-Resource] => product
                            [X-WC-Webhook-Event] => updated
                            [X-WC-Webhook-Signature] => I58CVL8UtD4Ri4S7T50OWrKknU3GigOZcSOXwfBKLts=
                            [X-WC-Webhook-ID] => 4
                            [X-WC-Webhook-Delivery-ID] => d11b0a1036f1fcc6082898165b2e7965
                        )

                )

            [Body] => Webhook body is not logged unless WP_DEBUG mode is turned on. This is to avoid the storing of personal data in the logs.
            [Response] => Array
                (
                    [Code] => 200
                    [Message] => OK
                    [Headers] => Requests_Utility_CaseInsensitiveDictionary Object
                        (
                            [data:protected] => Array
                                (
                                    [date] => Mon, 21 Feb 2022 11:17:51 GMT
                                    [content-type] => application/json; charset=utf-8
                                    [content-length] => 2
                                    [x-powered-by] => Express
                                    [etag] => W/"2-vyGp6PvFo4RvsFtPoIWeCReyIC8"
                                    [via] => 1.1 google
                                )

                        )

                    [Body] => Webhook body is not logged unless WP_DEBUG mode is turned on. This is to avoid the storing of personal data in the logs.
                )

        )

)

2022-02-21T12:43:48+00:00 INFO Array
(
    [Webhook Delivery] => Array
        (
            [Delivery ID] => 8c1bccb47cba77b18027854050167511
            [Date] => 21.2.2022 @ 12:43
            [URL] => https://antikka.appspot.com/products/kirjapino
            [Duration] => 0.38169
            [Request] => Array
                (
                    [Method] => POST
                    [Headers] => Array
                        (
                            [User-Agent] => WooCommerce/6.1.1 Hookshot (WordPress/5.7.5)
                            [Content-Type] => application/json
                            [X-WC-Webhook-Source] => https://oranssiplaneetta.fi/
                            [X-WC-Webhook-Topic] => product.updated
                            [X-WC-Webhook-Resource] => product
                            [X-WC-Webhook-Event] => updated
                            [X-WC-Webhook-Signature] => kTjtBt6RtVMKNrTLb2ke9e7CUH5MxBpPvEBIaWy/058=
                            [X-WC-Webhook-ID] => 5
                            [X-WC-Webhook-Delivery-ID] => 8c1bccb47cba77b18027854050167511
                        )

                )

            [Body] => Webhook body is not logged unless WP_DEBUG mode is turned on. This is to avoid the storing of personal data in the logs.
            [Response] => Array
                (
                    [Code] => 200
                    [Message] => OK
                    [Headers] => Requests_Utility_CaseInsensitiveDictionary Object
                        (
                            [data:protected] => Array
                                (
                                    [date] => Mon, 21 Feb 2022 12:43:48 GMT
                                    [content-type] => application/json; charset=utf-8
                                    [content-length] => 2
                                    [x-powered-by] => Express
                                    [etag] => W/"2-vyGp6PvFo4RvsFtPoIWeCReyIC8"
                                    [via] => 1.1 google
                                )

                        )

                    [Body] => Webhook body is not logged unless WP_DEBUG mode is turned on. This is to avoid the storing of personal data in the logs.
                )

        )

)

2022-02-21T12:43:48+00:00 INFO Array
(
    [Webhook Delivery] => Array
        (
            [Delivery ID] => 5db1b11045aa78078ba76fb82c8b2227
            [Date] => 21.2.2022 @ 12:43
            [URL] => https://prismatic-canto-249208.ew.r.appspot.com/products/kirjapino
            [Duration] => 0.05648
            [Request] => Array
                (
                    [Method] => POST
                    [Headers] => Array
                        (
                            [User-Agent] => WooCommerce/6.1.1 Hookshot (WordPress/5.7.5)
                            [Content-Type] => application/json
                            [X-WC-Webhook-Source] => https://oranssiplaneetta.fi/
                            [X-WC-Webhook-Topic] => product.updated
                            [X-WC-Webhook-Resource] => product
                            [X-WC-Webhook-Event] => updated
                            [X-WC-Webhook-Signature] => ELsmeryOlu6TcBcXtitL/AT+zA3uye6wBV/V18OScoA=
                            [X-WC-Webhook-ID] => 4
                            [X-WC-Webhook-Delivery-ID] => 5db1b11045aa78078ba76fb82c8b2227
                        )

                )

            [Body] => Webhook body is not logged unless WP_DEBUG mode is turned on. This is to avoid the storing of personal data in the logs.
            [Response] => Array
                (
                    [Code] => 200
                    [Message] => OK
                    [Headers] => Requests_Utility_CaseInsensitiveDictionary Object
                        (
                            [data:protected] => Array
                                (
                                    [date] => Mon, 21 Feb 2022 12:43:48 GMT
                                    [content-type] => application/json; charset=utf-8
                                    [content-length] => 2
                                    [x-powered-by] => Express
                                    [etag] => W/"2-vyGp6PvFo4RvsFtPoIWeCReyIC8"
                                    [via] => 1.1 google
                                )

                        )

                    [Body] => Webhook body is not logged unless WP_DEBUG mode is turned on. This is to avoid the storing of personal data in the logs.
                )

        )

)

2022-02-21T13:34:52+00:00 INFO Array
(
    [Webhook Delivery] => Array
        (
            [Delivery ID] => f601120f35f8647bc79589c420097c95
            [Date] => 21.2.2022 @ 13:34
            [URL] => https://antikka.appspot.com/orders/kirjapino
            [Duration] => 0.40426
            [Request] => Array
                (
                    [Method] => POST
                    [Headers] => Array
                        (
                            [User-Agent] => WooCommerce/6.1.1 Hookshot (WordPress/5.7.5)
                            [Content-Type] => application/json
                            [X-WC-Webhook-Source] => https://oranssiplaneetta.fi/
                            [X-WC-Webhook-Topic] => order.created
                            [X-WC-Webhook-Resource] => order
                            [X-WC-Webhook-Event] => created
                            [X-WC-Webhook-Signature] => atq37qcTevDtmr0eCiGXvvf2puRSdm3PoBBS3H9dhss=
                            [X-WC-Webhook-ID] => 6
                            [X-WC-Webhook-Delivery-ID] => f601120f35f8647bc79589c420097c95
                        )

                )

            [Body] => Webhook body is not logged unless WP_DEBUG mode is turned on. This is to avoid the storing of personal data in the logs.
            [Response] => Array
                (
                    [Code] => 200
                    [Message] => OK
                    [Headers] => Requests_Utility_CaseInsensitiveDictionary Object
                        (
                            [data:protected] => Array
                                (
                                    [date] => Mon, 21 Feb 2022 13:34:51 GMT
                                    [content-type] => application/json; charset=utf-8
                                    [vary] => Accept-Encoding
                                    [x-powered-by] => Express
                                    [etag] => W/"40-RCDcQOpZSJIeSbNroQy1j746cvU"
                                    [content-encoding] => gzip
                                    [via] => 1.1 google
                                )

                        )

                    [Body] => Webhook body is not logged unless WP_DEBUG mode is turned on. This is to avoid the storing of personal data in the logs.
                )

        )

)

2022-02-21T13:34:57+00:00 INFO Array
(
    [Webhook Delivery] => Array
        (
            [Delivery ID] => 1f1c3d7bfbe5e9d8d93b5eabd410433f
            [Date] => 21.2.2022 @ 13:34
            [URL] => https://prismatic-canto-249208.ew.r.appspot.com/orders/kirjapino
            [Duration] => 0.0735
            [Request] => Array
                (
                    [Method] => POST
                    [Headers] => Array
                        (
                            [User-Agent] => WooCommerce/6.1.1 Hookshot (WordPress/5.7.5)
                            [Content-Type] => application/json
                            [X-WC-Webhook-Source] => https://oranssiplaneetta.fi/
                            [X-WC-Webhook-Topic] => order.created
                            [X-WC-Webhook-Resource] => order
                            [X-WC-Webhook-Event] => created
                            [X-WC-Webhook-Signature] => x7N98qL+KG8gjRVEauOc2e1WZM1WWopvKmjgesUOBQU=
                            [X-WC-Webhook-ID] => 1
                            [X-WC-Webhook-Delivery-ID] => 1f1c3d7bfbe5e9d8d93b5eabd410433f
                        )

                )

            [Body] => Webhook body is not logged unless WP_DEBUG mode is turned on. This is to avoid the storing of personal data in the logs.
            [Response] => Array
                (
                    [Code] => 200
                    [Message] => OK
                    [Headers] => Requests_Utility_CaseInsensitiveDictionary Object
                        (
                            [data:protected] => Array
                                (
                                    [date] => Mon, 21 Feb 2022 13:34:57 GMT
                                    [content-type] => application/json; charset=utf-8
                                    [vary] => Accept-Encoding
                                    [x-powered-by] => Express
                                    [etag] => W/"40-RCDcQOpZSJIeSbNroQy1j746cvU"
                                    [content-encoding] => gzip
                                    [via] => 1.1 google
                                )

                        )

                    [Body] => Webhook body is not logged unless WP_DEBUG mode is turned on. This is to avoid the storing of personal data in the logs.
                )

        )

)

2022-02-21T13:34:57+00:00 INFO Array
(
    [Webhook Delivery] => Array
        (
            [Delivery ID] => d19bf24575345d751b712e0349f58307
            [Date] => 21.2.2022 @ 13:34
            [URL] => https://prismatic-canto-249208.ew.r.appspot.com/orders/kirjapino
            [Duration] => 0.05069
            [Request] => Array
                (
                    [Method] => POST
                    [Headers] => Array
                        (
                            [User-Agent] => WooCommerce/6.1.1 Hookshot (WordPress/5.7.5)
                            [Content-Type] => application/json
                            [X-WC-Webhook-Source] => https://oranssiplaneetta.fi/
                            [X-WC-Webhook-Topic] => order.updated
                            [X-WC-Webhook-Resource] => order
                            [X-WC-Webhook-Event] => updated
                            [X-WC-Webhook-Signature] => D0ERtdVhkRV6qilcbbmikyfMmQHaqfdJtOl3JyDTDnY=
                            [X-WC-Webhook-ID] => 3
                            [X-WC-Webhook-Delivery-ID] => d19bf24575345d751b712e0349f58307
                        )

                )

            [Body] => Webhook body is not logged unless WP_DEBUG mode is turned on. This is to avoid the storing of personal data in the logs.
            [Response] => Array
                (
                    [Code] => 200
                    [Message] => OK
                    [Headers] => Requests_Utility_CaseInsensitiveDictionary Object
                        (
                            [data:protected] => Array
                                (
                                    [date] => Mon, 21 Feb 2022 13:34:57 GMT
                                    [content-type] => application/json; charset=utf-8
                                    [vary] => Accept-Encoding
                                    [x-powered-by] => Express
                                    [etag] => W/"42-KcDNmstnW5H5463SgU58yzVCE0U"
                                    [content-encoding] => gzip
                                    [via] => 1.1 google
                                )

                        )

                    [Body] => Webhook body is not logged unless WP_DEBUG mode is turned on. This is to avoid the storing of personal data in the logs.
                )

        )

)

2022-02-21T13:36:50+00:00 INFO Array
(
    [Webhook Delivery] => Array
        (
            [Delivery ID] => e67d7b9ff19b8bbc9cefe1ba1c3395b0
            [Date] => 21.2.2022 @ 13:36
            [URL] => https://prismatic-canto-249208.ew.r.appspot.com/orders/kirjapino
            [Duration] => 3.74364
            [Request] => Array
                (
                    [Method] => POST
                    [Headers] => Array
                        (
                            [User-Agent] => WooCommerce/6.1.1 Hookshot (WordPress/5.7.5)
                            [Content-Type] => application/json
                            [X-WC-Webhook-Source] => https://oranssiplaneetta.fi/
                            [X-WC-Webhook-Topic] => order.updated
                            [X-WC-Webhook-Resource] => order
                            [X-WC-Webhook-Event] => updated
                            [X-WC-Webhook-Signature] => svFcaS53FY+j4u9+XNc6sRzK70/0c86T5U3fiS7ajSg=
                            [X-WC-Webhook-ID] => 3
                            [X-WC-Webhook-Delivery-ID] => e67d7b9ff19b8bbc9cefe1ba1c3395b0
                        )

                )

            [Body] => Webhook body is not logged unless WP_DEBUG mode is turned on. This is to avoid the storing of personal data in the logs.
            [Response] => Array
                (
                    [Code] => 200
                    [Message] => OK
                    [Headers] => Requests_Utility_CaseInsensitiveDictionary Object
                        (
                            [data:protected] => Array
                                (
                                    [date] => Mon, 21 Feb 2022 13:36:50 GMT
                                    [content-type] => application/json; charset=utf-8
                                    [vary] => Accept-Encoding
                                    [x-powered-by] => Express
                                    [etag] => W/"43-VU+KKBEqQnpRZl3YiqyWrHoYdA0"
                                    [content-encoding] => gzip
                                    [via] => 1.1 google
                                )

                        )

                    [Body] => Webhook body is not logged unless WP_DEBUG mode is turned on. This is to avoid the storing of personal data in the logs.
                )

        )

)

2022-02-21T13:36:51+00:00 INFO Array
(
    [Webhook Delivery] => Array
        (
            [Delivery ID] => f3260f399ea0b1060a2ee13b36cabeb1
            [Date] => 21.2.2022 @ 13:36
            [URL] => https://antikka.appspot.com/products/kirjapino
            [Duration] => 0.20069
            [Request] => Array
                (
                    [Method] => POST
                    [Headers] => Array
                        (
                            [User-Agent] => WooCommerce/6.1.1 Hookshot (WordPress/5.7.5)
                            [Content-Type] => application/json
                            [X-WC-Webhook-Source] => https://oranssiplaneetta.fi/
                            [X-WC-Webhook-Topic] => product.updated
                            [X-WC-Webhook-Resource] => product
                            [X-WC-Webhook-Event] => updated
                            [X-WC-Webhook-Signature] => uWuwQ0P5ptGRjlv69yYg3eNwCkSxq19z55b39UBddqo=
                            [X-WC-Webhook-ID] => 5
                            [X-WC-Webhook-Delivery-ID] => f3260f399ea0b1060a2ee13b36cabeb1
                        )

                )

            [Body] => Webhook body is not logged unless WP_DEBUG mode is turned on. This is to avoid the storing of personal data in the logs.
            [Response] => Array
                (
                    [Code] => 200
                    [Message] => OK
                    [Headers] => Requests_Utility_CaseInsensitiveDictionary Object
                        (
                            [data:protected] => Array
                                (
                                    [date] => Mon, 21 Feb 2022 13:36:51 GMT
                                    [content-type] => application/json; charset=utf-8
                                    [content-length] => 2
                                    [x-powered-by] => Express
                                    [etag] => W/"2-vyGp6PvFo4RvsFtPoIWeCReyIC8"
                                    [via] => 1.1 google
                                )

                        )

                    [Body] => Webhook body is not logged unless WP_DEBUG mode is turned on. This is to avoid the storing of personal data in the logs.
                )

        )

)

2022-02-21T13:36:51+00:00 INFO Array
(
    [Webhook Delivery] => Array
        (
            [Delivery ID] => 40ae21580af0c4ea279c21480a8ef3a6
            [Date] => 21.2.2022 @ 13:36
            [URL] => https://prismatic-canto-249208.ew.r.appspot.com/products/kirjapino
            [Duration] => 0.06158
            [Request] => Array
                (
                    [Method] => POST
                    [Headers] => Array
                        (
                            [User-Agent] => WooCommerce/6.1.1 Hookshot (WordPress/5.7.5)
                            [Content-Type] => application/json
                            [X-WC-Webhook-Source] => https://oranssiplaneetta.fi/
                            [X-WC-Webhook-Topic] => product.updated
                            [X-WC-Webhook-Resource] => product
                            [X-WC-Webhook-Event] => updated
                            [X-WC-Webhook-Signature] => KEazNY92LsE9y2i22DDPON5EhAzcyYAms0MX5EPCRaQ=
                            [X-WC-Webhook-ID] => 4
                            [X-WC-Webhook-Delivery-ID] => 40ae21580af0c4ea279c21480a8ef3a6
                        )

                )

            [Body] => Webhook body is not logged unless WP_DEBUG mode is turned on. This is to avoid the storing of personal data in the logs.
            [Response] => Array
                (
                    [Code] => 200
                    [Message] => OK
                    [Headers] => Requests_Utility_CaseInsensitiveDictionary Object
                        (
                            [data:protected] => Array
                                (
                                    [date] => Mon, 21 Feb 2022 13:36:51 GMT
                                    [content-type] => application/json; charset=utf-8
                                    [content-length] => 2
                                    [x-powered-by] => Express
                                    [etag] => W/"2-vyGp6PvFo4RvsFtPoIWeCReyIC8"
                                    [via] => 1.1 google
                                )

                        )

                    [Body] => Webhook body is not logged unless WP_DEBUG mode is turned on. This is to avoid the storing of personal data in the logs.
                )

        )

)

2022-02-21T13:36:51+00:00 INFO Array
(
    [Webhook Delivery] => Array
        (
            [Delivery ID] => 27287b8a087ad219c010d6499860bfc8
            [Date] => 21.2.2022 @ 13:36
            [URL] => https://antikka.appspot.com/products/kirjapino
            [Duration] => 0.15008
            [Request] => Array
                (
                    [Method] => POST
                    [Headers] => Array
                        (
                            [User-Agent] => WooCommerce/6.1.1 Hookshot (WordPress/5.7.5)
                            [Content-Type] => application/json
                            [X-WC-Webhook-Source] => https://oranssiplaneetta.fi/
                            [X-WC-Webhook-Topic] => product.updated
                            [X-WC-Webhook-Resource] => product
                            [X-WC-Webhook-Event] => updated
                            [X-WC-Webhook-Signature] => qLCrB34Ly7C/7z2g1I33YIVecMiJuEyHb4fDH4+DgtI=
                            [X-WC-Webhook-ID] => 5
                            [X-WC-Webhook-Delivery-ID] => 27287b8a087ad219c010d6499860bfc8
                        )

                )

            [Body] => Webhook body is not logged unless WP_DEBUG mode is turned on. This is to avoid the storing of personal data in the logs.
            [Response] => Array
                (
                    [Code] => 200
                    [Message] => OK
                    [Headers] => Requests_Utility_CaseInsensitiveDictionary Object
                        (
                            [data:protected] => Array
                                (
                                    [date] => Mon, 21 Feb 2022 13:36:51 GMT
                                    [content-type] => application/json; charset=utf-8
                                    [content-length] => 2
                                    [x-powered-by] => Express
                                    [etag] => W/"2-vyGp6PvFo4RvsFtPoIWeCReyIC8"
                                    [via] => 1.1 google
                                )

                        )

                    [Body] => Webhook body is not logged unless WP_DEBUG mode is turned on. This is to avoid the storing of personal data in the logs.
                )

        )

)

2022-02-21T13:36:51+00:00 INFO Array
(
    [Webhook Delivery] => Array
        (
            [Delivery ID] => 40ae21580af0c4ea279c21480a8ef3a6
            [Date] => 21.2.2022 @ 13:36
            [URL] => https://prismatic-canto-249208.ew.r.appspot.com/products/kirjapino
            [Duration] => 0.05098
            [Request] => Array
                (
                    [Method] => POST
                    [Headers] => Array
                        (
                            [User-Agent] => WooCommerce/6.1.1 Hookshot (WordPress/5.7.5)
                            [Content-Type] => application/json
                            [X-WC-Webhook-Source] => https://oranssiplaneetta.fi/
                            [X-WC-Webhook-Topic] => product.updated
                            [X-WC-Webhook-Resource] => product
                            [X-WC-Webhook-Event] => updated
                            [X-WC-Webhook-Signature] => cE68+ox3ungt35P/xbiuuUb2ttIAcUQxuCMftneD1wg=
                            [X-WC-Webhook-ID] => 4
                            [X-WC-Webhook-Delivery-ID] => 40ae21580af0c4ea279c21480a8ef3a6
                        )

                )

            [Body] => Webhook body is not logged unless WP_DEBUG mode is turned on. This is to avoid the storing of personal data in the logs.
            [Response] => Array
                (
                    [Code] => 200
                    [Message] => OK
                    [Headers] => Requests_Utility_CaseInsensitiveDictionary Object
                        (
                            [data:protected] => Array
                                (
                                    [date] => Mon, 21 Feb 2022 13:36:51 GMT
                                    [content-type] => application/json; charset=utf-8
                                    [content-length] => 2
                                    [x-powered-by] => Express
                                    [etag] => W/"2-vyGp6PvFo4RvsFtPoIWeCReyIC8"
                                    [via] => 1.1 google
                                )

                        )

                    [Body] => Webhook body is not logged unless WP_DEBUG mode is turned on. This is to avoid the storing of personal data in the logs.
                )

        )

)

2022-02-21T15:47:49+00:00 INFO Array
(
    [Webhook Delivery] => Array
        (
            [Delivery ID] => ce52da8eaa097df201c0b7eb84892f3f
            [Date] => 21.2.2022 @ 15:47
            [URL] => https://antikka.appspot.com/products/kirjapino
            [Duration] => 0.41494
            [Request] => Array
                (
                    [Method] => POST
                    [Headers] => Array
                        (
                            [User-Agent] => WooCommerce/6.1.1 Hookshot (WordPress/5.7.5)
                            [Content-Type] => application/json
                            [X-WC-Webhook-Source] => https://oranssiplaneetta.fi/
                            [X-WC-Webhook-Topic] => product.updated
                            [X-WC-Webhook-Resource] => product
                            [X-WC-Webhook-Event] => updated
                            [X-WC-Webhook-Signature] => +Bi+Z4IjAoSqMVMRBWutqPyRrb7CvEaEiG0br+Nk75g=
                            [X-WC-Webhook-ID] => 5
                            [X-WC-Webhook-Delivery-ID] => ce52da8eaa097df201c0b7eb84892f3f
                        )

                )

            [Body] => Webhook body is not logged unless WP_DEBUG mode is turned on. This is to avoid the storing of personal data in the logs.
            [Response] => Array
                (
                    [Code] => 200
                    [Message] => OK
                    [Headers] => Requests_Utility_CaseInsensitiveDictionary Object
                        (
                            [data:protected] => Array
                                (
                                    [date] => Mon, 21 Feb 2022 15:47:49 GMT
                                    [content-type] => application/json; charset=utf-8
                                    [content-length] => 2
                                    [x-powered-by] => Express
                                    [etag] => W/"2-vyGp6PvFo4RvsFtPoIWeCReyIC8"
                                    [via] => 1.1 google
                                )

                        )

                    [Body] => Webhook body is not logged unless WP_DEBUG mode is turned on. This is to avoid the storing of personal data in the logs.
                )

        )

)

2022-02-21T15:47:49+00:00 INFO Array
(
    [Webhook Delivery] => Array
        (
            [Delivery ID] => 7fb7a0032e34cee8df8ee2471a0da3fe
            [Date] => 21.2.2022 @ 15:47
            [URL] => https://prismatic-canto-249208.ew.r.appspot.com/products/kirjapino
            [Duration] => 0.05892
            [Request] => Array
                (
                    [Method] => POST
                    [Headers] => Array
                        (
                            [User-Agent] => WooCommerce/6.1.1 Hookshot (WordPress/5.7.5)
                            [Content-Type] => application/json
                            [X-WC-Webhook-Source] => https://oranssiplaneetta.fi/
                            [X-WC-Webhook-Topic] => product.updated
                            [X-WC-Webhook-Resource] => product
                            [X-WC-Webhook-Event] => updated
                            [X-WC-Webhook-Signature] => KCfZgaVY1JbV9V597YLdtn3TM7ebrmjQlj6HLlykJfw=
                            [X-WC-Webhook-ID] => 4
                            [X-WC-Webhook-Delivery-ID] => 7fb7a0032e34cee8df8ee2471a0da3fe
                        )

                )

            [Body] => Webhook body is not logged unless WP_DEBUG mode is turned on. This is to avoid the storing of personal data in the logs.
            [Response] => Array
                (
                    [Code] => 200
                    [Message] => OK
                    [Headers] => Requests_Utility_CaseInsensitiveDictionary Object
                        (
                            [data:protected] => Array
                                (
                                    [date] => Mon, 21 Feb 2022 15:47:49 GMT
                                    [content-type] => application/json; charset=utf-8
                                    [content-length] => 2
                                    [x-powered-by] => Express
                                    [etag] => W/"2-vyGp6PvFo4RvsFtPoIWeCReyIC8"
                                    [via] => 1.1 google
                                )

                        )

                    [Body] => Webhook body is not logged unless WP_DEBUG mode is turned on. This is to avoid the storing of personal data in the logs.
                )

        )

)

2022-02-21T16:00:05+00:00 INFO Array
(
    [Webhook Delivery] => Array
        (
            [Delivery ID] => 6458ee42b2fa0575e4f278f5df4e0b93
            [Date] => 21.2.2022 @ 16:00
            [URL] => https://antikka.appspot.com/orders/kirjapino
            [Duration] => 0.43284
            [Request] => Array
                (
                    [Method] => POST
                    [Headers] => Array
                        (
                            [User-Agent] => WooCommerce/6.1.1 Hookshot (WordPress/5.7.5)
                            [Content-Type] => application/json
                            [X-WC-Webhook-Source] => https://oranssiplaneetta.fi/
                            [X-WC-Webhook-Topic] => order.created
                            [X-WC-Webhook-Resource] => order
                            [X-WC-Webhook-Event] => created
                            [X-WC-Webhook-Signature] => E+8y/KmtrMO3Ul7dxqv0xRsubhXWbQZll5VWOyJnSpk=
                            [X-WC-Webhook-ID] => 6
                            [X-WC-Webhook-Delivery-ID] => 6458ee42b2fa0575e4f278f5df4e0b93
                        )

                )

            [Body] => Webhook body is not logged unless WP_DEBUG mode is turned on. This is to avoid the storing of personal data in the logs.
            [Response] => Array
                (
                    [Code] => 200
                    [Message] => OK
                    [Headers] => Requests_Utility_CaseInsensitiveDictionary Object
                        (
                            [data:protected] => Array
                                (
                                    [date] => Mon, 21 Feb 2022 16:00:05 GMT
                                    [content-type] => application/json; charset=utf-8
                                    [vary] => Accept-Encoding
                                    [x-powered-by] => Express
                                    [etag] => W/"40-godOB2/09O7HV62R3PQv87oyBqA"
                                    [content-encoding] => gzip
                                    [via] => 1.1 google
                                )

                        )

                    [Body] => Webhook body is not logged unless WP_DEBUG mode is turned on. This is to avoid the storing of personal data in the logs.
                )

        )

)

2022-02-21T16:00:10+00:00 INFO Array
(
    [Webhook Delivery] => Array
        (
            [Delivery ID] => a304d515fb3ac506252ceca667aabeb7
            [Date] => 21.2.2022 @ 16:00
            [URL] => https://prismatic-canto-249208.ew.r.appspot.com/orders/kirjapino
            [Duration] => 0.06905
            [Request] => Array
                (
                    [Method] => POST
                    [Headers] => Array
                        (
                            [User-Agent] => WooCommerce/6.1.1 Hookshot (WordPress/5.7.5)
                            [Content-Type] => application/json
                            [X-WC-Webhook-Source] => https://oranssiplaneetta.fi/
                            [X-WC-Webhook-Topic] => order.created
                            [X-WC-Webhook-Resource] => order
                            [X-WC-Webhook-Event] => created
                            [X-WC-Webhook-Signature] => V/GYzqY+7YZYBvUBbg7rNs2KBJm6gnAM5ieMmOSzWRc=
                            [X-WC-Webhook-ID] => 1
                            [X-WC-Webhook-Delivery-ID] => a304d515fb3ac506252ceca667aabeb7
                        )

                )

            [Body] => Webhook body is not logged unless WP_DEBUG mode is turned on. This is to avoid the storing of personal data in the logs.
            [Response] => Array
                (
                    [Code] => 200
                    [Message] => OK
                    [Headers] => Requests_Utility_CaseInsensitiveDictionary Object
                        (
                            [data:protected] => Array
                                (
                                    [date] => Mon, 21 Feb 2022 16:00:10 GMT
                                    [content-type] => application/json; charset=utf-8
                                    [vary] => Accept-Encoding
                                    [x-powered-by] => Express
                                    [etag] => W/"40-godOB2/09O7HV62R3PQv87oyBqA"
                                    [content-encoding] => gzip
                                    [via] => 1.1 google
                                )

                        )

                    [Body] => Webhook body is not logged unless WP_DEBUG mode is turned on. This is to avoid the storing of personal data in the logs.
                )

        )

)

2022-02-21T16:00:10+00:00 INFO Array
(
    [Webhook Delivery] => Array
        (
            [Delivery ID] => faae46cea4587d88cb508d665a4da82a
            [Date] => 21.2.2022 @ 16:00
            [URL] => https://prismatic-canto-249208.ew.r.appspot.com/orders/kirjapino
            [Duration] => 0.05245
            [Request] => Array
                (
                    [Method] => POST
                    [Headers] => Array
                        (
                            [User-Agent] => WooCommerce/6.1.1 Hookshot (WordPress/5.7.5)
                            [Content-Type] => application/json
                            [X-WC-Webhook-Source] => https://oranssiplaneetta.fi/
                            [X-WC-Webhook-Topic] => order.updated
                            [X-WC-Webhook-Resource] => order
                            [X-WC-Webhook-Event] => updated
                            [X-WC-Webhook-Signature] => 8ZAxV7Dkpibxub4HIGb6B4WpBMeizAmnS7wBY0dAI8k=
                            [X-WC-Webhook-ID] => 3
                            [X-WC-Webhook-Delivery-ID] => faae46cea4587d88cb508d665a4da82a
                        )

                )

            [Body] => Webhook body is not logged unless WP_DEBUG mode is turned on. This is to avoid the storing of personal data in the logs.
            [Response] => Array
                (
                    [Code] => 200
                    [Message] => OK
                    [Headers] => Requests_Utility_CaseInsensitiveDictionary Object
                        (
                            [data:protected] => Array
                                (
                                    [date] => Mon, 21 Feb 2022 16:00:10 GMT
                                    [content-type] => application/json; charset=utf-8
                                    [vary] => Accept-Encoding
                                    [x-powered-by] => Express
                                    [etag] => W/"42-MB3VsvrgC2W9BdBQGHW0mXNANUk"
                                    [content-encoding] => gzip
                                    [via] => 1.1 google
                                )

                        )

                    [Body] => Webhook body is not logged unless WP_DEBUG mode is turned on. This is to avoid the storing of personal data in the logs.
                )

        )

)

2022-02-21T16:01:52+00:00 INFO Array
(
    [Webhook Delivery] => Array
        (
            [Delivery ID] => ea6f5dc439871a3067b3a072f571b204
            [Date] => 21.2.2022 @ 16:01
            [URL] => https://prismatic-canto-249208.ew.r.appspot.com/orders/kirjapino
            [Duration] => 3.37628
            [Request] => Array
                (
                    [Method] => POST
                    [Headers] => Array
                        (
                            [User-Agent] => WooCommerce/6.1.1 Hookshot (WordPress/5.7.5)
                            [Content-Type] => application/json
                            [X-WC-Webhook-Source] => https://oranssiplaneetta.fi/
                            [X-WC-Webhook-Topic] => order.updated
                            [X-WC-Webhook-Resource] => order
                            [X-WC-Webhook-Event] => updated
                            [X-WC-Webhook-Signature] => CLaE8FQkGT/6D8U+EnbmxQCPOOPAd6f2g1eGTSjw0Cw=
                            [X-WC-Webhook-ID] => 3
                            [X-WC-Webhook-Delivery-ID] => ea6f5dc439871a3067b3a072f571b204
                        )

                )

            [Body] => Webhook body is not logged unless WP_DEBUG mode is turned on. This is to avoid the storing of personal data in the logs.
            [Response] => Array
                (
                    [Code] => 200
                    [Message] => OK
                    [Headers] => Requests_Utility_CaseInsensitiveDictionary Object
                        (
                            [data:protected] => Array
                                (
                                    [date] => Mon, 21 Feb 2022 16:01:52 GMT
                                    [content-type] => application/json; charset=utf-8
                                    [vary] => Accept-Encoding
                                    [x-powered-by] => Express
                                    [etag] => W/"43-le6OOtVdhtNnEWe6h7VSIA4OfNA"
                                    [content-encoding] => gzip
                                    [via] => 1.1 google
                                )

                        )

                    [Body] => Webhook body is not logged unless WP_DEBUG mode is turned on. This is to avoid the storing of personal data in the logs.
                )

        )

)

2022-02-21T16:01:53+00:00 INFO Array
(
    [Webhook Delivery] => Array
        (
            [Delivery ID] => 315078ca8e73b0396fbeded6a6abe488
            [Date] => 21.2.2022 @ 16:01
            [URL] => https://antikka.appspot.com/products/kirjapino
            [Duration] => 0.31676
            [Request] => Array
                (
                    [Method] => POST
                    [Headers] => Array
                        (
                            [User-Agent] => WooCommerce/6.1.1 Hookshot (WordPress/5.7.5)
                            [Content-Type] => application/json
                            [X-WC-Webhook-Source] => https://oranssiplaneetta.fi/
                            [X-WC-Webhook-Topic] => product.updated
                            [X-WC-Webhook-Resource] => product
                            [X-WC-Webhook-Event] => updated
                            [X-WC-Webhook-Signature] => 1sOK35PE6JkNXceQRf4Yajg6h4o734EKzYQqje4crxA=
                            [X-WC-Webhook-ID] => 5
                            [X-WC-Webhook-Delivery-ID] => 315078ca8e73b0396fbeded6a6abe488
                        )

                )

            [Body] => Webhook body is not logged unless WP_DEBUG mode is turned on. This is to avoid the storing of personal data in the logs.
            [Response] => Array
                (
                    [Code] => 200
                    [Message] => OK
                    [Headers] => Requests_Utility_CaseInsensitiveDictionary Object
                        (
                            [data:protected] => Array
                                (
                                    [date] => Mon, 21 Feb 2022 16:01:53 GMT
                                    [content-type] => application/json; charset=utf-8
                                    [content-length] => 2
                                    [x-powered-by] => Express
                                    [etag] => W/"2-vyGp6PvFo4RvsFtPoIWeCReyIC8"
                                    [via] => 1.1 google
                                )

                        )

                    [Body] => Webhook body is not logged unless WP_DEBUG mode is turned on. This is to avoid the storing of personal data in the logs.
                )

        )

)

2022-02-21T16:01:53+00:00 INFO Array
(
    [Webhook Delivery] => Array
        (
            [Delivery ID] => 65e5cb2da9e8e20011d6c0ce5aa3a42d
            [Date] => 21.2.2022 @ 16:01
            [URL] => https://prismatic-canto-249208.ew.r.appspot.com/products/kirjapino
            [Duration] => 0.06054
            [Request] => Array
                (
                    [Method] => POST
                    [Headers] => Array
                        (
                            [User-Agent] => WooCommerce/6.1.1 Hookshot (WordPress/5.7.5)
                            [Content-Type] => application/json
                            [X-WC-Webhook-Source] => https://oranssiplaneetta.fi/
                            [X-WC-Webhook-Topic] => product.updated
                            [X-WC-Webhook-Resource] => product
                            [X-WC-Webhook-Event] => updated
                            [X-WC-Webhook-Signature] => sVBmFkMNav5B/U5A2jOcM9rOY/ADgzEY1CbIon8LQhM=
                            [X-WC-Webhook-ID] => 4
                            [X-WC-Webhook-Delivery-ID] => 65e5cb2da9e8e20011d6c0ce5aa3a42d
                        )

                )

            [Body] => Webhook body is not logged unless WP_DEBUG mode is turned on. This is to avoid the storing of personal data in the logs.
            [Response] => Array
                (
                    [Code] => 200
                    [Message] => OK
                    [Headers] => Requests_Utility_CaseInsensitiveDictionary Object
                        (
                            [data:protected] => Array
                                (
                                    [date] => Mon, 21 Feb 2022 16:01:53 GMT
                                    [content-type] => application/json; charset=utf-8
                                    [content-length] => 2
                                    [x-powered-by] => Express
                                    [etag] => W/"2-vyGp6PvFo4RvsFtPoIWeCReyIC8"
                                    [via] => 1.1 google
                                )

                        )

                    [Body] => Webhook body is not logged unless WP_DEBUG mode is turned on. This is to avoid the storing of personal data in the logs.
                )

        )

)

2022-02-21T16:01:53+00:00 INFO Array
(
    [Webhook Delivery] => Array
        (
            [Delivery ID] => c4b4e8c5b13a9d7ee4ace577ea40e5a8
            [Date] => 21.2.2022 @ 16:01
            [URL] => https://antikka.appspot.com/products/kirjapino
            [Duration] => 0.18635
            [Request] => Array
                (
                    [Method] => POST
                    [Headers] => Array
                        (
                            [User-Agent] => WooCommerce/6.1.1 Hookshot (WordPress/5.7.5)
                            [Content-Type] => application/json
                            [X-WC-Webhook-Source] => https://oranssiplaneetta.fi/
                            [X-WC-Webhook-Topic] => product.updated
                            [X-WC-Webhook-Resource] => product
                            [X-WC-Webhook-Event] => updated
                            [X-WC-Webhook-Signature] => AfQ7yn94NMI+vVBUnbLix5ExABahrgrmLm1950jwI10=
                            [X-WC-Webhook-ID] => 5
                            [X-WC-Webhook-Delivery-ID] => c4b4e8c5b13a9d7ee4ace577ea40e5a8
                        )

                )

            [Body] => Webhook body is not logged unless WP_DEBUG mode is turned on. This is to avoid the storing of personal data in the logs.
            [Response] => Array
                (
                    [Code] => 200
                    [Message] => OK
                    [Headers] => Requests_Utility_CaseInsensitiveDictionary Object
                        (
                            [data:protected] => Array
                                (
                                    [date] => Mon, 21 Feb 2022 16:01:53 GMT
                                    [content-type] => application/json; charset=utf-8
                                    [content-length] => 2
                                    [x-powered-by] => Express
                                    [etag] => W/"2-vyGp6PvFo4RvsFtPoIWeCReyIC8"
                                    [via] => 1.1 google
                                )

                        )

                    [Body] => Webhook body is not logged unless WP_DEBUG mode is turned on. This is to avoid the storing of personal data in the logs.
                )

        )

)

2022-02-21T16:01:53+00:00 INFO Array
(
    [Webhook Delivery] => Array
        (
            [Delivery ID] => 65e5cb2da9e8e20011d6c0ce5aa3a42d
            [Date] => 21.2.2022 @ 16:01
            [URL] => https://prismatic-canto-249208.ew.r.appspot.com/products/kirjapino
            [Duration] => 0.07085
            [Request] => Array
                (
                    [Method] => POST
                    [Headers] => Array
                        (
                            [User-Agent] => WooCommerce/6.1.1 Hookshot (WordPress/5.7.5)
                            [Content-Type] => application/json
                            [X-WC-Webhook-Source] => https://oranssiplaneetta.fi/
                            [X-WC-Webhook-Topic] => product.updated
                            [X-WC-Webhook-Resource] => product
                            [X-WC-Webhook-Event] => updated
                            [X-WC-Webhook-Signature] => T/ILCQmOG65zgM2DSMfXAtbp/VassRtp+SCbd4rOMvU=
                            [X-WC-Webhook-ID] => 4
                            [X-WC-Webhook-Delivery-ID] => 65e5cb2da9e8e20011d6c0ce5aa3a42d
                        )

                )

            [Body] => Webhook body is not logged unless WP_DEBUG mode is turned on. This is to avoid the storing of personal data in the logs.
            [Response] => Array
                (
                    [Code] => 200
                    [Message] => OK
                    [Headers] => Requests_Utility_CaseInsensitiveDictionary Object
                        (
                            [data:protected] => Array
                                (
                                    [date] => Mon, 21 Feb 2022 16:01:53 GMT
                                    [content-type] => application/json; charset=utf-8
                                    [content-length] => 2
                                    [x-powered-by] => Express
                                    [etag] => W/"2-vyGp6PvFo4RvsFtPoIWeCReyIC8"
                                    [via] => 1.1 google
                                )

                        )

                    [Body] => Webhook body is not logged unless WP_DEBUG mode is turned on. This is to avoid the storing of personal data in the logs.
                )

        )

)

